T4E64 3271:431.781   SEGGER J-Link V7.58e Log File
T4E64 3271:431.903   DLL Compiled: Dec  7 2021 17:24:52
T4E64 3271:432.096   Logging started @ 2022-08-12 18:24
T4E64 3271:432.213 - 362672.864ms
T4E64 3271:437.239 JLINK_ExecCommand("Device = AT91SAM4S4A", ...). 
T4E64 3271:437.548   Device "ATSAM4S4A" selected.
T4E64 3271:438.010 - 0.719ms returns 0x00
T4E64 3271:462.039 JLINK_TIF_Select(JLINKARM_TIF_SWD)
T4E64 3271:463.096 - 1.147ms returns 0x00
T4E64 3271:463.238 JLINK_SetSpeed(4000)
T4E64 3271:463.408 - 0.224ms
T4E64 3271:463.507 JLINK_ResetPullsRESET(OFF)
T4E64 3271:463.560 - 0.079ms
T4E64 3271:463.620 JLINK_Connect()
T4E64 3271:464.950   Found SW-DP with ID 0x2BA01477
T4E64 3271:468.312   DPIDR: 0x2BA01477
T4E64 3271:468.908   CoreSight SoC-400 or earlier
T4E64 3271:468.957   Scanning AP map to find all available APs
T4E64 3271:469.771   AP[1]: Stopped AP scan as end of AP map has been reached
T4E64 3271:469.846   AP[0]: AHB-AP (IDR: 0x24770011)
T4E64 3271:469.887   Iterating through AP map to find AHB-AP to use
T4E64 3271:471.006   AP[0]: Core found
T4E64 3271:471.082   AP[0]: AHB-AP ROM base: 0xE00FF000
T4E64 3271:471.689   CPUID register: 0x410FC241. Implementer code: 0x41 (ARM)
T4E64 3271:471.751   Found Cortex-M4 r0p1, Little endian.
T4E64 3271:572.700   -- Max. mem block: 0x000013C8
T4E64 3271:572.942   CPU_ReadMem(4 bytes @ 0xE000EDF0)
T4E64 3271:573.384   CPU_WriteMem(4 bytes @ 0xE000EDF0)
T4E64 3271:573.835   CPU_ReadMem(4 bytes @ 0xE0002000)
T4E64 3271:574.414   FPUnit: 6 code (BP) slots and 2 literal slots
T4E64 3271:574.456   CPU_ReadMem(4 bytes @ 0xE000EDFC)
T4E64 3271:574.932   CPU_WriteMem(4 bytes @ 0xE000EDFC)
T4E64 3271:575.449   CPU_ReadMem(4 bytes @ 0xE0001000)
T4E64 3271:575.886   CPU_WriteMem(4 bytes @ 0xE0001000)
T4E64 3271:576.378   CPU_ReadMem(4 bytes @ 0xE000ED88)
T4E64 3271:576.795   CPU_WriteMem(4 bytes @ 0xE000ED88)
T4E64 3271:577.279   CPU_ReadMem(4 bytes @ 0xE000ED88)
T4E64 3271:577.747   CPU_WriteMem(4 bytes @ 0xE000ED88)
T4E64 3271:578.325   CoreSight components:
T4E64 3271:578.385   ROMTbl[0] @ E00FF000
T4E64 3271:578.416   CPU_ReadMem(64 bytes @ 0xE00FF000)
T4E64 3271:579.299   CPU_ReadMem(32 bytes @ 0xE000EFE0)
T4E64 3271:580.003   [0][0]: E000E000 CID B105E00D PID 000BB000 SCS
T4E64 3271:580.045   CPU_ReadMem(32 bytes @ 0xE0001FE0)
T4E64 3271:580.735   [0][1]: E0001000 CID B105E00D PID 003BB002 DWT
T4E64 3271:580.780   CPU_ReadMem(32 bytes @ 0xE0002FE0)
T4E64 3271:581.469   [0][2]: E0002000 CID B105E00D PID 002BB003 FPB
T4E64 3271:581.515   CPU_ReadMem(32 bytes @ 0xE0000FE0)
T4E64 3271:582.216   [0][3]: E0000000 CID B105E00D PID 003BB001 ITM
T4E64 3271:582.306   CPU_ReadMem(32 bytes @ 0xE0040FE0)
T4E64 3271:582.977   [0][4]: E0040000 CID B105900D PID 000BB9A1 TPIU
T4E64 3271:583.027 - 119.416ms returns 0x00
T4E64 3271:583.124 JLINK_Halt()
T4E64 3271:586.185 - 3.099ms returns 0x00
T4E64 3271:586.474 JLINK_BeginDownload(Flags = 0x00000000)
T4E64 3271:586.496 - 0.030ms
T4E64 3271:586.537 JLINK_WriteMem(0x400E0A04, 0x4 Bytes, ...)
T4E64 3271:586.555   Data:  0B 01 00 5A
T4E64 3271:586.958   CPU_WriteMem(4 bytes @ 0x400E0A04)
T4E64 3271:587.446 - 0.933ms returns 0x4
T4E64 3271:587.559 JLINK_EndDownload()
T4E64 3271:587.582 - 0.031ms returns 0 (0x0)
T4E64 3271:587.601 JLINK_ReadMemHW(0x400E0A08, 0x0004 Bytes, ...)
T4E64 3271:587.625   CPU_ReadMem(4 bytes @ 0x400E0A08)
T4E64 3271:588.047   Data:  01 00 00 00
T4E64 3271:588.087 - 0.494ms returns 0
T4E64 3271:588.167 JLINK_SetResetType(JLINKARM_CM3_RESET_TYPE_NORMAL)
T4E64 3271:588.186 - 0.026ms returns JLINKARM_CM3_RESET_TYPE_NORMAL
T4E64 3271:588.213 JLINK_Reset()
T4E64 3271:588.631   CPU_ReadMem(16 bytes @ 0x20000000)
T4E64 3271:589.175   CPU_WriteMem(16 bytes @ 0x20000000)
T4E64 3271:589.715   CPU_ReadMem(4 bytes @ 0xE000EDFC)
T4E64 3271:590.173   CPU_WriteMem(4 bytes @ 0xE000EDFC)
T4E64 3271:590.670   CPU_ReadMem(4 bytes @ 0xE0001000)
T4E64 3271:605.769   CPU_WriteMem(4 bytes @ 0xE000EDFC)
T4E64 3271:606.245   CPU_WriteMem(16 bytes @ 0x20000000)
T4E64 3271:609.925   CPU_WriteMem(4 bytes @ 0xE0002000)
T4E64 3271:610.546   CPU_ReadMem(4 bytes @ 0xE000EDFC)
T4E64 3271:611.006   CPU_ReadMem(4 bytes @ 0xE0001000)
T4E64 3271:611.476 - 23.287ms
T4E64 3271:613.692 JLINK_JTAG_GetDeviceID(DeviceIndex = 0)
T4E64 3271:613.728 - 0.077ms returns 0
T4E64 3271:613.783 JLINK_ReadMemU32(0x400E0740, 0x1 Items)
T4E64 3271:613.825   CPU_ReadMem(4 bytes @ 0x400E0740)
T4E64 3271:614.357   Data:  E1 09 8B 28
T4E64 3271:614.420 - 0.645ms returns 1 (0x1)
T4E64 3271:614.512 JLINK_ReadMemU32(0x400E0744, 0x1 Items)
T4E64 3271:614.550   CPU_ReadMem(4 bytes @ 0x400E0744)
T4E64 3271:614.983   Data:  00 00 00 00
T4E64 3271:615.028 - 0.524ms returns 1 (0x1)
T4E64 3271:615.195 JLINK_BeginDownload(Flags = 0x00000000)
T4E64 3271:615.216 - 0.031ms
T4E64 3271:615.253 JLINK_WriteMem(0x400E0A04, 0x4 Bytes, ...)
T4E64 3271:615.270   Data:  05 00 00 5A
T4E64 3271:615.314   CPU_WriteMem(4 bytes @ 0x400E0A04)
T4E64 3271:615.788 - 0.564ms returns 0x4
T4E64 3271:615.891 JLINK_EndDownload()
T4E64 3271:615.917 - 0.034ms returns 0 (0x0)
T4E64 3271:615.937 JLINK_ReadMemHW(0x400E0A08, 0x0004 Bytes, ...)
T4E64 3271:615.961   CPU_ReadMem(4 bytes @ 0x400E0A08)
T4E64 3271:616.370   Data:  00 00 00 00
T4E64 3271:616.410 - 0.481ms returns 0
T4E64 3271:617.834 JLINK_ReadMemHW(0x400E0A08, 0x0004 Bytes, ...)
T4E64 3271:617.904   CPU_ReadMem(4 bytes @ 0x400E0A08)
T4E64 3271:618.350   Data:  00 00 00 00
T4E64 3271:618.386 - 0.560ms returns 0
T4E64 3271:622.832 JLINK_ReadMemHW(0x400E0A08, 0x0004 Bytes, ...)
T4E64 3271:622.879   CPU_ReadMem(4 bytes @ 0x400E0A08)
T4E64 3271:623.350   Data:  00 00 00 00
T4E64 3271:623.386 - 0.561ms returns 0
T11F0 3271:623.457 JLINK_IsHalted()
T11F0 3271:623.506 - 0.058ms returns TRUE
T11F0 3271:623.529 JLINK_GetMOEs(...)
T11F0 3271:623.554   CPU_ReadMem(4 bytes @ 0xE000ED30)
T11F0 3271:623.989 - 0.484ms returns 0x01
T11F0 3271:624.032 JLINK_ReadReg(R15 (PC))
T11F0 3271:624.056 - 0.032ms returns 0x004032C4
T4E64 3271:639.837 JLINK_ReadMemHW(0x400E0A08, 0x0004 Bytes, ...)
T4E64 3271:639.915   CPU_ReadMem(4 bytes @ 0x400E0A08)
T4E64 3271:640.397   Data:  00 00 00 00
T4E64 3271:640.459 - 0.630ms returns 0
T4E64 3271:704.780 JLINK_ReadMemHW(0x400E0A08, 0x0004 Bytes, ...)
T4E64 3271:704.858   CPU_ReadMem(4 bytes @ 0x400E0A08)
T4E64 3271:705.391   Data:  00 00 00 00
T4E64 3271:705.431 - 0.660ms returns 0
T11F0 3271:824.117 JLINK_IsHalted()
T11F0 3271:824.186 - 0.077ms returns TRUE
T4E64 3271:961.762 JLINK_ReadMemHW(0x400E0A08, 0x0004 Bytes, ...)
T4E64 3271:961.875   CPU_ReadMem(4 bytes @ 0x400E0A08)
T4E64 3271:962.634   Data:  00 00 00 00
T4E64 3271:962.723 - 0.970ms returns 0
T11F0 3272:024.201 JLINK_IsHalted()
T11F0 3272:024.288 - 0.096ms returns TRUE
T11F0 3272:227.789 JLINK_IsHalted()
T11F0 3272:228.819 - 1.081ms returns TRUE
T11F0 3272:431.036 JLINK_IsHalted()
T11F0 3272:431.104 - 0.077ms returns TRUE
T11F0 3272:631.214 JLINK_IsHalted()
T11F0 3272:631.302 - 0.096ms returns TRUE
T11F0 3272:832.210 JLINK_IsHalted()
T11F0 3272:832.869 - 0.722ms returns TRUE
T4E64 3272:963.177 JLINK_ReadMemHW(0x400E0A08, 0x0004 Bytes, ...)
T4E64 3272:963.284   CPU_ReadMem(4 bytes @ 0x400E0A08)
T4E64 3272:964.199   Data:  01 00 00 00
T4E64 3272:964.282 - 1.114ms returns 0
T11F0 3273:032.925 JLINK_IsHalted()
T11F0 3273:033.030 - 0.116ms returns TRUE
T4E64 3273:034.314 JLINK_ResetPullsRESET(ON)
T4E64 3273:034.351 - 0.045ms
T4E64 3273:034.371 JLINK_ResetNoHalt()
T4E64 3273:036.928   Found SW-DP with ID 0x2BA01477
T4E64 3273:039.471   DPIDR: 0x2BA01477
T4E64 3273:039.568   CoreSight SoC-400 or earlier
T4E64 3273:039.608   AP map detection skipped. Manually configured AP map found.
T4E64 3273:039.645   AP[0]: AHB-AP (IDR: Not set)
T4E64 3273:040.734   AP[0]: Core found
T4E64 3273:040.793   AP[0]: AHB-AP ROM base: 0xE00FF000
T4E64 3273:041.252   CPUID register: 0x410FC241. Implementer code: 0x41 (ARM)
T4E64 3273:041.295   Found Cortex-M4 r0p1, Little endian.
T4E64 3273:141.966   -- Max. mem block: 0x000012C0
T4E64 3273:142.058   CPU_ReadMem(4 bytes @ 0xE000EDF0)
T4E64 3273:143.098   CPU_ReadMem(4 bytes @ 0xE0002000)
T4E64 3273:143.762   FPUnit: 6 code (BP) slots and 2 literal slots
T4E64 3273:143.807   CPU_ReadMem(4 bytes @ 0xE000EDFC)
T4E64 3273:144.447   CPU_ReadMem(4 bytes @ 0xE0001000)
T4E64 3273:144.833   CPU_ReadMem(4 bytes @ 0xE000ED88)
T4E64 3273:145.255   CPU_WriteMem(4 bytes @ 0xE000ED88)
T4E64 3273:146.219   CPU_ReadMem(4 bytes @ 0xE000ED88)
T4E64 3273:146.931   CPU_WriteMem(4 bytes @ 0xE000ED88)
T4E64 3273:147.504   CoreSight components:
T4E64 3273:147.560   ROMTbl[0] @ E00FF000
T4E64 3273:147.588   CPU_ReadMem(64 bytes @ 0xE00FF000)
T4E64 3273:148.905   CPU_ReadMem(32 bytes @ 0xE000EFE0)
T4E64 3273:150.028   [0][0]: E000E000 CID B105E00D PID 000BB000 SCS
T4E64 3273:150.108   CPU_WriteMem(4 bytes @ 0xE0001000)
T4E64 3273:150.635   CPU_ReadMem(32 bytes @ 0xE0001FE0)
T4E64 3273:151.750   [0][1]: E0001000 CID B105E00D PID 003BB002 DWT
T4E64 3273:151.832   CPU_ReadMem(32 bytes @ 0xE0002FE0)
T4E64 3273:152.511   [0][2]: E0002000 CID B105E00D PID 002BB003 FPB
T4E64 3273:152.554   CPU_ReadMem(32 bytes @ 0xE0000FE0)
T4E64 3273:153.650   [0][3]: E0000000 CID B105E00D PID 003BB001 ITM
T4E64 3273:153.733   CPU_ReadMem(32 bytes @ 0xE0040FE0)
T4E64 3273:154.952   [0][4]: E0040000 CID B105900D PID 000BB9A1 TPIU
T4E64 3273:155.045   JLINK_Reset()
T4E64 3273:155.078     CPU_ReadMem(16 bytes @ 0x20000000)
T4E64 3273:155.692     CPU_WriteMem(16 bytes @ 0x20000000)
T4E64 3273:156.616     CPU_ReadMem(4 bytes @ 0xE000EDFC)
T4E64 3273:157.557     CPU_WriteMem(4 bytes @ 0xE000EDFC)
T4E64 3273:158.576     CPU_ReadMem(4 bytes @ 0xE0001000)
T4E64 3273:159.164     CPU_WriteMem(4 bytes @ 0xE0001004)
T4E64 3273:174.673     CPU_WriteMem(4 bytes @ 0xE000EDFC)
T4E64 3273:175.245     CPU_WriteMem(16 bytes @ 0x20000000)
T4E64 3273:179.572     CPU_WriteMem(4 bytes @ 0xE0002000)
T4E64 3273:180.159     CPU_ReadMem(4 bytes @ 0xE000EDFC)
T4E64 3273:181.014     CPU_ReadMem(4 bytes @ 0xE0001000)
T4E64 3273:181.600   - 26.579ms
T4E64 3273:181.641   JLINK_Go()
T4E64 3273:181.670     CPU_ReadMem(4 bytes @ 0xE0001000)
T4E64 3273:182.575     CPU_WriteMem(4 bytes @ 0xE0001004)
T4E64 3273:184.025   - 2.452ms
T4E64 3273:184.108 - 149.745ms
T4E64 3273:192.561 JLINK_Close()
T4E64 3273:251.562 - 59.064ms
T4E64 3273:251.636   
T4E64 3273:251.652   Closed
