T4E64 3273:327.039   SEGGER J-Link V7.58e Log File
T4E64 3273:327.167   DLL Compiled: Dec  7 2021 17:24:52
T4E64 3273:327.197   Logging started @ 2022-08-12 18:24
T4E64 3273:327.231 - 134.685ms
T4E64 3273:333.530 JLINK_ExecCommand("Device = AT91SAM4S4A", ...). 
T4E64 3273:333.886   Device "ATSAM4S4A" selected.
T4E64 3273:334.411 - 0.846ms returns 0x00
T4E64 3273:334.458 JLINK_TIF_Select(JLINKARM_TIF_SWD)
T4E64 3273:335.375 - 1.031ms returns 0x00
T4E64 3273:335.530 JLINK_SetSpeed(4000)
T4E64 3273:335.760 - 0.267ms
T4E64 3273:335.817 JLINK_ResetPullsRESET(OFF)
T4E64 3273:335.844 - 0.040ms
T4E64 3273:335.872 JLINK_Connect()
T4E64 3273:337.084   Found SW-DP with ID 0x2BA01477
T4E64 3273:340.475   DPIDR: 0x2BA01477
T4E64 3273:341.098   CoreSight SoC-400 or earlier
T4E64 3273:341.146   Scanning AP map to find all available APs
T4E64 3273:341.949   AP[1]: Stopped AP scan as end of AP map has been reached
T4E64 3273:342.005   AP[0]: AHB-AP (IDR: 0x24770011)
T4E64 3273:342.043   Iterating through AP map to find AHB-AP to use
T4E64 3273:343.187   AP[0]: Core found
T4E64 3273:343.237   AP[0]: AHB-AP ROM base: 0xE00FF000
T4E64 3273:343.764   CPUID register: 0x410FC241. Implementer code: 0x41 (ARM)
T4E64 3273:343.793   Found Cortex-M4 r0p1, Little endian.
T4E64 3273:444.729   -- Max. mem block: 0x000013C8
T4E64 3273:445.019   CPU_ReadMem(4 bytes @ 0xE000EDF0)
T4E64 3273:445.522   CPU_WriteMem(4 bytes @ 0xE000EDF0)
T4E64 3273:446.606   CPU_ReadMem(4 bytes @ 0xE0002000)
T4E64 3273:447.266   FPUnit: 6 code (BP) slots and 2 literal slots
T4E64 3273:447.308   CPU_ReadMem(4 bytes @ 0xE000EDFC)
T4E64 3273:447.766   CPU_WriteMem(4 bytes @ 0xE000EDFC)
T4E64 3273:448.681   CPU_ReadMem(4 bytes @ 0xE0001000)
T4E64 3273:449.233   CPU_WriteMem(4 bytes @ 0xE0001000)
T4E64 3273:450.101   CPU_ReadMem(4 bytes @ 0xE000ED88)
T4E64 3273:451.098   CPU_WriteMem(4 bytes @ 0xE000ED88)
T4E64 3273:452.103   CPU_ReadMem(4 bytes @ 0xE000ED88)
T4E64 3273:453.101   CPU_WriteMem(4 bytes @ 0xE000ED88)
T4E64 3273:454.211   CoreSight components:
T4E64 3273:454.303   ROMTbl[0] @ E00FF000
T4E64 3273:454.339   CPU_ReadMem(64 bytes @ 0xE00FF000)
T4E64 3273:455.528   CPU_ReadMem(32 bytes @ 0xE000EFE0)
T4E64 3273:456.438   [0][0]: E000E000 CID B105E00D PID 000BB000 SCS
T4E64 3273:456.479   CPU_ReadMem(32 bytes @ 0xE0001FE0)
T4E64 3273:457.720   [0][1]: E0001000 CID B105E00D PID 003BB002 DWT
T4E64 3273:457.799   CPU_ReadMem(32 bytes @ 0xE0002FE0)
T4E64 3273:459.017   [0][2]: E0002000 CID B105E00D PID 002BB003 FPB
T4E64 3273:459.097   CPU_ReadMem(32 bytes @ 0xE0000FE0)
T4E64 3273:460.359   [0][3]: E0000000 CID B105E00D PID 003BB001 ITM
T4E64 3273:460.438   CPU_ReadMem(32 bytes @ 0xE0040FE0)
T4E64 3273:461.688   [0][4]: E0040000 CID B105900D PID 000BB9A1 TPIU
T4E64 3273:461.772 - 125.908ms returns 0x00
T4E64 3273:461.852 JLINK_Halt()
T4E64 3273:465.453 - 3.662ms returns 0x00
T4E64 3273:465.843 JLINK_BeginDownload(Flags = 0x00000000)
T4E64 3273:465.866 - 0.031ms
T4E64 3273:465.911 JLINK_WriteMem(0x400E0A04, 0x4 Bytes, ...)
T4E64 3273:465.929   Data:  0B 01 00 5A
T4E64 3273:466.455   CPU_WriteMem(4 bytes @ 0x400E0A04)
T4E64 3273:466.929 - 1.042ms returns 0x4
T4E64 3273:467.032 JLINK_EndDownload()
T4E64 3273:467.056 - 0.031ms returns 0 (0x0)
T4E64 3273:467.074 JLINK_ReadMemHW(0x400E0A08, 0x0004 Bytes, ...)
T4E64 3273:467.098   CPU_ReadMem(4 bytes @ 0x400E0A08)
T4E64 3273:467.601   Data:  01 00 00 00
T4E64 3273:467.641 - 0.574ms returns 0
T4E64 3273:467.720 JLINK_SetResetType(JLINKARM_CM3_RESET_TYPE_NORMAL)
T4E64 3273:467.740 - 0.027ms returns JLINKARM_CM3_RESET_TYPE_NORMAL
T4E64 3273:467.759 JLINK_Reset()
T4E64 3273:468.226   CPU_ReadMem(16 bytes @ 0x20000000)
T4E64 3273:469.241   CPU_WriteMem(16 bytes @ 0x20000000)
T4E64 3273:470.310   CPU_ReadMem(4 bytes @ 0xE000EDFC)
T4E64 3273:470.889   CPU_WriteMem(4 bytes @ 0xE000EDFC)
T4E64 3273:471.369   CPU_ReadMem(4 bytes @ 0xE0001000)
T4E64 3273:487.548   CPU_WriteMem(4 bytes @ 0xE000EDFC)
T4E64 3273:488.472   CPU_WriteMem(16 bytes @ 0x20000000)
T4E64 3273:492.545   CPU_WriteMem(4 bytes @ 0xE0002000)
T4E64 3273:493.634   CPU_ReadMem(4 bytes @ 0xE000EDFC)
T4E64 3273:494.551   CPU_ReadMem(4 bytes @ 0xE0001000)
T4E64 3273:495.519 - 27.826ms
T4E64 3273:497.936 JLINK_JTAG_GetDeviceID(DeviceIndex = 0)
T4E64 3273:497.973 - 0.046ms returns 0
T4E64 3273:497.995 JLINK_ReadMemU32(0x400E0740, 0x1 Items)
T4E64 3273:498.041   CPU_ReadMem(4 bytes @ 0x400E0740)
T4E64 3273:498.432   Data:  E1 09 8B 28
T4E64 3273:498.471 - 0.484ms returns 1 (0x1)
T4E64 3273:498.551 JLINK_ReadMemU32(0x400E0744, 0x1 Items)
T4E64 3273:498.582   CPU_ReadMem(4 bytes @ 0x400E0744)
T4E64 3273:498.924   Data:  00 00 00 00
T4E64 3273:498.952 - 0.408ms returns 1 (0x1)
T31CC 3273:508.417 JLINK_IsHalted()
T31CC 3273:508.496 - 0.106ms returns TRUE
T31CC 3273:508.520 JLINK_GetMOEs(...)
T31CC 3273:508.549   CPU_ReadMem(4 bytes @ 0xE000ED30)
T31CC 3273:508.942 - 0.435ms returns 0x01
T31CC 3273:508.970 JLINK_ReadReg(R15 (PC))
T31CC 3273:508.997 - 0.035ms returns 0xFFFFFFFE
T4E64 3273:538.244 JLINK_BeginDownload(Flags = 0x00000000)
T4E64 3273:538.316 - 0.081ms
T4E64 3273:538.356 JLINK_WriteMem(0x00400000, 0x3870 Bytes, ...)
T4E64 3273:538.375   Data:  98 9F 00 20 ED 32 40 00 E9 32 40 00 E9 32 40 00 ...
T4E64 3273:538.826   completely In flash
T4E64 3273:538.856 - 0.508ms returns 0x3870
T4E64 3273:539.233 JLINK_WriteMem(0x00403870, 0x4EC Bytes, ...)
T4E64 3273:539.259   Data:  B5 0B 40 00 01 0C 40 00 35 0C 40 00 31 0C 40 00 ...
T4E64 3273:539.295   completely In flash
T4E64 3273:539.328 - 0.103ms returns 0x4EC
T31CC 3273:708.913 JLINK_IsHalted()
T31CC 3273:708.998 - 0.093ms returns TRUE
T4E64 3273:710.318 JLINK_EndDownload()
T4E64 3273:710.589   CPU_ReadMem(4 bytes @ 0xE000ED90)
T4E64 3273:710.925   CPU_ReadMem(4 bytes @ 0xE000ED94)
T4E64 3273:711.371    -- --------------------------------------
T4E64 3273:711.415   Flash bank @ 0x00400000: Default: L2 verify disabled because algorithm performs L1 verify
T4E64 3273:711.439    -- Start of determining dirty areas in flash cache
T4E64 3273:711.558    -- End of determining dirty areas
T4E64 3273:711.584    -- Start of preparing flash programming
T4E64 3273:711.609    -- Calculating RAM usage
T4E64 3273:711.644    -- RAM usage = 2892 Bytes
T4E64 3273:711.668    -- Preserving CPU registers
T4E64 3273:711.721    -- Preparing memory
T4E64 3273:711.746    -- Preparing target
T4E64 3273:871.010    -- Preserving target RAM temporarily used for programming
T4E64 3273:889.937    -- Downloading RAMCode
T4E64 3273:908.909    -- Preparing RAMCode
T4E64 3273:916.155    -- Checking target RAM
T4E64 3273:917.512    -- End of preparing flash programming
T4E64 3273:917.997   Looking for J-Link GUI Server exe at: C:\Program Files (x86)\Atmel\Studio\7.0\atbackend\JLinkGUIServer.exe
T4E64 3273:918.214   Looking for J-Link GUI Server exe at: C:\Program Files\SEGGER\JLink\JLinkGUIServer.exe
T4E64 3273:918.327   Forking J-Link GUI Server: C:\Program Files\SEGGER\JLink\JLinkGUIServer.exe
T4E64 3273:979.883   J-Link GUI Server info: "J-Link GUI server V7.58e "
T4E64 3274:011.970    -- CPU is running at 90000 kHz.
T4E64 3274:012.057    -- Start of comparing flash
T4E64 3274:012.085    -- CRC check was estimated as fastest method
T4E64 3274:100.554    -- Comparing range 0x400000 - 0x403DFF (31 Sectors, 15 KB), using multi-block CRC calculation
T4E64 3274:119.818    -- CRC does not match for sectors 0-30
T4E64 3274:119.893    -- End of comparing flash
T4E64 3274:119.919    -- Start of erasing sectors
T4E64 3274:119.943    -- End of erasing sectors
T4E64 3274:119.966    -- Start of flash programming
T4E64 3274:119.994    -- Programming range 0x00400000 - 0x00403DFF ( 31 Sectors, 15 KB)
T4E64 3274:433.805    -- End of flash programming
T4E64 3274:433.908    -- 0x400000 - 0x403DFF ( 31 Sectors, 15 KoB)
T4E64 3274:433.935    -- Start of restoring
T4E64 3274:433.961    -- Restoring RAMCode
T4E64 3274:456.364    -- Restoring target memory
T4E64 3274:471.216    -- Restore target
T4E64 3274:523.387    -- Restore memory
T4E64 3274:523.492    -- Restoring CPU registers
T4E64 3274:523.684    -- End of restoring
T4E64 3274:523.814    -- Bank 0 @ 0x00400000: 1 range affected (15872 bytes)
T4E64 3274:523.861    -- Total: 0.812s (Prepare: 0.300s, Compare: 0.107s, Erase: 0.000s, Program & Verify: 0.328s, Restore: 0.075s)
T4E64 3274:523.901    -- Program & Verify speed: 47 KB/s
T4E64 3274:535.953 - 825.722ms returns 15872 (0x3E00)
T4E64 3274:536.154 JLINK_ResetPullsRESET(ON)
T4E64 3274:536.172 - 0.027ms
T4E64 3274:536.191 JLINK_ResetNoHalt()
T4E64 3274:538.868   Found SW-DP with ID 0x2BA01477
T4E64 3274:571.690   DPIDR: 0x2BA01477
T4E64 3274:571.756   CoreSight SoC-400 or earlier
T4E64 3274:571.799   AP map detection skipped. Manually configured AP map found.
T4E64 3274:571.850   AP[0]: AHB-AP (IDR: Not set)
T4E64 3274:573.261   AP[0]: Core found
T4E64 3274:573.366   AP[0]: AHB-AP ROM base: 0xE00FF000
T4E64 3274:574.017   CPUID register: 0x410FC241. Implementer code: 0x41 (ARM)
T4E64 3274:574.078   Found Cortex-M4 r0p1, Little endian.
T4E64 3274:674.569   -- Max. mem block: 0x00001278
T4E64 3274:674.665   CPU_ReadMem(4 bytes @ 0xE000EDF0)
T4E64 3274:675.107   CPU_ReadMem(4 bytes @ 0xE0002000)
T4E64 3274:676.258   FPUnit: 6 code (BP) slots and 2 literal slots
T4E64 3274:676.340   CPU_ReadMem(4 bytes @ 0xE000EDFC)
T4E64 3274:676.809   CPU_ReadMem(4 bytes @ 0xE0001000)
T4E64 3274:677.152   CPU_ReadMem(4 bytes @ 0xE000ED88)
T4E64 3274:677.546   CPU_WriteMem(4 bytes @ 0xE000ED88)
T4E64 3274:677.999   CPU_ReadMem(4 bytes @ 0xE000ED88)
T4E64 3274:678.695   CPU_WriteMem(4 bytes @ 0xE000ED88)
T4E64 3274:679.308   CoreSight components:
T4E64 3274:679.368   ROMTbl[0] @ E00FF000
T4E64 3274:679.399   CPU_ReadMem(64 bytes @ 0xE00FF000)
T4E64 3274:680.231   CPU_ReadMem(32 bytes @ 0xE000EFE0)
T4E64 3274:681.297   [0][0]: E000E000 CID B105E00D PID 000BB000 SCS
T4E64 3274:681.379   CPU_WriteMem(4 bytes @ 0xE0001000)
T4E64 3274:681.914   CPU_ReadMem(32 bytes @ 0xE0001FE0)
T4E64 3274:682.622   [0][1]: E0001000 CID B105E00D PID 003BB002 DWT
T4E64 3274:682.669   CPU_ReadMem(32 bytes @ 0xE0002FE0)
T4E64 3274:683.328   [0][2]: E0002000 CID B105E00D PID 002BB003 FPB
T4E64 3274:683.375   CPU_ReadMem(32 bytes @ 0xE0000FE0)
T4E64 3274:684.627   [0][3]: E0000000 CID B105E00D PID 003BB001 ITM
T4E64 3274:684.710   CPU_ReadMem(32 bytes @ 0xE0040FE0)
T4E64 3274:685.819   [0][4]: E0040000 CID B105900D PID 000BB9A1 TPIU
T4E64 3274:685.915   JLINK_Reset()
T4E64 3274:686.344     CPU_ReadMem(16 bytes @ 0x20000000)
T4E64 3274:686.907     CPU_WriteMem(16 bytes @ 0x20000000)
T4E64 3274:687.897     CPU_ReadMem(4 bytes @ 0xE000EDFC)
T4E64 3274:688.723     CPU_WriteMem(4 bytes @ 0xE000EDFC)
T4E64 3274:689.286     CPU_ReadMem(4 bytes @ 0xE0001000)
T4E64 3274:706.592     CPU_WriteMem(4 bytes @ 0xE000EDFC)
T4E64 3274:707.785     CPU_WriteMem(16 bytes @ 0x20000000)
T4E64 3274:712.351     CPU_WriteMem(4 bytes @ 0xE0002000)
T4E64 3274:713.410     CPU_ReadMem(4 bytes @ 0xE000EDFC)
T4E64 3274:714.338     CPU_ReadMem(4 bytes @ 0xE0001000)
T4E64 3274:714.843   - 28.953ms
T4E64 3274:714.885   JLINK_Go()
T4E64 3274:714.914     CPU_ReadMem(4 bytes @ 0xE0001000)
T4E64 3274:715.771     CPU_WriteMem(4 bytes @ 0xE0001004)
T4E64 3274:717.780   - 2.957ms
T4E64 3274:717.857 - 181.674ms
T4E64 3274:724.333 JLINK_Close()
T4E64 3274:748.780 - 24.507ms
T4E64 3274:748.850   
T4E64 3274:748.867   Closed
