T1B58 3673:412.640   SEGGER J-Link V7.68a Log File
T1B58 3673:412.732   DLL Compiled: Jul 19 2022 13:36:47
T1B58 3673:412.753   Logging started @ 2022-07-26 19:39
T1B58 3673:412.770 - 5066.591ms
T1B58 3673:435.437 JLINK_ExecCommand("Device = AT91SAM4S4A", ...). 
T1B58 3673:435.912   Device "ATSAM4S4AA" selected.
T1B58 3673:436.324 - 0.852ms returns 0x00
T1B58 3673:455.136 JLINK_TIF_Select(JLINKARM_TIF_SWD)
T1B58 3673:456.606 - 1.501ms returns 0x00
T1B58 3673:456.658 JLINK_SetSpeed(4000)
T1B58 3673:456.791 - 0.153ms
T1B58 3673:456.828 JLINK_ResetPullsRESET(OFF)
T1B58 3673:456.846 - 0.027ms
T1B58 3673:456.866 JLINK_Connect()
T1B58 3673:458.387   Found SW-DP with ID 0x2BA01477
T1B58 3673:467.091   DPIDR: 0x2BA01477
T1B58 3673:471.690   CoreSight SoC-400 or earlier
T1B58 3673:471.752   Scanning AP map to find all available APs
T1B58 3673:472.764   AP[1]: Stopped AP scan as end of AP map has been reached
T1B58 3673:472.866   AP[0]: AHB-AP (IDR: 0x24770011)
T1B58 3673:472.920   Iterating through AP map to find AHB-AP to use
T1B58 3673:474.115   AP[0]: Core found
T1B58 3673:474.201   AP[0]: AHB-AP ROM base: 0xE00FF000
T1B58 3673:474.905   CPUID register: 0x410FC241. Implementer code: 0x41 (ARM)
T1B58 3673:474.959   Found Cortex-M4 r0p1, Little endian.
T1B58 3673:576.928   -- Max. mem block: 0x000013C8
T1B58 3673:577.251   CPU_ReadMem(4 bytes @ 0xE000EDF0)
T1B58 3673:577.819   CPU_WriteMem(4 bytes @ 0xE000EDF0)
T1B58 3673:578.405   CPU_ReadMem(4 bytes @ 0xE0002000)
T1B58 3673:579.259   FPUnit: 6 code (BP) slots and 2 literal slots
T1B58 3673:579.295   CPU_ReadMem(4 bytes @ 0xE000EDFC)
T1B58 3673:579.944   CPU_WriteMem(4 bytes @ 0xE000EDFC)
T1B58 3673:580.707   CPU_ReadMem(4 bytes @ 0xE0001000)
T1B58 3673:581.325   CPU_WriteMem(4 bytes @ 0xE0001000)
T1B58 3673:581.841   CPU_ReadMem(4 bytes @ 0xE000ED88)
T1B58 3673:582.392   CPU_WriteMem(4 bytes @ 0xE000ED88)
T1B58 3673:582.976   CPU_ReadMem(4 bytes @ 0xE000ED88)
T1B58 3673:583.494   CPU_WriteMem(4 bytes @ 0xE000ED88)
T1B58 3673:584.269   CoreSight components:
T1B58 3673:584.377   ROMTbl[0] @ E00FF000
T1B58 3673:584.403   CPU_ReadMem(64 bytes @ 0xE00FF000)
T1B58 3673:585.332   CPU_ReadMem(32 bytes @ 0xE000EFE0)
T1B58 3673:586.279   [0][0]: E000E000 CID B105E00D PID 000BB000 SCS
T1B58 3673:586.306   CPU_ReadMem(32 bytes @ 0xE0001FE0)
T1B58 3673:587.185   [0][1]: E0001000 CID B105E00D PID 003BB002 DWT
T1B58 3673:587.212   CPU_ReadMem(32 bytes @ 0xE0002FE0)
T1B58 3673:588.118   [0][2]: E0002000 CID B105E00D PID 002BB003 FPB
T1B58 3673:588.144   CPU_ReadMem(32 bytes @ 0xE0000FE0)
T1B58 3673:589.044   [0][3]: E0000000 CID B105E00D PID 003BB001 ITM
T1B58 3673:589.071   CPU_ReadMem(32 bytes @ 0xE0040FE0)
T1B58 3673:590.001   [0][4]: E0040000 CID B105900D PID 000BB9A1 TPIU
T1B58 3673:590.034 - 133.174ms returns 0x00
T1B58 3673:590.218 JLINK_Halt()
T1B58 3673:593.637 - 3.439ms returns 0x00
T1B58 3673:593.969 JLINK_BeginDownload(Flags = 0x00000000)
T1B58 3673:593.989 - 0.025ms
T1B58 3673:594.120 JLINK_WriteMem(0x400E0A04, 0x4 Bytes, ...)
T1B58 3673:594.146   Data:  0B 01 00 5A
T1B58 3673:594.753   CPU_WriteMem(4 bytes @ 0x400E0A04)
T1B58 3673:595.406 - 1.302ms returns 0x4
T1B58 3673:595.583 JLINK_EndDownload()
T1B58 3673:595.606 - 0.028ms returns 0 (0x0)
T1B58 3673:595.621 JLINK_ReadMemHW(0x400E0A08, 0x0004 Bytes, ...)
T1B58 3673:595.639   CPU_ReadMem(4 bytes @ 0x400E0A08)
T1B58 3673:596.215   Data:  01 00 00 00
T1B58 3673:596.240 - 0.624ms returns 0
T1B58 3673:596.400 JLINK_SetResetType(JLINKARM_CM3_RESET_TYPE_NORMAL)
T1B58 3673:596.419 - 0.024ms returns JLINKARM_CM3_RESET_TYPE_NORMAL
T1B58 3673:596.433 JLINK_Reset()
T1B58 3673:596.927   CPU_ReadMem(16 bytes @ 0x20000000)
T1B58 3673:597.606   CPU_WriteMem(16 bytes @ 0x20000000)
T1B58 3673:598.266   CPU_ReadMem(4 bytes @ 0xE000EDFC)
T1B58 3673:599.222   CPU_WriteMem(4 bytes @ 0xE000EDFC)
T1B58 3673:599.719   CPU_ReadMem(4 bytes @ 0xE0001000)
T1B58 3673:616.222   CPU_WriteMem(4 bytes @ 0xE000EDFC)
T1B58 3673:616.945   CPU_WriteMem(16 bytes @ 0x20000000)
T1B58 3673:621.273   CPU_WriteMem(4 bytes @ 0xE0002000)
T1B58 3673:622.084   CPU_ReadMem(4 bytes @ 0xE000EDFC)
T1B58 3673:622.673   CPU_ReadMem(4 bytes @ 0xE0001000)
T1B58 3673:623.252 - 26.835ms
T1B58 3673:642.581 JLINK_JTAG_GetDeviceID(DeviceIndex = 0)
T1B58 3673:642.602 - 0.025ms returns 0
T1B58 3673:642.615 JLINK_ReadMemU32(0x400E0740, 0x1 Items)
T1B58 3673:642.644   CPU_ReadMem(4 bytes @ 0x400E0740)
T1B58 3673:643.385   Data:  E1 09 8B 28
T1B58 3673:643.412 - 0.801ms returns 1 (0x1)
T1B58 3673:643.681 JLINK_ReadMemU32(0x400E0744, 0x1 Items)
T1B58 3673:643.709   CPU_ReadMem(4 bytes @ 0x400E0744)
T1B58 3673:644.361   Data:  00 00 00 00
T1B58 3673:644.387 - 0.711ms returns 1 (0x1)
T1B58 3673:644.718 JLINK_BeginDownload(Flags = 0x00000000)
T1B58 3673:644.733 - 0.020ms
T1B58 3673:644.877 JLINK_WriteMem(0x400E0A04, 0x4 Bytes, ...)
T1B58 3673:644.894   Data:  05 00 00 5A
T1B58 3673:644.924   CPU_WriteMem(4 bytes @ 0x400E0A04)
T1B58 3673:645.561 - 0.696ms returns 0x4
T1B58 3673:645.730 JLINK_EndDownload()
T1B58 3673:645.748 - 0.023ms returns 0 (0x0)
T1B58 3673:645.761 JLINK_ReadMemHW(0x400E0A08, 0x0004 Bytes, ...)
T1B58 3673:645.775   CPU_ReadMem(4 bytes @ 0x400E0A08)
T1B58 3673:646.319   Data:  00 00 00 00
T1B58 3673:646.340 - 0.584ms returns 0
T1B58 3673:648.546 JLINK_ReadMemHW(0x400E0A08, 0x0004 Bytes, ...)
T1B58 3673:648.572   CPU_ReadMem(4 bytes @ 0x400E0A08)
T1B58 3673:649.146   Data:  00 00 00 00
T1B58 3673:649.165 - 0.623ms returns 0
T1B58 3673:660.667 JLINK_ReadMemHW(0x400E0A08, 0x0004 Bytes, ...)
T1B58 3673:660.708   CPU_ReadMem(4 bytes @ 0x400E0A08)
T1B58 3673:661.313   Data:  00 00 00 00
T1B58 3673:661.335 - 0.672ms returns 0
T0ED0 3673:661.369 JLINK_IsHalted()
T0ED0 3673:661.379 - 0.028ms returns TRUE
T0ED0 3673:661.392 JLINK_GetMOEs(...)
T0ED0 3673:661.402   CPU_ReadMem(4 bytes @ 0xE000ED30)
T0ED0 3673:661.959 - 0.582ms returns 0x01
T0ED0 3673:661.986 JLINK_ReadReg(R15 (PC))
T0ED0 3673:662.001 - 0.019ms returns 0x00403374
T1B58 3673:681.974 JLINK_ReadMemHW(0x400E0A08, 0x0004 Bytes, ...)
T1B58 3673:682.225   CPU_ReadMem(4 bytes @ 0x400E0A08)
T1B58 3673:683.322   Data:  00 00 00 00
T1B58 3673:683.390 - 1.429ms returns 0
T1B58 3673:754.116 JLINK_ReadMemHW(0x400E0A08, 0x0004 Bytes, ...)
T1B58 3673:754.283   CPU_ReadMem(4 bytes @ 0x400E0A08)
T1B58 3673:755.275   Data:  00 00 00 00
T1B58 3673:755.335 - 1.231ms returns 0
T0ED0 3673:870.299 JLINK_IsHalted()
T0ED0 3673:870.383 - 0.096ms returns TRUE
T1B58 3674:013.237 JLINK_ReadMemHW(0x400E0A08, 0x0004 Bytes, ...)
T1B58 3674:013.290   CPU_ReadMem(4 bytes @ 0x400E0A08)
T1B58 3674:013.970   Data:  00 00 00 00
T1B58 3674:013.989 - 0.755ms returns 0
T0ED0 3674:077.362 JLINK_IsHalted()
T0ED0 3674:077.432 - 0.081ms returns TRUE
T0ED0 3674:280.592 JLINK_IsHalted()
T0ED0 3674:281.937 - 1.387ms returns TRUE
T0ED0 3674:482.702 JLINK_IsHalted()
T0ED0 3674:482.745 - 0.048ms returns TRUE
T0ED0 3674:686.336 JLINK_IsHalted()
T0ED0 3674:686.426 - 0.103ms returns TRUE
T0ED0 3674:887.815 JLINK_IsHalted()
T0ED0 3674:888.383 - 0.583ms returns TRUE
T1B58 3675:015.918 JLINK_ReadMemHW(0x400E0A08, 0x0004 Bytes, ...)
T1B58 3675:016.075   CPU_ReadMem(4 bytes @ 0x400E0A08)
T1B58 3675:017.321   Data:  01 00 00 00
T1B58 3675:017.383 - 1.477ms returns 0
T0ED0 3675:090.883 JLINK_IsHalted()
T0ED0 3675:090.977 - 0.106ms returns TRUE
T1B58 3675:097.805 JLINK_ResetPullsRESET(ON)
T1B58 3675:097.854 - 0.061ms
T1B58 3675:097.884 JLINK_ResetNoHalt()
T1B58 3675:100.802   Found SW-DP with ID 0x2BA01477
T1B58 3675:107.587   DPIDR: 0x2BA01477
T1B58 3675:107.842   CoreSight SoC-400 or earlier
T1B58 3675:108.237   AP map detection skipped. Manually configured AP map found.
T1B58 3675:108.453   AP[0]: AHB-AP (IDR: Not set)
T1B58 3675:110.666   AP[0]: Core found
T1B58 3675:111.136   AP[0]: AHB-AP ROM base: 0xE00FF000
T1B58 3675:112.212   CPUID register: 0x410FC241. Implementer code: 0x41 (ARM)
T1B58 3675:112.443   Found Cortex-M4 r0p1, Little endian.
T1B58 3675:214.670   -- Max. mem block: 0x000012B8
T1B58 3675:214.951   CPU_ReadMem(4 bytes @ 0xE000EDF0)
T1B58 3675:216.037   CPU_ReadMem(4 bytes @ 0xE0002000)
T1B58 3675:217.638   FPUnit: 6 code (BP) slots and 2 literal slots
T1B58 3675:217.890   CPU_ReadMem(4 bytes @ 0xE000EDFC)
T1B58 3675:218.827   CPU_ReadMem(4 bytes @ 0xE0001000)
T1B58 3675:219.837   CPU_WriteMem(4 bytes @ 0xE0001000)
T1B58 3675:220.728   CPU_ReadMem(4 bytes @ 0xE000ED88)
T1B58 3675:221.861   CPU_WriteMem(4 bytes @ 0xE000ED88)
T1B58 3675:222.889   CPU_ReadMem(4 bytes @ 0xE000ED88)
T1B58 3675:223.726   CPU_WriteMem(4 bytes @ 0xE000ED88)
T1B58 3675:225.162   CoreSight components:
T1B58 3675:225.431   ROMTbl[0] @ E00FF000
T1B58 3675:225.515   CPU_ReadMem(64 bytes @ 0xE00FF000)
T1B58 3675:227.397   CPU_ReadMem(32 bytes @ 0xE000EFE0)
T1B58 3675:229.239   [0][0]: E000E000 CID B105E00D PID 000BB000 SCS
T1B58 3675:229.320   CPU_ReadMem(32 bytes @ 0xE0001FE0)
T1B58 3675:230.650   [0][1]: E0001000 CID B105E00D PID 003BB002 DWT
T1B58 3675:230.806   CPU_ReadMem(32 bytes @ 0xE0002FE0)
T1B58 3675:232.495   [0][2]: E0002000 CID B105E00D PID 002BB003 FPB
T1B58 3675:232.573   CPU_ReadMem(32 bytes @ 0xE0000FE0)
T1B58 3675:234.431   [0][3]: E0000000 CID B105E00D PID 003BB001 ITM
T1B58 3675:234.534   CPU_ReadMem(32 bytes @ 0xE0040FE0)
T1B58 3675:236.265   [0][4]: E0040000 CID B105900D PID 000BB9A1 TPIU
T1B58 3675:236.362   JLINK_Reset()
T1B58 3675:236.431     CPU_ReadMem(16 bytes @ 0x20000000)
T1B58 3675:237.456     CPU_WriteMem(16 bytes @ 0x20000000)
T1B58 3675:238.308     CPU_ReadMem(4 bytes @ 0xE000EDFC)
T1B58 3675:239.076     CPU_WriteMem(4 bytes @ 0xE000EDFC)
T1B58 3675:239.797     CPU_ReadMem(4 bytes @ 0xE0001000)
T1B58 3675:240.444     CPU_WriteMem(4 bytes @ 0xE0001004)
T1B58 3675:256.981     CPU_WriteMem(4 bytes @ 0xE000EDFC)
T1B58 3675:257.777     CPU_WriteMem(16 bytes @ 0x20000000)
T1B58 3675:264.418     CPU_WriteMem(4 bytes @ 0xE0002000)
T1B58 3675:265.640     CPU_ReadMem(4 bytes @ 0xE000EDFC)
T1B58 3675:266.714     CPU_ReadMem(4 bytes @ 0xE0001000)
T1B58 3675:267.794   - 31.479ms
T1B58 3675:267.868   JLINK_Go()
T1B58 3675:267.912     CPU_ReadMem(4 bytes @ 0xE0001000)
T1B58 3675:268.667     CPU_WriteMem(4 bytes @ 0xE0001004)
T1B58 3675:270.375   - 2.562ms
T1B58 3675:270.445 - 172.568ms
T1B58 3675:283.110 JLINK_Close()
T1B58 3675:324.647 - 41.563ms
T1B58 3675:324.678   
T1B58 3675:324.685   Closed
