T1B58 3675:424.835   SEGGER J-Link V7.68a Log File
T1B58 3675:424.920   DLL Compiled: Jul 19 2022 13:36:47
T1B58 3675:424.941   Logging started @ 2022-07-26 19:39
T1B58 3675:424.958 - 141.856ms
T1B58 3675:471.875 JLINK_ExecCommand("Device = AT91SAM4S4A", ...). 
T1B58 3675:472.294   Device "ATSAM4S4AA" selected.
T1B58 3675:472.684 - 0.774ms returns 0x00
T1B58 3675:472.711 JLINK_TIF_Select(JLINKARM_TIF_SWD)
T1B58 3675:474.182 - 1.505ms returns 0x00
T1B58 3675:474.234 JLINK_SetSpeed(4000)
T1B58 3675:474.406 - 0.193ms
T1B58 3675:474.442 JLINK_ResetPullsRESET(OFF)
T1B58 3675:474.462 - 0.029ms
T1B58 3675:474.482 JLINK_Connect()
T1B58 3675:475.924   Found SW-DP with ID 0x2BA01477
T1B58 3675:480.667   DPIDR: 0x2BA01477
T1B58 3675:480.999   CoreSight SoC-400 or earlier
T1B58 3675:481.063   Scanning AP map to find all available APs
T1B58 3675:481.946   AP[1]: Stopped AP scan as end of AP map has been reached
T1B58 3675:482.009   AP[0]: AHB-AP (IDR: 0x24770011)
T1B58 3675:482.067   Iterating through AP map to find AHB-AP to use
T1B58 3675:483.314   AP[0]: Core found
T1B58 3675:483.397   AP[0]: AHB-AP ROM base: 0xE00FF000
T1B58 3675:484.487   CPUID register: 0x410FC241. Implementer code: 0x41 (ARM)
T1B58 3675:484.555   Found Cortex-M4 r0p1, Little endian.
T1B58 3675:587.517   -- Max. mem block: 0x000013C8
T1B58 3675:588.411   CPU_ReadMem(4 bytes @ 0xE000EDF0)
T1B58 3675:589.628   CPU_WriteMem(4 bytes @ 0xE000EDF0)
T1B58 3675:590.583   CPU_ReadMem(4 bytes @ 0xE0002000)
T1B58 3675:592.265   FPUnit: 6 code (BP) slots and 2 literal slots
T1B58 3675:592.358   CPU_ReadMem(4 bytes @ 0xE000EDFC)
T1B58 3675:593.320   CPU_WriteMem(4 bytes @ 0xE000EDFC)
T1B58 3675:594.451   CPU_ReadMem(4 bytes @ 0xE0001000)
T1B58 3675:595.488   CPU_WriteMem(4 bytes @ 0xE0001000)
T1B58 3675:596.670   CPU_ReadMem(4 bytes @ 0xE000ED88)
T1B58 3675:597.724   CPU_WriteMem(4 bytes @ 0xE000ED88)
T1B58 3675:598.698   CPU_ReadMem(4 bytes @ 0xE000ED88)
T1B58 3675:599.701   CPU_WriteMem(4 bytes @ 0xE000ED88)
T1B58 3675:601.637   CoreSight components:
T1B58 3675:602.141   ROMTbl[0] @ E00FF000
T1B58 3675:602.502   CPU_ReadMem(64 bytes @ 0xE00FF000)
T1B58 3675:603.711   CPU_ReadMem(32 bytes @ 0xE000EFE0)
T1B58 3675:605.396   [0][0]: E000E000 CID B105E00D PID 000BB000 SCS
T1B58 3675:605.554   CPU_ReadMem(32 bytes @ 0xE0001FE0)
T1B58 3675:607.021   [0][1]: E0001000 CID B105E00D PID 003BB002 DWT
T1B58 3675:607.084   CPU_ReadMem(32 bytes @ 0xE0002FE0)
T1B58 3675:608.706   [0][2]: E0002000 CID B105E00D PID 002BB003 FPB
T1B58 3675:608.899   CPU_ReadMem(32 bytes @ 0xE0000FE0)
T1B58 3675:610.256   [0][3]: E0000000 CID B105E00D PID 003BB001 ITM
T1B58 3675:610.412   CPU_ReadMem(32 bytes @ 0xE0040FE0)
T1B58 3675:613.122   [0][4]: E0040000 CID B105900D PID 000BB9A1 TPIU
T1B58 3675:613.217 - 138.749ms returns 0x00
T1B58 3675:613.798 JLINK_Halt()
T1B58 3675:618.195 - 4.429ms returns 0x00
T1B58 3675:618.748 JLINK_BeginDownload(Flags = 0x00000000)
T1B58 3675:618.781 - 0.041ms
T1B58 3675:618.946 JLINK_WriteMem(0x400E0A04, 0x4 Bytes, ...)
T1B58 3675:618.972   Data:  0B 01 00 5A
T1B58 3675:619.870   CPU_WriteMem(4 bytes @ 0x400E0A04)
T1B58 3675:620.762 - 1.843ms returns 0x4
T1B58 3675:621.014 JLINK_EndDownload()
T1B58 3675:621.047 - 0.042ms returns 0 (0x0)
T1B58 3675:621.070 JLINK_ReadMemHW(0x400E0A08, 0x0004 Bytes, ...)
T1B58 3675:621.097   CPU_ReadMem(4 bytes @ 0x400E0A08)
T1B58 3675:621.785   Data:  01 00 00 00
T1B58 3675:621.823 - 0.761ms returns 0
T1B58 3675:622.085 JLINK_SetResetType(JLINKARM_CM3_RESET_TYPE_NORMAL)
T1B58 3675:622.105 - 0.026ms returns JLINKARM_CM3_RESET_TYPE_NORMAL
T1B58 3675:622.121 JLINK_Reset()
T1B58 3675:622.699   CPU_ReadMem(16 bytes @ 0x20000000)
T1B58 3675:623.542   CPU_WriteMem(16 bytes @ 0x20000000)
T1B58 3675:624.298   CPU_ReadMem(4 bytes @ 0xE000EDFC)
T1B58 3675:624.872   CPU_WriteMem(4 bytes @ 0xE000EDFC)
T1B58 3675:625.611   CPU_ReadMem(4 bytes @ 0xE0001000)
T1B58 3675:643.114   CPU_WriteMem(4 bytes @ 0xE000EDFC)
T1B58 3675:644.177   CPU_WriteMem(16 bytes @ 0x20000000)
T1B58 3675:650.018   CPU_WriteMem(4 bytes @ 0xE0002000)
T1B58 3675:651.197   CPU_ReadMem(4 bytes @ 0xE000EDFC)
T1B58 3675:652.285   CPU_ReadMem(4 bytes @ 0xE0001000)
T1B58 3675:653.112 - 31.188ms
T1B58 3675:683.144 JLINK_JTAG_GetDeviceID(DeviceIndex = 0)
T1B58 3675:683.163 - 0.023ms returns 0
T1B58 3675:683.175 JLINK_ReadMemU32(0x400E0740, 0x1 Items)
T1B58 3675:683.201   CPU_ReadMem(4 bytes @ 0x400E0740)
T1B58 3675:683.924   Data:  E1 09 8B 28
T1B58 3675:683.946 - 0.775ms returns 1 (0x1)
T1B58 3675:684.059 JLINK_ReadMemU32(0x400E0744, 0x1 Items)
T1B58 3675:684.143   CPU_ReadMem(4 bytes @ 0x400E0744)
T1B58 3675:684.818   Data:  00 00 00 00
T1B58 3675:684.838 - 0.783ms returns 1 (0x1)
T1A90 3675:706.917 JLINK_IsHalted()
T1A90 3675:706.949 - 0.035ms returns TRUE
T1A90 3675:706.960 JLINK_GetMOEs(...)
T1A90 3675:706.973   CPU_ReadMem(4 bytes @ 0xE000ED30)
T1A90 3675:710.399 - 3.451ms returns 0x01
T1B58 3675:710.426 JLINK_BeginDownload(Flags = 0x00000000)
T1B58 3675:710.433 - 0.010ms
T1B58 3675:710.495 JLINK_WriteMem(0x00400000, 0x38C0 Bytes, ...)
T1B58 3675:710.506   Data:  90 AF 00 20 75 33 40 00 71 33 40 00 71 33 40 00 ...
T1B58 3675:710.838   completely In flash
T1B58 3675:710.852 - 0.360ms returns 0x38C0
T1B58 3675:711.331 JLINK_WriteMem(0x004038C0, 0x4D4 Bytes, ...)
T1B58 3675:711.342   Data:  39 01 40 00 85 01 40 00 B9 01 40 00 B5 01 40 00 ...
T1B58 3675:711.356   completely In flash
T1B58 3675:711.365 - 0.037ms returns 0x4D4
T1A90 3675:721.606 JLINK_ReadReg(R15 (PC))
T1A90 3675:722.052   CPU_ReadMem(4 bytes @ 0xE000ED90)
T1A90 3675:722.539   CPU_ReadMem(4 bytes @ 0xE000ED94)
T1A90 3675:722.993    -- --------------------------------------
T1A90 3675:723.021   Flash bank @ 0x00400000: Default: L2 verify disabled because algorithm performs L1 verify
T1A90 3675:723.031    -- Start of determining dirty areas in flash cache
T1A90 3675:723.041    -- Filling invalid ranges in sector buffer (flash cache) for sector @ 0x00400000 if necessary
T1A90 3675:723.052    -- Filling invalid ranges in sector buffer (flash cache) for sector @ 0x00400200 if necessary
T1A90 3675:723.061    -- Filling invalid ranges in sector buffer (flash cache) for sector @ 0x00400400 if necessary
T1A90 3675:723.070    -- Filling invalid ranges in sector buffer (flash cache) for sector @ 0x00400600 if necessary
T1A90 3675:723.079    -- Filling invalid ranges in sector buffer (flash cache) for sector @ 0x00400800 if necessary
T1A90 3675:723.088    -- Filling invalid ranges in sector buffer (flash cache) for sector @ 0x00400A00 if necessary
T1A90 3675:723.098    -- Filling invalid ranges in sector buffer (flash cache) for sector @ 0x00400C00 if necessary
T1A90 3675:723.107    -- Filling invalid ranges in sector buffer (flash cache) for sector @ 0x00400E00 if necessary
T1A90 3675:723.116    -- Filling invalid ranges in sector buffer (flash cache) for sector @ 0x00401000 if necessary
T1A90 3675:723.125    -- Filling invalid ranges in sector buffer (flash cache) for sector @ 0x00401200 if necessary
T1A90 3675:723.177    -- Filling invalid ranges in sector buffer (flash cache) for sector @ 0x00401400 if necessary
T1A90 3675:723.187    -- Filling invalid ranges in sector buffer (flash cache) for sector @ 0x00401600 if necessary
T1A90 3675:723.196    -- Filling invalid ranges in sector buffer (flash cache) for sector @ 0x00401800 if necessary
T1A90 3675:723.205    -- Filling invalid ranges in sector buffer (flash cache) for sector @ 0x00401A00 if necessary
T1A90 3675:723.214    -- Filling invalid ranges in sector buffer (flash cache) for sector @ 0x00401C00 if necessary
T1A90 3675:723.223    -- Filling invalid ranges in sector buffer (flash cache) for sector @ 0x00401E00 if necessary
T1A90 3675:723.232    -- Filling invalid ranges in sector buffer (flash cache) for sector @ 0x00402000 if necessary
T1A90 3675:723.241    -- Filling invalid ranges in sector buffer (flash cache) for sector @ 0x00402200 if necessary
T1A90 3675:723.250    -- Filling invalid ranges in sector buffer (flash cache) for sector @ 0x00402400 if necessary
T1A90 3675:723.259    -- Filling invalid ranges in sector buffer (flash cache) for sector @ 0x00402600 if necessary
T1A90 3675:723.338    -- Filling invalid ranges in sector buffer (flash cache) for sector @ 0x00402800 if necessary
T1A90 3675:723.348    -- Filling invalid ranges in sector buffer (flash cache) for sector @ 0x00402A00 if necessary
T1A90 3675:723.357    -- Filling invalid ranges in sector buffer (flash cache) for sector @ 0x00402C00 if necessary
T1A90 3675:723.366    -- Filling invalid ranges in sector buffer (flash cache) for sector @ 0x00402E00 if necessary
T1A90 3675:723.375    -- Filling invalid ranges in sector buffer (flash cache) for sector @ 0x00403000 if necessary
T1A90 3675:723.384    -- Filling invalid ranges in sector buffer (flash cache) for sector @ 0x00403200 if necessary
T1A90 3675:723.394    -- Filling invalid ranges in sector buffer (flash cache) for sector @ 0x00403400 if necessary
T1A90 3675:723.403    -- Filling invalid ranges in sector buffer (flash cache) for sector @ 0x00403600 if necessary
T1A90 3675:723.412    -- Filling invalid ranges in sector buffer (flash cache) for sector @ 0x00403800 if necessary
T1A90 3675:723.421    -- Filling invalid ranges in sector buffer (flash cache) for sector @ 0x00403A00 if necessary
T1A90 3675:723.430    -- Filling invalid ranges in sector buffer (flash cache) for sector @ 0x00403C00 if necessary
T1A90 3675:723.497    -- End of determining dirty areas
T1A90 3675:723.507    -- Start of preparing flash programming
T1A90 3675:723.527    -- Calculating RAM usage
T1A90 3675:723.538    -- RAM usage = 2900 Bytes
T1A90 3675:723.547    -- Preserving CPU registers
T1A90 3675:723.571    -- Preparing memory
T1A90 3675:723.581    -- Preparing target
T1A90 3675:899.348    -- Preserving target RAM temporarily used for programming
T1A90 3675:918.453    -- Downloading RAMCode
T1A90 3675:937.830    -- Preparing RAMCode
T1A90 3675:945.051    -- Checking target RAM
T1A90 3675:946.354    -- End of preparing flash programming
T1A90 3675:946.800   Looking for J-Link GUI Server exe at: C:\Program Files (x86)\Atmel\Studio\7.0\atbackend\JLinkGUIServer.exe
T1A90 3675:946.967   Looking for J-Link GUI Server exe at: C:\Program Files (x86)\SEGGER\JLink\JLinkGUIServer.exe
T1A90 3675:947.049   Forking J-Link GUI Server: C:\Program Files (x86)\SEGGER\JLink\JLinkGUIServer.exe
T1A90 3676:006.079   J-Link GUI Server info: "J-Link GUI server V7.68a "
T1A90 3676:027.860    -- CPU is running at 90000 kHz.
T1A90 3676:027.898    -- Start of comparing flash
T1A90 3676:027.909    -- CRC check was estimated as fastest method
T1A90 3676:064.755    -- Comparing range 0x400000 - 0x403DFF (31 Sectors, 15 KB), using multi-block CRC calculation
T1A90 3676:077.055    -- CRC does not match for sectors 0-30
T1A90 3676:077.087    -- End of comparing flash
T1A90 3676:077.150    -- Start of erasing sectors
T1A90 3676:077.159    -- End of erasing sectors
T1A90 3676:077.169    -- Start of flash programming
T1A90 3676:077.181    -- Programming range 0x00400000 - 0x00403DFF ( 31 Sectors, 15 KB)
T1A90 3676:385.942    -- End of flash programming
T1A90 3676:385.977    -- 0x400000 - 0x403DFF ( 31 Sectors, 15 KoB)
T1A90 3676:385.990    -- Start of restoring
T1A90 3676:386.002    -- Restoring RAMCode
T1A90 3676:402.505    -- Restoring target memory
T1A90 3676:417.135    -- Restore target
T1A90 3676:469.846    -- Restore memory
T1A90 3676:470.102    -- Restoring CPU registers
T1A90 3676:470.238    -- End of restoring
T1A90 3676:470.982    -- Bank 0 @ 0x00400000: 1 range affected (15872 bytes)
T1A90 3676:475.796    -- Total: 0.746s (Prepare: 0.304s, Compare: 0.049s, Erase: 0.000s, Program & Verify: 0.319s, Restore: 0.073s)
T1A90 3676:476.253    -- Program & Verify speed: 48 KB/s
T1A90 3676:571.476 - 849.888ms returns 0xFFFFFFFE
T1B58 3676:572.795 JLINK_EndDownload()
T1B58 3676:572.820 - 0.028ms returns 0 (0x0)
T1B58 3676:572.932 JLINK_SetResetType(JLINKARM_CM3_RESET_TYPE_NORMAL)
T1B58 3676:572.943 - 0.014ms returns JLINKARM_CM3_RESET_TYPE_NORMAL
T1B58 3676:572.952 JLINK_Reset()
T1B58 3676:574.314   CPU_ReadMem(16 bytes @ 0x20000000)
T1B58 3676:575.145   CPU_WriteMem(16 bytes @ 0x20000000)
T1B58 3676:582.695   CPU_ReadMem(4 bytes @ 0xE000EDFC)
T1B58 3676:583.299   CPU_WriteMem(4 bytes @ 0xE000EDFC)
T1B58 3676:583.853   CPU_ReadMem(4 bytes @ 0xE0001000)
T1B58 3676:623.447   CPU_WriteMem(4 bytes @ 0xE000EDFC)
T1B58 3676:624.171   CPU_WriteMem(16 bytes @ 0x20000000)
T1B58 3676:634.179   CPU_WriteMem(4 bytes @ 0xE0002000)
T1B58 3676:634.697   CPU_ReadMem(4 bytes @ 0xE000EDFC)
T1B58 3676:635.158   CPU_ReadMem(4 bytes @ 0xE0001000)
T1B58 3676:635.637 - 62.699ms
T1A90 3676:782.218 JLINK_IsHalted()
T1A90 3676:782.256 - 0.042ms returns TRUE
T1B90 3676:874.540 JLINK_Halt()
T1B90 3676:874.557 - 0.028ms returns 0x00
T1B90 3676:874.582 JLINK_ReadReg(R15 (PC))
T1B90 3676:874.595 - 0.016ms returns 0x00403374
T1B90 3676:874.607 JLINK_ReadReg(R13 (SP))
T1B90 3676:874.616 - 0.011ms returns 0x2000AF90
T1B90 3676:882.268 JLINK_ReadMemHW(0x00403374, 0x0004 Bytes, ...)
T1B90 3676:882.294   CPU_ReadMem(4 bytes @ 0x00403374)
T1B90 3676:882.937   Data:  08 B5 21 4B
T1B90 3676:882.955 - 0.690ms returns 0
T1B90 3676:883.418 JLINK_ReadReg(R0)
T1B90 3676:883.436 - 0.030ms returns 0x400E1400
T1B90 3676:883.449 JLINK_ReadReg(R1)
T1B90 3676:883.456 - 0.010ms returns 0x40C00000
T1B90 3676:883.466 JLINK_ReadReg(R2)
T1B90 3676:883.473 - 0.010ms returns 0xA5000005
T1B90 3676:883.483 JLINK_ReadReg(R3)
T1B90 3676:883.492 - 0.012ms returns 0x20002714
T1B90 3676:883.502 JLINK_ReadReg(R4)
T1B90 3676:883.509 - 0.010ms returns 0x00402599
T1B90 3676:883.519 JLINK_ReadReg(R5)
T1B90 3676:883.525 - 0.010ms returns 0x004026BD
T1B90 3676:883.535 JLINK_ReadReg(R6)
T1B90 3676:883.542 - 0.010ms returns 0x00402BF9
T1B90 3676:883.551 JLINK_ReadReg(R7)
T1B90 3676:883.584 - 0.035ms returns 0x2000AD38
T1B90 3676:883.595 JLINK_ReadReg(R8)
T1B90 3676:883.602 - 0.010ms returns 0x2000ACFC
T1B90 3676:883.612 JLINK_ReadReg(R9)
T1B90 3676:883.618 - 0.010ms returns 0x00407F78
T1B90 3676:883.628 JLINK_ReadReg(R10)
T1B90 3676:883.635 - 0.010ms returns 0x200000B0
T1B90 3676:883.645 JLINK_ReadReg(R11)
T1B90 3676:883.652 - 0.010ms returns 0x00000008
T1B90 3676:883.662 JLINK_ReadReg(R12)
T1B90 3676:883.668 - 0.010ms returns 0xFFFFFFFF
T1B90 3676:883.678 JLINK_ReadReg(R13 (SP))
T1B90 3676:883.686 - 0.010ms returns 0x2000AF90
T1B90 3676:883.696 JLINK_ReadReg(R14)
T1B90 3676:883.703 - 0.010ms returns 0xFFFFFFFF
T1B90 3676:883.715 JLINK_ReadReg(R15 (PC))
T1B90 3676:883.722 - 0.010ms returns 0x00403374
T1B90 3676:883.741 JLINK_ReadReg(XPSR)
T1B90 3676:883.748 - 0.010ms returns 0x01000000
T1B90 3676:883.758 JLINK_ReadReg(MSP)
T1B90 3676:883.765 - 0.010ms returns 0x2000AF90
T1B90 3676:883.775 JLINK_ReadReg(PSP)
T1B90 3676:883.782 - 0.010ms returns 0xA0E7DC80
T1B90 3676:883.792 JLINK_ReadReg(PRIMASK)
T1B90 3676:883.799 - 0.010ms returns 0x00000000
T1B90 3676:883.808 JLINK_ReadReg(BASEPRI)
T1B90 3676:883.815 - 0.010ms returns 0x00000000
T1B90 3676:883.825 JLINK_ReadReg(FAULTMASK)
T1B90 3676:883.832 - 0.010ms returns 0x00000000
T1B90 3676:883.842 JLINK_ReadReg(CONTROL)
T1B90 3676:883.849 - 0.010ms returns 0x00000000
T1B90 3676:884.282 JLINK_ReadMemHW(0x00403374, 0x0002 Bytes, ...)
T1B90 3676:884.297   CPU_ReadMem(2 bytes @ 0x00403374)
T1B90 3676:884.908   Data:  08 B5
T1B90 3676:884.926 - 0.647ms returns 0
T1B90 3676:903.691 JLINK_ReadReg(R0)
T1B90 3676:903.715 - 0.028ms returns 0x400E1400
T1B90 3676:903.728 JLINK_ReadReg(R1)
T1B90 3676:903.736 - 0.010ms returns 0x40C00000
T1B90 3676:903.746 JLINK_ReadReg(R2)
T1B90 3676:903.753 - 0.010ms returns 0xA5000005
T1B90 3676:903.762 JLINK_ReadReg(R3)
T1B90 3676:903.769 - 0.010ms returns 0x20002714
T1B90 3676:903.778 JLINK_ReadReg(R4)
T1B90 3676:903.785 - 0.009ms returns 0x00402599
T1B90 3676:903.795 JLINK_ReadReg(R5)
T1B90 3676:903.819 - 0.027ms returns 0x004026BD
T1B90 3676:903.829 JLINK_ReadReg(R6)
T1B90 3676:903.879 - 0.054ms returns 0x00402BF9
T1B90 3676:903.891 JLINK_ReadReg(R7)
T1B90 3676:903.898 - 0.009ms returns 0x2000AD38
T1B90 3676:903.907 JLINK_ReadReg(R8)
T1B90 3676:903.987 - 0.083ms returns 0x2000ACFC
T1B90 3676:903.998 JLINK_ReadReg(R9)
T1B90 3676:904.005 - 0.009ms returns 0x00407F78
T1B90 3676:904.014 JLINK_ReadReg(R10)
T1B90 3676:904.021 - 0.009ms returns 0x200000B0
T1B90 3676:904.031 JLINK_ReadReg(R11)
T1B90 3676:904.038 - 0.009ms returns 0x00000008
T1B90 3676:904.047 JLINK_ReadReg(R12)
T1B90 3676:904.053 - 0.009ms returns 0xFFFFFFFF
T1B90 3676:904.062 JLINK_ReadReg(R13 (SP))
T1B90 3676:904.069 - 0.010ms returns 0x2000AF90
T1B90 3676:904.079 JLINK_ReadReg(R14)
T1B90 3676:904.085 - 0.009ms returns 0xFFFFFFFF
T1B90 3676:904.094 JLINK_ReadReg(R15 (PC))
T1B90 3676:904.101 - 0.009ms returns 0x00403374
T1B90 3676:904.118 JLINK_ReadReg(XPSR)
T1B90 3676:904.125 - 0.009ms returns 0x01000000
T1B90 3676:904.134 JLINK_ReadReg(MSP)
T1B90 3676:904.141 - 0.009ms returns 0x2000AF90
T1B90 3676:904.150 JLINK_ReadReg(PSP)
T1B90 3676:904.156 - 0.009ms returns 0xA0E7DC80
T1B90 3676:904.166 JLINK_ReadReg(PRIMASK)
T1B90 3676:904.172 - 0.009ms returns 0x00000000
T1B90 3676:904.182 JLINK_ReadReg(BASEPRI)
T1B90 3676:904.188 - 0.009ms returns 0x00000000
T1B90 3676:904.197 JLINK_ReadReg(FAULTMASK)
T1B90 3676:904.204 - 0.009ms returns 0x00000000
T1B90 3676:904.213 JLINK_ReadReg(CONTROL)
T1B90 3676:904.220 - 0.009ms returns 0x00000000
T1B90 3676:911.343 JLINK_ReadMemHW(0x00403374, 0x0004 Bytes, ...)
T1B90 3676:911.377   CPU_ReadMem(4 bytes @ 0x00403374)
T1B90 3676:912.091   Data:  08 B5 21 4B
T1B90 3676:912.112 - 0.773ms returns 0
T1B90 3676:929.290 JLINK_SetResetType(JLINKARM_CM3_RESET_TYPE_NORMAL)
T1B90 3676:929.307 - 0.020ms returns JLINKARM_CM3_RESET_TYPE_NORMAL
T1B90 3676:929.316 JLINK_Reset()
T1B90 3676:929.340   CPU_ReadMem(16 bytes @ 0x20000000)
T1B90 3676:931.169   CPU_WriteMem(16 bytes @ 0x20000000)
T1B90 3676:931.750   CPU_ReadMem(4 bytes @ 0xE000EDFC)
T1B90 3676:932.264   CPU_WriteMem(4 bytes @ 0xE000EDFC)
T1B90 3676:932.751   CPU_ReadMem(4 bytes @ 0xE0001000)
T1B90 3676:933.255   CPU_WriteMem(4 bytes @ 0xE0001004)
T1B90 3676:949.373   CPU_WriteMem(4 bytes @ 0xE000EDFC)
T1B90 3676:949.939   CPU_WriteMem(16 bytes @ 0x20000000)
T1B90 3676:954.177   CPU_WriteMem(4 bytes @ 0xE0002000)
T1B90 3676:955.189   CPU_ReadMem(4 bytes @ 0xE000EDFC)
T1B90 3676:956.281   CPU_ReadMem(4 bytes @ 0xE0001000)
T1B90 3676:959.135 - 29.873ms
T1A90 3676:959.591 JLINK_IsHalted()
T1A90 3676:959.638 - 0.059ms returns TRUE
T1A90 3676:959.674 JLINK_GetMOEs(...)
T1A90 3676:959.711   CPU_ReadMem(4 bytes @ 0xE000ED30)
T1A90 3676:960.967 - 1.339ms returns 0x01
T1A90 3676:961.052 JLINK_ReadReg(R15 (PC))
T1A90 3676:961.094 - 0.054ms returns 0x00403374
T1B90 3676:970.081 JLINK_ReadReg(R15 (PC))
T1B90 3676:970.201 - 0.145ms returns 0x00403374
T1B90 3676:970.285 JLINK_ReadReg(R13 (SP))
T1B90 3676:970.418 - 0.165ms returns 0x2000AF90
T1B90 3676:972.548 JLINK_ReadMemHW(0x00403374, 0x0004 Bytes, ...)
T1B90 3676:972.616   CPU_ReadMem(4 bytes @ 0x00403374)
T1B90 3676:976.608   Data:  08 B5 21 4B
T1B90 3676:976.746 - 4.222ms returns 0
T1B90 3677:006.435 JLINK_ReadMemHW(0x004035A4, 0x0001 Bytes, ...)
T1B90 3677:006.468   CPU_ReadMem(1 bytes @ 0x004035A4)
T1B90 3677:007.073   Data:  00
T1B90 3677:007.093 - 0.662ms returns 0
T1B90 3677:017.311 JLINK_ReadReg(R15 (PC))
T1B90 3677:017.336 - 0.028ms returns 0x00403374
T1B90 3677:017.473 JLINK_GetNumBPUnits(Type = 0xFFFFFF02)
T1B90 3677:017.485 - 0.016ms returns 0x06
T1B90 3677:017.495 JLINK_SetBPEx(Addr = 0x004035A4, Type = 0xFFFFFFF2)
T1B90 3677:017.506 - 0.014ms returns 0x00000001
T1B90 3677:017.515 JLINK_GetBPInfo(BPHandle = 1)
T1B90 3677:017.521 - 0.009ms returns 0x0
T1B90 3677:017.845 JLINK_Go()
T1B90 3677:017.868   CPU_WriteMem(4 bytes @ 0xE0002000)
T1B90 3677:024.305   CPU_ReadMem(4 bytes @ 0xE0001000)
T1B90 3677:024.884   CPU_WriteMem(4 bytes @ 0xE000ED30)
T1B90 3677:025.464   CPU_WriteMem(4 bytes @ 0xE0002008)
T1B90 3677:025.493   CPU_WriteMem(4 bytes @ 0xE000200C)
T1B90 3677:025.508   CPU_WriteMem(4 bytes @ 0xE0002010)
T1B90 3677:025.518   CPU_WriteMem(4 bytes @ 0xE0002014)
T1B90 3677:025.536   CPU_WriteMem(4 bytes @ 0xE0002018)
T1B90 3677:025.546   CPU_WriteMem(4 bytes @ 0xE000201C)
T1B90 3677:027.357   CPU_WriteMem(4 bytes @ 0xE0001004)
T1B90 3677:028.668 - 10.837ms
T1A90 3677:028.835 JLINK_IsHalted()
T1A90 3677:029.428 - 0.607ms returns FALSE
T1A90 3677:041.663 JLINK_IsHalted()
T1A90 3677:044.951 - 3.302ms returns TRUE
T1A90 3677:044.977 JLINK_GetMOEs(...)
T1A90 3677:044.988   CPU_ReadMem(4 bytes @ 0xE000ED30)
T1A90 3677:045.443 - 0.477ms returns 0x01
T1A90 3677:045.465 JLINK_ReadReg(R15 (PC))
T1A90 3677:045.477 - 0.015ms returns 0x004035A4
T1B90 3677:052.723 JLINK_ReadReg(R15 (PC))
T1B90 3677:052.787 - 0.075ms returns 0x004035A4
T1B90 3677:052.825 JLINK_ReadReg(R13 (SP))
T1B90 3677:052.847 - 0.030ms returns 0x2000AF88
T1B90 3677:054.119 JLINK_ReadMemHW(0x004035A4, 0x0004 Bytes, ...)
T1B90 3677:054.289   CPU_ReadMem(4 bytes @ 0x004035A4)
T1B90 3677:055.406   Data:  00 B5 83 B0
T1B90 3677:055.458 - 1.348ms returns 0
T1B90 3677:097.835 JLINK_WriteU32_64(0xE000EDFC, 0x01000000)
T1B90 3677:097.856   Debug reg: DEMCR
T1B90 3677:098.270   CPU_WriteMem(4 bytes @ 0xE000EDFC)
T1B90 3677:104.467 - 6.662ms returns 0 (0x00000000)
T1B90 3677:104.518 JLINK_ReadMem(0xE0001000, 0x4 Bytes, ...)
T1B90 3677:104.537   CPU_ReadMem(4 bytes @ 0xE0001000)
T1B90 3677:105.303   Data:  01 00 00 40
T1B90 3677:105.324   Debug reg: DWT_CTRL
T1B90 3677:105.334 - 0.819ms returns 0
T1B90 3677:105.403 JLINK_WriteU32_64(0xE0001000, 0x40000001)
T1B90 3677:105.412   Debug reg: DWT_CTRL
T1B90 3677:105.432   CPU_WriteMem(4 bytes @ 0xE0001000)
T1B90 3677:106.065 - 0.674ms returns 0 (0x00000000)
T1B90 3677:106.112 JLINK_WriteU32_64(0xE0001028, 0x00000100)
T1B90 3677:106.122   Debug reg: DWT_FUNC[0]
T1B90 3677:106.138 - 0.029ms returns 0 (0x00000000)
T1B90 3677:106.148 JLINK_ReadMem(0xE0001028, 0x4 Bytes, ...)
T1B90 3677:106.159   CPU_WriteMem(4 bytes @ 0xE0001028)
T1B90 3677:106.953   CPU_ReadMem(4 bytes @ 0xE0001028)
T1B90 3677:123.162   Data:  00 00 00 00
T1B90 3677:123.199   Debug reg: DWT_FUNC[0]
T1B90 3677:123.209 - 17.064ms returns 0
T1B90 3677:123.308 JLINK_WriteU32_64(0xE0001024, 0x0000001F)
T1B90 3677:123.318   Debug reg: DWT_MASK[0]
T1B90 3677:123.340 - 0.035ms returns 0 (0x00000000)
T1B90 3677:123.350 JLINK_ReadMem(0xE0001024, 0x4 Bytes, ...)
T1B90 3677:123.362   CPU_WriteMem(4 bytes @ 0xE0001024)
T1B90 3677:124.069   CPU_ReadMem(4 bytes @ 0xE0001024)
T1B90 3677:124.493   Data:  0F 00 00 00
T1B90 3677:124.510   Debug reg: DWT_MASK[0]
T1B90 3677:124.519 - 1.172ms returns 0
T1B90 3677:126.000 JLINK_WriteU32_64(0xE0001038, 0x00000100)
T1B90 3677:126.029   Debug reg: DWT_FUNC[1]
T1B90 3677:126.055 - 0.059ms returns 0 (0x00000000)
T1B90 3677:126.066 JLINK_ReadMem(0xE0001038, 0x4 Bytes, ...)
T1B90 3677:126.078   CPU_WriteMem(4 bytes @ 0xE0001038)
T1B90 3677:126.723   CPU_ReadMem(4 bytes @ 0xE0001038)
T1B90 3677:127.209   Data:  00 03 00 00
T1B90 3677:127.227   Debug reg: DWT_FUNC[1]
T1B90 3677:127.236 - 1.173ms returns 0
T1B90 3677:127.294 JLINK_WriteU32_64(0xE0001034, 0x0000001F)
T1B90 3677:127.303   Debug reg: DWT_MASK[1]
T1B90 3677:127.321 - 0.031ms returns 0 (0x00000000)
T1B90 3677:127.331 JLINK_ReadMem(0xE0001034, 0x4 Bytes, ...)
T1B90 3677:127.349   CPU_WriteMem(4 bytes @ 0xE0001034)
T1B90 3677:127.829   CPU_ReadMem(4 bytes @ 0xE0001034)
T1B90 3677:128.237   Data:  0F 00 00 00
T1B90 3677:128.300   Debug reg: DWT_MASK[1]
T1B90 3677:128.310 - 0.982ms returns 0
T1B90 3677:128.375 JLINK_WriteU32_64(0xE0001048, 0x00000100)
T1B90 3677:128.384   Debug reg: DWT_FUNC[2]
T1B90 3677:128.403 - 0.032ms returns 0 (0x00000000)
T1B90 3677:128.414 JLINK_ReadMem(0xE0001048, 0x4 Bytes, ...)
T1B90 3677:128.424   CPU_WriteMem(4 bytes @ 0xE0001048)
T1B90 3677:128.988   CPU_ReadMem(4 bytes @ 0xE0001048)
T1B90 3677:129.461   Data:  00 00 00 00
T1B90 3677:129.479   Debug reg: DWT_FUNC[2]
T1B90 3677:129.488 - 1.077ms returns 0
T1B90 3677:129.540 JLINK_WriteU32_64(0xE0001044, 0x0000001F)
T1B90 3677:129.549   Debug reg: DWT_MASK[2]
T1B90 3677:129.565 - 0.038ms returns 0 (0x00000000)
T1B90 3677:129.587 JLINK_ReadMem(0xE0001044, 0x4 Bytes, ...)
T1B90 3677:129.598   CPU_WriteMem(4 bytes @ 0xE0001044)
T1B90 3677:130.118   CPU_ReadMem(4 bytes @ 0xE0001044)
T1B90 3677:130.514   Data:  0F 00 00 00
T1B90 3677:130.534   Debug reg: DWT_MASK[2]
T1B90 3677:130.543 - 0.959ms returns 0
T1B90 3677:130.590 JLINK_WriteU32_64(0xE0001058, 0x00000100)
T1B90 3677:130.599   Debug reg: DWT_FUNC[3]
T1B90 3677:130.615 - 0.028ms returns 0 (0x00000000)
T1B90 3677:130.624 JLINK_ReadMem(0xE0001058, 0x4 Bytes, ...)
T1B90 3677:130.634   CPU_WriteMem(4 bytes @ 0xE0001058)
T1B90 3677:131.167   CPU_ReadMem(4 bytes @ 0xE0001058)
T1B90 3677:132.055   Data:  00 00 00 00
T1B90 3677:132.074   Debug reg: DWT_FUNC[3]
T1B90 3677:132.083 - 1.461ms returns 0
T1B90 3677:132.134 JLINK_WriteU32_64(0xE0001054, 0x0000001F)
T1B90 3677:132.147   Debug reg: DWT_MASK[3]
T1B90 3677:132.164 - 0.034ms returns 0 (0x00000000)
T1B90 3677:132.174 JLINK_ReadMem(0xE0001054, 0x4 Bytes, ...)
T1B90 3677:132.184   CPU_WriteMem(4 bytes @ 0xE0001054)
T1B90 3677:132.731   CPU_ReadMem(4 bytes @ 0xE0001054)
T1B90 3677:133.242   Data:  0F 00 00 00
T1B90 3677:133.259   Debug reg: DWT_MASK[3]
T1B90 3677:133.269 - 1.098ms returns 0
T1B90 3677:133.328 JLINK_WriteU32_64(0xE0001020, 0x00000000)
T1B90 3677:133.337   Debug reg: DWT_COMP[0]
T1B90 3677:133.354 - 0.029ms returns 0 (0x00000000)
T1B90 3677:133.379 JLINK_WriteU32_64(0xE0001024, 0x00000000)
T1B90 3677:133.386   Debug reg: DWT_MASK[0]
T1B90 3677:133.397 - 0.022ms returns 0 (0x00000000)
T1B90 3677:133.414 JLINK_WriteU32_64(0xE0001028, 0x00000000)
T1B90 3677:133.421   Debug reg: DWT_FUNC[0]
T1B90 3677:133.431 - 0.021ms returns 0 (0x00000000)
T1B90 3677:133.450 JLINK_WriteU32_64(0xE0001030, 0x00000000)
T1B90 3677:133.457   Debug reg: DWT_COMP[1]
T1B90 3677:133.468 - 0.021ms returns 0 (0x00000000)
T1B90 3677:133.537 JLINK_WriteU32_64(0xE0001034, 0x00000000)
T1B90 3677:133.546   Debug reg: DWT_MASK[1]
T1B90 3677:133.559 - 0.025ms returns 0 (0x00000000)
T1B90 3677:133.579 JLINK_WriteU32_64(0xE0001038, 0x00000000)
T1B90 3677:133.586   Debug reg: DWT_FUNC[1]
T1B90 3677:133.599 - 0.023ms returns 0 (0x00000000)
T1B90 3677:133.615 JLINK_WriteU32_64(0xE0001040, 0x00000000)
T1B90 3677:133.622   Debug reg: DWT_COMP[2]
T1B90 3677:133.633 - 0.021ms returns 0 (0x00000000)
T1B90 3677:133.648 JLINK_WriteU32_64(0xE0001044, 0x00000000)
T1B90 3677:133.655   Debug reg: DWT_MASK[2]
T1B90 3677:133.666 - 0.021ms returns 0 (0x00000000)
T1B90 3677:133.682 JLINK_WriteU32_64(0xE0001048, 0x00000000)
T1B90 3677:133.689   Debug reg: DWT_FUNC[2]
T1B90 3677:133.699 - 0.021ms returns 0 (0x00000000)
T1B90 3677:133.715 JLINK_WriteU32_64(0xE0001050, 0x00000000)
T1B90 3677:133.722   Debug reg: DWT_COMP[3]
T1B90 3677:133.732 - 0.024ms returns 0 (0x00000000)
T1B90 3677:133.752 JLINK_WriteU32_64(0xE0001054, 0x00000000)
T1B90 3677:133.759   Debug reg: DWT_MASK[3]
T1B90 3677:133.770 - 0.021ms returns 0 (0x00000000)
T1B90 3677:133.785 JLINK_WriteU32_64(0xE0001058, 0x00000000)
T1B90 3677:133.792   Debug reg: DWT_FUNC[3]
T1B90 3677:133.803 - 0.020ms returns 0 (0x00000000)
T1B90 3677:133.814 JLINK_GetBPInfo(BPHandle = 1)
T1B90 3677:133.820 - 0.009ms returns 0x0
T1B90 3677:133.829 JLINK_ClrBPEx(BPHandle = 0x00000001)
T1B90 3677:133.836 - 0.011ms returns 0x00
T1B90 3677:133.871 JLINK_ReadReg(R15 (PC))
T1B90 3677:133.880 - 0.012ms returns 0x004035A4
T1B90 3677:134.045 JLINK_Go()
T1B90 3677:134.065   CPU_ReadMem(4 bytes @ 0xE0001000)
T1B90 3677:134.899   CPU_WriteMem(4 bytes @ 0xE000ED30)
T1B90 3677:135.876   CPU_WriteMem(4 bytes @ 0xE0001020)
T1B90 3677:135.924   CPU_WriteMem(4 bytes @ 0xE0001030)
T1B90 3677:135.939   CPU_WriteMem(4 bytes @ 0xE0001040)
T1B90 3677:135.953   CPU_WriteMem(4 bytes @ 0xE0001050)
T1B90 3677:136.023   CPU_WriteMem(4 bytes @ 0xE0001024)
T1B90 3677:136.038   CPU_WriteMem(4 bytes @ 0xE0001034)
T1B90 3677:136.052   CPU_WriteMem(4 bytes @ 0xE0001044)
T1B90 3677:136.067   CPU_WriteMem(4 bytes @ 0xE0001054)
T1B90 3677:136.081   CPU_WriteMem(4 bytes @ 0xE0001028)
T1B90 3677:136.109   CPU_WriteMem(4 bytes @ 0xE0001038)
T1B90 3677:136.124   CPU_WriteMem(4 bytes @ 0xE0001048)
T1B90 3677:136.139   CPU_WriteMem(4 bytes @ 0xE0001058)
T1B90 3677:136.154   CPU_WriteMem(4 bytes @ 0xE0002008)
T1B90 3677:140.008 - 5.979ms
T1A90 3677:140.115 JLINK_IsHalted()
T1A90 3677:141.583 - 1.491ms returns FALSE
T1A90 3677:182.963 JLINK_IsHalted()
T1A90 3677:183.734 - 0.793ms returns FALSE
T1A90 3677:351.557 JLINK_IsHalted()
T1A90 3677:352.554 - 1.017ms returns FALSE
T1A90 3677:862.349 JLINK_IsHalted()
T1A90 3677:862.970 - 0.640ms returns FALSE
T1A90 3678:064.807 JLINK_IsHalted()
T1A90 3678:065.419 - 0.626ms returns FALSE
T1A90 3678:264.889 JLINK_IsHalted()
T1A90 3678:265.512 - 0.653ms returns FALSE
T1A90 3678:475.151 JLINK_IsHalted()
T1A90 3678:475.675 - 0.539ms returns FALSE
T1A90 3678:680.327 JLINK_IsHalted()
T1A90 3678:681.505 - 1.222ms returns FALSE
T1A90 3678:893.518 JLINK_IsHalted()
T1A90 3678:894.360 - 0.864ms returns FALSE
T1A90 3679:095.492 JLINK_IsHalted()
T1A90 3679:097.205 - 1.734ms returns FALSE
T1A90 3679:309.241 JLINK_IsHalted()
T1A90 3679:309.880 - 0.656ms returns FALSE
T1A90 3679:510.919 JLINK_IsHalted()
T1A90 3679:511.736 - 0.893ms returns FALSE
T1A90 3679:758.767 JLINK_IsHalted()
T1A90 3679:788.788 - 30.041ms returns FALSE
T1A90 3680:018.284 JLINK_IsHalted()
T1A90 3680:110.053 - 91.796ms returns FALSE
T1A90 3680:324.929 JLINK_IsHalted()
T1A90 3680:325.891 - 0.980ms returns FALSE
T1A90 3680:519.850 JLINK_IsHalted()
T1A90 3680:520.490 - 0.655ms returns FALSE
T1A90 3680:722.181 JLINK_IsHalted()
T1A90 3680:723.129 - 0.981ms returns FALSE
T1A90 3680:925.911 JLINK_IsHalted()
T1A90 3680:927.020 - 1.137ms returns FALSE
T1A90 3681:129.336 JLINK_IsHalted()
T1A90 3681:130.600 - 1.309ms returns FALSE
T1A90 3681:332.415 JLINK_IsHalted()
T1A90 3681:332.926 - 0.524ms returns FALSE
T1A90 3681:540.492 JLINK_IsHalted()
T1A90 3681:541.640 - 1.194ms returns FALSE
T1A90 3681:746.404 JLINK_IsHalted()
T1A90 3681:747.034 - 0.647ms returns FALSE
T1A90 3681:947.490 JLINK_IsHalted()
T1A90 3681:948.105 - 0.632ms returns FALSE
T1A90 3682:151.539 JLINK_IsHalted()
T1A90 3682:152.781 - 1.271ms returns FALSE
T1A90 3682:356.877 JLINK_IsHalted()
T1A90 3682:357.478 - 0.614ms returns FALSE
T1A90 3682:572.735 JLINK_IsHalted()
T1A90 3682:573.291 - 0.571ms returns FALSE
T1A90 3682:774.790 JLINK_IsHalted()
T1A90 3682:775.524 - 0.760ms returns FALSE
T1A90 3682:984.870 JLINK_IsHalted()
T1A90 3682:986.218 - 1.382ms returns FALSE
T1A90 3683:190.902 JLINK_IsHalted()
T1A90 3683:195.253 - 4.425ms returns FALSE
T1A90 3683:395.831 JLINK_IsHalted()
T1A90 3683:396.426 - 0.614ms returns FALSE
T1A90 3683:601.759 JLINK_IsHalted()
T1A90 3683:602.353 - 0.616ms returns FALSE
T1A90 3683:806.220 JLINK_IsHalted()
T1A90 3683:807.171 - 0.989ms returns FALSE
T1A90 3684:006.860 JLINK_IsHalted()
T1A90 3684:007.827 - 1.000ms returns FALSE
T1A90 3684:220.470 JLINK_IsHalted()
T1A90 3684:221.523 - 1.085ms returns FALSE
T1A90 3684:552.691 JLINK_IsHalted()
T1A90 3684:556.482 - 3.809ms returns FALSE
T1A90 3684:772.940 JLINK_IsHalted()
T1A90 3684:773.522 - 0.596ms returns FALSE
T1A90 3684:976.612 JLINK_IsHalted()
T1A90 3684:977.309 - 0.719ms returns FALSE
T1A90 3685:180.681 JLINK_IsHalted()
T1A90 3685:181.253 - 0.586ms returns FALSE
T1A90 3685:389.673 JLINK_IsHalted()
T1A90 3685:390.313 - 0.656ms returns FALSE
T1A90 3685:590.964 JLINK_IsHalted()
T1A90 3685:591.563 - 0.615ms returns FALSE
T1A90 3685:794.641 JLINK_IsHalted()
T1A90 3685:795.920 - 1.293ms returns FALSE
T1A90 3685:998.298 JLINK_IsHalted()
T1A90 3685:998.904 - 0.621ms returns FALSE
T1A90 3686:199.334 JLINK_IsHalted()
T1A90 3686:200.014 - 0.702ms returns FALSE
T1A90 3686:401.165 JLINK_IsHalted()
T1A90 3686:401.800 - 0.650ms returns FALSE
T1A90 3686:612.311 JLINK_IsHalted()
T1A90 3686:613.258 - 0.977ms returns FALSE
T1A90 3686:813.786 JLINK_IsHalted()
T1A90 3686:814.512 - 0.750ms returns FALSE
T1A90 3687:018.096 JLINK_IsHalted()
T1A90 3687:019.095 - 1.033ms returns FALSE
T1A90 3687:237.272 JLINK_IsHalted()
T1A90 3687:240.920 - 3.724ms returns FALSE
T1A90 3687:457.080 JLINK_IsHalted()
T1A90 3687:458.016 - 0.959ms returns FALSE
T1A90 3687:659.191 JLINK_IsHalted()
T1A90 3687:660.051 - 0.879ms returns FALSE
T1A90 3687:864.836 JLINK_IsHalted()
T1A90 3687:865.709 - 1.070ms returns FALSE
T1A90 3688:067.914 JLINK_IsHalted()
T1A90 3688:068.708 - 0.812ms returns FALSE
T1A90 3688:271.573 JLINK_IsHalted()
T1A90 3688:272.222 - 0.662ms returns FALSE
T1A90 3688:476.178 JLINK_IsHalted()
T1A90 3688:476.767 - 0.646ms returns FALSE
T1A90 3688:676.703 JLINK_IsHalted()
T1A90 3688:677.484 - 0.935ms returns FALSE
T1A90 3688:884.054 JLINK_IsHalted()
T1A90 3688:884.791 - 0.756ms returns FALSE
T1A90 3689:089.510 JLINK_IsHalted()
T1A90 3689:090.127 - 0.706ms returns FALSE
T1A90 3689:294.575 JLINK_IsHalted()
T1A90 3689:296.665 - 2.115ms returns FALSE
T1A90 3689:499.305 JLINK_IsHalted()
T1A90 3689:500.744 - 1.501ms returns FALSE
T1A90 3689:703.852 JLINK_IsHalted()
T1A90 3689:705.811 - 1.998ms returns FALSE
T1A90 3689:907.460 JLINK_IsHalted()
T1A90 3689:908.081 - 0.636ms returns FALSE
T1A90 3690:114.877 JLINK_IsHalted()
T1A90 3690:115.884 - 1.033ms returns FALSE
T1A90 3690:316.762 JLINK_IsHalted()
T1A90 3690:317.490 - 0.750ms returns FALSE
T1A90 3690:523.154 JLINK_IsHalted()
T1A90 3690:523.880 - 0.740ms returns FALSE
T1A90 3690:726.348 JLINK_IsHalted()
T1A90 3690:727.732 - 1.407ms returns FALSE
T1A90 3690:933.410 JLINK_IsHalted()
T1A90 3690:934.073 - 0.679ms returns FALSE
T1A90 3691:140.114 JLINK_IsHalted()
T1A90 3691:141.054 - 1.103ms returns FALSE
T1A90 3691:341.548 JLINK_IsHalted()
T1A90 3691:343.829 - 2.359ms returns FALSE
T1A90 3691:544.763 JLINK_IsHalted()
T1A90 3691:545.304 - 0.551ms returns FALSE
T1A90 3691:750.183 JLINK_IsHalted()
T1A90 3691:751.558 - 1.421ms returns FALSE
T1A90 3691:955.360 JLINK_IsHalted()
T1A90 3691:955.986 - 0.643ms returns FALSE
T1A90 3692:184.621 JLINK_IsHalted()
T1A90 3692:185.429 - 0.828ms returns FALSE
T1A90 3692:386.248 JLINK_IsHalted()
T1A90 3692:386.977 - 0.744ms returns FALSE
T1A90 3692:588.450 JLINK_IsHalted()
T1A90 3692:589.836 - 1.437ms returns FALSE
T1A90 3692:791.025 JLINK_IsHalted()
T1A90 3692:791.865 - 0.862ms returns FALSE
T1A90 3692:994.304 JLINK_IsHalted()
T1A90 3692:995.919 - 1.670ms returns FALSE
T1A90 3693:196.561 JLINK_IsHalted()
T1A90 3693:199.683 - 3.217ms returns FALSE
T1A90 3693:400.636 JLINK_IsHalted()
T1A90 3693:401.953 - 1.365ms returns FALSE
T1A90 3693:602.094 JLINK_IsHalted()
T1A90 3693:602.971 - 0.932ms returns FALSE
T1A90 3693:806.034 JLINK_IsHalted()
T1A90 3693:807.493 - 1.690ms returns FALSE
T1A90 3694:013.952 JLINK_IsHalted()
T1A90 3694:014.898 - 0.982ms returns FALSE
T1A90 3694:219.796 JLINK_IsHalted()
T1A90 3694:220.447 - 0.676ms returns FALSE
T1A90 3694:422.204 JLINK_IsHalted()
T1A90 3694:423.557 - 1.396ms returns FALSE
T1A90 3694:625.201 JLINK_IsHalted()
T1A90 3694:627.900 - 2.750ms returns FALSE
T1A90 3694:830.504 JLINK_IsHalted()
T1A90 3694:831.790 - 1.352ms returns FALSE
T1A90 3695:083.266 JLINK_IsHalted()
T1A90 3695:083.843 - 0.594ms returns FALSE
T1A90 3695:287.961 JLINK_IsHalted()
T1A90 3695:288.795 - 0.856ms returns FALSE
T1A90 3695:500.458 JLINK_IsHalted()
T1A90 3695:512.224 - 11.839ms returns FALSE
T1A90 3695:713.838 JLINK_IsHalted()
T1A90 3695:720.607 - 6.845ms returns FALSE
T1A90 3695:928.502 JLINK_IsHalted()
T1A90 3695:929.092 - 0.607ms returns FALSE
T1A90 3696:129.972 JLINK_IsHalted()
T1A90 3696:131.023 - 1.090ms returns FALSE
T1A90 3696:333.303 JLINK_IsHalted()
T1A90 3696:333.957 - 0.671ms returns FALSE
T1A90 3696:536.467 JLINK_IsHalted()
T1A90 3696:537.708 - 1.283ms returns FALSE
T1A90 3696:740.508 JLINK_IsHalted()
T1A90 3696:741.758 - 1.298ms returns FALSE
T1A90 3696:944.293 JLINK_IsHalted()
T1A90 3696:945.002 - 0.721ms returns FALSE
T1A90 3697:148.417 JLINK_IsHalted()
T1A90 3697:149.167 - 0.766ms returns FALSE
T1A90 3697:352.871 JLINK_IsHalted()
T1A90 3697:354.081 - 1.254ms returns FALSE
T1A90 3697:558.705 JLINK_IsHalted()
T1A90 3697:559.942 - 1.324ms returns FALSE
T1A90 3697:761.820 JLINK_IsHalted()
T1A90 3697:762.877 - 1.104ms returns FALSE
T1A90 3697:967.587 JLINK_IsHalted()
T1A90 3697:968.290 - 0.731ms returns FALSE
T1A90 3698:171.011 JLINK_IsHalted()
T1A90 3698:172.964 - 2.024ms returns FALSE
T1A90 3698:374.185 JLINK_IsHalted()
T1A90 3698:375.503 - 1.372ms returns FALSE
T1A90 3698:579.106 JLINK_IsHalted()
T1A90 3698:580.195 - 1.173ms returns FALSE
T1A90 3698:780.536 JLINK_IsHalted()
T1A90 3698:781.895 - 1.404ms returns FALSE
T1A90 3698:984.465 JLINK_IsHalted()
T1A90 3698:985.538 - 1.114ms returns FALSE
T1A90 3699:184.743 JLINK_IsHalted()
T1A90 3699:186.036 - 1.341ms returns FALSE
T1A90 3699:385.940 JLINK_IsHalted()
T1A90 3699:388.687 - 2.811ms returns FALSE
T1A90 3699:590.095 JLINK_IsHalted()
T1A90 3699:591.173 - 1.135ms returns FALSE
T1A90 3699:792.910 JLINK_IsHalted()
T1A90 3699:793.655 - 0.770ms returns FALSE
T1A90 3700:001.365 JLINK_IsHalted()
T1A90 3700:002.089 - 0.746ms returns FALSE
T1A90 3700:203.902 JLINK_IsHalted()
T1A90 3700:205.761 - 1.923ms returns FALSE
T1A90 3700:407.246 JLINK_IsHalted()
T1A90 3700:408.295 - 1.088ms returns FALSE
T1A90 3700:609.204 JLINK_IsHalted()
T1A90 3700:610.581 - 1.453ms returns FALSE
T1A90 3700:818.004 JLINK_IsHalted()
T1A90 3700:819.612 - 1.657ms returns FALSE
T1A90 3701:020.697 JLINK_IsHalted()
T1A90 3701:022.476 - 1.828ms returns FALSE
T1A90 3701:229.037 JLINK_IsHalted()
T1A90 3701:230.234 - 1.245ms returns FALSE
T1A90 3701:432.323 JLINK_IsHalted()
T1A90 3701:433.466 - 1.190ms returns FALSE
T1A90 3701:633.584 JLINK_IsHalted()
T1A90 3701:634.435 - 0.885ms returns FALSE
T1A90 3701:840.800 JLINK_IsHalted()
T1A90 3701:841.728 - 0.958ms returns FALSE
T1A90 3702:043.897 JLINK_IsHalted()
T1A90 3702:045.298 - 1.448ms returns FALSE
T1A90 3702:252.570 JLINK_IsHalted()
T1A90 3702:253.150 - 0.595ms returns FALSE
T1A90 3702:454.524 JLINK_IsHalted()
T1A90 3702:455.299 - 0.799ms returns FALSE
T1A90 3702:656.268 JLINK_IsHalted()
T1A90 3702:657.560 - 1.338ms returns FALSE
T1A90 3702:863.539 JLINK_IsHalted()
T1A90 3702:864.982 - 1.484ms returns FALSE
T1A90 3703:066.549 JLINK_IsHalted()
T1A90 3703:068.729 - 2.274ms returns FALSE
T1A90 3703:270.862 JLINK_IsHalted()
T1A90 3703:271.559 - 0.717ms returns FALSE
T1A90 3703:471.696 JLINK_IsHalted()
T1A90 3703:473.006 - 1.362ms returns FALSE
T1A90 3703:676.167 JLINK_IsHalted()
T1A90 3703:679.739 - 3.629ms returns FALSE
T1A90 3703:880.025 JLINK_IsHalted()
T1A90 3703:880.777 - 0.770ms returns FALSE
T1A90 3704:083.402 JLINK_IsHalted()
T1A90 3704:084.368 - 1.000ms returns FALSE
T1A90 3704:289.363 JLINK_IsHalted()
T1A90 3704:290.771 - 1.473ms returns FALSE
T1A90 3704:497.524 JLINK_IsHalted()
T1A90 3704:498.199 - 0.691ms returns FALSE
T1A90 3704:702.260 JLINK_IsHalted()
T1A90 3704:702.941 - 0.807ms returns FALSE
T1A90 3704:910.896 JLINK_IsHalted()
T1A90 3704:911.507 - 0.626ms returns FALSE
T1A90 3705:117.228 JLINK_IsHalted()
T1A90 3705:117.956 - 0.743ms returns FALSE
T1A90 3705:324.320 JLINK_IsHalted()
T1A90 3705:324.988 - 0.692ms returns FALSE
T1A90 3705:531.030 JLINK_IsHalted()
T1A90 3705:531.664 - 0.649ms returns FALSE
T1A90 3705:736.889 JLINK_IsHalted()
T1A90 3705:738.219 - 1.382ms returns FALSE
T1A90 3705:957.261 JLINK_IsHalted()
T1A90 3705:957.995 - 0.756ms returns FALSE
T1A90 3706:163.079 JLINK_IsHalted()
T1A90 3706:163.908 - 0.855ms returns FALSE
T1A90 3706:367.646 JLINK_IsHalted()
T1A90 3706:369.023 - 1.432ms returns FALSE
T1A90 3706:571.511 JLINK_IsHalted()
T1A90 3706:572.141 - 0.814ms returns FALSE
T1A90 3706:774.517 JLINK_IsHalted()
T1A90 3706:775.009 - 0.508ms returns FALSE
T1A90 3706:980.769 JLINK_IsHalted()
T1A90 3706:985.811 - 5.075ms returns FALSE
T1A90 3707:188.517 JLINK_IsHalted()
T1A90 3707:280.258 - 91.764ms returns FALSE
T1A90 3707:485.693 JLINK_IsHalted()
T1A90 3707:486.314 - 0.637ms returns FALSE
T1A90 3707:686.856 JLINK_IsHalted()
T1A90 3707:687.548 - 0.717ms returns FALSE
T1A90 3707:897.726 JLINK_IsHalted()
T1A90 3707:898.518 - 0.816ms returns FALSE
T1A90 3708:101.949 JLINK_IsHalted()
T1A90 3708:103.117 - 1.208ms returns FALSE
T1A90 3708:307.081 JLINK_IsHalted()
T1A90 3708:308.287 - 1.256ms returns FALSE
T1A90 3708:508.727 JLINK_IsHalted()
T1A90 3708:510.125 - 1.458ms returns FALSE
T1A90 3708:715.204 JLINK_IsHalted()
T1A90 3708:717.318 - 2.169ms returns FALSE
T1A90 3708:919.000 JLINK_IsHalted()
T1A90 3708:919.610 - 0.625ms returns FALSE
T1A90 3709:127.379 JLINK_IsHalted()
T1A90 3709:128.865 - 1.551ms returns FALSE
T1A90 3709:337.072 JLINK_IsHalted()
T1A90 3709:337.722 - 0.671ms returns FALSE
T1A90 3709:541.026 JLINK_IsHalted()
T1A90 3709:542.417 - 1.447ms returns FALSE
T1A90 3709:742.711 JLINK_IsHalted()
T1A90 3709:743.648 - 1.046ms returns FALSE
T1A90 3709:952.343 JLINK_IsHalted()
T1A90 3709:952.916 - 0.587ms returns FALSE
T1A90 3710:156.105 JLINK_IsHalted()
T1A90 3710:163.414 - 7.337ms returns FALSE
T1A90 3710:369.071 JLINK_IsHalted()
T1A90 3710:370.388 - 1.353ms returns FALSE
T1A90 3710:608.608 JLINK_IsHalted()
T1A90 3710:609.191 - 0.611ms returns FALSE
T1A90 3710:814.843 JLINK_IsHalted()
T1A90 3710:815.483 - 0.654ms returns FALSE
T1A90 3711:015.902 JLINK_IsHalted()
T1A90 3711:016.676 - 0.806ms returns FALSE
T1A90 3711:218.936 JLINK_IsHalted()
T1A90 3711:219.640 - 0.724ms returns FALSE
T1A90 3711:421.197 JLINK_IsHalted()
T1A90 3711:422.599 - 1.466ms returns FALSE
T1A90 3711:622.429 JLINK_IsHalted()
T1A90 3711:623.887 - 1.555ms returns FALSE
T1A90 3711:824.315 JLINK_IsHalted()
T1A90 3711:825.769 - 1.501ms returns FALSE
T1A90 3712:026.486 JLINK_IsHalted()
T1A90 3712:027.752 - 1.313ms returns FALSE
T1A90 3712:237.204 JLINK_IsHalted()
T1A90 3712:238.766 - 1.735ms returns FALSE
T1A90 3712:441.634 JLINK_IsHalted()
T1A90 3712:442.444 - 0.837ms returns FALSE
T1A90 3712:644.322 JLINK_IsHalted()
T1A90 3712:645.774 - 1.499ms returns FALSE
T1A90 3712:845.860 JLINK_IsHalted()
T1A90 3712:847.676 - 1.862ms returns FALSE
T1A90 3713:053.443 JLINK_IsHalted()
T1A90 3713:054.630 - 1.230ms returns FALSE
T1A90 3713:254.918 JLINK_IsHalted()
T1A90 3713:255.556 - 0.656ms returns FALSE
T1A90 3713:457.870 JLINK_IsHalted()
T1A90 3713:459.131 - 1.308ms returns FALSE
T1A90 3713:659.124 JLINK_IsHalted()
T1A90 3713:662.234 - 3.180ms returns FALSE
T1A90 3713:868.178 JLINK_IsHalted()
T1A90 3713:868.770 - 0.608ms returns FALSE
T1A90 3714:075.006 JLINK_IsHalted()
T1A90 3714:076.248 - 1.295ms returns FALSE
T1A90 3714:300.295 JLINK_IsHalted()
T1A90 3714:300.978 - 0.699ms returns FALSE
T1A90 3714:505.520 JLINK_IsHalted()
T1A90 3714:506.141 - 0.634ms returns FALSE
T1A90 3714:709.032 JLINK_IsHalted()
T1A90 3714:710.660 - 1.695ms returns FALSE
T1A90 3714:919.975 JLINK_IsHalted()
T1A90 3714:920.521 - 0.561ms returns FALSE
T1A90 3715:130.144 JLINK_IsHalted()
T1A90 3715:130.705 - 0.577ms returns FALSE
T1A90 3715:331.078 JLINK_IsHalted()
T1A90 3715:331.717 - 0.657ms returns FALSE
T1A90 3715:533.194 JLINK_IsHalted()
T1A90 3715:534.146 - 0.984ms returns FALSE
T1A90 3715:734.776 JLINK_IsHalted()
T1A90 3715:735.551 - 0.818ms returns FALSE
T1A90 3715:941.302 JLINK_IsHalted()
T1A90 3715:941.952 - 0.669ms returns FALSE
T1A90 3716:146.281 JLINK_IsHalted()
T1A90 3716:147.352 - 1.119ms returns FALSE
T1A90 3716:348.742 JLINK_IsHalted()
T1A90 3716:349.822 - 1.118ms returns FALSE
T1A90 3716:551.465 JLINK_IsHalted()
T1A90 3716:552.670 - 1.257ms returns FALSE
T1A90 3716:753.528 JLINK_IsHalted()
T1A90 3716:754.236 - 0.729ms returns FALSE
T1A90 3716:955.593 JLINK_IsHalted()
T1A90 3716:956.372 - 0.806ms returns FALSE
T1A90 3717:157.912 JLINK_IsHalted()
T1A90 3717:159.314 - 1.449ms returns FALSE
T1A90 3717:359.755 JLINK_IsHalted()
T1A90 3717:360.523 - 0.787ms returns FALSE
T1A90 3717:564.605 JLINK_IsHalted()
T1A90 3717:567.939 - 3.397ms returns FALSE
T1A90 3717:769.429 JLINK_IsHalted()
T1A90 3717:770.578 - 1.204ms returns FALSE
T1A90 3717:970.228 JLINK_IsHalted()
T1A90 3717:971.334 - 1.157ms returns FALSE
T1A90 3718:173.270 JLINK_IsHalted()
T1A90 3718:174.534 - 1.320ms returns FALSE
T1A90 3718:374.881 JLINK_IsHalted()
T1A90 3718:375.996 - 1.163ms returns FALSE
T1A90 3718:578.915 JLINK_IsHalted()
T1A90 3718:580.267 - 1.406ms returns FALSE
T1A90 3718:784.863 JLINK_IsHalted()
T1A90 3718:786.222 - 1.406ms returns FALSE
T1A90 3718:986.018 JLINK_IsHalted()
T1A90 3718:987.349 - 1.379ms returns FALSE
T1A90 3719:188.197 JLINK_IsHalted()
T1A90 3719:189.479 - 1.327ms returns FALSE
T1A90 3719:389.198 JLINK_IsHalted()
T1A90 3719:390.426 - 1.268ms returns FALSE
T1A90 3719:591.518 JLINK_IsHalted()
T1A90 3719:592.372 - 0.883ms returns FALSE
T1A90 3719:793.556 JLINK_IsHalted()
T1A90 3719:794.921 - 1.411ms returns FALSE
T1A90 3719:995.604 JLINK_IsHalted()
T1A90 3719:996.994 - 1.452ms returns FALSE
T1A90 3720:198.859 JLINK_IsHalted()
T1A90 3720:200.158 - 1.346ms returns FALSE
T1A90 3720:400.700 JLINK_IsHalted()
T1A90 3720:401.335 - 0.709ms returns FALSE
T1A90 3720:609.551 JLINK_IsHalted()
T1A90 3720:610.140 - 0.613ms returns FALSE
T1A90 3720:812.137 JLINK_IsHalted()
T1A90 3720:814.039 - 1.978ms returns FALSE
T1A90 3721:026.317 JLINK_IsHalted()
T1A90 3721:027.046 - 0.743ms returns FALSE
T1A90 3721:229.770 JLINK_IsHalted()
T1A90 3721:230.405 - 0.655ms returns FALSE
T1A90 3721:431.054 JLINK_IsHalted()
T1A90 3721:431.966 - 0.939ms returns FALSE
T1A90 3721:633.068 JLINK_IsHalted()
T1A90 3721:633.648 - 0.593ms returns FALSE
T1A90 3721:838.464 JLINK_IsHalted()
T1A90 3721:839.266 - 0.827ms returns FALSE
T1A90 3722:042.325 JLINK_IsHalted()
T1A90 3722:044.842 - 2.542ms returns FALSE
T1A90 3722:253.714 JLINK_IsHalted()
T1A90 3722:254.844 - 1.154ms returns FALSE
T1A90 3722:455.371 JLINK_IsHalted()
T1A90 3722:456.041 - 0.685ms returns FALSE
T1A90 3722:660.040 JLINK_IsHalted()
T1A90 3722:662.348 - 2.341ms returns FALSE
T1A90 3722:862.611 JLINK_IsHalted()
T1A90 3722:863.291 - 0.716ms returns FALSE
T1A90 3723:077.261 JLINK_IsHalted()
T1A90 3723:079.079 - 2.072ms returns FALSE
T1A90 3723:279.531 JLINK_IsHalted()
T1A90 3723:280.107 - 0.591ms returns FALSE
T1A90 3723:482.780 JLINK_IsHalted()
T1A90 3723:484.824 - 2.104ms returns FALSE
T1A90 3723:687.578 JLINK_IsHalted()
T1A90 3723:688.900 - 1.360ms returns FALSE
T1A90 3723:967.185 JLINK_IsHalted()
T1A90 3723:977.132 - 9.979ms returns FALSE
T1A90 3724:180.710 JLINK_IsHalted()
T1A90 3724:181.282 - 0.584ms returns FALSE
T1A90 3724:382.006 JLINK_IsHalted()
T1A90 3724:382.604 - 0.614ms returns FALSE
T1A90 3724:587.379 JLINK_IsHalted()
T1A90 3724:589.023 - 1.696ms returns FALSE
T1A90 3724:792.336 JLINK_IsHalted()
T1A90 3724:793.560 - 1.271ms returns FALSE
T1A90 3724:996.381 JLINK_IsHalted()
T1A90 3724:997.774 - 1.439ms returns FALSE
T1A90 3725:198.410 JLINK_IsHalted()
T1A90 3725:199.274 - 0.893ms returns FALSE
T1A90 3725:408.002 JLINK_IsHalted()
T1A90 3725:408.848 - 0.868ms returns FALSE
T1A90 3725:616.592 JLINK_IsHalted()
T1A90 3725:617.668 - 1.111ms returns FALSE
T1A90 3725:819.540 JLINK_IsHalted()
T1A90 3725:820.705 - 1.200ms returns FALSE
T1A90 3726:021.470 JLINK_IsHalted()
T1A90 3726:022.510 - 1.219ms returns FALSE
T1A90 3726:224.213 JLINK_IsHalted()
T1A90 3726:225.213 - 1.041ms returns FALSE
T1A90 3726:429.943 JLINK_IsHalted()
T1A90 3726:430.588 - 0.666ms returns FALSE
T1A90 3726:635.637 JLINK_IsHalted()
T1A90 3726:637.127 - 1.564ms returns FALSE
T1A90 3726:836.874 JLINK_IsHalted()
T1A90 3726:838.235 - 1.406ms returns FALSE
T1A90 3727:041.270 JLINK_IsHalted()
T1A90 3727:041.933 - 0.693ms returns FALSE
T1A90 3727:242.760 JLINK_IsHalted()
T1A90 3727:243.479 - 0.745ms returns FALSE
T1A90 3727:444.816 JLINK_IsHalted()
T1A90 3727:445.625 - 0.825ms returns FALSE
T1A90 3727:647.897 JLINK_IsHalted()
T1A90 3727:649.260 - 1.508ms returns FALSE
T1A90 3727:852.788 JLINK_IsHalted()
T1A90 3727:853.698 - 0.943ms returns FALSE
T1A90 3728:054.533 JLINK_IsHalted()
T1A90 3728:055.699 - 1.208ms returns FALSE
T1A90 3728:258.111 JLINK_IsHalted()
T1A90 3728:258.853 - 0.755ms returns FALSE
T1A90 3728:459.449 JLINK_IsHalted()
T1A90 3728:460.726 - 1.325ms returns FALSE
T1A90 3728:661.625 JLINK_IsHalted()
T1A90 3728:663.026 - 1.452ms returns FALSE
T1A90 3728:864.525 JLINK_IsHalted()
T1A90 3728:865.514 - 1.032ms returns FALSE
T1A90 3729:068.820 JLINK_IsHalted()
T1A90 3729:069.848 - 1.076ms returns FALSE
T1A90 3729:269.753 JLINK_IsHalted()
T1A90 3729:270.393 - 0.670ms returns FALSE
T1A90 3729:469.971 JLINK_IsHalted()
T1A90 3729:470.823 - 0.915ms returns FALSE
T1A90 3729:676.366 JLINK_IsHalted()
T1A90 3729:677.364 - 1.040ms returns FALSE
T1A90 3729:882.204 JLINK_IsHalted()
T1A90 3729:898.306 - 16.147ms returns FALSE
T1A90 3730:100.242 JLINK_IsHalted()
T1A90 3730:102.475 - 2.553ms returns FALSE
T1A90 3730:308.850 JLINK_IsHalted()
T1A90 3730:310.211 - 1.407ms returns FALSE
T1A90 3730:518.985 JLINK_IsHalted()
T1A90 3730:520.385 - 1.447ms returns FALSE
T1A90 3730:721.306 JLINK_IsHalted()
T1A90 3730:721.958 - 0.669ms returns FALSE
T1A90 3730:925.223 JLINK_IsHalted()
T1A90 3730:926.278 - 1.091ms returns FALSE
T1A90 3731:130.474 JLINK_IsHalted()
T1A90 3731:131.539 - 1.097ms returns FALSE
T1A90 3731:332.032 JLINK_IsHalted()
T1A90 3731:332.713 - 0.727ms returns FALSE
T1A90 3731:547.595 JLINK_IsHalted()
T1A90 3731:548.877 - 1.316ms returns FALSE
T1A90 3731:749.378 JLINK_IsHalted()
T1A90 3731:750.893 - 1.560ms returns FALSE
T1A90 3731:956.374 JLINK_IsHalted()
T1A90 3731:957.391 - 1.046ms returns FALSE
T1A90 3732:161.179 JLINK_IsHalted()
T1A90 3732:161.724 - 0.558ms returns FALSE
T1A90 3732:363.683 JLINK_IsHalted()
T1A90 3732:364.273 - 0.603ms returns FALSE
T1A90 3732:569.578 JLINK_IsHalted()
T1A90 3732:570.182 - 0.625ms returns FALSE
T1A90 3732:774.413 JLINK_IsHalted()
T1A90 3732:775.199 - 0.811ms returns FALSE
T1A90 3732:986.685 JLINK_IsHalted()
T1A90 3732:987.892 - 1.255ms returns FALSE
T1A90 3733:192.235 JLINK_IsHalted()
T1A90 3733:193.552 - 1.362ms returns FALSE
T1A90 3733:395.636 JLINK_IsHalted()
T1A90 3733:396.202 - 0.581ms returns FALSE
T1A90 3733:598.688 JLINK_IsHalted()
T1A90 3733:600.029 - 1.387ms returns FALSE
T1A90 3733:800.887 JLINK_IsHalted()
T1A90 3733:801.488 - 0.619ms returns FALSE
T1A90 3734:006.452 JLINK_IsHalted()
T1A90 3734:009.026 - 2.643ms returns FALSE
T1A90 3734:211.443 JLINK_IsHalted()
T1A90 3734:213.199 - 1.837ms returns FALSE
T1A90 3734:417.216 JLINK_IsHalted()
T1A90 3734:418.529 - 1.362ms returns FALSE
T1A90 3734:621.108 JLINK_IsHalted()
T1A90 3734:621.760 - 0.669ms returns FALSE
T1A90 3734:830.780 JLINK_IsHalted()
T1A90 3734:831.405 - 0.647ms returns FALSE
T1A90 3735:031.717 JLINK_IsHalted()
T1A90 3735:033.279 - 1.633ms returns FALSE
T1A90 3735:238.517 JLINK_IsHalted()
T1A90 3735:239.886 - 1.414ms returns FALSE
T1A90 3735:440.675 JLINK_IsHalted()
T1A90 3735:442.051 - 1.424ms returns FALSE
T1A90 3735:643.753 JLINK_IsHalted()
T1A90 3735:645.085 - 1.371ms returns FALSE
T1A90 3735:845.894 JLINK_IsHalted()
T1A90 3735:846.479 - 0.598ms returns FALSE
T1A90 3736:051.027 JLINK_IsHalted()
T1A90 3736:052.091 - 1.112ms returns FALSE
T1A90 3736:253.898 JLINK_IsHalted()
T1A90 3736:254.863 - 0.997ms returns FALSE
T1A90 3736:454.868 JLINK_IsHalted()
T1A90 3736:456.556 - 1.784ms returns FALSE
T1A90 3736:659.905 JLINK_IsHalted()
T1A90 3736:661.398 - 1.553ms returns FALSE
T1A90 3736:863.272 JLINK_IsHalted()
T1A90 3736:864.559 - 1.331ms returns FALSE
T1A90 3737:065.268 JLINK_IsHalted()
T1A90 3737:066.308 - 1.087ms returns FALSE
T1A90 3737:270.690 JLINK_IsHalted()
T1A90 3737:272.729 - 2.121ms returns FALSE
T1A90 3737:497.731 JLINK_IsHalted()
T1A90 3737:499.544 - 1.839ms returns FALSE
T1A90 3737:710.538 JLINK_IsHalted()
T1A90 3737:711.101 - 0.577ms returns FALSE
T1A90 3737:916.165 JLINK_IsHalted()
T1A90 3737:916.967 - 0.825ms returns FALSE
T1A90 3738:124.589 JLINK_IsHalted()
T1A90 3738:125.274 - 0.697ms returns FALSE
T1A90 3738:350.935 JLINK_IsHalted()
T1A90 3738:369.031 - 18.124ms returns FALSE
T1A90 3738:576.600 JLINK_IsHalted()
T1A90 3738:577.092 - 0.505ms returns FALSE
T1A90 3738:782.503 JLINK_IsHalted()
T1A90 3738:783.072 - 0.586ms returns FALSE
T1A90 3738:985.823 JLINK_IsHalted()
T1A90 3738:987.705 - 1.977ms returns FALSE
T1A90 3739:191.252 JLINK_IsHalted()
T1A90 3739:192.575 - 1.368ms returns FALSE
T1A90 3739:398.332 JLINK_IsHalted()
T1A90 3739:399.626 - 1.358ms returns FALSE
T1A90 3739:600.265 JLINK_IsHalted()
T1A90 3739:602.239 - 2.033ms returns FALSE
T1A90 3739:804.634 JLINK_IsHalted()
T1A90 3739:806.204 - 1.638ms returns FALSE
T1A90 3740:007.558 JLINK_IsHalted()
T1A90 3740:008.314 - 0.777ms returns FALSE
T1A90 3740:210.064 JLINK_IsHalted()
T1A90 3740:211.141 - 1.119ms returns FALSE
T1A90 3740:413.547 JLINK_IsHalted()
T1A90 3740:414.616 - 1.110ms returns FALSE
T1A90 3740:616.015 JLINK_IsHalted()
T1A90 3740:617.301 - 1.338ms returns FALSE
T1A90 3740:816.945 JLINK_IsHalted()
T1A90 3740:817.717 - 0.796ms returns FALSE
T1A90 3741:026.920 JLINK_IsHalted()
T1A90 3741:027.938 - 1.051ms returns FALSE
T1A90 3741:231.071 JLINK_IsHalted()
T1A90 3741:232.509 - 1.505ms returns FALSE
T1A90 3741:434.273 JLINK_IsHalted()
T1A90 3741:435.429 - 1.191ms returns FALSE
T1A90 3741:636.603 JLINK_IsHalted()
T1A90 3741:637.213 - 0.625ms returns FALSE
T1A90 3741:838.424 JLINK_IsHalted()
T1A90 3741:839.151 - 0.747ms returns FALSE
T1A90 3742:039.726 JLINK_IsHalted()
T1A90 3742:040.986 - 1.327ms returns FALSE
T1A90 3742:248.590 JLINK_IsHalted()
T1A90 3742:249.849 - 1.291ms returns FALSE
T1A90 3742:457.612 JLINK_IsHalted()
T1A90 3742:458.327 - 0.735ms returns FALSE
T1A90 3742:667.255 JLINK_IsHalted()
T1A90 3742:668.346 - 1.306ms returns FALSE
T1A90 3742:871.687 JLINK_IsHalted()
T1A90 3742:873.003 - 1.417ms returns FALSE
T1A90 3743:076.594 JLINK_IsHalted()
T1A90 3743:077.765 - 1.217ms returns FALSE
T1A90 3743:280.582 JLINK_IsHalted()
T1A90 3743:281.191 - 0.623ms returns FALSE
T1A90 3743:484.782 JLINK_IsHalted()
T1A90 3743:485.984 - 1.248ms returns FALSE
T1A90 3743:691.555 JLINK_IsHalted()
T1A90 3743:692.366 - 0.834ms returns FALSE
T1A90 3743:899.246 JLINK_IsHalted()
T1A90 3743:900.771 - 1.752ms returns FALSE
T1A90 3744:104.068 JLINK_IsHalted()
T1A90 3744:105.026 - 0.992ms returns FALSE
T1A90 3744:306.236 JLINK_IsHalted()
T1A90 3744:307.396 - 1.208ms returns FALSE
T1A90 3744:512.237 JLINK_IsHalted()
T1A90 3744:513.306 - 1.119ms returns FALSE
T1A90 3744:717.114 JLINK_IsHalted()
T1A90 3744:718.512 - 1.451ms returns FALSE
T1A90 3744:923.104 JLINK_IsHalted()
T1A90 3744:924.224 - 1.142ms returns FALSE
T1A90 3745:124.493 JLINK_IsHalted()
T1A90 3745:129.650 - 5.204ms returns FALSE
T1A90 3745:330.959 JLINK_IsHalted()
T1A90 3745:331.951 - 1.035ms returns FALSE
T1A90 3745:538.407 JLINK_IsHalted()
T1A90 3745:539.384 - 1.144ms returns FALSE
T1A90 3745:742.554 JLINK_IsHalted()
T1A90 3745:743.646 - 1.137ms returns FALSE
T1A90 3745:947.737 JLINK_IsHalted()
T1A90 3745:950.889 - 3.211ms returns FALSE
T1A90 3746:155.581 JLINK_IsHalted()
T1A90 3746:156.732 - 1.192ms returns FALSE
T1A90 3746:359.466 JLINK_IsHalted()
T1A90 3746:360.515 - 1.105ms returns FALSE
T1A90 3746:562.924 JLINK_IsHalted()
T1A90 3746:564.157 - 1.280ms returns FALSE
T1A90 3746:772.726 JLINK_IsHalted()
T1A90 3746:773.845 - 1.153ms returns FALSE
T1A90 3746:977.922 JLINK_IsHalted()
T1A90 3746:979.020 - 1.149ms returns FALSE
T1A90 3747:187.278 JLINK_IsHalted()
T1A90 3747:188.717 - 1.490ms returns FALSE
T1A90 3747:389.914 JLINK_IsHalted()
T1A90 3747:390.543 - 0.708ms returns FALSE
T1A90 3747:593.059 JLINK_IsHalted()
T1A90 3747:593.817 - 0.773ms returns FALSE
T1A90 3747:794.870 JLINK_IsHalted()
T1A90 3747:796.134 - 1.317ms returns FALSE
T1A90 3748:000.626 JLINK_IsHalted()
T1A90 3748:001.968 - 1.370ms returns FALSE
T1A90 3748:204.511 JLINK_IsHalted()
T1A90 3748:206.297 - 2.129ms returns FALSE
T1A90 3748:408.809 JLINK_IsHalted()
T1A90 3748:410.013 - 1.244ms returns FALSE
T1A90 3748:611.794 JLINK_IsHalted()
T1A90 3748:613.060 - 1.318ms returns FALSE
T1A90 3748:815.764 JLINK_IsHalted()
T1A90 3748:816.946 - 1.233ms returns FALSE
T1A90 3749:018.378 JLINK_IsHalted()
T1A90 3749:019.142 - 0.778ms returns FALSE
T1A90 3749:226.054 JLINK_IsHalted()
T1A90 3749:227.851 - 1.856ms returns FALSE
T1A90 3749:429.678 JLINK_IsHalted()
T1A90 3749:430.454 - 0.801ms returns FALSE
T1A90 3749:637.285 JLINK_IsHalted()
T1A90 3749:638.511 - 1.288ms returns FALSE
T1A90 3749:840.147 JLINK_IsHalted()
T1A90 3749:841.316 - 1.218ms returns FALSE
T1A90 3750:047.701 JLINK_IsHalted()
T1A90 3750:048.438 - 0.753ms returns FALSE
T1A90 3750:251.847 JLINK_IsHalted()
T1A90 3750:304.308 - 52.490ms returns FALSE
T1A90 3750:500.001 JLINK_IsHalted()
T1A90 3750:500.505 - 0.525ms returns FALSE
T1A90 3750:703.442 JLINK_IsHalted()
T1A90 3750:704.833 - 1.437ms returns FALSE
T1A90 3750:916.180 JLINK_IsHalted()
T1A90 3750:916.837 - 0.676ms returns FALSE
T1A90 3751:122.193 JLINK_IsHalted()
T1A90 3751:122.854 - 0.684ms returns FALSE
T1A90 3751:329.153 JLINK_IsHalted()
T1A90 3751:330.382 - 1.276ms returns FALSE
T1A90 3751:532.011 JLINK_IsHalted()
T1A90 3751:533.370 - 1.406ms returns FALSE
T1A90 3751:733.600 JLINK_IsHalted()
T1A90 3751:734.813 - 1.261ms returns FALSE
T1A90 3751:935.392 JLINK_IsHalted()
T1A90 3751:936.764 - 1.417ms returns FALSE
T1A90 3752:140.913 JLINK_IsHalted()
T1A90 3752:141.485 - 0.585ms returns FALSE
T1A90 3752:347.268 JLINK_IsHalted()
T1A90 3752:347.830 - 0.574ms returns FALSE
T1A90 3752:553.454 JLINK_IsHalted()
T1A90 3752:554.090 - 0.652ms returns FALSE
T1A90 3752:774.307 JLINK_IsHalted()
T1A90 3752:775.019 - 0.747ms returns FALSE
T1A90 3752:986.621 JLINK_IsHalted()
T1A90 3752:987.234 - 0.630ms returns FALSE
T1A90 3753:188.354 JLINK_IsHalted()
T1A90 3753:189.007 - 0.669ms returns FALSE
T1A90 3753:400.907 JLINK_IsHalted()
T1A90 3753:402.177 - 1.323ms returns FALSE
T1A90 3753:607.015 JLINK_IsHalted()
T1A90 3753:608.820 - 1.883ms returns FALSE
T1A90 3753:814.290 JLINK_IsHalted()
T1A90 3753:815.093 - 0.834ms returns FALSE
T1A90 3754:024.059 JLINK_IsHalted()
T1A90 3754:025.330 - 1.320ms returns FALSE
T1A90 3754:228.149 JLINK_IsHalted()
T1A90 3754:228.737 - 0.600ms returns FALSE
T1A90 3754:442.842 JLINK_IsHalted()
T1A90 3754:443.442 - 0.618ms returns FALSE
T1A90 3754:663.594 JLINK_IsHalted()
T1A90 3754:664.112 - 0.531ms returns FALSE
T1A90 3754:869.589 JLINK_IsHalted()
T1A90 3754:871.230 - 1.711ms returns FALSE
T1A90 3755:082.879 JLINK_IsHalted()
T1A90 3755:083.511 - 0.648ms returns FALSE
T1A90 3755:285.826 JLINK_IsHalted()
T1A90 3755:286.421 - 0.615ms returns FALSE
T1A90 3755:495.926 JLINK_IsHalted()
T1A90 3755:496.736 - 0.835ms returns FALSE
T1A90 3755:699.663 JLINK_IsHalted()
T1A90 3755:700.331 - 0.687ms returns FALSE
T1A90 3755:902.455 JLINK_IsHalted()
T1A90 3755:903.057 - 0.620ms returns FALSE
T1A90 3756:105.208 JLINK_IsHalted()
T1A90 3756:106.171 - 1.009ms returns FALSE
T1A90 3756:308.332 JLINK_IsHalted()
T1A90 3756:308.939 - 0.620ms returns FALSE
T1A90 3756:514.020 JLINK_IsHalted()
T1A90 3756:514.918 - 0.933ms returns FALSE
T1A90 3756:720.300 JLINK_IsHalted()
T1A90 3756:721.703 - 1.452ms returns FALSE
T1A90 3756:927.276 JLINK_IsHalted()
T1A90 3756:927.931 - 0.670ms returns FALSE
T1A90 3757:129.544 JLINK_IsHalted()
T1A90 3757:130.194 - 0.664ms returns FALSE
T1A90 3757:331.725 JLINK_IsHalted()
T1A90 3757:333.025 - 1.348ms returns FALSE
T1A90 3757:543.504 JLINK_IsHalted()
T1A90 3757:544.539 - 1.076ms returns FALSE
T1A90 3757:745.816 JLINK_IsHalted()
T1A90 3757:746.616 - 0.977ms returns FALSE
T1A90 3757:949.719 JLINK_IsHalted()
T1A90 3757:950.361 - 0.672ms returns FALSE
T1A90 3758:151.642 JLINK_IsHalted()
T1A90 3758:152.324 - 0.699ms returns FALSE
T1A90 3758:356.685 JLINK_IsHalted()
T1A90 3758:357.651 - 0.999ms returns FALSE
T1A90 3758:566.067 JLINK_IsHalted()
T1A90 3758:567.383 - 1.382ms returns FALSE
T1A90 3758:848.275 JLINK_IsHalted()
T1A90 3758:877.218 - 28.975ms returns FALSE
T1A90 3759:125.035 JLINK_IsHalted()
T1A90 3759:125.579 - 0.560ms returns FALSE
T1A90 3759:330.811 JLINK_IsHalted()
T1A90 3759:333.308 - 2.523ms returns FALSE
T1A90 3759:533.956 JLINK_IsHalted()
T1A90 3759:535.156 - 1.250ms returns FALSE
T1A90 3759:735.748 JLINK_IsHalted()
T1A90 3759:737.354 - 1.901ms returns FALSE
T1A90 3759:941.569 JLINK_IsHalted()
T1A90 3759:942.926 - 1.426ms returns FALSE
T1A90 3760:147.675 JLINK_IsHalted()
T1A90 3760:149.093 - 1.463ms returns FALSE
T1A90 3760:352.202 JLINK_IsHalted()
T1A90 3760:353.658 - 1.505ms returns FALSE
T1A90 3760:557.423 JLINK_IsHalted()
T1A90 3760:558.652 - 1.269ms returns FALSE
T1A90 3760:759.132 JLINK_IsHalted()
T1A90 3760:759.776 - 0.665ms returns FALSE
T1A90 3760:959.203 JLINK_IsHalted()
T1A90 3760:959.774 - 0.595ms returns FALSE
T1A90 3761:163.752 JLINK_IsHalted()
T1A90 3761:167.534 - 3.847ms returns FALSE
T1A90 3761:373.277 JLINK_IsHalted()
T1A90 3761:373.911 - 0.654ms returns FALSE
T1A90 3761:575.281 JLINK_IsHalted()
T1A90 3761:576.439 - 1.197ms returns FALSE
T1A90 3761:786.241 JLINK_IsHalted()
T1A90 3761:786.899 - 0.678ms returns FALSE
T1A90 3761:990.738 JLINK_IsHalted()
T1A90 3761:991.371 - 0.651ms returns FALSE
T1A90 3762:208.962 JLINK_IsHalted()
T1A90 3762:210.138 - 1.333ms returns FALSE
T1A90 3762:412.956 JLINK_IsHalted()
T1A90 3762:414.395 - 1.462ms returns FALSE
T1A90 3762:614.360 JLINK_IsHalted()
T1A90 3762:615.045 - 0.702ms returns FALSE
T1A90 3762:815.687 JLINK_IsHalted()
T1A90 3762:816.382 - 0.713ms returns FALSE
T1A90 3763:024.296 JLINK_IsHalted()
T1A90 3763:025.642 - 1.390ms returns FALSE
T1A90 3763:228.306 JLINK_IsHalted()
T1A90 3763:229.437 - 1.167ms returns FALSE
T1A90 3763:430.680 JLINK_IsHalted()
T1A90 3763:431.893 - 1.259ms returns FALSE
T1A90 3763:635.395 JLINK_IsHalted()
T1A90 3763:636.984 - 1.662ms returns FALSE
T1A90 3763:849.806 JLINK_IsHalted()
T1A90 3763:850.669 - 0.882ms returns FALSE
T1A90 3764:051.633 JLINK_IsHalted()
T1A90 3764:052.233 - 0.624ms returns FALSE
T1A90 3764:257.693 JLINK_IsHalted()
T1A90 3764:258.415 - 0.754ms returns FALSE
T1A90 3764:460.075 JLINK_IsHalted()
T1A90 3764:460.719 - 0.657ms returns FALSE
T1A90 3764:665.179 JLINK_IsHalted()
T1A90 3764:665.836 - 0.682ms returns FALSE
T1A90 3764:876.441 JLINK_IsHalted()
T1A90 3764:877.484 - 1.074ms returns FALSE
T1A90 3765:077.845 JLINK_IsHalted()
T1A90 3765:078.563 - 0.735ms returns FALSE
T1A90 3765:294.493 JLINK_IsHalted()
T1A90 3765:295.153 - 0.688ms returns FALSE
T1A90 3765:498.211 JLINK_IsHalted()
T1A90 3765:499.810 - 1.669ms returns FALSE
T1A90 3765:703.179 JLINK_IsHalted()
T1A90 3765:704.732 - 1.621ms returns FALSE
T1A90 3765:909.583 JLINK_IsHalted()
T1A90 3765:910.474 - 0.937ms returns FALSE
T1A90 3766:110.564 JLINK_IsHalted()
T1A90 3766:115.267 - 4.764ms returns FALSE
T1B90 3766:279.399 JLINK_Halt()
T1B90 3766:294.280 - 14.906ms returns 0x00
T1A90 3766:320.721 JLINK_IsHalted()
T1A90 3766:320.748 - 0.030ms returns TRUE
T1A90 3766:320.759 JLINK_GetMOEs(...)
T1A90 3766:320.774   CPU_ReadMem(4 bytes @ 0xE000ED30)
T1A90 3766:331.400 - 10.666ms returns 0x01
T1A90 3766:331.442 JLINK_ReadReg(R15 (PC))
T1A90 3766:331.458 - 0.019ms returns 0x004026D2
T1A90 3766:533.252 JLINK_IsHalted()
T1A90 3766:533.358 - 0.120ms returns TRUE
T1B58 3766:543.222 JLINK_ResetPullsRESET(ON)
T1B58 3766:543.280 - 0.072ms
T1B58 3766:543.314 JLINK_ResetNoHalt()
T1B58 3766:547.197   Found SW-DP with ID 0x2BA01477
T1B58 3766:551.943   DPIDR: 0x2BA01477
T1B58 3766:552.144   CoreSight SoC-400 or earlier
T1B58 3766:552.270   AP map detection skipped. Manually configured AP map found.
T1B58 3766:552.516   AP[0]: AHB-AP (IDR: Not set)
T1B58 3766:555.017   AP[0]: Core found
T1B58 3766:555.142   AP[0]: AHB-AP ROM base: 0xE00FF000
T1B58 3766:556.281   CPUID register: 0x410FC241. Implementer code: 0x41 (ARM)
T1B58 3766:556.407   Found Cortex-M4 r0p1, Little endian.
T1B58 3766:658.271   -- Max. mem block: 0x00001270
T1B58 3766:658.393   CPU_ReadMem(4 bytes @ 0xE000EDF0)
T1B58 3766:659.467   CPU_ReadMem(4 bytes @ 0xE0002000)
T1B58 3766:660.905   FPUnit: 6 code (BP) slots and 2 literal slots
T1B58 3766:660.982   CPU_ReadMem(4 bytes @ 0xE0001000)
T1B58 3766:662.117   CPU_ReadMem(4 bytes @ 0xE000ED88)
T1B58 3766:663.486   CPU_WriteMem(4 bytes @ 0xE000ED88)
T1B58 3766:664.362   CPU_ReadMem(4 bytes @ 0xE000ED88)
T1B58 3766:665.137   CPU_WriteMem(4 bytes @ 0xE000ED88)
T1B58 3766:668.283   CoreSight components:
T1B58 3766:669.077   ROMTbl[0] @ E00FF000
T1B58 3766:669.187   CPU_ReadMem(64 bytes @ 0xE00FF000)
T1B58 3766:671.302   CPU_ReadMem(32 bytes @ 0xE000EFE0)
T1B58 3766:672.886   [0][0]: E000E000 CID B105E00D PID 000BB000 SCS
T1B58 3766:673.002   CPU_ReadMem(32 bytes @ 0xE0001FE0)
T1B58 3766:674.280   [0][1]: E0001000 CID B105E00D PID 003BB002 DWT
T1B58 3766:674.327   CPU_ReadMem(32 bytes @ 0xE0002FE0)
T1B58 3766:675.660   [0][2]: E0002000 CID B105E00D PID 002BB003 FPB
T1B58 3766:675.710   CPU_ReadMem(32 bytes @ 0xE0000FE0)
T1B58 3766:676.986   [0][3]: E0000000 CID B105E00D PID 003BB001 ITM
T1B58 3766:677.021   CPU_ReadMem(32 bytes @ 0xE0040FE0)
T1B58 3766:678.035   [0][4]: E0040000 CID B105900D PID 000BB9A1 TPIU
T1B58 3766:678.107   JLINK_Reset()
T1B58 3766:678.775     CPU_ReadMem(16 bytes @ 0x20000000)
T1B58 3766:679.493     CPU_WriteMem(16 bytes @ 0x20000000)
T1B58 3766:680.160     CPU_ReadMem(4 bytes @ 0xE000EDFC)
T1B58 3766:680.867     CPU_WriteMem(4 bytes @ 0xE000EDFC)
T1B58 3766:681.582     CPU_ReadMem(4 bytes @ 0xE0001000)
T1B58 3766:698.445     CPU_WriteMem(4 bytes @ 0xE000EDFC)
T1B58 3766:699.010     CPU_WriteMem(16 bytes @ 0x20000000)
T1B58 3766:702.883     CPU_WriteMem(4 bytes @ 0xE0002000)
T1B58 3766:703.558     CPU_ReadMem(4 bytes @ 0xE000EDFC)
T1B58 3766:704.043     CPU_ReadMem(4 bytes @ 0xE0001000)
T1B58 3766:704.531   - 26.437ms
T1B58 3766:704.553   JLINK_Go()
T1B58 3766:704.573     CPU_ReadMem(4 bytes @ 0xE0001000)
T1B58 3766:705.020     CPU_WriteMem(4 bytes @ 0xE0002008)
T1B58 3766:705.042     CPU_WriteMem(4 bytes @ 0xE000200C)
T1B58 3766:705.054     CPU_WriteMem(4 bytes @ 0xE0002010)
T1B58 3766:705.066     CPU_WriteMem(4 bytes @ 0xE0002014)
T1B58 3766:705.078     CPU_WriteMem(4 bytes @ 0xE0002018)
T1B58 3766:705.089     CPU_WriteMem(4 bytes @ 0xE000201C)
T1B58 3766:706.861     CPU_WriteMem(4 bytes @ 0xE0001004)
T1B58 3766:708.249   - 3.712ms
T1B58 3766:708.272 - 164.962ms
T1B58 3766:715.560 JLINK_Close()
T1B58 3766:716.119   CPU is running
T1B58 3766:716.150   CPU_WriteMem(4 bytes @ 0xE0002008)
T1B58 3766:716.854   CPU is running
T1B58 3766:716.881   CPU_WriteMem(4 bytes @ 0xE000200C)
T1B58 3766:717.485   CPU is running
T1B58 3766:717.511   CPU_WriteMem(4 bytes @ 0xE0002010)
T1B58 3766:718.133   CPU is running
T1B58 3766:718.156   CPU_WriteMem(4 bytes @ 0xE0002014)
T1B58 3766:718.922   CPU is running
T1B58 3766:718.956   CPU_WriteMem(4 bytes @ 0xE0002018)
T1B58 3766:719.517   CPU is running
T1B58 3766:719.540   CPU_WriteMem(4 bytes @ 0xE000201C)
T1B58 3766:746.256 - 30.726ms
T1B58 3766:746.293   
T1B58 3766:746.301   Closed
