T4A34 22725:424 SEGGER J-Link V6.48a Log File (0000ms, 293827ms total)
T4A34 22725:424 DLL Compiled: Jul 30 2019 15:16:09 (0000ms, 293827ms total)
T4A34 22725:424 Logging started @ 2022-04-24 09:49 (0000ms, 293827ms total)
T4A34 22725:432 JLINK_ExecCommand("Device = AT91SAM4S4A", ...). Device "ATSAM4S4A" selected.  returns 0x00 (0000ms, 293827ms total)
T4A34 22725:832 JLINK_TIF_Select(JLINKARM_TIF_SWD)  returns 0x00 (0001ms, 293829ms total)
T4A34 22725:833 JLINK_SetSpeed(4000) (0000ms, 293829ms total)
T4A34 22725:833 JLINK_ResetPullsRESET(OFF) (0000ms, 293829ms total)
T4A34 22725:833 JLINK_Connect() >0x10B TIF>Found SW-DP with ID 0x2BA01477 >0x0D TIF> >0x28 TIF> >0x0D TIF> >0x28 TIF> >0x0D TIF> >0x28 TIF> >0x0D TIF> >0x28 TIF> >0x0D TIF> >0x21 TIF> >0x0D TIF> >0x28 TIF>Scanning AP map to find all available APs >0x0D TIF> >0x28 TIF> >0x0D TIF> >0x21 TIF> >0x0D TIF> >0x21 TIF> >0x0D TIF> >0x28 TIF> >0x0D TIF> >0x21 TIF> >0x0D TIF> >0x21 TIF>AP[1]: Stopped AP scan as end of AP map has been reachedAP[0]: AHB-AP (IDR: 0x24770011)
Iterating through AP map to find AHB-AP to use >0x42 TIF> >0x28 TIF> >0x0D TIF> >0x28 TIF> >0x0D TIF> >0x21 TIF> >0x0D TIF> >0x21 TIF> >0x42 TIF> >0x28 TIF> >0x0D TIF> >0x28 TIF> >0x0D TIF> >0x28 TIF> >0x0D TIF> >0x21 TIF> >0x0D TIF> >0x21 TIF>AP[0]: Core foundAP[0]: AHB-AP ROM base: 0xE00FF000 >0x0D TIF> >0x28 TIF> >0x0D TIF> >0x28 TIF> >0x0D TIF> >0x28 TIF> >0x0D TIF> >0x21 TIF> >0x0D TIF> >0x21 TIF>CPUID register: 0x410FC241. Implementer code: 0x41 (ARM)Found Cortex-M4 r0p1, Little endian.
 -- Max. mem block: 0x00002D80 -- CPU_ReadMem(4 bytes @ 0xE000EDF0) -- CPU_WriteMem(4 bytes @ 0xE000EDF0) -- CPU_ReadMem(4 bytes @ 0xE0002000)FPUnit: 6 code (BP) slots and 2 literal slots -- CPU_ReadMem(4 bytes @ 0xE000EDFC) -- CPU_WriteMem(4 bytes @ 0xE000EDFC) -- CPU_ReadMem(4 bytes @ 0xE0001000) -- CPU_WriteMem(4 bytes @ 0xE0001000) -- CPU_ReadMem(4 bytes @ 0xE000ED88) -- CPU_WriteMem(4 bytes @ 0xE000ED88) -- CPU_ReadMem(4 bytes @ 0xE000ED88) -- CPU_WriteMem(4 bytes @ 0xE000ED88)CoreSight components:
ROMTbl[0] @ E00FF000 -- CPU_ReadMem(16 bytes @ 0xE00FF000) -- CPU_ReadMem(16 bytes @ 0xE000EFF0) -- CPU_ReadMem(16 bytes @ 0xE000EFE0)ROMTbl[0][0]: E000E000, CID: B105E00D, PID: 000BB000 SCS -- CPU_ReadMem(16 bytes @ 0xE0001FF0) -- CPU_ReadMem(16 bytes @ 0xE0001FE0)ROMTbl[0][1]: E0001000, CID: B105E00D, PID: 003BB002 DWT -- CPU_ReadMem(16 bytes @ 0xE0002FF0) -- CPU_ReadMem(16 bytes @ 0xE0002FE0)ROMTbl[0][2]: E0002000, CID: B105E00D, PID: 002BB003 FPB -- CPU_ReadMem(16 bytes @ 0xE0000FF0)
 -- CPU_ReadMem(16 bytes @ 0xE0000FE0)ROMTbl[0][3]: E0000000, CID: B105E00D, PID: 003BB001 ITM -- CPU_ReadMem(16 bytes @ 0xE00FF010) -- CPU_ReadMem(16 bytes @ 0xE0040FF0) -- CPU_ReadMem(16 bytes @ 0xE0040FE0)ROMTbl[0][4]: E0040000, CID: B105900D, PID: 000BB9A1 TPIU  returns 0x00 (0126ms, 293955ms total)
T4A34 22725:959 JLINK_Halt()  returns 0x00 (0003ms, 293958ms total)
T4A34 22725:963 JLINK_BeginDownload(Flags = 0x00) (0000ms, 293958ms total)
T4A34 22725:963 JLINK_WriteMem(0x400E0A04, 0x0004 Bytes, ...) - Data: 0B 01 00 5A -- CPU_WriteMem(4 bytes @ 0x400E0A04)  returns 0x04 (0000ms, 293958ms total)
T4A34 22725:963 JLINK_EndDownload()  returns 0x00 (0000ms, 293958ms total)
T4A34 22725:963 JLINK_ReadMemHW(0x400E0A08, 0x0004 Bytes, ...) -- CPU_ReadMem(4 bytes @ 0x400E0A08) - Data: 01 00 00 00  returns 0x00 (0001ms, 293959ms total)
T4A34 22725:964 JLINK_SetResetType(JLINKARM_CM3_RESET_TYPE_NORMAL)  returns JLINKARM_CM3_RESET_TYPE_NORMAL (0000ms, 293959ms total)
T4A34 22725:964 JLINK_Reset() -- CPU_ReadMem(16 bytes @ 0x20000000) -- CPU_WriteMem(16 bytes @ 0x20000000) -- CPU_ReadMem(4 bytes @ 0xE000EDFC) -- CPU_WriteMem(4 bytes @ 0xE000EDFC) -- CPU_ReadMem(4 bytes @ 0xE0001000) -- CPU_WriteMem(4 bytes @ 0xE000EDFC) -- CPU_WriteMem(16 bytes @ 0x20000000) -- CPU_WriteMem(4 bytes @ 0xE0002000) -- CPU_ReadMem(4 bytes @ 0xE000EDFC) -- CPU_ReadMem(4 bytes @ 0xE0001000) (0022ms, 293981ms total)
T4A34 22725:987 JLINK_JTAG_GetDeviceID(DeviceIndex = 0)  returns 0x00 (0000ms, 293981ms total)
T4A34 22725:987 JLINK_ReadMemU32(0x400E0740, 0x0001 Items, ...) -- CPU_ReadMem(4 bytes @ 0x400E0740) - Data: E1 09 8B 28  returns 1 (0001ms, 293982ms total)
T4A34 22725:988 JLINK_ReadMemU32(0x400E0744, 0x0001 Items, ...) -- CPU_ReadMem(4 bytes @ 0x400E0744) - Data: 00 00 00 00  returns 1 (0000ms, 293982ms total)
T4A34 22725:988 JLINK_BeginDownload(Flags = 0x00) (0000ms, 293982ms total)
T4A34 22725:988 JLINK_WriteMem(0x400E0A04, 0x0004 Bytes, ...) - Data: 05 00 00 5A -- CPU_WriteMem(4 bytes @ 0x400E0A04)  returns 0x04 (0001ms, 293983ms total)
T4A34 22725:989 JLINK_EndDownload()  returns 0x00 (0000ms, 293983ms total)
T4A34 22725:989 JLINK_ReadMemHW(0x400E0A08, 0x0004 Bytes, ...) -- CPU_ReadMem(4 bytes @ 0x400E0A08) - Data: 00 00 00 00  returns 0x00 (0001ms, 293984ms total)
T4A34 22725:991 JLINK_ReadMemHW(0x400E0A08, 0x0004 Bytes, ...) -- CPU_ReadMem(4 bytes @ 0x400E0A08) - Data: 00 00 00 00  returns 0x00 (0000ms, 293984ms total)
T4A34 22725:996 JLINK_ReadMemHW(0x400E0A08, 0x0004 Bytes, ...) -- CPU_ReadMem(4 bytes @ 0x400E0A08) - Data: 00 00 00 00  returns 0x00 (0000ms, 293984ms total)
T2DD4 22725:997 JLINK_IsHalted()  returns TRUE (0000ms, 293984ms total)
T2DD4 22725:997 JLINK_GetMOEs(...) -- CPU_ReadMem(4 bytes @ 0xE000ED30)  returns 0x01 (0000ms, 293984ms total)
T2DD4 22725:997 JLINK_ReadReg(R15 (PC))  returns 0x004034D0 (0000ms, 293984ms total)
T4A34 22726:012 JLINK_ReadMemHW(0x400E0A08, 0x0004 Bytes, ...) -- CPU_ReadMem(4 bytes @ 0x400E0A08) - Data: 00 00 00 00  returns 0x00 (0000ms, 293984ms total)
T4A34 22726:076 JLINK_ReadMemHW(0x400E0A08, 0x0004 Bytes, ...) -- CPU_ReadMem(4 bytes @ 0x400E0A08) - Data: 00 00 00 00  returns 0x00 (0000ms, 293984ms total)
T2DD4 22726:197 JLINK_IsHalted()  returns TRUE (0000ms, 293984ms total)
T4A34 22726:332 JLINK_ReadMemHW(0x400E0A08, 0x0004 Bytes, ...) -- CPU_ReadMem(4 bytes @ 0x400E0A08) - Data: 00 00 00 00  returns 0x00 (0000ms, 293984ms total)
T3438 22726:374 JLINK_EMU_GetList(InterfaceMask = 0x00000001, MaxInfos = 0x00000032) [0]: USB, S/N: 801030912  returns 0x01 (0001ms, 293985ms total)
T3438 22726:375 JLINK_EMU_GetList(InterfaceMask = 0x00000002, MaxInfos = 0x00000032)   returns 0x00 (0046ms, 294031ms total)
T2DD4 22726:421 JLINK_IsHalted()  returns TRUE (0000ms, 294031ms total)
T2DD4 22726:621 JLINK_IsHalted()  returns TRUE (0000ms, 294031ms total)
T2DD4 22726:821 JLINK_IsHalted()  returns TRUE (0000ms, 294031ms total)
T2DD4 22727:021 JLINK_IsHalted()  returns TRUE (0000ms, 294031ms total)
T2DD4 22727:221 JLINK_IsHalted()  returns TRUE (0000ms, 294031ms total)
T4A34 22727:332 JLINK_ReadMemHW(0x400E0A08, 0x0004 Bytes, ...) -- CPU_ReadMem(4 bytes @ 0x400E0A08) - Data: 01 00 00 00  returns 0x00 (0000ms, 294031ms total)
T2DD4 22727:421 JLINK_IsHalted()  returns TRUE (0000ms, 294031ms total)
T4A34 22727:421 JLINK_ResetPullsRESET(ON) (0000ms, 294031ms total)
T4A34 22727:421 JLINK_ResetNoHalt() >0x10B TIF>Found SW-DP with ID 0x2BA01477 >0x0D TIF> >0x28 TIF> >0x0D TIF> >0x28 TIF> >0x0D TIF> >0x28 TIF> >0x0D TIF> >0x28 TIF> >0x0D TIF> >0x21 TIF> >0x0D TIF> >0x28 TIF>AP map detection skipped. Manually configured AP map found.AP[0]: AHB-AP (IDR: Not set) >0x42 TIF> >0x28 TIF> >0x0D TIF> >0x28 TIF> >0x0D TIF> >0x21 TIF> >0x0D TIF> >0x21 TIF> >0x42 TIF> >0x28 TIF> >0x0D TIF> >0x28 TIF> >0x0D TIF> >0x28 TIF> >0x0D TIF> >0x21 TIF> >0x0D TIF> >0x21 TIF>
AP[0]: Core foundAP[0]: AHB-AP ROM base: 0xE00FF000 >0x0D TIF> >0x28 TIF> >0x0D TIF> >0x28 TIF> >0x0D TIF> >0x28 TIF> >0x0D TIF> >0x21 TIF> >0x0D TIF> >0x21 TIF>CPUID register: 0x410FC241. Implementer code: 0x41 (ARM)Found Cortex-M4 r0p1, Little endian. -- Max. mem block: 0x00002C68 -- CPU_ReadMem(4 bytes @ 0xE000EDF0) -- CPU_ReadMem(4 bytes @ 0xE0002000)FPUnit: 6 code (BP) slots and 2 literal slots -- CPU_ReadMem(4 bytes @ 0xE000EDFC) -- CPU_ReadMem(4 bytes @ 0xE0001000)
 -- CPU_ReadMem(4 bytes @ 0xE000ED88) -- CPU_WriteMem(4 bytes @ 0xE000ED88) -- CPU_ReadMem(4 bytes @ 0xE000ED88) -- CPU_WriteMem(4 bytes @ 0xE000ED88)CoreSight components:ROMTbl[0] @ E00FF000 -- CPU_ReadMem(16 bytes @ 0xE00FF000) -- CPU_ReadMem(16 bytes @ 0xE000EFF0) -- CPU_ReadMem(16 bytes @ 0xE000EFE0)ROMTbl[0][0]: E000E000, CID: B105E00D, PID: 000BB000 SCS -- CPU_WriteMem(4 bytes @ 0xE0001000) -- CPU_ReadMem(16 bytes @ 0xE0001FF0) -- CPU_ReadMem(16 bytes @ 0xE0001FE0)
ROMTbl[0][1]: E0001000, CID: B105E00D, PID: 003BB002 DWT -- CPU_ReadMem(16 bytes @ 0xE0002FF0) -- CPU_ReadMem(16 bytes @ 0xE0002FE0)ROMTbl[0][2]: E0002000, CID: B105E00D, PID: 002BB003 FPB -- CPU_ReadMem(16 bytes @ 0xE0000FF0) -- CPU_ReadMem(16 bytes @ 0xE0000FE0)ROMTbl[0][3]: E0000000, CID: B105E00D, PID: 003BB001 ITM -- CPU_ReadMem(16 bytes @ 0xE00FF010) -- CPU_ReadMem(16 bytes @ 0xE0040FF0) -- CPU_ReadMem(16 bytes @ 0xE0040FE0)ROMTbl[0][4]: E0040000, CID: B105900D, PID: 000BB9A1 TPIU
                JLINK_Reset() -- CPU_ReadMem(16 bytes @ 0x20000000) -- CPU_WriteMem(16 bytes @ 0x20000000) -- CPU_ReadMem(4 bytes @ 0xE000EDFC) -- CPU_WriteMem(4 bytes @ 0xE000EDFC) -- CPU_ReadMem(4 bytes @ 0xE0001000) -- CPU_WriteMem(4 bytes @ 0xE0001004) -- CPU_WriteMem(4 bytes @ 0xE000EDFC) -- CPU_WriteMem(16 bytes @ 0x20000000) -- CPU_WriteMem(4 bytes @ 0xE0002000) -- CPU_ReadMem(4 bytes @ 0xE000EDFC) -- CPU_ReadMem(4 bytes @ 0xE0001000) (0022ms, 0022ms total)
                JLINK_Go() -- CPU_ReadMem(4 bytes @ 0xE0001000) -- CPU_WriteMem(4 bytes @ 0xE0001004) (0001ms, 0024ms total)
               (0146ms, 294177ms total)
T3438 22727:567 JLINK_EMU_GetList(InterfaceMask = 0x00000001, MaxInfos = 0x00000032) [0]: USB, S/N: 801030912  returns 0x01 (0001ms, 294178ms total)
T3438 22727:568 JLINK_EMU_GetList(InterfaceMask = 0x00000002, MaxInfos = 0x00000032)   returns 0x00 (0046ms, 294224ms total)
T4A34 22727:614 JLINK_Close() >0x0D TIF> >0x28 TIF> >0x0D TIF> >0x28 TIF> >0x0D TIF> >0x28 TIF> >0x0D TIF> >0x28 TIF> >0x0D TIF> >0x28 TIF> >0x0D TIF> >0x28 TIF> >0x0D TIF> >0x28 TIF> >0x0D TIF> >0x28 TIF> >0x0D TIF> >0x0D TIF> >0x21 TIF> >0x0D TIF> >0x28 TIF> (0015ms, 294239ms total)
T4A34 22727:614  (0015ms, 294239ms total)
T4A34 22727:614 Closed (0015ms, 294239ms total)
