T0934 1662:424.344   SEGGER J-Link V7.58e Log File
T0934 1662:424.488   DLL Compiled: Dec  7 2021 17:24:52
T0934 1662:424.619   Logging started @ 2022-08-12 19:21
T0934 1662:424.648 - 283889.046ms
T0934 1662:429.962 JLINK_ExecCommand("Device = AT91SAM4S4A", ...). 
T0934 1662:430.275   Device "ATSAM4S4A" selected.
T0934 1662:430.826 - 0.813ms returns 0x00
T0934 1662:451.048 JLINK_TIF_Select(JLINKARM_TIF_JTAG)
T0934 1662:451.717 - 0.725ms returns 0x00
T0934 1662:451.795 JLINK_ConfigJTAG(IRPre = 0, DRPre = 0)
T0934 1662:451.861 - 0.081ms
T0934 1662:451.892 JLINK_SetSpeed(4000)
T0934 1662:451.997 - 0.134ms
T0934 1662:452.044 JLINK_ResetPullsRESET(OFF)
T0934 1662:452.071 - 0.039ms
T0934 1662:452.098 JLINK_Connect()
T0934 1662:453.783   TotalIRLen = 4, IRPrint = 0x01
T0934 1662:454.282   JTAG chain detection found 1 devices:
T0934 1662:454.319    #0 Id: 0x4BA00477, IRLen: 04, CoreSight JTAG-DP
T0934 1662:456.365   DPv0 detected
T0934 1662:456.414   Scanning AP map to find all available APs
T0934 1662:457.167   AP[1]: Stopped AP scan as end of AP map has been reached
T0934 1662:457.236   AP[0]: AHB-AP (IDR: 0x24770011)
T0934 1662:457.286   Iterating through AP map to find AHB-AP to use
T0934 1662:458.226   AP[0]: Core found
T0934 1662:458.271   AP[0]: AHB-AP ROM base: 0xE00FF000
T0934 1662:458.797   CPUID register: 0x410FC241. Implementer code: 0x41 (ARM)
T0934 1662:458.834   Found Cortex-M4 r0p1, Little endian.
T0934 1662:459.126   -- Max. mem block: 0x000013C8
T0934 1662:459.262   CPU_ReadMem(4 bytes @ 0xE000EDF0)
T0934 1662:460.967   CPU_WriteMem(4 bytes @ 0xE000EDF0)
T0934 1662:461.428   CPU_ReadMem(4 bytes @ 0xE0002000)
T0934 1662:461.922   FPUnit: 6 code (BP) slots and 2 literal slots
T0934 1662:461.955   CPU_ReadMem(4 bytes @ 0xE000EDFC)
T0934 1662:462.449   CPU_WriteMem(4 bytes @ 0xE000EDFC)
T0934 1662:462.866   CPU_ReadMem(4 bytes @ 0xE0001000)
T0934 1662:463.273   CPU_WriteMem(4 bytes @ 0xE0001000)
T0934 1662:463.665   CPU_ReadMem(4 bytes @ 0xE000ED88)
T0934 1662:464.116   CPU_WriteMem(4 bytes @ 0xE000ED88)
T0934 1662:464.543   CPU_ReadMem(4 bytes @ 0xE000ED88)
T0934 1662:465.134   CPU_WriteMem(4 bytes @ 0xE000ED88)
T0934 1662:465.677   CoreSight components:
T0934 1662:465.715   ROMTbl[0] @ E00FF000
T0934 1662:465.733   CPU_ReadMem(64 bytes @ 0xE00FF000)
T0934 1662:466.538   CPU_ReadMem(32 bytes @ 0xE000EFE0)
T0934 1662:467.335   [0][0]: E000E000 CID B105E00D PID 000BB000 SCS
T0934 1662:467.367   CPU_ReadMem(32 bytes @ 0xE0001FE0)
T0934 1662:468.140   [0][1]: E0001000 CID B105E00D PID 003BB002 DWT
T0934 1662:468.174   CPU_ReadMem(32 bytes @ 0xE0002FE0)
T0934 1662:468.851   [0][2]: E0002000 CID B105E00D PID 002BB003 FPB
T0934 1662:468.890   CPU_ReadMem(32 bytes @ 0xE0000FE0)
T0934 1662:469.573   [0][3]: E0000000 CID B105E00D PID 003BB001 ITM
T0934 1662:469.605   CPU_ReadMem(32 bytes @ 0xE0040FE0)
T0934 1662:470.239   [0][4]: E0040000 CID B105900D PID 000BB9A1 TPIU
T0934 1662:470.271 - 18.177ms returns 0x00
T0934 1662:470.311 JLINK_Halt()
T0934 1662:473.109 - 2.841ms returns 0x00
T0934 1662:473.400 JLINK_BeginDownload(Flags = 0x00000000)
T0934 1662:473.425 - 0.034ms
T0934 1662:473.469 JLINK_WriteMem(0x400E0A04, 0x4 Bytes, ...)
T0934 1662:473.488   Data:  0B 01 00 5A
T0934 1662:473.819   CPU_WriteMem(4 bytes @ 0x400E0A04)
T0934 1662:474.199 - 0.747ms returns 0x4
T0934 1662:474.287 JLINK_EndDownload()
T0934 1662:474.302 - 0.019ms returns 0 (0x0)
T0934 1662:474.313 JLINK_ReadMemHW(0x400E0A08, 0x0004 Bytes, ...)
T0934 1662:474.327   CPU_ReadMem(4 bytes @ 0x400E0A08)
T0934 1662:474.785   Data:  01 00 00 00
T0934 1662:474.808 - 0.499ms returns 0
T0934 1662:474.861 JLINK_SetResetType(JLINKARM_CM3_RESET_TYPE_NORMAL)
T0934 1662:474.871 - 0.014ms returns JLINKARM_CM3_RESET_TYPE_NORMAL
T0934 1662:474.882 JLINK_Reset()
T0934 1662:475.267   CPU_ReadMem(16 bytes @ 0x20000000)
T0934 1662:475.763   CPU_WriteMem(16 bytes @ 0x20000000)
T0934 1662:476.201   CPU_ReadMem(4 bytes @ 0xE000EDFC)
T0934 1662:476.618   CPU_WriteMem(4 bytes @ 0xE000EDFC)
T0934 1662:477.002   CPU_ReadMem(4 bytes @ 0xE0001000)
T0934 1662:492.356   CPU_WriteMem(4 bytes @ 0xE000EDFC)
T0934 1662:492.811   CPU_WriteMem(16 bytes @ 0x20000000)
T0934 1662:496.322   CPU_WriteMem(4 bytes @ 0xE0002000)
T0934 1662:496.742   CPU_ReadMem(4 bytes @ 0xE000EDFC)
T0934 1662:497.172   CPU_ReadMem(4 bytes @ 0xE0001000)
T0934 1662:497.617 - 22.746ms
T0934 1662:498.855 JLINK_JTAG_GetDeviceID(DeviceIndex = 0)
T0934 1662:498.883 - 0.032ms returns 1268778103
T0934 1662:498.895 JLINK_ReadMemU32(0x400E0740, 0x1 Items)
T0934 1662:498.923   CPU_ReadMem(4 bytes @ 0x400E0740)
T0934 1662:499.343   Data:  E1 09 8B 28
T0934 1662:499.368 - 0.477ms returns 1 (0x1)
T0934 1662:499.420 JLINK_ReadMemU32(0x400E0744, 0x1 Items)
T0934 1662:499.439   CPU_ReadMem(4 bytes @ 0x400E0744)
T0934 1662:499.826   Data:  00 00 00 00
T0934 1662:499.850 - 0.434ms returns 1 (0x1)
T0934 1662:499.943 JLINK_BeginDownload(Flags = 0x00000000)
T0934 1662:499.955 - 0.016ms
T0934 1662:499.974 JLINK_WriteMem(0x400E0A04, 0x4 Bytes, ...)
T0934 1662:499.984   Data:  05 00 00 5A
T0934 1662:500.008   CPU_WriteMem(4 bytes @ 0x400E0A04)
T0934 1662:500.345 - 0.384ms returns 0x4
T0934 1662:500.412 JLINK_EndDownload()
T0934 1662:500.426 - 0.018ms returns 0 (0x0)
T0934 1662:500.437 JLINK_ReadMemHW(0x400E0A08, 0x0004 Bytes, ...)
T0934 1662:500.452   CPU_ReadMem(4 bytes @ 0x400E0A08)
T0934 1662:500.832   Data:  00 00 00 00
T0934 1662:500.853 - 0.420ms returns 0
T0934 1662:501.629 JLINK_ReadMemHW(0x400E0A08, 0x0004 Bytes, ...)
T0934 1662:501.662   CPU_ReadMem(4 bytes @ 0x400E0A08)
T0934 1662:502.078   Data:  00 00 00 00
T0934 1662:502.109 - 0.485ms returns 0
T0934 1662:506.673 JLINK_ReadMemHW(0x400E0A08, 0x0004 Bytes, ...)
T0934 1662:506.741   CPU_ReadMem(4 bytes @ 0x400E0A08)
T0934 1662:507.172   Data:  00 00 00 00
T0934 1662:507.196 - 0.528ms returns 0
T3EA8 1662:507.684 JLINK_IsHalted()
T3EA8 1662:507.734 - 0.056ms returns TRUE
T3EA8 1662:507.750 JLINK_GetMOEs(...)
T3EA8 1662:507.765   CPU_ReadMem(4 bytes @ 0xE000ED30)
T3EA8 1662:508.234 - 0.509ms returns 0x01
T3EA8 1662:508.281 JLINK_ReadReg(R15 (PC))
T3EA8 1662:508.311 - 0.039ms returns 0x004026F0
T0934 1662:522.675 JLINK_ReadMemHW(0x400E0A08, 0x0004 Bytes, ...)
T0934 1662:522.729   CPU_ReadMem(4 bytes @ 0x400E0A08)
T0934 1662:523.148   Data:  00 00 00 00
T0934 1662:523.173 - 0.502ms returns 0
T0934 1662:586.676 JLINK_ReadMemHW(0x400E0A08, 0x0004 Bytes, ...)
T0934 1662:586.754   CPU_ReadMem(4 bytes @ 0x400E0A08)
T0934 1662:587.217   Data:  00 00 00 00
T0934 1662:587.264 - 0.597ms returns 0
T3EA8 1662:708.364 JLINK_IsHalted()
T3EA8 1662:708.424 - 0.070ms returns TRUE
T0934 1662:843.411 JLINK_ReadMemHW(0x400E0A08, 0x0004 Bytes, ...)
T0934 1662:843.500   CPU_ReadMem(4 bytes @ 0x400E0A08)
T0934 1662:844.108   Data:  00 00 00 00
T0934 1662:844.156 - 0.752ms returns 0
T3EA8 1662:908.571 JLINK_IsHalted()
T3EA8 1662:908.636 - 0.074ms returns TRUE
T0DD0 1663:090.433 JLINK_EMU_GetList(InterfaceMask = 0x00000001, MaxInfos = 0x00000032) 
T0DD0 1663:091.266   [0]: USB, S/N: 801028741
T0DD0 1663:091.312 - 0.888ms returns 1
T0DD0 1663:091.436 JLINK_EMU_GetList(InterfaceMask = 0x00000002, MaxInfos = 0x00000032) 
T0DD0 1663:206.188 - 114.797ms returns 0
T3EA8 1663:206.344 JLINK_IsHalted()
T3EA8 1663:206.844 - 0.525ms returns TRUE
T3EA8 1663:407.293 JLINK_IsHalted()
T3EA8 1663:407.357 - 0.072ms returns TRUE
T3EA8 1663:608.086 JLINK_IsHalted()
T3EA8 1663:608.172 - 0.095ms returns TRUE
T3EA8 1663:808.231 JLINK_IsHalted()
T3EA8 1663:809.076 - 0.908ms returns TRUE
T0934 1663:845.087 JLINK_ReadMemHW(0x400E0A08, 0x0004 Bytes, ...)
T0934 1663:845.173   CPU_ReadMem(4 bytes @ 0x400E0A08)
T0934 1663:845.723   Data:  01 00 00 00
T0934 1663:845.764 - 0.711ms returns 0
T3EA8 1664:011.807 JLINK_IsHalted()
T3EA8 1664:011.893 - 0.095ms returns TRUE
T0934 1664:013.275 JLINK_ResetPullsRESET(ON)
T0934 1664:013.313 - 0.047ms
T0934 1664:013.334 JLINK_ResetNoHalt()
T0934 1664:014.947   TotalIRLen = 4, IRPrint = 0x01
T0934 1664:015.609   JTAG chain detection found 1 devices:
T0934 1664:015.667    #0 Id: 0x4BA00477, IRLen: 04, CoreSight JTAG-DP
T0934 1664:017.281   DPv0 detected
T0934 1664:017.344   AP map detection skipped. Manually configured AP map found.
T0934 1664:017.383   AP[0]: AHB-AP (IDR: Not set)
T0934 1664:018.522   AP[0]: Core found
T0934 1664:018.580   AP[0]: AHB-AP ROM base: 0xE00FF000
T0934 1664:019.159   CPUID register: 0x410FC241. Implementer code: 0x41 (ARM)
T0934 1664:019.219   Found Cortex-M4 r0p1, Little endian.
T0934 1664:019.482   -- Max. mem block: 0x00000E08
T0934 1664:019.542   CPU_ReadMem(4 bytes @ 0xE000EDF0)
T0934 1664:020.068   CPU_ReadMem(4 bytes @ 0xE0002000)
T0934 1664:020.715   FPUnit: 6 code (BP) slots and 2 literal slots
T0934 1664:020.780   CPU_ReadMem(4 bytes @ 0xE000EDFC)
T0934 1664:021.215   CPU_ReadMem(4 bytes @ 0xE0001000)
T0934 1664:021.724   CPU_ReadMem(4 bytes @ 0xE000ED88)
T0934 1664:022.304   CPU_WriteMem(4 bytes @ 0xE000ED88)
T0934 1664:023.412   CPU_ReadMem(4 bytes @ 0xE000ED88)
T0934 1664:024.401   CPU_WriteMem(4 bytes @ 0xE000ED88)
T0934 1664:025.510   CoreSight components:
T0934 1664:025.602   ROMTbl[0] @ E00FF000
T0934 1664:025.639   CPU_ReadMem(64 bytes @ 0xE00FF000)
T0934 1664:027.215   CPU_ReadMem(32 bytes @ 0xE000EFE0)
T0934 1664:028.535   [0][0]: E000E000 CID B105E00D PID 000BB000 SCS
T0934 1664:028.618   CPU_WriteMem(4 bytes @ 0xE0001000)
T0934 1664:029.122   CPU_ReadMem(32 bytes @ 0xE0001FE0)
T0934 1664:029.918   [0][1]: E0001000 CID B105E00D PID 003BB002 DWT
T0934 1664:029.961   CPU_ReadMem(32 bytes @ 0xE0002FE0)
T0934 1664:031.207   [0][2]: E0002000 CID B105E00D PID 002BB003 FPB
T0934 1664:031.288   CPU_ReadMem(32 bytes @ 0xE0000FE0)
T0934 1664:032.530   [0][3]: E0000000 CID B105E00D PID 003BB001 ITM
T0934 1664:032.731   CPU_ReadMem(32 bytes @ 0xE0040FE0)
T0934 1664:033.490   [0][4]: E0040000 CID B105900D PID 000BB9A1 TPIU
T0934 1664:033.546   JLINK_Reset()
T0934 1664:033.576     CPU_ReadMem(16 bytes @ 0x20000000)
T0934 1664:034.202     CPU_WriteMem(16 bytes @ 0x20000000)
T0934 1664:034.725     CPU_ReadMem(4 bytes @ 0xE000EDFC)
T0934 1664:035.254     CPU_WriteMem(4 bytes @ 0xE000EDFC)
T0934 1664:035.742     CPU_ReadMem(4 bytes @ 0xE0001000)
T0934 1664:036.263     CPU_WriteMem(4 bytes @ 0xE0001004)
T0934 1664:052.804     CPU_WriteMem(4 bytes @ 0xE000EDFC)
T0934 1664:053.402     CPU_WriteMem(16 bytes @ 0x20000000)
T0934 1664:057.993     CPU_WriteMem(4 bytes @ 0xE0002000)
T0934 1664:059.007     CPU_ReadMem(4 bytes @ 0xE000EDFC)
T0934 1664:060.064     CPU_ReadMem(4 bytes @ 0xE0001000)
T0934 1664:060.698   - 27.175ms
T0934 1664:060.739   JLINK_Go()
T0934 1664:060.769     CPU_ReadMem(4 bytes @ 0xE0001000)
T0934 1664:061.646     CPU_WriteMem(4 bytes @ 0xE0001004)
T0934 1664:063.634   - 2.990ms
T0934 1664:063.744 - 50.418ms
T0934 1664:064.257 JLINK_TIF_Select(JLINKARM_TIF_JTAG)
T0934 1664:064.283 - 0.033ms returns 0x00
T0934 1664:064.302 JLINK_ConfigJTAG(IRPre = 0, DRPre = 0)
T0934 1664:064.318 - 0.024ms
T0934 1664:064.336 JLINK_SetSpeed(4000)
T0934 1664:064.538 - 0.224ms
T0934 1664:064.580 JLINK_ResetPullsRESET(OFF)
T0934 1664:064.597 - 0.024ms
T0934 1664:064.615 JLINK_Connect()
T0934 1664:066.684   TotalIRLen = 4, IRPrint = 0x01
T0934 1664:067.479   JTAG chain detection found 1 devices:
T0934 1664:067.537    #0 Id: 0x4BA00477, IRLen: 04, CoreSight JTAG-DP
T0934 1664:069.538   DPv0 detected
T0934 1664:069.634   AP map detection skipped. Manually configured AP map found.
T0934 1664:069.673   AP[0]: AHB-AP (IDR: Not set)
T0934 1664:071.065   AP[0]: Core found
T0934 1664:071.153   AP[0]: AHB-AP ROM base: 0xE00FF000
T0934 1664:071.791   CPUID register: 0x410FC241. Implementer code: 0x41 (ARM)
T0934 1664:071.847   Found Cortex-M4 r0p1, Little endian.
T0934 1664:072.101   -- Max. mem block: 0x00000DC0
T0934 1664:072.160   CPU_ReadMem(4 bytes @ 0xE000EDF0)
T0934 1664:072.693   CPU_ReadMem(4 bytes @ 0xE0002000)
T0934 1664:073.728   FPUnit: 6 code (BP) slots and 2 literal slots
T0934 1664:073.809   CPU_ReadMem(4 bytes @ 0xE000EDFC)
T0934 1664:074.377   CPU_ReadMem(4 bytes @ 0xE0001000)
T0934 1664:075.357   CPU_WriteMem(4 bytes @ 0xE0001000)
T0934 1664:076.357   CPU_ReadMem(4 bytes @ 0xE000ED88)
T0934 1664:077.342   CPU_WriteMem(4 bytes @ 0xE000ED88)
T0934 1664:078.333   CPU_ReadMem(4 bytes @ 0xE000ED88)
T0934 1664:079.377   CPU_WriteMem(4 bytes @ 0xE000ED88)
T0934 1664:080.022   CoreSight components:
T0934 1664:080.079   ROMTbl[0] @ E00FF000
T0934 1664:080.107   CPU_ReadMem(64 bytes @ 0xE00FF000)
T0934 1664:081.713   CPU_ReadMem(32 bytes @ 0xE000EFE0)
T0934 1664:083.176   [0][0]: E000E000 CID B105E00D PID 000BB000 SCS
T0934 1664:083.273   CPU_ReadMem(32 bytes @ 0xE0001FE0)
T0934 1664:084.505   [0][1]: E0001000 CID B105E00D PID 003BB002 DWT
T0934 1664:084.590   CPU_ReadMem(32 bytes @ 0xE0002FE0)
T0934 1664:085.767   [0][2]: E0002000 CID B105E00D PID 002BB003 FPB
T0934 1664:085.850   CPU_ReadMem(32 bytes @ 0xE0000FE0)
T0934 1664:087.046   [0][3]: E0000000 CID B105E00D PID 003BB001 ITM
T0934 1664:087.130   CPU_ReadMem(32 bytes @ 0xE0040FE0)
T0934 1664:088.367   [0][4]: E0040000 CID B105900D PID 000BB9A1 TPIU
T0934 1664:088.453 - 23.846ms returns 0x00
T0934 1664:088.521 JLINK_Halt()
T0934 1664:091.781 - 3.323ms returns 0x00
T0934 1664:092.176 JLINK_BeginDownload(Flags = 0x00000000)
T0934 1664:092.200 - 0.032ms
T0934 1664:092.259 JLINK_WriteMem(0x400E0A04, 0x4 Bytes, ...)
T0934 1664:092.276   Data:  0B 01 00 5A
T0934 1664:092.328   CPU_WriteMem(4 bytes @ 0x400E0A04)
T0934 1664:092.857 - 0.632ms returns 0x4
T0934 1664:093.022 JLINK_EndDownload()
T0934 1664:093.052 - 0.038ms returns 0 (0x0)
T0934 1664:093.072 JLINK_ReadMemHW(0x400E0A08, 0x0004 Bytes, ...)
T0934 1664:093.100   CPU_ReadMem(4 bytes @ 0x400E0A08)
T0934 1664:094.095   Data:  01 00 00 00
T0934 1664:094.202 - 1.141ms returns 0
T0934 1664:094.356 JLINK_SetResetType(JLINKARM_CM3_RESET_TYPE_NORMAL)
T0934 1664:094.376 - 0.028ms returns JLINKARM_CM3_RESET_TYPE_NORMAL
T0934 1664:094.395 JLINK_Reset()
T0934 1664:094.437   CPU_ReadMem(16 bytes @ 0x20000000)
T0934 1664:095.055   CPU_WriteMem(16 bytes @ 0x20000000)
T0934 1664:095.703   CPU_ReadMem(4 bytes @ 0xE000EDFC)
T0934 1664:096.353   CPU_WriteMem(4 bytes @ 0xE000EDFC)
T0934 1664:096.851   CPU_ReadMem(4 bytes @ 0xE0001000)
T0934 1664:113.627   CPU_WriteMem(4 bytes @ 0xE000EDFC)
T0934 1664:114.579   CPU_WriteMem(16 bytes @ 0x20000000)
T0934 1664:118.855   CPU_WriteMem(4 bytes @ 0xE0002000)
T0934 1664:119.404   CPU_ReadMem(4 bytes @ 0xE000EDFC)
T0934 1664:119.974   CPU_ReadMem(4 bytes @ 0xE0001000)
T0934 1664:120.525 - 26.155ms
T0934 1664:122.884 JLINK_JTAG_GetDeviceID(DeviceIndex = 0)
T0934 1664:122.923 - 0.049ms returns 1268778103
T0934 1664:122.946 JLINK_ReadMemU32(0x400E0740, 0x1 Items)
T0934 1664:122.993   CPU_ReadMem(4 bytes @ 0x400E0740)
T0934 1664:123.538   Data:  E1 09 8B 28
T0934 1664:123.580 - 0.642ms returns 1 (0x1)
T0934 1664:123.658 JLINK_ReadMemU32(0x400E0744, 0x1 Items)
T0934 1664:123.689   CPU_ReadMem(4 bytes @ 0x400E0744)
T0934 1664:124.235   Data:  00 00 00 00
T0934 1664:124.275 - 0.626ms returns 1 (0x1)
T2540 1664:131.968 JLINK_IsHalted()
T2540 1664:132.056 - 0.097ms returns TRUE
T2540 1664:132.080 JLINK_GetMOEs(...)
T2540 1664:132.110   CPU_ReadMem(4 bytes @ 0xE000ED30)
T2540 1664:132.658 - 0.602ms returns 0x01
T2540 1664:132.701 JLINK_ReadReg(R15 (PC))
T2540 1664:132.732 - 0.040ms returns 0xFFFFFFFE
T0934 1664:163.304 JLINK_BeginDownload(Flags = 0x00000000)
T0934 1664:163.378 - 0.082ms
T0934 1664:163.416 JLINK_WriteMem(0x00400000, 0x3684 Bytes, ...)
T0934 1664:163.436   Data:  98 9F 00 20 F1 26 40 00 ED 26 40 00 ED 26 40 00 ...
T0934 1664:164.016   completely In flash
T0934 1664:164.069 - 0.661ms returns 0x3684
T0934 1664:164.482 JLINK_WriteMem(0x00403684, 0x4EC Bytes, ...)
T0934 1664:164.511   Data:  A1 01 40 00 ED 01 40 00 21 02 40 00 1D 02 40 00 ...
T0934 1664:164.542   completely In flash
T0934 1664:164.568 - 0.094ms returns 0x4EC
T0DD0 1664:257.407 JLINK_EMU_GetList(InterfaceMask = 0x00000001, MaxInfos = 0x00000032) 
T0DD0 1664:258.774   [0]: USB, S/N: 801028741
T0DD0 1664:258.811 - 1.412ms returns 1
T0DD0 1664:258.975 JLINK_EMU_GetList(InterfaceMask = 0x00000002, MaxInfos = 0x00000032) 
T0DD0 1664:373.969 - 115.043ms returns 0
T2540 1664:374.168 JLINK_IsHalted()
T2540 1664:374.196 - 0.033ms returns TRUE
T0934 1664:375.094 JLINK_EndDownload()
T0934 1664:375.343   CPU_ReadMem(4 bytes @ 0xE000ED90)
T0934 1664:375.734   CPU_ReadMem(4 bytes @ 0xE000ED94)
T0934 1664:376.173    -- --------------------------------------
T0934 1664:376.223   Flash bank @ 0x00400000: Default: L2 verify disabled because algorithm performs L1 verify
T0934 1664:376.250    -- Start of determining dirty areas in flash cache
T0934 1664:376.376    -- End of determining dirty areas
T0934 1664:376.404    -- Start of preparing flash programming
T0934 1664:376.431    -- Calculating RAM usage
T0934 1664:376.470    -- RAM usage = 2892 Bytes
T0934 1664:376.496    -- Preserving CPU registers
T0934 1664:376.556    -- Preparing memory
T0934 1664:376.583    -- Preparing target
T0934 1664:535.696    -- Preserving target RAM temporarily used for programming
T0934 1664:548.902    -- Downloading RAMCode
T0934 1664:563.912    -- Preparing RAMCode
T0934 1664:569.993    -- Checking target RAM
T0934 1664:571.181    -- End of preparing flash programming
T0934 1664:571.516   Looking for J-Link GUI Server exe at: C:\Program Files (x86)\Atmel\Studio\7.0\atbackend\JLinkGUIServer.exe
T0934 1664:571.721   Looking for J-Link GUI Server exe at: C:\Program Files\SEGGER\JLink\JLinkGUIServer.exe
T0934 1664:571.819   Forking J-Link GUI Server: C:\Program Files\SEGGER\JLink\JLinkGUIServer.exe
T0934 1664:615.428   J-Link GUI Server info: "J-Link GUI server V7.58e "
T0934 1664:636.591    -- CPU is running at 90000 kHz.
T0934 1664:636.642    -- Start of comparing flash
T0934 1664:636.658    -- CRC check was estimated as fastest method
T0934 1664:694.322    -- Comparing range 0x400000 - 0x403BFF (30 Sectors, 15 KB), using multi-block CRC calculation
T0934 1664:708.951    -- CRC does not match for sectors 0-29
T0934 1664:709.008    -- End of comparing flash
T0934 1664:709.023    -- Start of erasing sectors
T0934 1664:709.037    -- End of erasing sectors
T0934 1664:709.051    -- Start of flash programming
T0934 1664:709.068    -- Programming range 0x00400000 - 0x00403BFF ( 30 Sectors, 15 KB)
T0934 1664:914.617    -- End of flash programming
T0934 1664:914.667    -- 0x400000 - 0x403BFF ( 30 Sectors, 15 KoB)
T0934 1664:914.685    -- Start of restoring
T0934 1664:914.766    -- Restoring RAMCode
T0934 1664:929.701    -- Restoring target memory
T0934 1664:942.556    -- Restore target
T0934 1664:994.062    -- Restore memory
T0934 1664:994.129    -- Restoring CPU registers
T0934 1664:994.186    -- End of restoring
T0934 1664:994.292    -- Bank 0 @ 0x00400000: 1 range affected (15360 bytes)
T0934 1664:994.348    -- Total: 0.617s (Prepare: 0.260s, Compare: 0.072s, Erase: 0.000s, Program & Verify: 0.215s, Restore: 0.069s)
T0934 1664:994.392    -- Program & Verify speed: 69 KB/s
T0934 1665:003.707 - 628.656ms returns 15360 (0x3C00)
T0934 1665:003.889 JLINK_ResetPullsRESET(ON)
T0934 1665:003.910 - 0.030ms
T0934 1665:003.931 JLINK_ResetNoHalt()
T0934 1665:005.303   TotalIRLen = 4, IRPrint = 0x01
T0934 1665:005.948   JTAG chain detection found 1 devices:
T0934 1665:005.991    #0 Id: 0x4BA00477, IRLen: 04, CoreSight JTAG-DP
T0934 1665:007.411   DPv0 detected
T0934 1665:007.482   AP map detection skipped. Manually configured AP map found.
T0934 1665:007.526   AP[0]: AHB-AP (IDR: Not set)
T0934 1665:008.665   AP[0]: Core found
T0934 1665:008.735   AP[0]: AHB-AP ROM base: 0xE00FF000
T0934 1665:009.323   CPUID register: 0x410FC241. Implementer code: 0x41 (ARM)
T0934 1665:009.383   Found Cortex-M4 r0p1, Little endian.
T0934 1665:009.614   -- Max. mem block: 0x00000DC0
T0934 1665:009.665   CPU_ReadMem(4 bytes @ 0xE000EDF0)
T0934 1665:010.162   CPU_ReadMem(4 bytes @ 0xE0002000)
T0934 1665:010.734   FPUnit: 6 code (BP) slots and 2 literal slots
T0934 1665:010.780   CPU_ReadMem(4 bytes @ 0xE000EDFC)
T0934 1665:011.315   CPU_ReadMem(4 bytes @ 0xE0001000)
T0934 1665:011.833   CPU_ReadMem(4 bytes @ 0xE000ED88)
T0934 1665:012.348   CPU_WriteMem(4 bytes @ 0xE000ED88)
T0934 1665:012.828   CPU_ReadMem(4 bytes @ 0xE000ED88)
T0934 1665:013.334   CPU_WriteMem(4 bytes @ 0xE000ED88)
T0934 1665:013.905   CoreSight components:
T0934 1665:013.967   ROMTbl[0] @ E00FF000
T0934 1665:014.000   CPU_ReadMem(64 bytes @ 0xE00FF000)
T0934 1665:015.098   CPU_ReadMem(32 bytes @ 0xE000EFE0)
T0934 1665:015.881   [0][0]: E000E000 CID B105E00D PID 000BB000 SCS
T0934 1665:015.934   CPU_WriteMem(4 bytes @ 0xE0001000)
T0934 1665:016.423   CPU_ReadMem(32 bytes @ 0xE0001FE0)
T0934 1665:017.215   [0][1]: E0001000 CID B105E00D PID 003BB002 DWT
T0934 1665:017.261   CPU_ReadMem(32 bytes @ 0xE0002FE0)
T0934 1665:017.965   [0][2]: E0002000 CID B105E00D PID 002BB003 FPB
T0934 1665:018.014   CPU_ReadMem(32 bytes @ 0xE0000FE0)
T0934 1665:018.741   [0][3]: E0000000 CID B105E00D PID 003BB001 ITM
T0934 1665:018.796   CPU_ReadMem(32 bytes @ 0xE0040FE0)
T0934 1665:019.547   [0][4]: E0040000 CID B105900D PID 000BB9A1 TPIU
T0934 1665:019.603   JLINK_Reset()
T0934 1665:020.069     CPU_ReadMem(16 bytes @ 0x20000000)
T0934 1665:020.678     CPU_WriteMem(16 bytes @ 0x20000000)
T0934 1665:021.189     CPU_ReadMem(4 bytes @ 0xE000EDFC)
T0934 1665:021.705     CPU_WriteMem(4 bytes @ 0xE000EDFC)
T0934 1665:022.164     CPU_ReadMem(4 bytes @ 0xE0001000)
T0934 1665:038.811     CPU_WriteMem(4 bytes @ 0xE000EDFC)
T0934 1665:039.270     CPU_WriteMem(16 bytes @ 0x20000000)
T0934 1665:042.762     CPU_WriteMem(4 bytes @ 0xE0002000)
T0934 1665:043.260     CPU_ReadMem(4 bytes @ 0xE000EDFC)
T0934 1665:043.789     CPU_ReadMem(4 bytes @ 0xE0001000)
T0934 1665:044.310   - 24.734ms
T0934 1665:044.355   JLINK_Go()
T0934 1665:044.384     CPU_ReadMem(4 bytes @ 0xE0001000)
T0934 1665:044.839     CPU_WriteMem(4 bytes @ 0xE0001004)
T0934 1665:046.003   - 1.691ms
T0934 1665:046.060 - 42.138ms
T0934 1665:067.168 JLINK_Close()
T0934 1665:130.580 - 63.457ms
T0934 1665:130.635   
T0934 1665:130.652   Closed
