T0934 1375:956.458   SEGGER J-Link V7.58e Log File
T0934 1375:956.676   DLL Compiled: Dec  7 2021 17:24:52
T0934 1375:956.737   Logging started @ 2022-08-12 19:17
T0934 1375:956.846 - 11133.393ms
T0934 1375:963.625 JLINK_ExecCommand("Device = AT91SAM4S4A", ...). 
T0934 1375:964.107   Device "ATSAM4S4A" selected.
T0934 1375:964.931 - 1.232ms returns 0x00
T0934 1375:998.365 JLINK_TIF_Select(JLINKARM_TIF_JTAG)
T0934 1375:999.429 - 1.125ms returns 0x00
T0934 1375:999.525 JLINK_ConfigJTAG(IRPre = 0, DRPre = 0)
T0934 1375:999.625 - 0.135ms
T0934 1375:999.690 JLINK_SetSpeed(4000)
T0934 1375:999.837 - 0.197ms
T0934 1375:999.919 JLINK_ResetPullsRESET(OFF)
T0934 1375:999.966 - 0.070ms
T0934 1376:000.015 JLINK_Connect()
T0934 1376:002.089   TotalIRLen = 4, IRPrint = 0x01
T0934 1376:002.695   JTAG chain detection found 1 devices:
T0934 1376:002.753    #0 Id: 0x4BA00477, IRLen: 04, CoreSight JTAG-DP
T0934 1376:004.986   DPv0 detected
T0934 1376:005.110   Scanning AP map to find all available APs
T0934 1376:005.964   AP[1]: Stopped AP scan as end of AP map has been reached
T0934 1376:006.024   AP[0]: AHB-AP (IDR: 0x24770011)
T0934 1376:006.061   Iterating through AP map to find AHB-AP to use
T0934 1376:007.107   AP[0]: Core found
T0934 1376:007.165   AP[0]: AHB-AP ROM base: 0xE00FF000
T0934 1376:007.761   CPUID register: 0x410FC241. Implementer code: 0x41 (ARM)
T0934 1376:007.822   Found Cortex-M4 r0p1, Little endian.
T0934 1376:008.210   -- Max. mem block: 0x000013C8
T0934 1376:008.418   CPU_ReadMem(4 bytes @ 0xE000EDF0)
T0934 1376:010.073   CPU_WriteMem(4 bytes @ 0xE000EDF0)
T0934 1376:010.495   CPU_ReadMem(4 bytes @ 0xE0002000)
T0934 1376:011.019   FPUnit: 6 code (BP) slots and 2 literal slots
T0934 1376:011.058   CPU_ReadMem(4 bytes @ 0xE000EDFC)
T0934 1376:011.516   CPU_WriteMem(4 bytes @ 0xE000EDFC)
T0934 1376:011.942   CPU_ReadMem(4 bytes @ 0xE0001000)
T0934 1376:012.413   CPU_WriteMem(4 bytes @ 0xE0001000)
T0934 1376:012.838   CPU_ReadMem(4 bytes @ 0xE000ED88)
T0934 1376:013.284   CPU_WriteMem(4 bytes @ 0xE000ED88)
T0934 1376:013.698   CPU_ReadMem(4 bytes @ 0xE000ED88)
T0934 1376:014.164   CPU_WriteMem(4 bytes @ 0xE000ED88)
T0934 1376:014.651   CoreSight components:
T0934 1376:014.702   ROMTbl[0] @ E00FF000
T0934 1376:014.730   CPU_ReadMem(64 bytes @ 0xE00FF000)
T0934 1376:015.553   CPU_ReadMem(32 bytes @ 0xE000EFE0)
T0934 1376:016.339   [0][0]: E000E000 CID B105E00D PID 000BB000 SCS
T0934 1376:016.390   CPU_ReadMem(32 bytes @ 0xE0001FE0)
T0934 1376:017.081   [0][1]: E0001000 CID B105E00D PID 003BB002 DWT
T0934 1376:017.129   CPU_ReadMem(32 bytes @ 0xE0002FE0)
T0934 1376:018.013   [0][2]: E0002000 CID B105E00D PID 002BB003 FPB
T0934 1376:018.060   CPU_ReadMem(32 bytes @ 0xE0000FE0)
T0934 1376:018.804   [0][3]: E0000000 CID B105E00D PID 003BB001 ITM
T0934 1376:018.845   CPU_ReadMem(32 bytes @ 0xE0040FE0)
T0934 1376:019.542   [0][4]: E0040000 CID B105900D PID 000BB9A1 TPIU
T0934 1376:019.589 - 19.582ms returns 0x00
T0934 1376:019.718 JLINK_Halt()
T0934 1376:022.579 - 2.910ms returns 0x00
T0934 1376:022.862 JLINK_BeginDownload(Flags = 0x00000000)
T0934 1376:022.886 - 0.032ms
T0934 1376:022.926 JLINK_WriteMem(0x400E0A04, 0x4 Bytes, ...)
T0934 1376:022.944   Data:  0B 01 00 5A
T0934 1376:023.341   CPU_WriteMem(4 bytes @ 0x400E0A04)
T0934 1376:023.763 - 0.859ms returns 0x4
T0934 1376:023.886 JLINK_EndDownload()
T0934 1376:023.910 - 0.032ms returns 0 (0x0)
T0934 1376:023.929 JLINK_ReadMemHW(0x400E0A08, 0x0004 Bytes, ...)
T0934 1376:023.953   CPU_ReadMem(4 bytes @ 0x400E0A08)
T0934 1376:024.425   Data:  01 00 00 00
T0934 1376:024.462 - 0.540ms returns 0
T0934 1376:024.549 JLINK_SetResetType(JLINKARM_CM3_RESET_TYPE_NORMAL)
T0934 1376:024.568 - 0.027ms returns JLINKARM_CM3_RESET_TYPE_NORMAL
T0934 1376:024.587 JLINK_Reset()
T0934 1376:024.996   CPU_ReadMem(16 bytes @ 0x20000000)
T0934 1376:025.542   CPU_WriteMem(16 bytes @ 0x20000000)
T0934 1376:026.015   CPU_ReadMem(4 bytes @ 0xE000EDFC)
T0934 1376:026.507   CPU_WriteMem(4 bytes @ 0xE000EDFC)
T0934 1376:027.080   CPU_ReadMem(4 bytes @ 0xE0001000)
T0934 1376:042.560   CPU_WriteMem(4 bytes @ 0xE000EDFC)
T0934 1376:043.006   CPU_WriteMem(16 bytes @ 0x20000000)
T0934 1376:046.287   CPU_WriteMem(4 bytes @ 0xE0002000)
T0934 1376:046.697   CPU_ReadMem(4 bytes @ 0xE000EDFC)
T0934 1376:047.142   CPU_ReadMem(4 bytes @ 0xE0001000)
T0934 1376:047.590 - 23.024ms
T0934 1376:049.584 JLINK_JTAG_GetDeviceID(DeviceIndex = 0)
T0934 1376:049.633 - 0.086ms returns 1268778103
T0934 1376:049.683 JLINK_ReadMemU32(0x400E0740, 0x1 Items)
T0934 1376:049.724   CPU_ReadMem(4 bytes @ 0x400E0740)
T0934 1376:050.213   Data:  E1 09 8B 28
T0934 1376:050.249 - 0.574ms returns 1 (0x1)
T0934 1376:050.328 JLINK_ReadMemU32(0x400E0744, 0x1 Items)
T0934 1376:050.360   CPU_ReadMem(4 bytes @ 0x400E0744)
T0934 1376:050.840   Data:  00 00 00 00
T0934 1376:050.877 - 0.557ms returns 1 (0x1)
T0934 1376:051.016 JLINK_BeginDownload(Flags = 0x00000000)
T0934 1376:051.037 - 0.029ms
T0934 1376:051.071 JLINK_WriteMem(0x400E0A04, 0x4 Bytes, ...)
T0934 1376:051.243   Data:  05 00 00 5A
T0934 1376:051.298   CPU_WriteMem(4 bytes @ 0x400E0A04)
T0934 1376:051.729 - 0.680ms returns 0x4
T0934 1376:051.854 JLINK_EndDownload()
T0934 1376:051.877 - 0.031ms returns 0 (0x0)
T0934 1376:051.896 JLINK_ReadMemHW(0x400E0A08, 0x0004 Bytes, ...)
T0934 1376:051.919   CPU_ReadMem(4 bytes @ 0x400E0A08)
T0934 1376:052.397   Data:  00 00 00 00
T0934 1376:052.439 - 0.551ms returns 0
T0934 1376:052.652 JLINK_ReadMemHW(0x400E0A08, 0x0004 Bytes, ...)
T0934 1376:052.701   CPU_ReadMem(4 bytes @ 0x400E0A08)
T0934 1376:053.155   Data:  00 00 00 00
T0934 1376:053.192 - 0.547ms returns 0
T0934 1376:056.678 JLINK_ReadMemHW(0x400E0A08, 0x0004 Bytes, ...)
T0934 1376:056.758   CPU_ReadMem(4 bytes @ 0x400E0A08)
T0934 1376:057.374   Data:  00 00 00 00
T0934 1376:057.422 - 0.752ms returns 0
T390C 1376:058.672 JLINK_IsHalted()
T390C 1376:058.710 - 0.047ms returns TRUE
T390C 1376:058.731 JLINK_GetMOEs(...)
T390C 1376:058.753   CPU_ReadMem(4 bytes @ 0xE000ED30)
T390C 1376:059.209 - 0.499ms returns 0x01
T390C 1376:059.247 JLINK_ReadReg(R15 (PC))
T390C 1376:059.272 - 0.033ms returns 0x004026F0
T0934 1376:072.688 JLINK_ReadMemHW(0x400E0A08, 0x0004 Bytes, ...)
T0934 1376:072.772   CPU_ReadMem(4 bytes @ 0x400E0A08)
T0934 1376:073.250   Data:  00 00 00 00
T0934 1376:073.285 - 0.605ms returns 0
T0934 1376:137.713 JLINK_ReadMemHW(0x400E0A08, 0x0004 Bytes, ...)
T0934 1376:137.795   CPU_ReadMem(4 bytes @ 0x400E0A08)
T0934 1376:138.317   Data:  00 00 00 00
T0934 1376:138.357 - 0.653ms returns 0
T390C 1376:259.446 JLINK_IsHalted()
T390C 1376:259.506 - 0.068ms returns TRUE
T0934 1376:394.121 JLINK_ReadMemHW(0x400E0A08, 0x0004 Bytes, ...)
T0934 1376:394.210   CPU_ReadMem(4 bytes @ 0x400E0A08)
T0934 1376:395.171   Data:  00 00 00 00
T0934 1376:395.240 - 1.128ms returns 0
T390C 1376:461.663 JLINK_IsHalted()
T390C 1376:461.747 - 0.093ms returns TRUE
T390C 1376:662.607 JLINK_IsHalted()
T390C 1376:663.611 - 1.058ms returns TRUE
T390C 1376:864.663 JLINK_IsHalted()
T390C 1376:864.772 - 0.120ms returns TRUE
T390C 1377:066.776 JLINK_IsHalted()
T390C 1377:066.840 - 0.073ms returns TRUE
T390C 1377:266.950 JLINK_IsHalted()
T390C 1377:267.464 - 0.545ms returns TRUE
T0934 1377:396.199 JLINK_ReadMemHW(0x400E0A08, 0x0004 Bytes, ...)
T0934 1377:396.284   CPU_ReadMem(4 bytes @ 0x400E0A08)
T0934 1377:397.154   Data:  01 00 00 00
T0934 1377:397.225 - 1.035ms returns 0
T390C 1377:467.148 JLINK_IsHalted()
T390C 1377:467.216 - 0.077ms returns TRUE
T0934 1377:468.423 JLINK_ResetPullsRESET(ON)
T0934 1377:468.454 - 0.040ms
T0934 1377:468.474 JLINK_ResetNoHalt()
T0934 1377:470.288   TotalIRLen = 4, IRPrint = 0x01
T0934 1377:471.032   JTAG chain detection found 1 devices:
T0934 1377:471.087    #0 Id: 0x4BA00477, IRLen: 04, CoreSight JTAG-DP
T0934 1377:472.495   DPv0 detected
T0934 1377:472.553   AP map detection skipped. Manually configured AP map found.
T0934 1377:472.621   AP[0]: AHB-AP (IDR: Not set)
T0934 1377:474.249   AP[0]: Core found
T0934 1377:474.325   AP[0]: AHB-AP ROM base: 0xE00FF000
T0934 1377:475.012   CPUID register: 0x410FC241. Implementer code: 0x41 (ARM)
T0934 1377:475.067   Found Cortex-M4 r0p1, Little endian.
T0934 1377:475.275   -- Max. mem block: 0x00000E08
T0934 1377:475.313   CPU_ReadMem(4 bytes @ 0xE000EDF0)
T0934 1377:476.151   CPU_ReadMem(4 bytes @ 0xE0002000)
T0934 1377:477.304   FPUnit: 6 code (BP) slots and 2 literal slots
T0934 1377:477.369   CPU_ReadMem(4 bytes @ 0xE000EDFC)
T0934 1377:477.815   CPU_ReadMem(4 bytes @ 0xE0001000)
T0934 1377:478.330   CPU_ReadMem(4 bytes @ 0xE000ED88)
T0934 1377:479.229   CPU_WriteMem(4 bytes @ 0xE000ED88)
T0934 1377:479.778   CPU_ReadMem(4 bytes @ 0xE000ED88)
T0934 1377:480.288   CPU_WriteMem(4 bytes @ 0xE000ED88)
T0934 1377:480.902   CoreSight components:
T0934 1377:480.958   ROMTbl[0] @ E00FF000
T0934 1377:480.988   CPU_ReadMem(64 bytes @ 0xE00FF000)
T0934 1377:482.349   CPU_ReadMem(32 bytes @ 0xE000EFE0)
T0934 1377:483.452   [0][0]: E000E000 CID B105E00D PID 000BB000 SCS
T0934 1377:483.517   CPU_WriteMem(4 bytes @ 0xE0001000)
T0934 1377:484.038   CPU_ReadMem(32 bytes @ 0xE0001FE0)
T0934 1377:485.384   [0][1]: E0001000 CID B105E00D PID 003BB002 DWT
T0934 1377:485.448   CPU_ReadMem(32 bytes @ 0xE0002FE0)
T0934 1377:486.494   [0][2]: E0002000 CID B105E00D PID 002BB003 FPB
T0934 1377:486.559   CPU_ReadMem(32 bytes @ 0xE0000FE0)
T0934 1377:487.291   [0][3]: E0000000 CID B105E00D PID 003BB001 ITM
T0934 1377:487.334   CPU_ReadMem(32 bytes @ 0xE0040FE0)
T0934 1377:488.513   [0][4]: E0040000 CID B105900D PID 000BB9A1 TPIU
T0934 1377:488.586   JLINK_Reset()
T0934 1377:488.614     CPU_ReadMem(16 bytes @ 0x20000000)
T0934 1377:489.209     CPU_WriteMem(16 bytes @ 0x20000000)
T0934 1377:490.025     CPU_ReadMem(4 bytes @ 0xE000EDFC)
T0934 1377:490.957     CPU_WriteMem(4 bytes @ 0xE000EDFC)
T0934 1377:492.265     CPU_ReadMem(4 bytes @ 0xE0001000)
T0934 1377:493.152     CPU_WriteMem(4 bytes @ 0xE0001004)
T0934 1377:510.343     CPU_WriteMem(4 bytes @ 0xE000EDFC)
T0934 1377:511.035     CPU_WriteMem(16 bytes @ 0x20000000)
T0934 1377:514.746     CPU_WriteMem(4 bytes @ 0xE0002000)
T0934 1377:515.535     CPU_ReadMem(4 bytes @ 0xE000EDFC)
T0934 1377:516.087     CPU_ReadMem(4 bytes @ 0xE0001000)
T0934 1377:516.699   - 28.136ms
T0934 1377:516.739   JLINK_Go()
T0934 1377:516.767     CPU_ReadMem(4 bytes @ 0xE0001000)
T0934 1377:517.530     CPU_WriteMem(4 bytes @ 0xE0001004)
T0934 1377:519.370   - 2.705ms
T0934 1377:519.458 - 50.992ms
T0934 1377:519.868 JLINK_TIF_Select(JLINKARM_TIF_JTAG)
T0934 1377:519.894 - 0.033ms returns 0x00
T0934 1377:519.913 JLINK_ConfigJTAG(IRPre = 0, DRPre = 0)
T0934 1377:519.929 - 0.023ms
T0934 1377:519.946 JLINK_SetSpeed(4000)
T0934 1377:520.094 - 0.161ms
T0934 1377:520.124 JLINK_ResetPullsRESET(OFF)
T0934 1377:520.140 - 0.024ms
T0934 1377:520.158 JLINK_Connect()
T0934 1377:521.605   TotalIRLen = 4, IRPrint = 0x01
T0934 1377:522.360   JTAG chain detection found 1 devices:
T0934 1377:522.522    #0 Id: 0x4BA00477, IRLen: 04, CoreSight JTAG-DP
T0934 1377:524.094   DPv0 detected
T0934 1377:524.168   AP map detection skipped. Manually configured AP map found.
T0934 1377:524.206   AP[0]: AHB-AP (IDR: Not set)
T0934 1377:525.616   AP[0]: Core found
T0934 1377:525.694   AP[0]: AHB-AP ROM base: 0xE00FF000
T0934 1377:526.323   CPUID register: 0x410FC241. Implementer code: 0x41 (ARM)
T0934 1377:526.378   Found Cortex-M4 r0p1, Little endian.
T0934 1377:526.637   -- Max. mem block: 0x00000DC0
T0934 1377:526.685   CPU_ReadMem(4 bytes @ 0xE000EDF0)
T0934 1377:527.460   CPU_ReadMem(4 bytes @ 0xE0002000)
T0934 1377:528.110   FPUnit: 6 code (BP) slots and 2 literal slots
T0934 1377:528.152   CPU_ReadMem(4 bytes @ 0xE000EDFC)
T0934 1377:528.639   CPU_ReadMem(4 bytes @ 0xE0001000)
T0934 1377:529.518   CPU_WriteMem(4 bytes @ 0xE0001000)
T0934 1377:530.009   CPU_ReadMem(4 bytes @ 0xE000ED88)
T0934 1377:530.532   CPU_WriteMem(4 bytes @ 0xE000ED88)
T0934 1377:531.298   CPU_ReadMem(4 bytes @ 0xE000ED88)
T0934 1377:532.286   CPU_WriteMem(4 bytes @ 0xE000ED88)
T0934 1377:533.332   CoreSight components:
T0934 1377:533.423   ROMTbl[0] @ E00FF000
T0934 1377:533.485   CPU_ReadMem(64 bytes @ 0xE00FF000)
T0934 1377:534.984   CPU_ReadMem(32 bytes @ 0xE000EFE0)
T0934 1377:535.903   [0][0]: E000E000 CID B105E00D PID 000BB000 SCS
T0934 1377:535.969   CPU_ReadMem(32 bytes @ 0xE0001FE0)
T0934 1377:536.738   [0][1]: E0001000 CID B105E00D PID 003BB002 DWT
T0934 1377:536.781   CPU_ReadMem(32 bytes @ 0xE0002FE0)
T0934 1377:537.628   [0][2]: E0002000 CID B105E00D PID 002BB003 FPB
T0934 1377:537.678   CPU_ReadMem(32 bytes @ 0xE0000FE0)
T0934 1377:538.709   [0][3]: E0000000 CID B105E00D PID 003BB001 ITM
T0934 1377:539.461   CPU_ReadMem(32 bytes @ 0xE0040FE0)
T0934 1377:541.695   [0][4]: E0040000 CID B105900D PID 000BB9A1 TPIU
T0934 1377:541.844 - 21.725ms returns 0x00
T0934 1377:541.950 JLINK_Halt()
T0934 1377:545.015 - 3.110ms returns 0x00
T0934 1377:545.314 JLINK_BeginDownload(Flags = 0x00000000)
T0934 1377:545.338 - 0.032ms
T0934 1377:545.379 JLINK_WriteMem(0x400E0A04, 0x4 Bytes, ...)
T0934 1377:545.397   Data:  0B 01 00 5A
T0934 1377:545.441   CPU_WriteMem(4 bytes @ 0x400E0A04)
T0934 1377:545.905 - 0.541ms returns 0x4
T0934 1377:545.983 JLINK_EndDownload()
T0934 1377:546.006 - 0.030ms returns 0 (0x0)
T0934 1377:546.025 JLINK_ReadMemHW(0x400E0A08, 0x0004 Bytes, ...)
T0934 1377:546.049   CPU_ReadMem(4 bytes @ 0x400E0A08)
T0934 1377:546.498   Data:  01 00 00 00
T0934 1377:546.526 - 0.509ms returns 0
T0934 1377:546.592 JLINK_SetResetType(JLINKARM_CM3_RESET_TYPE_NORMAL)
T0934 1377:546.610 - 0.026ms returns JLINKARM_CM3_RESET_TYPE_NORMAL
T0934 1377:546.629 JLINK_Reset()
T0934 1377:546.657   CPU_ReadMem(16 bytes @ 0x20000000)
T0934 1377:547.206   CPU_WriteMem(16 bytes @ 0x20000000)
T0934 1377:547.746   CPU_ReadMem(4 bytes @ 0xE000EDFC)
T0934 1377:548.228   CPU_WriteMem(4 bytes @ 0xE000EDFC)
T0934 1377:548.661   CPU_ReadMem(4 bytes @ 0xE0001000)
T0934 1377:565.228   CPU_WriteMem(4 bytes @ 0xE000EDFC)
T0934 1377:566.605   CPU_WriteMem(16 bytes @ 0x20000000)
T0934 1377:571.015   CPU_WriteMem(4 bytes @ 0xE0002000)
T0934 1377:571.969   CPU_ReadMem(4 bytes @ 0xE000EDFC)
T0934 1377:572.507   CPU_ReadMem(4 bytes @ 0xE0001000)
T0934 1377:573.135 - 26.552ms
T0934 1377:575.765 JLINK_JTAG_GetDeviceID(DeviceIndex = 0)
T0934 1377:575.806 - 0.049ms returns 1268778103
T0934 1377:575.828 JLINK_ReadMemU32(0x400E0740, 0x1 Items)
T0934 1377:575.870   CPU_ReadMem(4 bytes @ 0x400E0740)
T0934 1377:576.438   Data:  E1 09 8B 28
T0934 1377:576.479 - 0.659ms returns 1 (0x1)
T0934 1377:576.758 JLINK_ReadMemU32(0x400E0744, 0x1 Items)
T0934 1377:576.808   CPU_ReadMem(4 bytes @ 0x400E0744)
T0934 1377:577.310   Data:  00 00 00 00
T0934 1377:577.352 - 0.602ms returns 1 (0x1)
T17F0 1377:585.925 JLINK_IsHalted()
T17F0 1377:585.987 - 0.070ms returns TRUE
T17F0 1377:586.009 JLINK_GetMOEs(...)
T17F0 1377:586.035   CPU_ReadMem(4 bytes @ 0xE000ED30)
T17F0 1377:586.530 - 0.545ms returns 0x01
T17F0 1377:586.573 JLINK_ReadReg(R15 (PC))
T17F0 1377:586.599 - 0.034ms returns 0xFFFFFFFE
T0934 1377:644.676 JLINK_BeginDownload(Flags = 0x00000000)
T0934 1377:644.698 - 0.027ms
T0934 1377:644.721 JLINK_WriteMem(0x00400000, 0x3684 Bytes, ...)
T0934 1377:644.732   Data:  98 9F 00 20 F1 26 40 00 ED 26 40 00 ED 26 40 00 ...
T0934 1377:645.007   completely In flash
T0934 1377:645.026 - 0.310ms returns 0x3684
T0934 1377:645.268 JLINK_WriteMem(0x00403684, 0x4EC Bytes, ...)
T0934 1377:645.283   Data:  A1 01 40 00 ED 01 40 00 21 02 40 00 1D 02 40 00 ...
T0934 1377:645.303   completely In flash
T0934 1377:645.317 - 0.053ms returns 0x4EC
T17F0 1377:786.451 JLINK_IsHalted()
T17F0 1377:786.494 - 0.047ms returns TRUE
T0934 1377:787.459 JLINK_EndDownload()
T0934 1377:787.688   CPU_ReadMem(4 bytes @ 0xE000ED90)
T0934 1377:788.060   CPU_ReadMem(4 bytes @ 0xE000ED94)
T0934 1377:788.497    -- --------------------------------------
T0934 1377:788.520   Flash bank @ 0x00400000: Default: L2 verify disabled because algorithm performs L1 verify
T0934 1377:788.533    -- Start of determining dirty areas in flash cache
T0934 1377:788.590    -- End of determining dirty areas
T0934 1377:788.674    -- Start of preparing flash programming
T0934 1377:788.688    -- Calculating RAM usage
T0934 1377:788.708    -- RAM usage = 2892 Bytes
T0934 1377:788.722    -- Preserving CPU registers
T0934 1377:788.751    -- Preparing memory
T0934 1377:788.766    -- Preparing target
T0934 1377:946.742    -- Preserving target RAM temporarily used for programming
T0934 1377:959.799    -- Downloading RAMCode
T0934 1377:974.452    -- Preparing RAMCode
T0934 1377:980.032    -- Checking target RAM
T0934 1377:981.096    -- End of preparing flash programming
T0934 1377:981.375   Looking for J-Link GUI Server exe at: C:\Program Files (x86)\Atmel\Studio\7.0\atbackend\JLinkGUIServer.exe
T0934 1377:981.490   Looking for J-Link GUI Server exe at: C:\Program Files\SEGGER\JLink\JLinkGUIServer.exe
T0934 1377:981.545   Forking J-Link GUI Server: C:\Program Files\SEGGER\JLink\JLinkGUIServer.exe
T0934 1378:008.197   J-Link GUI Server info: "J-Link GUI server V7.58e "
T0934 1378:028.164    -- CPU is running at 90000 kHz.
T0934 1378:028.226    -- Start of comparing flash
T0934 1378:028.255    -- CRC check was estimated as fastest method
T0934 1378:073.230    -- Comparing range 0x400000 - 0x403BFF (30 Sectors, 15 KB), using multi-block CRC calculation
T0934 1378:084.805    -- CRC does not match for sectors 0-29
T0934 1378:084.840    -- End of comparing flash
T0934 1378:084.855    -- Start of erasing sectors
T0934 1378:084.868    -- End of erasing sectors
T0934 1378:084.882    -- Start of flash programming
T0934 1378:084.898    -- Programming range 0x00400000 - 0x00403BFF ( 30 Sectors, 15 KB)
T0934 1378:288.215    -- End of flash programming
T0934 1378:288.251    -- 0x400000 - 0x403BFF ( 30 Sectors, 15 KoB)
T0934 1378:288.268    -- Start of restoring
T0934 1378:288.283    -- Restoring RAMCode
T0934 1378:303.606    -- Restoring target memory
T0934 1378:316.358    -- Restore target
T0934 1378:367.816    -- Restore memory
T0934 1378:367.877    -- Restoring CPU registers
T0934 1378:367.935    -- End of restoring
T0934 1378:368.047    -- Bank 0 @ 0x00400000: 1 range affected (15360 bytes)
T0934 1378:368.102    -- Total: 0.579s (Prepare: 0.239s, Compare: 0.056s, Erase: 0.000s, Program & Verify: 0.213s, Restore: 0.069s)
T0934 1378:368.146    -- Program & Verify speed: 70 KB/s
T0934 1378:377.440 - 590.016ms returns 15360 (0x3C00)
T0934 1378:378.067 JLINK_ResetPullsRESET(ON)
T0934 1378:378.103 - 0.041ms
T0934 1378:378.116 JLINK_ResetNoHalt()
T0934 1378:379.406   TotalIRLen = 4, IRPrint = 0x01
T0934 1378:379.953   JTAG chain detection found 1 devices:
T0934 1378:379.993    #0 Id: 0x4BA00477, IRLen: 04, CoreSight JTAG-DP
T0934 1378:381.321   DPv0 detected
T0934 1378:381.362   AP map detection skipped. Manually configured AP map found.
T0934 1378:381.384   AP[0]: AHB-AP (IDR: Not set)
T0934 1378:382.372   AP[0]: Core found
T0934 1378:382.412   AP[0]: AHB-AP ROM base: 0xE00FF000
T0934 1378:382.958   CPUID register: 0x410FC241. Implementer code: 0x41 (ARM)
T0934 1378:382.995   Found Cortex-M4 r0p1, Little endian.
T0934 1378:383.147   -- Max. mem block: 0x00000DC0
T0934 1378:383.176   CPU_ReadMem(4 bytes @ 0xE000EDF0)
T0934 1378:383.575   CPU_ReadMem(4 bytes @ 0xE0002000)
T0934 1378:384.062   FPUnit: 6 code (BP) slots and 2 literal slots
T0934 1378:384.091   CPU_ReadMem(4 bytes @ 0xE000EDFC)
T0934 1378:384.525   CPU_ReadMem(4 bytes @ 0xE0001000)
T0934 1378:384.964   CPU_ReadMem(4 bytes @ 0xE000ED88)
T0934 1378:385.410   CPU_WriteMem(4 bytes @ 0xE000ED88)
T0934 1378:385.787   CPU_ReadMem(4 bytes @ 0xE000ED88)
T0934 1378:386.198   CPU_WriteMem(4 bytes @ 0xE000ED88)
T0934 1378:386.621   CoreSight components:
T0934 1378:386.656   ROMTbl[0] @ E00FF000
T0934 1378:386.674   CPU_ReadMem(64 bytes @ 0xE00FF000)
T0934 1378:387.747   CPU_ReadMem(32 bytes @ 0xE000EFE0)
T0934 1378:388.517   [0][0]: E000E000 CID B105E00D PID 000BB000 SCS
T0934 1378:388.558   CPU_WriteMem(4 bytes @ 0xE0001000)
T0934 1378:388.960   CPU_ReadMem(32 bytes @ 0xE0001FE0)
T0934 1378:389.796   [0][1]: E0001000 CID B105E00D PID 003BB002 DWT
T0934 1378:390.085   CPU_ReadMem(32 bytes @ 0xE0002FE0)
T0934 1378:392.032   [0][2]: E0002000 CID B105E00D PID 002BB003 FPB
T0934 1378:392.060   CPU_ReadMem(32 bytes @ 0xE0000FE0)
T0934 1378:392.793   [0][3]: E0000000 CID B105E00D PID 003BB001 ITM
T0934 1378:392.894   CPU_ReadMem(32 bytes @ 0xE0040FE0)
T0934 1378:393.624   [0][4]: E0040000 CID B105900D PID 000BB9A1 TPIU
T0934 1378:393.660   JLINK_Reset()
T0934 1378:394.051     CPU_ReadMem(16 bytes @ 0x20000000)
T0934 1378:394.545     CPU_WriteMem(16 bytes @ 0x20000000)
T0934 1378:395.063     CPU_ReadMem(4 bytes @ 0xE000EDFC)
T0934 1378:395.478     CPU_WriteMem(4 bytes @ 0xE000EDFC)
T0934 1378:395.921     CPU_ReadMem(4 bytes @ 0xE0001000)
T0934 1378:412.070     CPU_WriteMem(4 bytes @ 0xE000EDFC)
T0934 1378:412.554     CPU_WriteMem(16 bytes @ 0x20000000)
T0934 1378:415.772     CPU_WriteMem(4 bytes @ 0xE0002000)
T0934 1378:416.184     CPU_ReadMem(4 bytes @ 0xE000EDFC)
T0934 1378:416.632     CPU_ReadMem(4 bytes @ 0xE0001000)
T0934 1378:417.081   - 23.441ms
T0934 1378:417.111   JLINK_Go()
T0934 1378:417.127     CPU_ReadMem(4 bytes @ 0xE0001000)
T0934 1378:417.532     CPU_WriteMem(4 bytes @ 0xE0001004)
T0934 1378:418.486   - 1.391ms
T0934 1378:418.509 - 40.397ms
T0934 1378:434.662 JLINK_Close()
T0934 1378:466.566 - 31.935ms
T0934 1378:466.602   
T0934 1378:466.612   Closed
