T0934 1362:083.918   SEGGER J-Link V7.58e Log File
T0934 1362:084.083   DLL Compiled: Dec  7 2021 17:24:52
T0934 1362:084.135   Logging started @ 2022-08-12 19:16
T0934 1362:084.183 - 225950.486ms
T0934 1362:090.936 JLINK_ExecCommand("Device = AT91SAM4S4A", ...). 
T0934 1362:091.422   Device "ATSAM4S4A" selected.
T0934 1362:092.209 - 1.221ms returns 0x00
T0934 1362:126.189 JLINK_TIF_Select(JLINKARM_TIF_JTAG)
T0934 1362:127.400 - 1.295ms returns 0x00
T0934 1362:127.521 JLINK_ConfigJTAG(IRPre = 0, DRPre = 0)
T0934 1362:127.626 - 0.131ms
T0934 1362:127.680 JLINK_SetSpeed(4000)
T0934 1362:127.861 - 0.259ms
T0934 1362:127.978 JLINK_ResetPullsRESET(OFF)
T0934 1362:128.026 - 0.072ms
T0934 1362:128.076 JLINK_Connect()
T0934 1362:130.643   TotalIRLen = 4, IRPrint = 0x01
T0934 1362:131.493   JTAG chain detection found 1 devices:
T0934 1362:131.559    #0 Id: 0x4BA00477, IRLen: 04, CoreSight JTAG-DP
T0934 1362:133.835   DPv0 detected
T0934 1362:133.895   Scanning AP map to find all available APs
T0934 1362:134.742   AP[1]: Stopped AP scan as end of AP map has been reached
T0934 1362:134.815   AP[0]: AHB-AP (IDR: 0x24770011)
T0934 1362:134.854   Iterating through AP map to find AHB-AP to use
T0934 1362:136.051   AP[0]: Core found
T0934 1362:136.106   AP[0]: AHB-AP ROM base: 0xE00FF000
T0934 1362:136.697   CPUID register: 0x410FC241. Implementer code: 0x41 (ARM)
T0934 1362:136.836   Found Cortex-M4 r0p1, Little endian.
T0934 1362:137.358   -- Max. mem block: 0x000013C8
T0934 1362:137.601   CPU_ReadMem(4 bytes @ 0xE000EDF0)
T0934 1362:139.272   CPU_WriteMem(4 bytes @ 0xE000EDF0)
T0934 1362:139.768   CPU_ReadMem(4 bytes @ 0xE0002000)
T0934 1362:140.373   FPUnit: 6 code (BP) slots and 2 literal slots
T0934 1362:140.415   CPU_ReadMem(4 bytes @ 0xE000EDFC)
T0934 1362:141.050   CPU_WriteMem(4 bytes @ 0xE000EDFC)
T0934 1362:141.545   CPU_ReadMem(4 bytes @ 0xE0001000)
T0934 1362:142.095   CPU_WriteMem(4 bytes @ 0xE0001000)
T0934 1362:142.571   CPU_ReadMem(4 bytes @ 0xE000ED88)
T0934 1362:143.092   CPU_WriteMem(4 bytes @ 0xE000ED88)
T0934 1362:143.562   CPU_ReadMem(4 bytes @ 0xE000ED88)
T0934 1362:144.107   CPU_WriteMem(4 bytes @ 0xE000ED88)
T0934 1362:144.665   CoreSight components:
T0934 1362:144.723   ROMTbl[0] @ E00FF000
T0934 1362:144.759   CPU_ReadMem(64 bytes @ 0xE00FF000)
T0934 1362:145.641   CPU_ReadMem(32 bytes @ 0xE000EFE0)
T0934 1362:146.441   [0][0]: E000E000 CID B105E00D PID 000BB000 SCS
T0934 1362:146.482   CPU_ReadMem(32 bytes @ 0xE0001FE0)
T0934 1362:147.228   [0][1]: E0001000 CID B105E00D PID 003BB002 DWT
T0934 1362:147.271   CPU_ReadMem(32 bytes @ 0xE0002FE0)
T0934 1362:148.034   [0][2]: E0002000 CID B105E00D PID 002BB003 FPB
T0934 1362:148.076   CPU_ReadMem(32 bytes @ 0xE0000FE0)
T0934 1362:148.901   [0][3]: E0000000 CID B105E00D PID 003BB001 ITM
T0934 1362:148.996   CPU_ReadMem(32 bytes @ 0xE0040FE0)
T0934 1362:149.756   [0][4]: E0040000 CID B105900D PID 000BB9A1 TPIU
T0934 1362:149.811 - 21.744ms returns 0x00
T0934 1362:149.928 JLINK_Halt()
T0934 1362:152.903 - 3.018ms returns 0x00
T0934 1362:153.219 JLINK_BeginDownload(Flags = 0x00000000)
T0934 1362:153.244 - 0.034ms
T0934 1362:153.286 JLINK_WriteMem(0x400E0A04, 0x4 Bytes, ...)
T0934 1362:153.305   Data:  0B 01 00 5A
T0934 1362:153.712   CPU_WriteMem(4 bytes @ 0x400E0A04)
T0934 1362:154.221 - 0.961ms returns 0x4
T0934 1362:154.348 JLINK_EndDownload()
T0934 1362:154.372 - 0.032ms returns 0 (0x0)
T0934 1362:154.391 JLINK_ReadMemHW(0x400E0A08, 0x0004 Bytes, ...)
T0934 1362:154.415   CPU_ReadMem(4 bytes @ 0x400E0A08)
T0934 1362:154.984   Data:  01 00 00 00
T0934 1362:155.028 - 0.645ms returns 0
T0934 1362:155.114 JLINK_SetResetType(JLINKARM_CM3_RESET_TYPE_NORMAL)
T0934 1362:155.132 - 0.026ms returns JLINKARM_CM3_RESET_TYPE_NORMAL
T0934 1362:155.151 JLINK_Reset()
T0934 1362:155.648   CPU_ReadMem(16 bytes @ 0x20000000)
T0934 1362:156.276   CPU_WriteMem(16 bytes @ 0x20000000)
T0934 1362:156.843   CPU_ReadMem(4 bytes @ 0xE000EDFC)
T0934 1362:157.401   CPU_WriteMem(4 bytes @ 0xE000EDFC)
T0934 1362:157.844   CPU_ReadMem(4 bytes @ 0xE0001000)
T0934 1362:174.056   CPU_WriteMem(4 bytes @ 0xE000EDFC)
T0934 1362:174.555   CPU_WriteMem(16 bytes @ 0x20000000)
T0934 1362:178.131   CPU_WriteMem(4 bytes @ 0xE0002000)
T0934 1362:178.880   CPU_ReadMem(4 bytes @ 0xE000EDFC)
T0934 1362:179.452   CPU_ReadMem(4 bytes @ 0xE0001000)
T0934 1362:180.217 - 25.110ms
T0934 1362:182.323 JLINK_JTAG_GetDeviceID(DeviceIndex = 0)
T0934 1362:182.364 - 0.050ms returns 1268778103
T0934 1362:182.386 JLINK_ReadMemU32(0x400E0740, 0x1 Items)
T0934 1362:182.428   CPU_ReadMem(4 bytes @ 0x400E0740)
T0934 1362:182.980   Data:  E1 09 8B 28
T0934 1362:183.029 - 0.651ms returns 1 (0x1)
T0934 1362:183.130 JLINK_ReadMemU32(0x400E0744, 0x1 Items)
T0934 1362:183.167   CPU_ReadMem(4 bytes @ 0x400E0744)
T0934 1362:183.684   Data:  00 00 00 00
T0934 1362:183.727 - 0.605ms returns 1 (0x1)
T0934 1362:183.905 JLINK_BeginDownload(Flags = 0x00000000)
T0934 1362:183.926 - 0.029ms
T0934 1362:183.960 JLINK_WriteMem(0x400E0A04, 0x4 Bytes, ...)
T0934 1362:183.978   Data:  05 00 00 5A
T0934 1362:184.020   CPU_WriteMem(4 bytes @ 0x400E0A04)
T0934 1362:184.439 - 0.503ms returns 0x4
T0934 1362:184.597 JLINK_EndDownload()
T0934 1362:184.640 - 0.050ms returns 0 (0x0)
T0934 1362:184.660 JLINK_ReadMemHW(0x400E0A08, 0x0004 Bytes, ...)
T0934 1362:184.692   CPU_ReadMem(4 bytes @ 0x400E0A08)
T0934 1362:185.295   Data:  00 00 00 00
T0934 1362:185.341 - 0.689ms returns 0
T0934 1362:185.841 JLINK_ReadMemHW(0x400E0A08, 0x0004 Bytes, ...)
T0934 1362:185.899   CPU_ReadMem(4 bytes @ 0x400E0A08)
T0934 1362:186.462   Data:  00 00 00 00
T0934 1362:186.514 - 0.682ms returns 0
T0934 1362:191.814 JLINK_ReadMemHW(0x400E0A08, 0x0004 Bytes, ...)
T0934 1362:191.897   CPU_ReadMem(4 bytes @ 0x400E0A08)
T0934 1362:192.418   Data:  00 00 00 00
T0934 1362:192.460 - 0.655ms returns 0
T2508 1362:192.498 JLINK_IsHalted()
T2508 1362:192.542 - 0.052ms returns TRUE
T2508 1362:192.567 JLINK_GetMOEs(...)
T2508 1362:192.589   CPU_ReadMem(4 bytes @ 0xE000ED30)
T2508 1362:193.085 - 0.542ms returns 0x01
T2508 1362:193.127 JLINK_ReadReg(R15 (PC))
T2508 1362:193.153 - 0.033ms returns 0x004026F0
T0934 1362:208.819 JLINK_ReadMemHW(0x400E0A08, 0x0004 Bytes, ...)
T0934 1362:208.898   CPU_ReadMem(4 bytes @ 0x400E0A08)
T0934 1362:209.456   Data:  00 00 00 00
T0934 1362:209.518 - 0.707ms returns 0
T0934 1362:274.817 JLINK_ReadMemHW(0x400E0A08, 0x0004 Bytes, ...)
T0934 1362:274.902   CPU_ReadMem(4 bytes @ 0x400E0A08)
T0934 1362:275.532   Data:  00 00 00 00
T0934 1362:275.564 - 0.751ms returns 0
T2508 1362:393.238 JLINK_IsHalted()
T2508 1362:393.302 - 0.073ms returns TRUE
T0934 1362:532.627 JLINK_ReadMemHW(0x400E0A08, 0x0004 Bytes, ...)
T0934 1362:532.714   CPU_ReadMem(4 bytes @ 0x400E0A08)
T0934 1362:533.506   Data:  00 00 00 00
T0934 1362:533.569 - 0.951ms returns 0
T2508 1362:594.938 JLINK_IsHalted()
T2508 1362:595.023 - 0.094ms returns TRUE
T2508 1362:797.174 JLINK_IsHalted()
T2508 1362:797.941 - 0.817ms returns TRUE
T2508 1362:998.236 JLINK_IsHalted()
T2508 1362:998.302 - 0.075ms returns TRUE
T2508 1363:201.048 JLINK_IsHalted()
T2508 1363:201.216 - 0.177ms returns TRUE
T2508 1363:401.233 JLINK_IsHalted()
T2508 1363:401.722 - 0.519ms returns TRUE
T0934 1363:535.220 JLINK_ReadMemHW(0x400E0A08, 0x0004 Bytes, ...)
T0934 1363:535.298   CPU_ReadMem(4 bytes @ 0x400E0A08)
T0934 1363:535.782   Data:  01 00 00 00
T0934 1363:535.825 - 0.613ms returns 0
T2508 1363:602.348 JLINK_IsHalted()
T2508 1363:602.416 - 0.077ms returns TRUE
T0934 1363:605.101 JLINK_ResetPullsRESET(ON)
T0934 1363:605.142 - 0.050ms
T0934 1363:605.163 JLINK_ResetNoHalt()
T0934 1363:606.824   TotalIRLen = 4, IRPrint = 0x01
T0934 1363:607.458   JTAG chain detection found 1 devices:
T0934 1363:607.514    #0 Id: 0x4BA00477, IRLen: 04, CoreSight JTAG-DP
T0934 1363:609.149   DPv0 detected
T0934 1363:609.230   AP map detection skipped. Manually configured AP map found.
T0934 1363:609.268   AP[0]: AHB-AP (IDR: Not set)
T0934 1363:610.493   AP[0]: Core found
T0934 1363:610.571   AP[0]: AHB-AP ROM base: 0xE00FF000
T0934 1363:611.345   CPUID register: 0x410FC241. Implementer code: 0x41 (ARM)
T0934 1363:611.396   Found Cortex-M4 r0p1, Little endian.
T0934 1363:611.578   -- Max. mem block: 0x00000E08
T0934 1363:611.643   CPU_ReadMem(4 bytes @ 0xE000EDF0)
T0934 1363:612.171   CPU_ReadMem(4 bytes @ 0xE0002000)
T0934 1363:613.053   FPUnit: 6 code (BP) slots and 2 literal slots
T0934 1363:613.259   CPU_ReadMem(4 bytes @ 0xE000EDFC)
T0934 1363:613.778   CPU_ReadMem(4 bytes @ 0xE0001000)
T0934 1363:614.658   CPU_ReadMem(4 bytes @ 0xE000ED88)
T0934 1363:615.517   CPU_WriteMem(4 bytes @ 0xE000ED88)
T0934 1363:616.442   CPU_ReadMem(4 bytes @ 0xE000ED88)
T0934 1363:617.084   CPU_WriteMem(4 bytes @ 0xE000ED88)
T0934 1363:618.039   CoreSight components:
T0934 1363:618.168   ROMTbl[0] @ E00FF000
T0934 1363:618.204   CPU_ReadMem(64 bytes @ 0xE00FF000)
T0934 1363:619.325   CPU_ReadMem(32 bytes @ 0xE000EFE0)
T0934 1363:620.159   [0][0]: E000E000 CID B105E00D PID 000BB000 SCS
T0934 1363:620.205   CPU_WriteMem(4 bytes @ 0xE0001000)
T0934 1363:620.664   CPU_ReadMem(32 bytes @ 0xE0001FE0)
T0934 1363:621.536   [0][1]: E0001000 CID B105E00D PID 003BB002 DWT
T0934 1363:621.603   CPU_ReadMem(32 bytes @ 0xE0002FE0)
T0934 1363:622.702   [0][2]: E0002000 CID B105E00D PID 002BB003 FPB
T0934 1363:622.768   CPU_ReadMem(32 bytes @ 0xE0000FE0)
T0934 1363:623.844   [0][3]: E0000000 CID B105E00D PID 003BB001 ITM
T0934 1363:623.910   CPU_ReadMem(32 bytes @ 0xE0040FE0)
T0934 1363:625.254   [0][4]: E0040000 CID B105900D PID 000BB9A1 TPIU
T0934 1363:625.328   JLINK_Reset()
T0934 1363:625.356     CPU_ReadMem(16 bytes @ 0x20000000)
T0934 1363:625.996     CPU_WriteMem(16 bytes @ 0x20000000)
T0934 1363:626.490     CPU_ReadMem(4 bytes @ 0xE000EDFC)
T0934 1363:627.452     CPU_WriteMem(4 bytes @ 0xE000EDFC)
T0934 1363:628.322     CPU_ReadMem(4 bytes @ 0xE0001000)
T0934 1363:629.281     CPU_WriteMem(4 bytes @ 0xE0001004)
T0934 1363:645.948     CPU_WriteMem(4 bytes @ 0xE000EDFC)
T0934 1363:646.492     CPU_WriteMem(16 bytes @ 0x20000000)
T0934 1363:650.718     CPU_WriteMem(4 bytes @ 0xE0002000)
T0934 1363:651.182     CPU_ReadMem(4 bytes @ 0xE000EDFC)
T0934 1363:651.722     CPU_ReadMem(4 bytes @ 0xE0001000)
T0934 1363:652.664   - 27.389ms
T0934 1363:652.736   JLINK_Go()
T0934 1363:652.764     CPU_ReadMem(4 bytes @ 0xE0001000)
T0934 1363:653.546     CPU_WriteMem(4 bytes @ 0xE0001004)
T0934 1363:655.317   - 2.626ms
T0934 1363:655.373 - 50.218ms
T0934 1363:655.892 JLINK_TIF_Select(JLINKARM_TIF_JTAG)
T0934 1363:655.917 - 0.033ms returns 0x00
T0934 1363:655.937 JLINK_ConfigJTAG(IRPre = 0, DRPre = 0)
T0934 1363:655.954 - 0.024ms
T0934 1363:655.972 JLINK_SetSpeed(4000)
T0934 1363:656.106 - 0.149ms
T0934 1363:656.136 JLINK_ResetPullsRESET(OFF)
T0934 1363:656.152 - 0.024ms
T0934 1363:656.170 JLINK_Connect()
T0934 1363:657.727   TotalIRLen = 4, IRPrint = 0x01
T0934 1363:658.436   JTAG chain detection found 1 devices:
T0934 1363:658.494    #0 Id: 0x4BA00477, IRLen: 04, CoreSight JTAG-DP
T0934 1363:660.046   DPv0 detected
T0934 1363:660.122   AP map detection skipped. Manually configured AP map found.
T0934 1363:660.160   AP[0]: AHB-AP (IDR: Not set)
T0934 1363:661.664   AP[0]: Core found
T0934 1363:661.741   AP[0]: AHB-AP ROM base: 0xE00FF000
T0934 1363:662.385   CPUID register: 0x410FC241. Implementer code: 0x41 (ARM)
T0934 1363:662.447   Found Cortex-M4 r0p1, Little endian.
T0934 1363:662.637   -- Max. mem block: 0x00000DC0
T0934 1363:662.678   CPU_ReadMem(4 bytes @ 0xE000EDF0)
T0934 1363:663.539   CPU_ReadMem(4 bytes @ 0xE0002000)
T0934 1363:664.620   FPUnit: 6 code (BP) slots and 2 literal slots
T0934 1363:664.684   CPU_ReadMem(4 bytes @ 0xE000EDFC)
T0934 1363:665.634   CPU_ReadMem(4 bytes @ 0xE0001000)
T0934 1363:666.258   CPU_WriteMem(4 bytes @ 0xE0001000)
T0934 1363:666.752   CPU_ReadMem(4 bytes @ 0xE000ED88)
T0934 1363:667.390   CPU_WriteMem(4 bytes @ 0xE000ED88)
T0934 1363:667.975   CPU_ReadMem(4 bytes @ 0xE000ED88)
T0934 1363:668.972   CPU_WriteMem(4 bytes @ 0xE000ED88)
T0934 1363:669.626   CoreSight components:
T0934 1363:669.701   ROMTbl[0] @ E00FF000
T0934 1363:669.732   CPU_ReadMem(64 bytes @ 0xE00FF000)
T0934 1363:671.145   CPU_ReadMem(32 bytes @ 0xE000EFE0)
T0934 1363:672.303   [0][0]: E000E000 CID B105E00D PID 000BB000 SCS
T0934 1363:672.370   CPU_ReadMem(32 bytes @ 0xE0001FE0)
T0934 1363:673.456   [0][1]: E0001000 CID B105E00D PID 003BB002 DWT
T0934 1363:673.521   CPU_ReadMem(32 bytes @ 0xE0002FE0)
T0934 1363:674.286   [0][2]: E0002000 CID B105E00D PID 002BB003 FPB
T0934 1363:674.336   CPU_ReadMem(32 bytes @ 0xE0000FE0)
T0934 1363:675.435   [0][3]: E0000000 CID B105E00D PID 003BB001 ITM
T0934 1363:675.500   CPU_ReadMem(32 bytes @ 0xE0040FE0)
T0934 1363:676.230   [0][4]: E0040000 CID B105900D PID 000BB9A1 TPIU
T0934 1363:676.299 - 20.137ms returns 0x00
T0934 1363:676.430 JLINK_Halt()
T0934 1363:679.364 - 2.984ms returns 0x00
T0934 1363:679.681 JLINK_BeginDownload(Flags = 0x00000000)
T0934 1363:679.704 - 0.031ms
T0934 1363:679.746 JLINK_WriteMem(0x400E0A04, 0x4 Bytes, ...)
T0934 1363:679.763   Data:  0B 01 00 5A
T0934 1363:679.809   CPU_WriteMem(4 bytes @ 0x400E0A04)
T0934 1363:680.280 - 0.558ms returns 0x4
T0934 1363:680.374 JLINK_EndDownload()
T0934 1363:680.397 - 0.031ms returns 0 (0x0)
T0934 1363:680.416 JLINK_ReadMemHW(0x400E0A08, 0x0004 Bytes, ...)
T0934 1363:680.440   CPU_ReadMem(4 bytes @ 0x400E0A08)
T0934 1363:680.917   Data:  01 00 00 00
T0934 1363:680.948 - 0.540ms returns 0
T0934 1363:681.067 JLINK_SetResetType(JLINKARM_CM3_RESET_TYPE_NORMAL)
T0934 1363:681.088 - 0.028ms returns JLINKARM_CM3_RESET_TYPE_NORMAL
T0934 1363:681.106 JLINK_Reset()
T0934 1363:681.139   CPU_ReadMem(16 bytes @ 0x20000000)
T0934 1363:681.740   CPU_WriteMem(16 bytes @ 0x20000000)
T0934 1363:682.272   CPU_ReadMem(4 bytes @ 0xE000EDFC)
T0934 1363:682.743   CPU_WriteMem(4 bytes @ 0xE000EDFC)
T0934 1363:684.146   CPU_ReadMem(4 bytes @ 0xE0001000)
T0934 1363:700.296   CPU_WriteMem(4 bytes @ 0xE000EDFC)
T0934 1363:700.780   CPU_WriteMem(16 bytes @ 0x20000000)
T0934 1363:704.852   CPU_WriteMem(4 bytes @ 0xE0002000)
T0934 1363:705.354   CPU_ReadMem(4 bytes @ 0xE000EDFC)
T0934 1363:706.110   CPU_ReadMem(4 bytes @ 0xE0001000)
T0934 1363:706.647 - 25.567ms
T0934 1363:709.270 JLINK_JTAG_GetDeviceID(DeviceIndex = 0)
T0934 1363:709.324 - 0.062ms returns 1268778103
T0934 1363:709.345 JLINK_ReadMemU32(0x400E0740, 0x1 Items)
T0934 1363:709.387   CPU_ReadMem(4 bytes @ 0x400E0740)
T0934 1363:709.961   Data:  E1 09 8B 28
T0934 1363:710.007 - 0.670ms returns 1 (0x1)
T0934 1363:710.087 JLINK_ReadMemU32(0x400E0744, 0x1 Items)
T0934 1363:710.122   CPU_ReadMem(4 bytes @ 0x400E0744)
T0934 1363:710.649   Data:  00 00 00 00
T0934 1363:710.691 - 0.612ms returns 1 (0x1)
T2820 1363:720.040 JLINK_IsHalted()
T2820 1363:720.095 - 0.064ms returns TRUE
T2820 1363:720.117 JLINK_GetMOEs(...)
T2820 1363:720.143   CPU_ReadMem(4 bytes @ 0xE000ED30)
T2820 1363:720.774 - 0.682ms returns 0x01
T2820 1363:720.819 JLINK_ReadReg(R15 (PC))
T2820 1363:720.845 - 0.034ms returns 0xFFFFFFFE
T0934 1363:748.637 JLINK_BeginDownload(Flags = 0x00000000)
T0934 1363:748.682 - 0.054ms
T0934 1363:748.722 JLINK_WriteMem(0x00400000, 0x3684 Bytes, ...)
T0934 1363:748.744   Data:  98 9F 00 20 F1 26 40 00 ED 26 40 00 ED 26 40 00 ...
T0934 1363:749.121   completely In flash
T0934 1363:749.153 - 0.439ms returns 0x3684
T0934 1363:749.464 JLINK_WriteMem(0x00403684, 0x4EC Bytes, ...)
T0934 1363:749.485   Data:  A1 01 40 00 ED 01 40 00 21 02 40 00 1D 02 40 00 ...
T0934 1363:749.509   completely In flash
T0934 1363:749.523 - 0.064ms returns 0x4EC
T2820 1363:922.044 JLINK_IsHalted()
T2820 1363:922.117 - 0.082ms returns TRUE
T0934 1363:923.234 JLINK_EndDownload()
T0934 1363:923.533   CPU_ReadMem(4 bytes @ 0xE000ED90)
T0934 1363:924.138   CPU_ReadMem(4 bytes @ 0xE000ED94)
T0934 1363:924.705    -- --------------------------------------
T0934 1363:924.750   Flash bank @ 0x00400000: Default: L2 verify disabled because algorithm performs L1 verify
T0934 1363:924.774    -- Start of determining dirty areas in flash cache
T0934 1363:924.875    -- End of determining dirty areas
T0934 1363:925.026    -- Start of preparing flash programming
T0934 1363:925.051    -- Calculating RAM usage
T0934 1363:925.091    -- RAM usage = 2892 Bytes
T0934 1363:925.114    -- Preserving CPU registers
T0934 1363:925.167    -- Preparing memory
T0934 1363:925.191    -- Preparing target
T0934 1364:085.026    -- Preserving target RAM temporarily used for programming
T0934 1364:098.563    -- Downloading RAMCode
T0934 1364:113.581    -- Preparing RAMCode
T0934 1364:121.031    -- Checking target RAM
T0934 1364:122.533    -- End of preparing flash programming
T0934 1364:122.926   Looking for J-Link GUI Server exe at: C:\Program Files (x86)\Atmel\Studio\7.0\atbackend\JLinkGUIServer.exe
T0934 1364:123.111   Looking for J-Link GUI Server exe at: C:\Program Files\SEGGER\JLink\JLinkGUIServer.exe
T0934 1364:123.206   Forking J-Link GUI Server: C:\Program Files\SEGGER\JLink\JLinkGUIServer.exe
T0934 1364:166.076   J-Link GUI Server info: "J-Link GUI server V7.58e "
T0934 1364:203.919    -- CPU is running at 90000 kHz.
T0934 1364:203.984    -- Start of comparing flash
T0934 1364:204.011    -- CRC check was estimated as fastest method
T0934 1364:314.898    -- Comparing range 0x400000 - 0x403BFF (30 Sectors, 15 KB), using multi-block CRC calculation
T0934 1364:343.412    -- CRC does not match for sectors 0-29
T0934 1364:343.477    -- End of comparing flash
T0934 1364:343.503    -- Start of erasing sectors
T0934 1364:343.526    -- End of erasing sectors
T0934 1364:343.558    -- Start of flash programming
T0934 1364:343.585    -- Programming range 0x00400000 - 0x00403BFF ( 30 Sectors, 15 KB)
T0934 1364:593.692    -- End of flash programming
T0934 1364:593.723    -- 0x400000 - 0x403BFF ( 30 Sectors, 15 KoB)
T0934 1364:593.739    -- Start of restoring
T0934 1364:593.754    -- Restoring RAMCode
T0934 1364:611.756    -- Restoring target memory
T0934 1364:624.428    -- Restore target
T0934 1364:675.589    -- Restore memory
T0934 1364:675.640    -- Restoring CPU registers
T0934 1364:675.689    -- End of restoring
T0934 1364:675.791    -- Bank 0 @ 0x00400000: 1 range affected (15360 bytes)
T0934 1364:675.841    -- Total: 0.750s (Prepare: 0.278s, Compare: 0.139s, Erase: 0.000s, Program & Verify: 0.262s, Restore: 0.069s)
T0934 1364:675.875    -- Program & Verify speed: 57 KB/s
T0934 1364:682.910 - 759.702ms returns 15360 (0x3C00)
T0934 1364:683.300 JLINK_ResetPullsRESET(ON)
T0934 1364:683.342 - 0.052ms
T0934 1364:683.364 JLINK_ResetNoHalt()
T0934 1364:684.672   TotalIRLen = 4, IRPrint = 0x01
T0934 1364:685.174   JTAG chain detection found 1 devices:
T0934 1364:685.283    #0 Id: 0x4BA00477, IRLen: 04, CoreSight JTAG-DP
T0934 1364:686.555   DPv0 detected
T0934 1364:686.595   AP map detection skipped. Manually configured AP map found.
T0934 1364:686.617   AP[0]: AHB-AP (IDR: Not set)
T0934 1364:687.569   AP[0]: Core found
T0934 1364:687.606   AP[0]: AHB-AP ROM base: 0xE00FF000
T0934 1364:688.104   CPUID register: 0x410FC241. Implementer code: 0x41 (ARM)
T0934 1364:688.159   Found Cortex-M4 r0p1, Little endian.
T0934 1364:688.344   -- Max. mem block: 0x00000DC0
T0934 1364:688.374   CPU_ReadMem(4 bytes @ 0xE000EDF0)
T0934 1364:688.765   CPU_ReadMem(4 bytes @ 0xE0002000)
T0934 1364:689.232   FPUnit: 6 code (BP) slots and 2 literal slots
T0934 1364:689.254   CPU_ReadMem(4 bytes @ 0xE000EDFC)
T0934 1364:689.660   CPU_ReadMem(4 bytes @ 0xE0001000)
T0934 1364:690.070   CPU_ReadMem(4 bytes @ 0xE000ED88)
T0934 1364:690.479   CPU_WriteMem(4 bytes @ 0xE000ED88)
T0934 1364:690.926   CPU_ReadMem(4 bytes @ 0xE000ED88)
T0934 1364:691.362   CPU_WriteMem(4 bytes @ 0xE000ED88)
T0934 1364:691.760   CoreSight components:
T0934 1364:691.791   ROMTbl[0] @ E00FF000
T0934 1364:691.807   CPU_ReadMem(64 bytes @ 0xE00FF000)
T0934 1364:692.857   CPU_ReadMem(32 bytes @ 0xE000EFE0)
T0934 1364:693.667   [0][0]: E000E000 CID B105E00D PID 000BB000 SCS
T0934 1364:693.704   CPU_WriteMem(4 bytes @ 0xE0001000)
T0934 1364:694.163   CPU_ReadMem(32 bytes @ 0xE0001FE0)
T0934 1364:694.816   [0][1]: E0001000 CID B105E00D PID 003BB002 DWT
T0934 1364:694.947   CPU_ReadMem(32 bytes @ 0xE0002FE0)
T0934 1364:695.604   [0][2]: E0002000 CID B105E00D PID 002BB003 FPB
T0934 1364:695.632   CPU_ReadMem(32 bytes @ 0xE0000FE0)
T0934 1364:696.254   [0][3]: E0000000 CID B105E00D PID 003BB001 ITM
T0934 1364:696.279   CPU_ReadMem(32 bytes @ 0xE0040FE0)
T0934 1364:696.889   [0][4]: E0040000 CID B105900D PID 000BB9A1 TPIU
T0934 1364:696.921   JLINK_Reset()
T0934 1364:697.280     CPU_ReadMem(16 bytes @ 0x20000000)
T0934 1364:697.765     CPU_WriteMem(16 bytes @ 0x20000000)
T0934 1364:698.224     CPU_ReadMem(4 bytes @ 0xE000EDFC)
T0934 1364:698.637     CPU_WriteMem(4 bytes @ 0xE000EDFC)
T0934 1364:699.016     CPU_ReadMem(4 bytes @ 0xE0001000)
T0934 1364:716.025     CPU_WriteMem(4 bytes @ 0xE000EDFC)
T0934 1364:716.417     CPU_WriteMem(16 bytes @ 0x20000000)
T0934 1364:719.668     CPU_WriteMem(4 bytes @ 0xE0002000)
T0934 1364:720.069     CPU_ReadMem(4 bytes @ 0xE000EDFC)
T0934 1364:720.477     CPU_ReadMem(4 bytes @ 0xE0001000)
T0934 1364:720.911   - 24.004ms
T0934 1364:720.935   JLINK_Go()
T0934 1364:720.951     CPU_ReadMem(4 bytes @ 0xE0001000)
T0934 1364:721.339     CPU_WriteMem(4 bytes @ 0xE0001004)
T0934 1364:722.277   - 1.370ms
T0934 1364:722.312 - 38.953ms
T0934 1364:737.443 JLINK_Close()
T0934 1364:760.385 - 22.973ms
T0934 1364:760.421   
T0934 1364:760.431   Closed
