T62A0 14718:418.149   SEGGER J-Link V7.58e Log File
T62A0 14718:418.285   DLL Compiled: Dec  7 2021 17:24:52
T62A0 14718:418.316   Logging started @ 2022-05-07 11:21
T62A0 14718:418.343 - 160632.020ms
T62A0 14718:422.544 JLINK_ExecCommand("Device = AT91SAM4S4B", ...). 
T62A0 14718:422.856   Device "ATSAM4S4B" selected.
T62A0 14718:423.365 - 0.781ms returns 0x00
T62A0 14718:451.721 JLINK_TIF_Select(JLINKARM_TIF_JTAG)
T62A0 14718:452.488 - 0.845ms returns 0x00
T62A0 14718:452.606 JLINK_ConfigJTAG(IRPre = 0, DRPre = 0)
T62A0 14718:452.714 - 0.137ms
T62A0 14718:452.774 JLINK_SetSpeed(4000)
T62A0 14718:452.941 - 0.223ms
T62A0 14718:453.033 JLINK_ResetPullsRESET(OFF)
T62A0 14718:453.087 - 0.076ms
T62A0 14718:453.124 JLINK_Connect()
T62A0 14718:454.877   TotalIRLen = 4, IRPrint = 0x01
T62A0 14718:455.394   JTAG chain detection found 1 devices:
T62A0 14718:455.426    #0 Id: 0x4BA00477, IRLen: 04, CoreSight JTAG-DP
T62A0 14718:457.461   DPv0 detected
T62A0 14718:457.535   Scanning AP map to find all available APs
T62A0 14718:458.268   AP[1]: Stopped AP scan as end of AP map has been reached
T62A0 14718:458.300   AP[0]: AHB-AP (IDR: 0x24770011)
T62A0 14718:458.323   Iterating through AP map to find AHB-AP to use
T62A0 14718:459.304   AP[0]: Core found
T62A0 14718:459.335   AP[0]: AHB-AP ROM base: 0xE00FF000
T62A0 14718:459.791   CPUID register: 0x410FC241. Implementer code: 0x41 (ARM)
T62A0 14718:459.821   Found Cortex-M4 r0p1, Little endian.
T62A0 14718:460.161   -- Max. mem block: 0x000013C8
T62A0 14718:460.290   CPU_ReadMem(4 bytes @ 0xE000EDF0)
T62A0 14718:461.964   CPU_WriteMem(4 bytes @ 0xE000EDF0)
T62A0 14718:462.380   CPU_ReadMem(4 bytes @ 0xE0002000)
T62A0 14718:462.833   FPUnit: 6 code (BP) slots and 2 literal slots
T62A0 14718:462.855   CPU_ReadMem(4 bytes @ 0xE000EDFC)
T62A0 14718:463.299   CPU_WriteMem(4 bytes @ 0xE000EDFC)
T62A0 14718:463.716   CPU_ReadMem(4 bytes @ 0xE0001000)
T62A0 14718:464.194   CPU_WriteMem(4 bytes @ 0xE0001000)
T62A0 14718:464.567   CPU_ReadMem(4 bytes @ 0xE000ED88)
T62A0 14718:464.991   CPU_WriteMem(4 bytes @ 0xE000ED88)
T62A0 14718:465.413   CPU_ReadMem(4 bytes @ 0xE000ED88)
T62A0 14718:465.895   CPU_WriteMem(4 bytes @ 0xE000ED88)
T62A0 14718:466.292   CoreSight components:
T62A0 14718:466.322   ROMTbl[0] @ E00FF000
T62A0 14718:466.338   CPU_ReadMem(64 bytes @ 0xE00FF000)
T62A0 14718:467.100   CPU_ReadMem(32 bytes @ 0xE000EFE0)
T62A0 14718:467.770   [0][0]: E000E000 CID B105E00D PID 000BB000 SCS
T62A0 14718:467.815   CPU_ReadMem(32 bytes @ 0xE0001FE0)
T62A0 14718:468.439   [0][1]: E0001000 CID B105E00D PID 003BB002 DWT
T62A0 14718:468.466   CPU_ReadMem(32 bytes @ 0xE0002FE0)
T62A0 14718:469.091   [0][2]: E0002000 CID B105E00D PID 002BB003 FPB
T62A0 14718:469.115   CPU_ReadMem(32 bytes @ 0xE0000FE0)
T62A0 14718:469.869   [0][3]: E0000000 CID B105E00D PID 003BB001 ITM
T62A0 14718:469.908   CPU_ReadMem(32 bytes @ 0xE0040FE0)
T62A0 14718:470.833   [0][4]: E0040000 CID B105900D PID 000BB9A1 TPIU
T62A0 14718:470.875 - 17.755ms returns 0x00
T62A0 14718:471.068 JLINK_Halt()
T62A0 14718:474.005 - 2.968ms returns 0x00
T62A0 14718:474.373 JLINK_BeginDownload(Flags = 0x00000000)
T62A0 14718:474.462 - 0.097ms
T62A0 14718:474.528 JLINK_WriteMem(0x400E0A04, 0x4 Bytes, ...)
T62A0 14718:474.539   Data:  0B 01 00 5A
T62A0 14718:474.833   CPU_WriteMem(4 bytes @ 0x400E0A04)
T62A0 14718:475.204 - 0.690ms returns 0x4
T62A0 14718:475.282 JLINK_EndDownload()
T62A0 14718:475.297 - 0.019ms returns 0 (0x0)
T62A0 14718:475.308 JLINK_ReadMemHW(0x400E0A08, 0x0004 Bytes, ...)
T62A0 14718:475.322   CPU_ReadMem(4 bytes @ 0x400E0A08)
T62A0 14718:475.718   Data:  01 00 00 00
T62A0 14718:475.745 - 0.442ms returns 0
T62A0 14718:475.815 JLINK_SetResetType(JLINKARM_CM3_RESET_TYPE_NORMAL)
T62A0 14718:475.827 - 0.016ms returns JLINKARM_CM3_RESET_TYPE_NORMAL
T62A0 14718:475.838 JLINK_Reset()
T62A0 14718:476.226   CPU_ReadMem(16 bytes @ 0x20000000)
T62A0 14718:476.709   CPU_WriteMem(16 bytes @ 0x20000000)
T62A0 14718:477.211   CPU_ReadMem(4 bytes @ 0xE000EDFC)
T62A0 14718:477.634   CPU_WriteMem(4 bytes @ 0xE000EDFC)
T62A0 14718:478.136   CPU_ReadMem(4 bytes @ 0xE0001000)
T62A0 14718:494.393   CPU_WriteMem(4 bytes @ 0xE000EDFC)
T62A0 14718:494.975   CPU_WriteMem(16 bytes @ 0x20000000)
T62A0 14718:498.369   CPU_WriteMem(4 bytes @ 0xE0002000)
T62A0 14718:499.052   CPU_ReadMem(4 bytes @ 0xE000EDFC)
T62A0 14718:499.856   CPU_ReadMem(4 bytes @ 0xE0001000)
T62A0 14718:501.275 - 25.466ms
T04E0 14718:501.543 JLINK_EMU_GetList(InterfaceMask = 0x00000001, MaxInfos = 0x00000032) 
T04E0 14718:502.326   [0]: USB, S/N: 801028741
T04E0 14718:502.350 - 0.812ms returns 1
T04E0 14718:502.442 JLINK_EMU_GetList(InterfaceMask = 0x00000002, MaxInfos = 0x00000032) 
T04E0 14718:615.259 - 112.852ms returns 0
T62A0 14718:615.382 JLINK_JTAG_GetDeviceID(DeviceIndex = 0)
T62A0 14718:615.406 - 0.028ms returns 1268778103
T62A0 14718:615.427 JLINK_ReadMemU32(0x400E0740, 0x1 Items)
T62A0 14718:615.458   CPU_ReadMem(4 bytes @ 0x400E0740)
T62A0 14718:615.914   Data:  E1 09 9B 28
T62A0 14718:615.936 - 0.514ms returns 1 (0x1)
T6BCC 14718:615.975 JLINK_IsHalted()
T6BCC 14718:616.016 - 0.052ms returns TRUE
T6BCC 14718:616.052 JLINK_GetMOEs(...)
T6BCC 14718:616.077   CPU_ReadMem(4 bytes @ 0xE000ED30)
T6BCC 14718:616.538 - 0.506ms returns 0x01
T6BCC 14718:616.577 JLINK_ReadReg(R15 (PC))
T6BCC 14718:616.594 - 0.021ms returns 0x004027B4
T62A0 14718:616.610 JLINK_ReadMemU32(0x400E0744, 0x1 Items)
T62A0 14718:616.645   CPU_ReadMem(4 bytes @ 0x400E0744)
T62A0 14718:617.054   Data:  00 00 00 00
T62A0 14718:617.083 - 0.478ms returns 1 (0x1)
T62A0 14718:617.384 JLINK_BeginDownload(Flags = 0x00000000)
T62A0 14718:617.408 - 0.029ms
T62A0 14718:617.445 JLINK_WriteMem(0x400E0A04, 0x4 Bytes, ...)
T62A0 14718:617.458   Data:  05 00 00 5A
T62A0 14718:617.490   CPU_WriteMem(4 bytes @ 0x400E0A04)
T62A0 14718:617.910 - 0.484ms returns 0x4
T62A0 14718:617.986 JLINK_EndDownload()
T62A0 14718:618.002 - 0.020ms returns 0 (0x0)
T62A0 14718:618.013 JLINK_ReadMemHW(0x400E0A08, 0x0004 Bytes, ...)
T62A0 14718:618.028   CPU_ReadMem(4 bytes @ 0x400E0A08)
T62A0 14718:618.436   Data:  00 00 00 00
T62A0 14718:618.461 - 0.453ms returns 0
T62A0 14718:621.205 JLINK_ReadMemHW(0x400E0A08, 0x0004 Bytes, ...)
T62A0 14718:621.236   CPU_ReadMem(4 bytes @ 0x400E0A08)
T62A0 14718:621.673   Data:  00 00 00 00
T62A0 14718:621.714 - 0.518ms returns 0
T62A0 14718:625.257 JLINK_ReadMemHW(0x400E0A08, 0x0004 Bytes, ...)
T62A0 14718:625.331   CPU_ReadMem(4 bytes @ 0x400E0A08)
T62A0 14718:625.785   Data:  00 00 00 00
T62A0 14718:625.806 - 0.554ms returns 0
T62A0 14718:642.241 JLINK_ReadMemHW(0x400E0A08, 0x0004 Bytes, ...)
T62A0 14718:642.310   CPU_ReadMem(4 bytes @ 0x400E0A08)
T62A0 14718:642.731   Data:  00 00 00 00
T62A0 14718:642.752 - 0.516ms returns 0
T62A0 14718:706.493 JLINK_ReadMemHW(0x400E0A08, 0x0004 Bytes, ...)
T62A0 14718:706.551   CPU_ReadMem(4 bytes @ 0x400E0A08)
T62A0 14718:707.020   Data:  00 00 00 00
T62A0 14718:707.065 - 0.581ms returns 0
T6BCC 14718:816.849 JLINK_IsHalted()
T6BCC 14718:816.907 - 0.066ms returns TRUE
T62A0 14718:963.440 JLINK_ReadMemHW(0x400E0A08, 0x0004 Bytes, ...)
T62A0 14718:963.593   CPU_ReadMem(4 bytes @ 0x400E0A08)
T62A0 14718:964.109   Data:  00 00 00 00
T62A0 14718:964.155 - 0.725ms returns 0
T6BCC 14719:017.481 JLINK_IsHalted()
T6BCC 14719:018.432 - 0.986ms returns TRUE
T6BCC 14719:220.531 JLINK_IsHalted()
T6BCC 14719:220.583 - 0.059ms returns TRUE
T6BCC 14719:421.401 JLINK_IsHalted()
T6BCC 14719:421.454 - 0.061ms returns TRUE
T6BCC 14719:623.975 JLINK_IsHalted()
T6BCC 14719:624.408 - 0.448ms returns TRUE
T04E0 14719:653.678 JLINK_EMU_GetList(InterfaceMask = 0x00000001, MaxInfos = 0x00000032) 
T04E0 14719:654.697   [0]: USB, S/N: 801028741
T04E0 14719:654.722 - 1.049ms returns 1
T04E0 14719:654.805 JLINK_EMU_GetList(InterfaceMask = 0x00000002, MaxInfos = 0x00000032) 
T04E0 14719:768.335 - 113.558ms returns 0
T6BCC 14719:824.222 JLINK_IsHalted()
T6BCC 14719:824.255 - 0.038ms returns TRUE
T62A0 14719:964.067 JLINK_ReadMemHW(0x400E0A08, 0x0004 Bytes, ...)
T62A0 14719:964.250   CPU_ReadMem(4 bytes @ 0x400E0A08)
T62A0 14719:964.703   Data:  01 00 00 00
T62A0 14719:964.726 - 0.664ms returns 0
T6BCC 14720:024.413 JLINK_IsHalted()
T6BCC 14720:024.447 - 0.039ms returns TRUE
T62A0 14720:025.174 JLINK_ResetPullsRESET(ON)
T62A0 14720:025.199 - 0.030ms
T62A0 14720:025.211 JLINK_ResetNoHalt()
T62A0 14720:026.734   TotalIRLen = 4, IRPrint = 0x01
T62A0 14720:027.237   JTAG chain detection found 1 devices:
T62A0 14720:027.274    #0 Id: 0x4BA00477, IRLen: 04, CoreSight JTAG-DP
T62A0 14720:028.595   DPv0 detected
T62A0 14720:028.633   AP map detection skipped. Manually configured AP map found.
T62A0 14720:028.658   AP[0]: AHB-AP (IDR: Not set)
T62A0 14720:029.710   AP[0]: Core found
T62A0 14720:029.746   AP[0]: AHB-AP ROM base: 0xE00FF000
T62A0 14720:030.245   CPUID register: 0x410FC241. Implementer code: 0x41 (ARM)
T62A0 14720:030.278   Found Cortex-M4 r0p1, Little endian.
T62A0 14720:030.551   -- Max. mem block: 0x00000E08
T62A0 14720:030.584   CPU_ReadMem(4 bytes @ 0xE000EDF0)
T62A0 14720:031.015   CPU_ReadMem(4 bytes @ 0xE0002000)
T62A0 14720:031.513   FPUnit: 6 code (BP) slots and 2 literal slots
T62A0 14720:031.539   CPU_ReadMem(4 bytes @ 0xE000EDFC)
T62A0 14720:031.948   CPU_ReadMem(4 bytes @ 0xE0001000)
T62A0 14720:032.391   CPU_ReadMem(4 bytes @ 0xE000ED88)
T62A0 14720:032.899   CPU_WriteMem(4 bytes @ 0xE000ED88)
T62A0 14720:033.283   CPU_ReadMem(4 bytes @ 0xE000ED88)
T62A0 14720:033.718   CPU_WriteMem(4 bytes @ 0xE000ED88)
T62A0 14720:034.185   CoreSight components:
T62A0 14720:034.222   ROMTbl[0] @ E00FF000
T62A0 14720:034.241   CPU_ReadMem(64 bytes @ 0xE00FF000)
T62A0 14720:035.306   CPU_ReadMem(32 bytes @ 0xE000EFE0)
T62A0 14720:035.990   [0][0]: E000E000 CID B105E00D PID 000BB000 SCS
T62A0 14720:036.025   CPU_WriteMem(4 bytes @ 0xE0001000)
T62A0 14720:036.436   CPU_ReadMem(32 bytes @ 0xE0001FE0)
T62A0 14720:037.095   [0][1]: E0001000 CID B105E00D PID 003BB002 DWT
T62A0 14720:037.121   CPU_ReadMem(32 bytes @ 0xE0002FE0)
T62A0 14720:037.758   [0][2]: E0002000 CID B105E00D PID 002BB003 FPB
T62A0 14720:037.788   CPU_ReadMem(32 bytes @ 0xE0000FE0)
T62A0 14720:038.440   [0][3]: E0000000 CID B105E00D PID 003BB001 ITM
T62A0 14720:038.463   CPU_ReadMem(32 bytes @ 0xE0040FE0)
T62A0 14720:039.093   [0][4]: E0040000 CID B105900D PID 000BB9A1 TPIU
T62A0 14720:039.129   JLINK_Reset()
T62A0 14720:039.147     CPU_ReadMem(16 bytes @ 0x20000000)
T62A0 14720:039.661     CPU_WriteMem(16 bytes @ 0x20000000)
T62A0 14720:040.222     CPU_ReadMem(4 bytes @ 0xE000EDFC)
T62A0 14720:040.666     CPU_WriteMem(4 bytes @ 0xE000EDFC)
T62A0 14720:041.058     CPU_ReadMem(4 bytes @ 0xE0001000)
T62A0 14720:041.500     CPU_WriteMem(4 bytes @ 0xE0001004)
T62A0 14720:056.425     CPU_WriteMem(4 bytes @ 0xE000EDFC)
T62A0 14720:056.928     CPU_WriteMem(16 bytes @ 0x20000000)
T62A0 14720:060.587     CPU_WriteMem(4 bytes @ 0xE0002000)
T62A0 14720:060.997     CPU_ReadMem(4 bytes @ 0xE000EDFC)
T62A0 14720:061.438     CPU_ReadMem(4 bytes @ 0xE0001000)
T62A0 14720:061.906   - 22.793ms
T62A0 14720:061.932   JLINK_Go()
T62A0 14720:061.950     CPU_ReadMem(4 bytes @ 0xE0001000)
T62A0 14720:062.372     CPU_WriteMem(4 bytes @ 0xE0001004)
T62A0 14720:063.342   - 1.429ms
T62A0 14720:063.369 - 38.162ms
T62A0 14720:063.741 JLINK_TIF_Select(JLINKARM_TIF_JTAG)
T62A0 14720:063.765 - 0.029ms returns 0x00
T62A0 14720:063.778 JLINK_ConfigJTAG(IRPre = 0, DRPre = 0)
T62A0 14720:063.787 - 0.014ms
T62A0 14720:063.798 JLINK_SetSpeed(4000)
T62A0 14720:063.902 - 0.111ms
T62A0 14720:063.916 JLINK_ResetPullsRESET(OFF)
T62A0 14720:063.926 - 0.014ms
T62A0 14720:063.936 JLINK_Connect()
T62A0 14720:065.291   TotalIRLen = 4, IRPrint = 0x01
T62A0 14720:065.972   JTAG chain detection found 1 devices:
T62A0 14720:066.011    #0 Id: 0x4BA00477, IRLen: 04, CoreSight JTAG-DP
T62A0 14720:068.085   DPv0 detected
T62A0 14720:068.154   AP map detection skipped. Manually configured AP map found.
T62A0 14720:068.229   AP[0]: AHB-AP (IDR: Not set)
T62A0 14720:069.205   AP[0]: Core found
T62A0 14720:069.245   AP[0]: AHB-AP ROM base: 0xE00FF000
T62A0 14720:069.737   CPUID register: 0x410FC241. Implementer code: 0x41 (ARM)
T62A0 14720:069.774   Found Cortex-M4 r0p1, Little endian.
T62A0 14720:069.920   -- Max. mem block: 0x00000DC0
T62A0 14720:069.950   CPU_ReadMem(4 bytes @ 0xE000EDF0)
T62A0 14720:070.410   CPU_ReadMem(4 bytes @ 0xE0002000)
T62A0 14720:070.947   FPUnit: 6 code (BP) slots and 2 literal slots
T62A0 14720:070.973   CPU_ReadMem(4 bytes @ 0xE000EDFC)
T62A0 14720:071.519   CPU_ReadMem(4 bytes @ 0xE0001000)
T62A0 14720:071.969   CPU_WriteMem(4 bytes @ 0xE0001000)
T62A0 14720:072.360   CPU_ReadMem(4 bytes @ 0xE000ED88)
T62A0 14720:072.767   CPU_WriteMem(4 bytes @ 0xE000ED88)
T62A0 14720:073.156   CPU_ReadMem(4 bytes @ 0xE000ED88)
T62A0 14720:073.589   CPU_WriteMem(4 bytes @ 0xE000ED88)
T62A0 14720:074.038   CoreSight components:
T62A0 14720:074.075   ROMTbl[0] @ E00FF000
T62A0 14720:074.095   CPU_ReadMem(64 bytes @ 0xE00FF000)
T62A0 14720:075.349   CPU_ReadMem(32 bytes @ 0xE000EFE0)
T62A0 14720:076.032   [0][0]: E000E000 CID B105E00D PID 000BB000 SCS
T62A0 14720:076.057   CPU_ReadMem(32 bytes @ 0xE0001FE0)
T62A0 14720:076.698   [0][1]: E0001000 CID B105E00D PID 003BB002 DWT
T62A0 14720:076.748   CPU_ReadMem(32 bytes @ 0xE0002FE0)
T62A0 14720:077.373   [0][2]: E0002000 CID B105E00D PID 002BB003 FPB
T62A0 14720:077.397   CPU_ReadMem(32 bytes @ 0xE0000FE0)
T62A0 14720:078.020   [0][3]: E0000000 CID B105E00D PID 003BB001 ITM
T62A0 14720:078.044   CPU_ReadMem(32 bytes @ 0xE0040FE0)
T62A0 14720:078.683   [0][4]: E0040000 CID B105900D PID 000BB9A1 TPIU
T62A0 14720:078.713 - 14.782ms returns 0x00
T62A0 14720:078.752 JLINK_Halt()
T62A0 14720:081.535 - 2.800ms returns 0x00
T62A0 14720:081.711 JLINK_BeginDownload(Flags = 0x00000000)
T62A0 14720:081.725 - 0.019ms
T62A0 14720:081.751 JLINK_WriteMem(0x400E0A04, 0x4 Bytes, ...)
T62A0 14720:081.761   Data:  0B 01 00 5A
T62A0 14720:081.791   CPU_WriteMem(4 bytes @ 0x400E0A04)
T62A0 14720:082.190 - 0.458ms returns 0x4
T62A0 14720:082.296 JLINK_EndDownload()
T62A0 14720:082.322 - 0.031ms returns 0 (0x0)
T62A0 14720:082.336 JLINK_ReadMemHW(0x400E0A08, 0x0004 Bytes, ...)
T62A0 14720:082.354   CPU_ReadMem(4 bytes @ 0x400E0A08)
T62A0 14720:082.767   Data:  01 00 00 00
T62A0 14720:082.789 - 0.457ms returns 0
T62A0 14720:082.855 JLINK_SetResetType(JLINKARM_CM3_RESET_TYPE_NORMAL)
T62A0 14720:082.867 - 0.016ms returns JLINKARM_CM3_RESET_TYPE_NORMAL
T62A0 14720:082.878 JLINK_Reset()
T62A0 14720:082.900   CPU_ReadMem(16 bytes @ 0x20000000)
T62A0 14720:083.414   CPU_WriteMem(16 bytes @ 0x20000000)
T62A0 14720:083.896   CPU_ReadMem(4 bytes @ 0xE000EDFC)
T62A0 14720:084.363   CPU_WriteMem(4 bytes @ 0xE000EDFC)
T62A0 14720:084.759   CPU_ReadMem(4 bytes @ 0xE0001000)
T62A0 14720:099.730   CPU_WriteMem(4 bytes @ 0xE000EDFC)
T62A0 14720:100.140   CPU_WriteMem(16 bytes @ 0x20000000)
T62A0 14720:103.367   CPU_WriteMem(4 bytes @ 0xE0002000)
T62A0 14720:103.749   CPU_ReadMem(4 bytes @ 0xE000EDFC)
T62A0 14720:104.180   CPU_ReadMem(4 bytes @ 0xE0001000)
T62A0 14720:104.627 - 21.764ms
T62A0 14720:106.123 JLINK_JTAG_GetDeviceID(DeviceIndex = 0)
T62A0 14720:106.142 - 0.024ms returns 1268778103
T62A0 14720:106.155 JLINK_ReadMemU32(0x400E0740, 0x1 Items)
T62A0 14720:106.182   CPU_ReadMem(4 bytes @ 0x400E0740)
T62A0 14720:106.612   Data:  E1 09 9B 28
T62A0 14720:106.630 - 0.480ms returns 1 (0x1)
T62A0 14720:106.701 JLINK_ReadMemU32(0x400E0744, 0x1 Items)
T62A0 14720:106.718   CPU_ReadMem(4 bytes @ 0x400E0744)
T62A0 14720:107.186   Data:  00 00 00 00
T62A0 14720:107.210 - 0.514ms returns 1 (0x1)
T2780 14720:116.049 JLINK_IsHalted()
T2780 14720:116.092 - 0.067ms returns TRUE
T2780 14720:116.106 JLINK_GetMOEs(...)
T2780 14720:116.123   CPU_ReadMem(4 bytes @ 0xE000ED30)
T2780 14720:116.584 - 0.493ms returns 0x01
T2780 14720:116.610 JLINK_ReadReg(R15 (PC))
T2780 14720:116.628 - 0.023ms returns 0xFFFFFFFE
T62A0 14720:127.545 JLINK_BeginDownload(Flags = 0x00000000)
T62A0 14720:127.574 - 0.034ms
T62A0 14720:127.602 JLINK_WriteMem(0x00400000, 0x3380 Bytes, ...)
T62A0 14720:127.690   Data:  70 4B 00 20 B5 27 40 00 B1 27 40 00 B1 27 40 00 ...
T62A0 14720:127.941   completely In flash
T62A0 14720:127.986 - 0.389ms returns 0x3380
T62A0 14720:128.275 JLINK_WriteMem(0x00403380, 0x4D4 Bytes, ...)
T62A0 14720:128.292   Data:  39 01 40 00 85 01 40 00 B9 01 40 00 B5 01 40 00 ...
T62A0 14720:128.314   completely In flash
T62A0 14720:128.329 - 0.058ms returns 0x4D4
T2780 14720:318.559 JLINK_IsHalted()
T2780 14720:318.733 - 0.198ms returns TRUE
T62A0 14720:320.969 JLINK_EndDownload()
T62A0 14720:321.250   CPU_ReadMem(4 bytes @ 0xE000ED90)
T62A0 14720:321.651   CPU_ReadMem(4 bytes @ 0xE000ED94)
T62A0 14720:322.083    -- --------------------------------------
T62A0 14720:322.107   Flash bank @ 0x00400000: Default: L2 verify disabled because algorithm performs L1 verify
T62A0 14720:322.122    -- Start of determining dirty areas in flash cache
T62A0 14720:322.183    -- End of determining dirty areas
T62A0 14720:322.198    -- Start of preparing flash programming
T62A0 14720:322.213    -- Calculating RAM usage
T62A0 14720:322.239    -- RAM usage = 2892 Bytes
T62A0 14720:322.254    -- Preserving CPU registers
T62A0 14720:322.286    -- Preparing memory
T62A0 14720:322.301    -- Preparing target
T62A0 14720:479.739    -- Preserving target RAM temporarily used for programming
T62A0 14720:492.773    -- Downloading RAMCode
T62A0 14720:507.460    -- Preparing RAMCode
T62A0 14720:513.270    -- Checking target RAM
T62A0 14720:514.335    -- End of preparing flash programming
T62A0 14720:514.526   Looking for J-Link GUI Server exe at: C:\Program Files (x86)\Atmel\Studio\7.0\atbackend\JLinkGUIServer.exe
T62A0 14720:514.640   Looking for J-Link GUI Server exe at: C:\Program Files\SEGGER\JLink\JLinkGUIServer.exe
T62A0 14720:514.695   Forking J-Link GUI Server: C:\Program Files\SEGGER\JLink\JLinkGUIServer.exe
T62A0 14720:546.042   J-Link GUI Server info: "J-Link GUI server V7.58e "
T62A0 14720:575.731    -- CPU is running at 90000 kHz.
T62A0 14720:575.768    -- Start of comparing flash
T62A0 14720:575.784    -- CRC check was estimated as fastest method
T62A0 14720:694.310    -- Comparing range 0x400000 - 0x4039FF (29 Sectors, 14 KB), using multi-block CRC calculation
T62A0 14720:721.621    -- CRC does not match for sectors 0-28
T62A0 14720:721.659    -- End of comparing flash
T62A0 14720:721.675    -- Start of erasing sectors
T62A0 14720:721.689    -- End of erasing sectors
T62A0 14720:721.714    -- Start of flash programming
T62A0 14720:721.730    -- Programming range 0x00400000 - 0x004039FF ( 29 Sectors, 14 KB)
T62A0 14720:955.339    -- End of flash programming
T62A0 14720:955.403    -- 0x400000 - 0x4039FF ( 29 Sectors, 14 KoB)
T62A0 14720:955.433    -- Start of restoring
T62A0 14720:955.462    -- Restoring RAMCode
T62A0 14720:973.817    -- Restoring target memory
T62A0 14720:986.523    -- Restore target
T62A0 14721:038.525    -- Restore memory
T62A0 14721:038.592    -- Restoring CPU registers
T62A0 14721:038.649    -- End of restoring
T62A0 14721:038.764    -- Bank 0 @ 0x00400000: 1 range affected (14848 bytes)
T62A0 14721:038.816    -- Total: 0.716s (Prepare: 0.253s, Compare: 0.145s, Erase: 0.000s, Program & Verify: 0.245s, Restore: 0.070s)
T62A0 14721:038.862    -- Program & Verify speed: 59 KB/s
T62A0 14721:046.643 - 725.707ms returns 14848 (0x3A00)
T62A0 14721:046.748 JLINK_ResetPullsRESET(ON)
T62A0 14721:046.759 - 0.015ms
T62A0 14721:046.769 JLINK_ResetNoHalt()
T62A0 14721:048.050   TotalIRLen = 4, IRPrint = 0x01
T62A0 14721:048.569   JTAG chain detection found 1 devices:
T62A0 14721:048.609    #0 Id: 0x4BA00477, IRLen: 04, CoreSight JTAG-DP
T62A0 14721:050.051   DPv0 detected
T62A0 14721:050.199   AP map detection skipped. Manually configured AP map found.
T62A0 14721:050.253   AP[0]: AHB-AP (IDR: Not set)
T62A0 14721:051.183   AP[0]: Core found
T62A0 14721:051.219   AP[0]: AHB-AP ROM base: 0xE00FF000
T62A0 14721:051.718   CPUID register: 0x410FC241. Implementer code: 0x41 (ARM)
T62A0 14721:051.778   Found Cortex-M4 r0p1, Little endian.
T62A0 14721:052.047   -- Max. mem block: 0x00000DC0
T62A0 14721:052.076   CPU_ReadMem(4 bytes @ 0xE000EDF0)
T62A0 14721:052.490   CPU_ReadMem(4 bytes @ 0xE0002000)
T62A0 14721:052.995   FPUnit: 6 code (BP) slots and 2 literal slots
T62A0 14721:053.026   CPU_ReadMem(4 bytes @ 0xE000EDFC)
T62A0 14721:053.469   CPU_ReadMem(4 bytes @ 0xE0001000)
T62A0 14721:053.911   CPU_ReadMem(4 bytes @ 0xE000ED88)
T62A0 14721:054.337   CPU_WriteMem(4 bytes @ 0xE000ED88)
T62A0 14721:054.725   CPU_ReadMem(4 bytes @ 0xE000ED88)
T62A0 14721:055.205   CPU_WriteMem(4 bytes @ 0xE000ED88)
T62A0 14721:055.654   CoreSight components:
T62A0 14721:055.688   ROMTbl[0] @ E00FF000
T62A0 14721:055.705   CPU_ReadMem(64 bytes @ 0xE00FF000)
T62A0 14721:056.754   CPU_ReadMem(32 bytes @ 0xE000EFE0)
T62A0 14721:057.450   [0][0]: E000E000 CID B105E00D PID 000BB000 SCS
T62A0 14721:057.481   CPU_WriteMem(4 bytes @ 0xE0001000)
T62A0 14721:057.937   CPU_ReadMem(32 bytes @ 0xE0001FE0)
T62A0 14721:058.689   [0][1]: E0001000 CID B105E00D PID 003BB002 DWT
T62A0 14721:058.743   CPU_ReadMem(32 bytes @ 0xE0002FE0)
T62A0 14721:059.443   [0][2]: E0002000 CID B105E00D PID 002BB003 FPB
T62A0 14721:059.479   CPU_ReadMem(32 bytes @ 0xE0000FE0)
T62A0 14721:060.135   [0][3]: E0000000 CID B105E00D PID 003BB001 ITM
T62A0 14721:060.166   CPU_ReadMem(32 bytes @ 0xE0040FE0)
T62A0 14721:060.832   [0][4]: E0040000 CID B105900D PID 000BB9A1 TPIU
T62A0 14721:060.867   JLINK_Reset()
T62A0 14721:061.301     CPU_ReadMem(16 bytes @ 0x20000000)
T62A0 14721:061.807     CPU_WriteMem(16 bytes @ 0x20000000)
T62A0 14721:062.268     CPU_ReadMem(4 bytes @ 0xE000EDFC)
T62A0 14721:062.732     CPU_WriteMem(4 bytes @ 0xE000EDFC)
T62A0 14721:063.149     CPU_ReadMem(4 bytes @ 0xE0001000)
T62A0 14721:079.980     CPU_WriteMem(4 bytes @ 0xE000EDFC)
T62A0 14721:080.420     CPU_WriteMem(16 bytes @ 0x20000000)
T62A0 14721:083.665     CPU_WriteMem(4 bytes @ 0xE0002000)
T62A0 14721:084.052     CPU_ReadMem(4 bytes @ 0xE000EDFC)
T62A0 14721:084.535     CPU_ReadMem(4 bytes @ 0xE0001000)
T62A0 14721:084.981   - 24.129ms
T62A0 14721:085.009   JLINK_Go()
T62A0 14721:085.031     CPU_ReadMem(4 bytes @ 0xE0001000)
T62A0 14721:085.474     CPU_WriteMem(4 bytes @ 0xE0001004)
T62A0 14721:086.473   - 1.494ms
T62A0 14721:086.511 - 39.746ms
T04E0 14721:086.915 JLINK_EMU_GetList(InterfaceMask = 0x00000001, MaxInfos = 0x00000032) 
T04E0 14721:087.874   [0]: USB, S/N: 801028741
T04E0 14721:087.909 - 1.000ms returns 1
T04E0 14721:088.008 JLINK_EMU_GetList(InterfaceMask = 0x00000002, MaxInfos = 0x00000032) 
T04E0 14721:202.112 - 114.137ms returns 0
T62A0 14721:202.209 JLINK_Close()
T62A0 14721:221.346 - 19.168ms
T62A0 14721:221.383   
T62A0 14721:221.392   Closed
