T62A0 14971:238.849   SEGGER J-Link V7.58e Log File
T62A0 14971:238.972   DLL Compiled: Dec  7 2021 17:24:52
T62A0 14971:239.002   Logging started @ 2022-05-07 11:25
T62A0 14971:239.029 - 249950.309ms
T62A0 14971:243.657 JLINK_ExecCommand("Device = AT91SAM4S4B", ...). 
T62A0 14971:244.064   Device "ATSAM4S4B" selected.
T62A0 14971:244.583 - 0.908ms returns 0x00
T62A0 14971:278.312 JLINK_TIF_Select(JLINKARM_TIF_JTAG)
T62A0 14971:279.037 - 0.760ms returns 0x00
T62A0 14971:279.093 JLINK_ConfigJTAG(IRPre = 0, DRPre = 0)
T62A0 14971:279.160 - 0.081ms
T62A0 14971:279.192 JLINK_SetSpeed(4000)
T62A0 14971:279.284 - 0.121ms
T62A0 14971:279.331 JLINK_ResetPullsRESET(OFF)
T62A0 14971:279.358 - 0.040ms
T62A0 14971:279.386 JLINK_Connect()
T62A0 14971:280.973   TotalIRLen = 4, IRPrint = 0x01
T62A0 14971:281.424   JTAG chain detection found 1 devices:
T62A0 14971:281.459    #0 Id: 0x4BA00477, IRLen: 04, CoreSight JTAG-DP
T62A0 14971:283.403   DPv0 detected
T62A0 14971:283.536   Scanning AP map to find all available APs
T62A0 14971:284.340   AP[1]: Stopped AP scan as end of AP map has been reached
T62A0 14971:284.389   AP[0]: AHB-AP (IDR: 0x24770011)
T62A0 14971:284.413   Iterating through AP map to find AHB-AP to use
T62A0 14971:285.521   AP[0]: Core found
T62A0 14971:285.572   AP[0]: AHB-AP ROM base: 0xE00FF000
T62A0 14971:286.050   CPUID register: 0x410FC241. Implementer code: 0x41 (ARM)
T62A0 14971:286.079   Found Cortex-M4 r0p1, Little endian.
T62A0 14971:286.369   -- Max. mem block: 0x000013C8
T62A0 14971:286.500   CPU_ReadMem(4 bytes @ 0xE000EDF0)
T62A0 14971:288.160   CPU_WriteMem(4 bytes @ 0xE000EDF0)
T62A0 14971:288.525   CPU_ReadMem(4 bytes @ 0xE0002000)
T62A0 14971:288.996   FPUnit: 6 code (BP) slots and 2 literal slots
T62A0 14971:289.028   CPU_ReadMem(4 bytes @ 0xE000EDFC)
T62A0 14971:289.485   CPU_WriteMem(4 bytes @ 0xE000EDFC)
T62A0 14971:289.838   CPU_ReadMem(4 bytes @ 0xE0001000)
T62A0 14971:290.236   CPU_WriteMem(4 bytes @ 0xE0001000)
T62A0 14971:290.643   CPU_ReadMem(4 bytes @ 0xE000ED88)
T62A0 14971:291.076   CPU_WriteMem(4 bytes @ 0xE000ED88)
T62A0 14971:291.461   CPU_ReadMem(4 bytes @ 0xE000ED88)
T62A0 14971:291.967   CPU_WriteMem(4 bytes @ 0xE000ED88)
T62A0 14971:292.489   CoreSight components:
T62A0 14971:292.545   ROMTbl[0] @ E00FF000
T62A0 14971:292.562   CPU_ReadMem(64 bytes @ 0xE00FF000)
T62A0 14971:293.303   CPU_ReadMem(32 bytes @ 0xE000EFE0)
T62A0 14971:293.984   [0][0]: E000E000 CID B105E00D PID 000BB000 SCS
T62A0 14971:294.018   CPU_ReadMem(32 bytes @ 0xE0001FE0)
T62A0 14971:294.765   [0][1]: E0001000 CID B105E00D PID 003BB002 DWT
T62A0 14971:294.936   CPU_ReadMem(32 bytes @ 0xE0002FE0)
T62A0 14971:295.642   [0][2]: E0002000 CID B105E00D PID 002BB003 FPB
T62A0 14971:295.691   CPU_ReadMem(32 bytes @ 0xE0000FE0)
T62A0 14971:296.418   [0][3]: E0000000 CID B105E00D PID 003BB001 ITM
T62A0 14971:296.447   CPU_ReadMem(32 bytes @ 0xE0040FE0)
T62A0 14971:297.866   [0][4]: E0040000 CID B105900D PID 000BB9A1 TPIU
T62A0 14971:297.896 - 18.515ms returns 0x00
T62A0 14971:298.072 JLINK_Halt()
T62A0 14971:301.089 - 3.046ms returns 0x00
T62A0 14971:301.323 JLINK_BeginDownload(Flags = 0x00000000)
T62A0 14971:301.338 - 0.020ms
T62A0 14971:301.366 JLINK_WriteMem(0x400E0A04, 0x4 Bytes, ...)
T62A0 14971:301.377   Data:  0B 01 00 5A
T62A0 14971:301.757   CPU_WriteMem(4 bytes @ 0x400E0A04)
T62A0 14971:302.201 - 0.853ms returns 0x4
T62A0 14971:302.304 JLINK_EndDownload()
T62A0 14971:302.320 - 0.021ms returns 0 (0x0)
T62A0 14971:302.332 JLINK_ReadMemHW(0x400E0A08, 0x0004 Bytes, ...)
T62A0 14971:302.349   CPU_ReadMem(4 bytes @ 0x400E0A08)
T62A0 14971:302.832   Data:  01 00 00 00
T62A0 14971:302.856 - 0.529ms returns 0
T62A0 14971:302.925 JLINK_SetResetType(JLINKARM_CM3_RESET_TYPE_NORMAL)
T62A0 14971:302.936 - 0.016ms returns JLINKARM_CM3_RESET_TYPE_NORMAL
T62A0 14971:302.947 JLINK_Reset()
T62A0 14971:303.317   CPU_ReadMem(16 bytes @ 0x20000000)
T62A0 14971:303.832   CPU_WriteMem(16 bytes @ 0x20000000)
T62A0 14971:304.237   CPU_ReadMem(4 bytes @ 0xE000EDFC)
T62A0 14971:304.669   CPU_WriteMem(4 bytes @ 0xE000EDFC)
T62A0 14971:305.110   CPU_ReadMem(4 bytes @ 0xE0001000)
T62A0 14971:319.966   CPU_WriteMem(4 bytes @ 0xE000EDFC)
T62A0 14971:320.353   CPU_WriteMem(16 bytes @ 0x20000000)
T62A0 14971:323.882   CPU_WriteMem(4 bytes @ 0xE0002000)
T62A0 14971:324.620   CPU_ReadMem(4 bytes @ 0xE000EDFC)
T62A0 14971:325.911   CPU_ReadMem(4 bytes @ 0xE0001000)
T62A0 14971:327.651 - 24.737ms
T62A0 14971:329.205 JLINK_JTAG_GetDeviceID(DeviceIndex = 0)
T62A0 14971:329.235 - 0.035ms returns 1268778103
T62A0 14971:329.247 JLINK_ReadMemU32(0x400E0740, 0x1 Items)
T62A0 14971:329.275   CPU_ReadMem(4 bytes @ 0x400E0740)
T62A0 14971:330.634   Data:  E1 09 9B 28
T62A0 14971:330.673 - 1.430ms returns 1 (0x1)
T62A0 14971:330.758 JLINK_ReadMemU32(0x400E0744, 0x1 Items)
T62A0 14971:330.811   CPU_ReadMem(4 bytes @ 0x400E0744)
T62A0 14971:331.393   Data:  00 00 00 00
T62A0 14971:331.425 - 0.672ms returns 1 (0x1)
T62A0 14971:331.547 JLINK_BeginDownload(Flags = 0x00000000)
T62A0 14971:331.559 - 0.017ms
T62A0 14971:331.580 JLINK_WriteMem(0x400E0A04, 0x4 Bytes, ...)
T62A0 14971:331.590   Data:  05 00 00 5A
T62A0 14971:331.615   CPU_WriteMem(4 bytes @ 0x400E0A04)
T62A0 14971:334.301 - 2.743ms returns 0x4
T62A0 14971:334.444 JLINK_EndDownload()
T62A0 14971:334.461 - 0.022ms returns 0 (0x0)
T62A0 14971:334.473 JLINK_ReadMemHW(0x400E0A08, 0x0004 Bytes, ...)
T62A0 14971:334.489   CPU_ReadMem(4 bytes @ 0x400E0A08)
T62A0 14971:335.130   Data:  00 00 00 00
T62A0 14971:335.164 - 0.696ms returns 0
T62A0 14971:336.346 JLINK_ReadMemHW(0x400E0A08, 0x0004 Bytes, ...)
T62A0 14971:336.388   CPU_ReadMem(4 bytes @ 0x400E0A08)
T62A0 14971:338.730   Data:  00 00 00 00
T62A0 14971:338.762 - 2.421ms returns 0
T62A0 14971:342.207 JLINK_ReadMemHW(0x400E0A08, 0x0004 Bytes, ...)
T62A0 14971:342.250   CPU_ReadMem(4 bytes @ 0x400E0A08)
T62A0 14971:343.176   Data:  00 00 00 00
T62A0 14971:343.201 - 0.999ms returns 0
T6EC8 14971:353.965 JLINK_IsHalted()
T6EC8 14971:354.041 - 0.100ms returns TRUE
T6EC8 14971:354.075 JLINK_GetMOEs(...)
T6EC8 14971:354.115   CPU_ReadMem(4 bytes @ 0xE000ED30)
T6EC8 14971:355.200 - 1.142ms returns 0x01
T6EC8 14971:355.233 JLINK_ReadReg(R15 (PC))
T6EC8 14971:355.337 - 0.662ms returns 0x004027B4
T62A0 14971:360.163 JLINK_ReadMemHW(0x400E0A08, 0x0004 Bytes, ...)
T62A0 14971:360.210   CPU_ReadMem(4 bytes @ 0x400E0A08)
T62A0 14971:360.732   Data:  00 00 00 00
T62A0 14971:360.761 - 0.603ms returns 0
T62A0 14971:424.236 JLINK_ReadMemHW(0x400E0A08, 0x0004 Bytes, ...)
T62A0 14971:424.391   CPU_ReadMem(4 bytes @ 0x400E0A08)
T62A0 14971:424.875   Data:  00 00 00 00
T62A0 14971:424.897 - 0.666ms returns 0
T6EC8 14971:557.260 JLINK_IsHalted()
T6EC8 14971:557.324 - 0.073ms returns TRUE
T01FC 14971:664.677 JLINK_EMU_GetList(InterfaceMask = 0x00000001, MaxInfos = 0x00000032) 
T01FC 14971:665.528   [0]: USB, S/N: 801028741
T01FC 14971:665.551 - 0.879ms returns 1
T01FC 14971:665.629 JLINK_EMU_GetList(InterfaceMask = 0x00000002, MaxInfos = 0x00000032) 
T01FC 14971:778.062 - 112.467ms returns 0
T62A0 14971:778.134 JLINK_ReadMemHW(0x400E0A08, 0x0004 Bytes, ...)
T62A0 14971:778.205   CPU_ReadMem(4 bytes @ 0x400E0A08)
T62A0 14971:778.716   Data:  00 00 00 00
T62A0 14971:778.758 - 0.632ms returns 0
T6EC8 14971:778.930 JLINK_IsHalted()
T6EC8 14971:778.970 - 0.048ms returns TRUE
T6EC8 14971:980.848 JLINK_IsHalted()
T6EC8 14971:981.276 - 0.443ms returns TRUE
T6EC8 14972:180.936 JLINK_IsHalted()
T6EC8 14972:180.977 - 0.046ms returns TRUE
T6EC8 14972:381.054 JLINK_IsHalted()
T6EC8 14972:381.122 - 0.073ms returns TRUE
T6EC8 14972:581.742 JLINK_IsHalted()
T6EC8 14972:582.143 - 0.414ms returns TRUE
T62A0 14972:779.053 JLINK_ReadMemHW(0x400E0A08, 0x0004 Bytes, ...)
T62A0 14972:779.102   CPU_ReadMem(4 bytes @ 0x400E0A08)
T62A0 14972:780.019   Data:  01 00 00 00
T62A0 14972:780.049 - 1.171ms returns 0
T6EC8 14972:783.048 JLINK_IsHalted()
T6EC8 14972:783.076 - 0.033ms returns TRUE
T62A0 14972:784.047 JLINK_ResetPullsRESET(ON)
T62A0 14972:784.074 - 0.033ms
T62A0 14972:784.086 JLINK_ResetNoHalt()
T62A0 14972:785.462   TotalIRLen = 4, IRPrint = 0x01
T62A0 14972:786.574   JTAG chain detection found 1 devices:
T62A0 14972:786.720    #0 Id: 0x4BA00477, IRLen: 04, CoreSight JTAG-DP
T62A0 14972:788.942   DPv0 detected
T62A0 14972:788.994   AP map detection skipped. Manually configured AP map found.
T62A0 14972:789.021   AP[0]: AHB-AP (IDR: Not set)
T62A0 14972:789.932   AP[0]: Core found
T62A0 14972:789.972   AP[0]: AHB-AP ROM base: 0xE00FF000
T62A0 14972:790.768   CPUID register: 0x410FC241. Implementer code: 0x41 (ARM)
T62A0 14972:790.810   Found Cortex-M4 r0p1, Little endian.
T62A0 14972:790.982   -- Max. mem block: 0x00000E08
T62A0 14972:791.057   CPU_ReadMem(4 bytes @ 0xE000EDF0)
T62A0 14972:791.611   CPU_ReadMem(4 bytes @ 0xE0002000)
T62A0 14972:792.236   FPUnit: 6 code (BP) slots and 2 literal slots
T62A0 14972:792.266   CPU_ReadMem(4 bytes @ 0xE000EDFC)
T62A0 14972:792.655   CPU_ReadMem(4 bytes @ 0xE0001000)
T62A0 14972:793.271   CPU_ReadMem(4 bytes @ 0xE000ED88)
T62A0 14972:794.398   CPU_WriteMem(4 bytes @ 0xE000ED88)
T62A0 14972:795.137   CPU_ReadMem(4 bytes @ 0xE000ED88)
T62A0 14972:796.101   CPU_WriteMem(4 bytes @ 0xE000ED88)
T62A0 14972:797.476   CoreSight components:
T62A0 14972:797.678   ROMTbl[0] @ E00FF000
T62A0 14972:797.714   CPU_ReadMem(64 bytes @ 0xE00FF000)
T62A0 14972:798.929   CPU_ReadMem(32 bytes @ 0xE000EFE0)
T62A0 14972:799.805   [0][0]: E000E000 CID B105E00D PID 000BB000 SCS
T62A0 14972:799.847   CPU_WriteMem(4 bytes @ 0xE0001000)
T62A0 14972:800.320   CPU_ReadMem(32 bytes @ 0xE0001FE0)
T62A0 14972:801.130   [0][1]: E0001000 CID B105E00D PID 003BB002 DWT
T62A0 14972:801.329   CPU_ReadMem(32 bytes @ 0xE0002FE0)
T62A0 14972:802.017   [0][2]: E0002000 CID B105E00D PID 002BB003 FPB
T62A0 14972:802.064   CPU_ReadMem(32 bytes @ 0xE0000FE0)
T62A0 14972:802.768   [0][3]: E0000000 CID B105E00D PID 003BB001 ITM
T62A0 14972:802.850   CPU_ReadMem(32 bytes @ 0xE0040FE0)
T62A0 14972:803.779   [0][4]: E0040000 CID B105900D PID 000BB9A1 TPIU
T62A0 14972:803.933   JLINK_Reset()
T62A0 14972:804.451     CPU_ReadMem(16 bytes @ 0x20000000)
T62A0 14972:804.932     CPU_WriteMem(16 bytes @ 0x20000000)
T62A0 14972:805.490     CPU_ReadMem(4 bytes @ 0xE000EDFC)
T62A0 14972:805.906     CPU_WriteMem(4 bytes @ 0xE000EDFC)
T62A0 14972:806.262     CPU_ReadMem(4 bytes @ 0xE0001000)
T62A0 14972:806.662     CPU_WriteMem(4 bytes @ 0xE0001004)
T62A0 14972:822.883     CPU_WriteMem(4 bytes @ 0xE000EDFC)
T62A0 14972:823.255     CPU_WriteMem(16 bytes @ 0x20000000)
T62A0 14972:826.412     CPU_WriteMem(4 bytes @ 0xE0002000)
T62A0 14972:826.837     CPU_ReadMem(4 bytes @ 0xE000EDFC)
T62A0 14972:827.317     CPU_ReadMem(4 bytes @ 0xE0001000)
T62A0 14972:827.786   - 23.874ms
T62A0 14972:827.818   JLINK_Go()
T62A0 14972:827.835     CPU_ReadMem(4 bytes @ 0xE0001000)
T62A0 14972:828.249     CPU_WriteMem(4 bytes @ 0xE0001004)
T62A0 14972:829.206   - 1.408ms
T62A0 14972:829.232 - 45.150ms
T01FC 14972:829.330 JLINK_EMU_GetList(InterfaceMask = 0x00000001, MaxInfos = 0x00000032) 
T01FC 14972:830.317   [0]: USB, S/N: 801028741
T01FC 14972:830.348 - 1.023ms returns 1
T01FC 14972:830.473 JLINK_EMU_GetList(InterfaceMask = 0x00000002, MaxInfos = 0x00000032) 
T01FC 14972:943.203 - 112.778ms returns 0
T62A0 14972:943.298 JLINK_TIF_Select(JLINKARM_TIF_JTAG)
T62A0 14972:943.328 - 0.035ms returns 0x00
T62A0 14972:943.347 JLINK_ConfigJTAG(IRPre = 0, DRPre = 0)
T62A0 14972:943.357 - 0.030ms
T62A0 14972:943.393 JLINK_SetSpeed(4000)
T62A0 14972:943.520 - 0.141ms
T62A0 14972:943.546 JLINK_ResetPullsRESET(OFF)
T62A0 14972:943.556 - 0.036ms
T62A0 14972:943.589 JLINK_Connect()
T62A0 14972:944.967   TotalIRLen = 4, IRPrint = 0x01
T62A0 14972:945.539   JTAG chain detection found 1 devices:
T62A0 14972:945.573    #0 Id: 0x4BA00477, IRLen: 04, CoreSight JTAG-DP
T62A0 14972:946.968   DPv0 detected
T62A0 14972:947.009   AP map detection skipped. Manually configured AP map found.
T62A0 14972:947.032   AP[0]: AHB-AP (IDR: Not set)
T62A0 14972:947.957   AP[0]: Core found
T62A0 14972:947.993   AP[0]: AHB-AP ROM base: 0xE00FF000
T62A0 14972:948.570   CPUID register: 0x410FC241. Implementer code: 0x41 (ARM)
T62A0 14972:948.610   Found Cortex-M4 r0p1, Little endian.
T62A0 14972:948.887   -- Max. mem block: 0x00000DC0
T62A0 14972:948.918   CPU_ReadMem(4 bytes @ 0xE000EDF0)
T62A0 14972:949.318   CPU_ReadMem(4 bytes @ 0xE0002000)
T62A0 14972:949.888   FPUnit: 6 code (BP) slots and 2 literal slots
T62A0 14972:949.952   CPU_ReadMem(4 bytes @ 0xE000EDFC)
T62A0 14972:950.393   CPU_ReadMem(4 bytes @ 0xE0001000)
T62A0 14972:950.838   CPU_WriteMem(4 bytes @ 0xE0001000)
T62A0 14972:951.220   CPU_ReadMem(4 bytes @ 0xE000ED88)
T62A0 14972:951.645   CPU_WriteMem(4 bytes @ 0xE000ED88)
T62A0 14972:952.026   CPU_ReadMem(4 bytes @ 0xE000ED88)
T62A0 14972:952.437   CPU_WriteMem(4 bytes @ 0xE000ED88)
T62A0 14972:952.884   CoreSight components:
T62A0 14972:952.920   ROMTbl[0] @ E00FF000
T62A0 14972:952.941   CPU_ReadMem(64 bytes @ 0xE00FF000)
T62A0 14972:954.113   CPU_ReadMem(32 bytes @ 0xE000EFE0)
T62A0 14972:954.781   [0][0]: E000E000 CID B105E00D PID 000BB000 SCS
T62A0 14972:954.810   CPU_ReadMem(32 bytes @ 0xE0001FE0)
T62A0 14972:955.506   [0][1]: E0001000 CID B105E00D PID 003BB002 DWT
T62A0 14972:955.568   CPU_ReadMem(32 bytes @ 0xE0002FE0)
T62A0 14972:956.209   [0][2]: E0002000 CID B105E00D PID 002BB003 FPB
T62A0 14972:956.238   CPU_ReadMem(32 bytes @ 0xE0000FE0)
T62A0 14972:956.942   [0][3]: E0000000 CID B105E00D PID 003BB001 ITM
T62A0 14972:957.033   CPU_ReadMem(32 bytes @ 0xE0040FE0)
T62A0 14972:957.700   [0][4]: E0040000 CID B105900D PID 000BB9A1 TPIU
T62A0 14972:957.803 - 14.219ms returns 0x00
T62A0 14972:957.860 JLINK_Halt()
T62A0 14972:960.607 - 2.768ms returns 0x00
T62A0 14972:960.813 JLINK_BeginDownload(Flags = 0x00000000)
T62A0 14972:960.828 - 0.020ms
T62A0 14972:960.853 JLINK_WriteMem(0x400E0A04, 0x4 Bytes, ...)
T62A0 14972:960.866   Data:  0B 01 00 5A
T62A0 14972:960.896   CPU_WriteMem(4 bytes @ 0x400E0A04)
T62A0 14972:961.295 - 0.461ms returns 0x4
T62A0 14972:961.387 JLINK_EndDownload()
T62A0 14972:961.403 - 0.021ms returns 0 (0x0)
T62A0 14972:961.415 JLINK_ReadMemHW(0x400E0A08, 0x0004 Bytes, ...)
T62A0 14972:961.449   CPU_ReadMem(4 bytes @ 0x400E0A08)
T62A0 14972:961.876   Data:  01 00 00 00
T62A0 14972:961.908 - 0.498ms returns 0
T62A0 14972:961.982 JLINK_SetResetType(JLINKARM_CM3_RESET_TYPE_NORMAL)
T62A0 14972:961.994 - 0.021ms returns JLINKARM_CM3_RESET_TYPE_NORMAL
T62A0 14972:962.010 JLINK_Reset()
T62A0 14972:962.148   CPU_ReadMem(16 bytes @ 0x20000000)
T62A0 14972:962.642   CPU_WriteMem(16 bytes @ 0x20000000)
T62A0 14972:963.152   CPU_ReadMem(4 bytes @ 0xE000EDFC)
T62A0 14972:963.595   CPU_WriteMem(4 bytes @ 0xE000EDFC)
T62A0 14972:964.001   CPU_ReadMem(4 bytes @ 0xE0001000)
T62A0 14972:978.878   CPU_WriteMem(4 bytes @ 0xE000EDFC)
T62A0 14972:979.260   CPU_WriteMem(16 bytes @ 0x20000000)
T62A0 14972:982.476   CPU_WriteMem(4 bytes @ 0xE0002000)
T62A0 14972:982.879   CPU_ReadMem(4 bytes @ 0xE000EDFC)
T62A0 14972:983.313   CPU_ReadMem(4 bytes @ 0xE0001000)
T62A0 14972:983.847 - 21.850ms
T62A0 14972:985.536 JLINK_JTAG_GetDeviceID(DeviceIndex = 0)
T62A0 14972:985.598 - 0.067ms returns 1268778103
T62A0 14972:985.614 JLINK_ReadMemU32(0x400E0740, 0x1 Items)
T62A0 14972:985.648   CPU_ReadMem(4 bytes @ 0x400E0740)
T62A0 14972:986.132   Data:  E1 09 9B 28
T62A0 14972:986.170 - 0.561ms returns 1 (0x1)
T62A0 14972:986.234 JLINK_ReadMemU32(0x400E0744, 0x1 Items)
T62A0 14972:986.258   CPU_ReadMem(4 bytes @ 0x400E0744)
T62A0 14972:986.699   Data:  00 00 00 00
T62A0 14972:986.733 - 0.504ms returns 1 (0x1)
T37A8 14972:997.053 JLINK_IsHalted()
T37A8 14972:997.087 - 0.052ms returns TRUE
T37A8 14972:997.101 JLINK_GetMOEs(...)
T37A8 14972:997.119   CPU_ReadMem(4 bytes @ 0xE000ED30)
T37A8 14972:997.567 - 0.484ms returns 0x01
T37A8 14972:997.599 JLINK_ReadReg(R15 (PC))
T37A8 14972:997.619 - 0.025ms returns 0xFFFFFFFE
T62A0 14973:008.843 JLINK_BeginDownload(Flags = 0x00000000)
T62A0 14973:008.876 - 0.037ms
T62A0 14973:008.903 JLINK_WriteMem(0x00400000, 0x3380 Bytes, ...)
T62A0 14973:008.986   Data:  70 4B 00 20 B5 27 40 00 B1 27 40 00 B1 27 40 00 ...
T62A0 14973:009.247   completely In flash
T62A0 14973:009.267 - 0.369ms returns 0x3380
T62A0 14973:009.564 JLINK_WriteMem(0x00403380, 0x4D4 Bytes, ...)
T62A0 14973:009.581   Data:  39 01 40 00 85 01 40 00 B9 01 40 00 B5 01 40 00 ...
T62A0 14973:009.602   completely In flash
T62A0 14973:009.616 - 0.057ms returns 0x4D4
T37A8 14973:200.154 JLINK_IsHalted()
T37A8 14973:200.199 - 0.050ms returns TRUE
T62A0 14973:201.134 JLINK_EndDownload()
T62A0 14973:201.349   CPU_ReadMem(4 bytes @ 0xE000ED90)
T62A0 14973:201.772   CPU_ReadMem(4 bytes @ 0xE000ED94)
T62A0 14973:202.210    -- --------------------------------------
T62A0 14973:202.240   Flash bank @ 0x00400000: Default: L2 verify disabled because algorithm performs L1 verify
T62A0 14973:202.254    -- Start of determining dirty areas in flash cache
T62A0 14973:202.315    -- End of determining dirty areas
T62A0 14973:202.331    -- Start of preparing flash programming
T62A0 14973:202.346    -- Calculating RAM usage
T62A0 14973:202.372    -- RAM usage = 2892 Bytes
T62A0 14973:202.386    -- Preserving CPU registers
T62A0 14973:202.420    -- Preparing memory
T62A0 14973:202.435    -- Preparing target
T62A0 14973:358.959    -- Preserving target RAM temporarily used for programming
T62A0 14973:371.980    -- Downloading RAMCode
T62A0 14973:386.679    -- Preparing RAMCode
T62A0 14973:392.209    -- Checking target RAM
T62A0 14973:393.243    -- End of preparing flash programming
T62A0 14973:393.475   Looking for J-Link GUI Server exe at: C:\Program Files (x86)\Atmel\Studio\7.0\atbackend\JLinkGUIServer.exe
T62A0 14973:393.592   Looking for J-Link GUI Server exe at: C:\Program Files\SEGGER\JLink\JLinkGUIServer.exe
T62A0 14973:393.653   Forking J-Link GUI Server: C:\Program Files\SEGGER\JLink\JLinkGUIServer.exe
T62A0 14973:450.771   J-Link GUI Server info: "J-Link GUI server V7.58e "
T62A0 14973:485.329    -- CPU is running at 90000 kHz.
T62A0 14973:485.368    -- Start of comparing flash
T62A0 14973:485.384    -- CRC check was estimated as fastest method
T62A0 14973:649.893    -- Comparing range 0x400000 - 0x4039FF (29 Sectors, 14 KB), using multi-block CRC calculation
T62A0 14973:688.396    -- CRC does not match for sectors 0-28
T62A0 14973:688.433    -- End of comparing flash
T62A0 14973:688.449    -- Start of erasing sectors
T62A0 14973:688.463    -- End of erasing sectors
T62A0 14973:688.477    -- Start of flash programming
T62A0 14973:688.494    -- Programming range 0x00400000 - 0x004039FF ( 29 Sectors, 14 KB)
T62A0 14974:027.869    -- End of flash programming
T62A0 14974:027.914    -- 0x400000 - 0x4039FF ( 29 Sectors, 14 KoB)
T62A0 14974:027.930    -- Start of restoring
T62A0 14974:027.945    -- Restoring RAMCode
T62A0 14974:063.774    -- Restoring target memory
T62A0 14974:076.447    -- Restore target
T62A0 14974:127.500    -- Restore memory
T62A0 14974:127.539    -- Restoring CPU registers
T62A0 14974:127.571    -- End of restoring
T62A0 14974:127.643    -- Bank 0 @ 0x00400000: 1 range affected (14848 bytes)
T62A0 14974:127.670    -- Total: 0.925s (Prepare: 0.283s, Compare: 0.203s, Erase: 0.000s, Program & Verify: 0.363s, Restore: 0.075s)
T62A0 14974:127.693    -- Program & Verify speed: 39 KB/s
T62A0 14974:142.733 - 941.631ms returns 14848 (0x3A00)
T62A0 14974:142.849 JLINK_ResetPullsRESET(ON)
T62A0 14974:142.860 - 0.016ms
T01FC 14974:142.876 JLINK_EMU_GetList(InterfaceMask = 0x00000001, MaxInfos = 0x00000032) 
T01FC 14974:143.633   [0]: USB, S/N: 801028741
T01FC 14974:143.743 - 0.873ms returns 1
T62A0 14974:143.792 JLINK_ResetNoHalt()
T62A0 14974:145.048   TotalIRLen = 4, IRPrint = 0x01
T62A0 14974:145.564   JTAG chain detection found 1 devices:
T62A0 14974:145.606    #0 Id: 0x4BA00477, IRLen: 04, CoreSight JTAG-DP
T62A0 14974:146.994   DPv0 detected
T62A0 14974:147.092   AP map detection skipped. Manually configured AP map found.
T62A0 14974:147.144   AP[0]: AHB-AP (IDR: Not set)
T62A0 14974:148.130   AP[0]: Core found
T62A0 14974:148.270   AP[0]: AHB-AP ROM base: 0xE00FF000
T62A0 14974:148.751   CPUID register: 0x410FC241. Implementer code: 0x41 (ARM)
T62A0 14974:148.786   Found Cortex-M4 r0p1, Little endian.
T62A0 14974:149.020   -- Max. mem block: 0x00000DC0
T62A0 14974:149.065   CPU_ReadMem(4 bytes @ 0xE000EDF0)
T62A0 14974:149.476   CPU_ReadMem(4 bytes @ 0xE0002000)
T62A0 14974:149.933   FPUnit: 6 code (BP) slots and 2 literal slots
T62A0 14974:149.958   CPU_ReadMem(4 bytes @ 0xE000EDFC)
T62A0 14974:150.377   CPU_ReadMem(4 bytes @ 0xE0001000)
T62A0 14974:150.836   CPU_ReadMem(4 bytes @ 0xE000ED88)
T62A0 14974:151.247   CPU_WriteMem(4 bytes @ 0xE000ED88)
T62A0 14974:151.620   CPU_ReadMem(4 bytes @ 0xE000ED88)
T62A0 14974:152.108   CPU_WriteMem(4 bytes @ 0xE000ED88)
T62A0 14974:152.542   CoreSight components:
T62A0 14974:152.575   ROMTbl[0] @ E00FF000
T62A0 14974:152.593   CPU_ReadMem(64 bytes @ 0xE00FF000)
T62A0 14974:153.708   CPU_ReadMem(32 bytes @ 0xE000EFE0)
T62A0 14974:154.462   [0][0]: E000E000 CID B105E00D PID 000BB000 SCS
T62A0 14974:154.509   CPU_WriteMem(4 bytes @ 0xE0001000)
T62A0 14974:154.947   CPU_ReadMem(32 bytes @ 0xE0001FE0)
T62A0 14974:155.593   [0][1]: E0001000 CID B105E00D PID 003BB002 DWT
T62A0 14974:155.620   CPU_ReadMem(32 bytes @ 0xE0002FE0)
T62A0 14974:156.351   [0][2]: E0002000 CID B105E00D PID 002BB003 FPB
T62A0 14974:156.377   CPU_ReadMem(32 bytes @ 0xE0000FE0)
T62A0 14974:157.021   [0][3]: E0000000 CID B105E00D PID 003BB001 ITM
T62A0 14974:157.053   CPU_ReadMem(32 bytes @ 0xE0040FE0)
T62A0 14974:157.720   [0][4]: E0040000 CID B105900D PID 000BB9A1 TPIU
T62A0 14974:157.751   JLINK_Reset()
T62A0 14974:158.133     CPU_ReadMem(16 bytes @ 0x20000000)
T62A0 14974:158.618     CPU_WriteMem(16 bytes @ 0x20000000)
T62A0 14974:159.064     CPU_ReadMem(4 bytes @ 0xE000EDFC)
T62A0 14974:159.496     CPU_WriteMem(4 bytes @ 0xE000EDFC)
T62A0 14974:159.891     CPU_ReadMem(4 bytes @ 0xE0001000)
T62A0 14974:176.733     CPU_WriteMem(4 bytes @ 0xE000EDFC)
T62A0 14974:177.256     CPU_WriteMem(16 bytes @ 0x20000000)
T62A0 14974:180.550     CPU_WriteMem(4 bytes @ 0xE0002000)
T62A0 14974:180.943     CPU_ReadMem(4 bytes @ 0xE000EDFC)
T62A0 14974:181.399     CPU_ReadMem(4 bytes @ 0xE0001000)
T62A0 14974:181.837   - 24.098ms
T62A0 14974:181.859   JLINK_Go()
T62A0 14974:181.874     CPU_ReadMem(4 bytes @ 0xE0001000)
T62A0 14974:182.276     CPU_WriteMem(4 bytes @ 0xE0001004)
T62A0 14974:183.296   - 1.473ms
T62A0 14974:183.339 - 39.552ms
T01FC 14974:183.402 JLINK_EMU_GetList(InterfaceMask = 0x00000002, MaxInfos = 0x00000032) 
T01FC 14974:297.079 - 113.704ms returns 0
T62A0 14974:297.528 JLINK_Close()
T62A0 14974:413.779 - 116.287ms
T62A0 14974:413.826   
T62A0 14974:413.844   Closed
