T5FC8 10935:935 SEGGER J-Link V6.48a Log File (0000ms, 158316ms total)
T5FC8 10935:935 DLL Compiled: Jul 30 2019 15:16:09 (0000ms, 158316ms total)
T5FC8 10935:935 Logging started @ 2022-02-19 21:47 (0000ms, 158316ms total)
T5FC8 10935:941 JLINK_ExecCommand("Device = AT91SAM4S4A", ...). Device "ATSAM4S4A" selected.  returns 0x00 (0001ms, 158317ms total)
T5FC8 10935:942 JLINK_TIF_Select(JLINKARM_TIF_SWD)  returns 0x00 (0001ms, 158318ms total)
T5FC8 10935:943 JLINK_SetSpeed(4000) (0000ms, 158318ms total)
T5FC8 10935:943 JLINK_ResetPullsRESET(OFF) (0000ms, 158318ms total)
T5FC8 10935:943 JLINK_Connect() >0x10B TIF>Found SW-DP with ID 0x2BA01477 >0x0D TIF> >0x28 TIF> >0x0D TIF> >0x28 TIF> >0x0D TIF> >0x28 TIF> >0x0D TIF> >0x28 TIF> >0x0D TIF> >0x21 TIF> >0x0D TIF> >0x28 TIF>Scanning AP map to find all available APs >0x0D TIF> >0x28 TIF> >0x0D TIF> >0x21 TIF> >0x0D TIF> >0x21 TIF> >0x0D TIF> >0x28 TIF> >0x0D TIF> >0x21 TIF> >0x0D TIF> >0x21 TIF>AP[1]: Stopped AP scan as end of AP map has been reachedAP[0]: AHB-AP (IDR: 0x24770011)
Iterating through AP map to find AHB-AP to use >0x42 TIF> >0x28 TIF> >0x0D TIF> >0x28 TIF> >0x0D TIF> >0x21 TIF> >0x0D TIF> >0x21 TIF> >0x42 TIF> >0x28 TIF> >0x0D TIF> >0x28 TIF> >0x0D TIF> >0x28 TIF> >0x0D TIF> >0x0D TIF> >0x21 TIF> >0x0D TIF> >0x21 TIF>AP[0]: Core foundAP[0]: AHB-AP ROM base: 0xE00FF000 >0x0D TIF> >0x28 TIF> >0x0D TIF> >0x28 TIF> >0x0D TIF> >0x28 TIF> >0x0D TIF> >0x21 TIF> >0x0D TIF> >0x21 TIF>CPUID register: 0x410FC241. Implementer code: 0x41 (ARM)Found Cortex-M4 r0p1, Little endian.
 -- Max. mem block: 0x00002D80 -- CPU_ReadMem(4 bytes @ 0xE000EDF0) -- CPU_WriteMem(4 bytes @ 0xE000EDF0) -- CPU_ReadMem(4 bytes @ 0xE0002000)FPUnit: 6 code (BP) slots and 2 literal slots -- CPU_ReadMem(4 bytes @ 0xE000EDFC) -- CPU_WriteMem(4 bytes @ 0xE000EDFC) -- CPU_ReadMem(4 bytes @ 0xE0001000) -- CPU_WriteMem(4 bytes @ 0xE0001000) -- CPU_ReadMem(4 bytes @ 0xE000ED88) -- CPU_WriteMem(4 bytes @ 0xE000ED88) -- CPU_ReadMem(4 bytes @ 0xE000ED88) -- CPU_WriteMem(4 bytes @ 0xE000ED88)CoreSight components:
ROMTbl[0] @ E00FF000 -- CPU_ReadMem(16 bytes @ 0xE00FF000) -- CPU_ReadMem(16 bytes @ 0xE000EFF0) -- CPU_ReadMem(16 bytes @ 0xE000EFE0)ROMTbl[0][0]: E000E000, CID: B105E00D, PID: 000BB000 SCS -- CPU_ReadMem(16 bytes @ 0xE0001FF0) -- CPU_ReadMem(16 bytes @ 0xE0001FE0)ROMTbl[0][1]: E0001000, CID: B105E00D, PID: 003BB002 DWT -- CPU_ReadMem(16 bytes @ 0xE0002FF0) -- CPU_ReadMem(16 bytes @ 0xE0002FE0)ROMTbl[0][2]: E0002000, CID: B105E00D, PID: 002BB003 FPB -- CPU_ReadMem(16 bytes @ 0xE0000FF0)
 -- CPU_ReadMem(16 bytes @ 0xE0000FE0)ROMTbl[0][3]: E0000000, CID: B105E00D, PID: 003BB001 ITM -- CPU_ReadMem(16 bytes @ 0xE00FF010) -- CPU_ReadMem(16 bytes @ 0xE0040FF0) -- CPU_ReadMem(16 bytes @ 0xE0040FE0)ROMTbl[0][4]: E0040000, CID: B105900D, PID: 000BB9A1 TPIU  returns 0x00 (0123ms, 158441ms total)
T5FC8 10936:066 JLINK_Halt()  returns 0x00 (0003ms, 158444ms total)
T5FC8 10936:069 JLINK_BeginDownload(Flags = 0x00) (0000ms, 158444ms total)
T5FC8 10936:069 JLINK_WriteMem(0x400E0A04, 0x0004 Bytes, ...) - Data: 0B 01 00 5A -- CPU_WriteMem(4 bytes @ 0x400E0A04)  returns 0x04 (0001ms, 158445ms total)
T5FC8 10936:070 JLINK_EndDownload()  returns 0x00 (0000ms, 158445ms total)
T5FC8 10936:070 JLINK_ReadMemHW(0x400E0A08, 0x0004 Bytes, ...) -- CPU_ReadMem(4 bytes @ 0x400E0A08) - Data: 01 00 00 00  returns 0x00 (0000ms, 158445ms total)
T5FC8 10936:070 JLINK_SetResetType(JLINKARM_CM3_RESET_TYPE_NORMAL)  returns JLINKARM_CM3_RESET_TYPE_NORMAL (0000ms, 158445ms total)
T5FC8 10936:070 JLINK_Reset() -- CPU_ReadMem(16 bytes @ 0x20000000) -- CPU_WriteMem(16 bytes @ 0x20000000) -- CPU_ReadMem(4 bytes @ 0xE000EDFC) -- CPU_WriteMem(4 bytes @ 0xE000EDFC) -- CPU_ReadMem(4 bytes @ 0xE0001000) -- CPU_WriteMem(4 bytes @ 0xE000EDFC) -- CPU_WriteMem(16 bytes @ 0x20000000) -- CPU_WriteMem(4 bytes @ 0xE0002000) -- CPU_ReadMem(4 bytes @ 0xE000EDFC) -- CPU_ReadMem(4 bytes @ 0xE0001000) (0021ms, 158466ms total)
T5FC8 10936:092 JLINK_JTAG_GetDeviceID(DeviceIndex = 0)  returns 0x00 (0000ms, 158466ms total)
T5FC8 10936:092 JLINK_ReadMemU32(0x400E0740, 0x0001 Items, ...) -- CPU_ReadMem(4 bytes @ 0x400E0740) - Data: E1 09 8B 28  returns 1 (0001ms, 158467ms total)
T5FC8 10936:093 JLINK_ReadMemU32(0x400E0744, 0x0001 Items, ...) -- CPU_ReadMem(4 bytes @ 0x400E0744) - Data: 00 00 00 00  returns 1 (0000ms, 158467ms total)
T6650 10936:102 JLINK_IsHalted()  returns TRUE (0000ms, 158467ms total)
T6650 10936:102 JLINK_GetMOEs(...) -- CPU_ReadMem(4 bytes @ 0xE000ED30)  returns 0x01 (0000ms, 158467ms total)
T6650 10936:102 JLINK_ReadReg(R15 (PC))  returns 0xFFFFFFFE (0000ms, 158467ms total)
T5FC8 10936:110 JLINK_BeginDownload(Flags = 0x00) (0000ms, 158467ms total)
T5FC8 10936:111 JLINK_WriteMem(0x00400000, 0x31F4 Bytes, ...) - Data: 60 47 00 20 81 27 40 00 7D 27 40 00 7D 27 40 00 ... -- Read from flash cache (12788 bytes @ 0x00400000)  returns 0x31F4 (0000ms, 158467ms total)
T5FC8 10936:112 JLINK_WriteMem(0x004031F4, 0x04D4 Bytes, ...) - Data: 39 01 40 00 85 01 40 00 B9 01 40 00 B5 01 40 00 ... -- Read from flash cache (1236 bytes @ 0x004031F4)  returns 0x4D4 (0000ms, 158467ms total)
T5FC8 10936:119 JLINK_EndDownload() -- CPU_ReadMem(4 bytes @ 0xE000ED90) -- CPU_ReadMem(4 bytes @ 0xE000ED94) -- -------------------------------------- -- Start of determining dirty areas in flash cache -- End of determining dirty areas -- Start of preparing flash programming -- Calculating RAM usage -- RAM usage = 2900 Bytes -- Preserving CPU registers -- Preparing memory -- Preparing target -- Downloading RAMCode -- Checking target RAM -- Preparing RAMCode -- End of preparing flash programming
 -- CPU is running at 90000 kHz. -- Start of comparing flash -- CRC check was estimated as fastest method -- Comparing range 0x400000 - 0x4037FF (28 Sectors, 14 KB), using multi-block CRC calculation -- CRC does not match for sectors 0-27 -- End of comparing flash -- Start of erasing sectors -- End of erasing sectors -- Start of flash programming -- Programming range 0x00400000 - 0x004037FF ( 28 Sectors, 14 KB) -- End of flash programming -- 0x400000 - 0x4037FF ( 28 Sectors, 14 KB)
 -- Start of verifying flash -- Checksum calculation was estimated as fastest method -- End of verifying flash -- Start of restoring -- Restoring RAMCode -- Restore target -- Restore memory -- Restoring CPU registers -- End of restoring -- Bank 0 @ 0x00400000: 1 range affected (14336 bytes) -- Total time needed: 0.361s (Prepare: 0.193s, Compare: 0.005s, Erase: 0.000s, Program: 0.107s, Verify: 0.000s, Restore: 0.054s)  returns 0x3800 (0364ms, 158831ms total)
T59FC 10936:484 JLINK_EMU_GetList(InterfaceMask = 0x00000001, MaxInfos = 0x00000032) [0]: USB, S/N: 801030912  returns 0x01 (0001ms, 158832ms total)
T5FC8 10936:485 JLINK_SetResetType(JLINKARM_CM3_RESET_TYPE_NORMAL)  returns JLINKARM_CM3_RESET_TYPE_NORMAL (0000ms, 158832ms total)
T5FC8 10936:485 JLINK_Reset() -- CPU_ReadMem(16 bytes @ 0x20000000) -- CPU_WriteMem(16 bytes @ 0x20000000) -- CPU_ReadMem(4 bytes @ 0xE000EDFC) -- CPU_WriteMem(4 bytes @ 0xE000EDFC) -- CPU_ReadMem(4 bytes @ 0xE0001000) -- CPU_WriteMem(4 bytes @ 0xE000EDFC) -- CPU_WriteMem(16 bytes @ 0x20000000) -- CPU_WriteMem(4 bytes @ 0xE0002000) -- CPU_ReadMem(4 bytes @ 0xE000EDFC) -- CPU_ReadMem(4 bytes @ 0xE0001000) (0022ms, 158854ms total)
T59FC 10936:507 JLINK_EMU_GetList(InterfaceMask = 0x00000002, MaxInfos = 0x00000032)   returns 0x00 (0025ms, 158879ms total)
T468C 10936:665 JLINK_Halt()  returns 0x00 (0000ms, 158879ms total)
T468C 10936:665 JLINK_ReadReg(R15 (PC))  returns 0x00402780 (0000ms, 158879ms total)
T468C 10936:666 JLINK_ReadReg(R13 (SP))  returns 0x20004760 (0000ms, 158880ms total)
T468C 10936:671 JLINK_ReadMemHW(0x00402780, 0x0004 Bytes, ...) -- CPU_ReadMem(4 bytes @ 0x00402780) - Data: 08 B5 21 4B  returns 0x00 (0000ms, 158880ms total)
T468C 10936:671 JLINK_ReadReg(R0)  returns 0x400E1400 (0000ms, 158880ms total)
T468C 10936:671 JLINK_ReadReg(R1)  returns 0x40C00000 (0000ms, 158880ms total)
T468C 10936:671 JLINK_ReadReg(R2)  returns 0xA5000005 (0000ms, 158880ms total)
T468C 10936:671 JLINK_ReadReg(R3)  returns 0x00000E6D (0000ms, 158880ms total)
T468C 10936:671 JLINK_ReadReg(R4)  returns 0x00400CFF (0000ms, 158880ms total)
T468C 10936:671 JLINK_ReadReg(R5)  returns 0x400E0800 (0000ms, 158880ms total)
T468C 10936:671 JLINK_ReadReg(R6)  returns 0x00402F25 (0000ms, 158880ms total)
T468C 10936:671 JLINK_ReadReg(R7)  returns 0x200000A0 (0000ms, 158880ms total)
T468C 10936:671 JLINK_ReadReg(R8)  returns 0x2000061C (0000ms, 158880ms total)
T468C 10936:671 JLINK_ReadReg(R9)  returns 0x2000003C (0000ms, 158880ms total)
T468C 10936:671 JLINK_ReadReg(R10)  returns 0x008011F0 (0000ms, 158880ms total)
T468C 10936:671 JLINK_ReadReg(R11)  returns 0x00000001 (0000ms, 158880ms total)
T468C 10936:671 JLINK_ReadReg(R12)  returns 0x00370028 (0000ms, 158880ms total)
T468C 10936:671 JLINK_ReadReg(R13 (SP))  returns 0x20004760 (0000ms, 158880ms total)
T468C 10936:671 JLINK_ReadReg(R14)  returns 0xFFFFFFFF (0000ms, 158880ms total)
T468C 10936:671 JLINK_ReadReg(R15 (PC))  returns 0x00402780 (0000ms, 158880ms total)
T468C 10936:671 JLINK_ReadReg(XPSR)  returns 0x01000000 (0000ms, 158880ms total)
T468C 10936:671 JLINK_ReadReg(MSP)  returns 0x20004760 (0000ms, 158880ms total)
T468C 10936:671 JLINK_ReadReg(PSP)  returns 0xF9F3EAB0 (0000ms, 158880ms total)
T468C 10936:671 JLINK_ReadReg(PRIMASK)  returns 0x00000000 (0000ms, 158880ms total)
T468C 10936:671 JLINK_ReadReg(BASEPRI)  returns 0x00000000 (0000ms, 158880ms total)
T468C 10936:671 JLINK_ReadReg(FAULTMASK)  returns 0x00000000 (0000ms, 158880ms total)
T468C 10936:671 JLINK_ReadReg(CONTROL)  returns 0x00000000 (0000ms, 158880ms total)
T468C 10936:672 JLINK_ReadMemHW(0x00402780, 0x0002 Bytes, ...) -- CPU_ReadMem(2 bytes @ 0x00402780) - Data: 08 B5  returns 0x00 (0000ms, 158880ms total)
T6650 10936:707 JLINK_IsHalted()  returns TRUE (0000ms, 158880ms total)
T468C 10936:726 JLINK_ReadReg(R0)  returns 0x400E1400 (0000ms, 158880ms total)
T468C 10936:726 JLINK_ReadReg(R1)  returns 0x40C00000 (0000ms, 158880ms total)
T468C 10936:726 JLINK_ReadReg(R2)  returns 0xA5000005 (0000ms, 158880ms total)
T468C 10936:726 JLINK_ReadReg(R3)  returns 0x00000E6D (0000ms, 158880ms total)
T468C 10936:726 JLINK_ReadReg(R4)  returns 0x00400CFF (0000ms, 158880ms total)
T468C 10936:726 JLINK_ReadReg(R5)  returns 0x400E0800 (0000ms, 158880ms total)
T468C 10936:726 JLINK_ReadReg(R6)  returns 0x00402F25 (0000ms, 158880ms total)
T468C 10936:726 JLINK_ReadReg(R7)  returns 0x200000A0 (0000ms, 158880ms total)
T468C 10936:726 JLINK_ReadReg(R8)  returns 0x2000061C (0000ms, 158880ms total)
T468C 10936:726 JLINK_ReadReg(R9)  returns 0x2000003C (0001ms, 158881ms total)
T468C 10936:727 JLINK_ReadReg(R10)  returns 0x008011F0 (0000ms, 158881ms total)
T468C 10936:727 JLINK_ReadReg(R11)  returns 0x00000001 (0000ms, 158881ms total)
T468C 10936:727 JLINK_ReadReg(R12)  returns 0x00370028 (0000ms, 158881ms total)
T468C 10936:727 JLINK_ReadReg(R13 (SP))  returns 0x20004760 (0000ms, 158881ms total)
T468C 10936:727 JLINK_ReadReg(R14)  returns 0xFFFFFFFF (0000ms, 158881ms total)
T468C 10936:727 JLINK_ReadReg(R15 (PC))  returns 0x00402780 (0000ms, 158881ms total)
T468C 10936:727 JLINK_ReadReg(XPSR)  returns 0x01000000 (0000ms, 158881ms total)
T468C 10936:727 JLINK_ReadReg(MSP)  returns 0x20004760 (0000ms, 158881ms total)
T468C 10936:727 JLINK_ReadReg(PSP)  returns 0xF9F3EAB0 (0000ms, 158881ms total)
T468C 10936:727 JLINK_ReadReg(PRIMASK)  returns 0x00000000 (0000ms, 158881ms total)
T468C 10936:727 JLINK_ReadReg(BASEPRI)  returns 0x00000000 (0000ms, 158881ms total)
T468C 10936:727 JLINK_ReadReg(FAULTMASK)  returns 0x00000000 (0000ms, 158881ms total)
T468C 10936:727 JLINK_ReadReg(CONTROL)  returns 0x00000000 (0000ms, 158881ms total)
T468C 10936:736 JLINK_ReadMemHW(0x00402780, 0x0004 Bytes, ...) -- CPU_ReadMem(4 bytes @ 0x00402780) - Data: 08 B5 21 4B  returns 0x00 (0001ms, 158882ms total)
T468C 10936:778 JLINK_ReadMemHW(0x00402D2A, 0x0002 Bytes, ...) -- CPU_ReadMem(2 bytes @ 0x00402D2A) - Data: 0A 4B  returns 0x00 (0001ms, 158883ms total)
T468C 10936:779 JLINK_ReadMemHW(0x00402D54, 0x0004 Bytes, ...) -- CPU_ReadMem(4 bytes @ 0x00402D54) - Data: 30 10 00 20  returns 0x00 (0001ms, 158884ms total)
T468C 10936:780 JLINK_ReadMemHW(0x00402D50, 0x0002 Bytes, ...) -- CPU_ReadMem(2 bytes @ 0x00402D50) - Data: F0 E7  returns 0x00 (0000ms, 158884ms total)
T5FC8 10936:816 JLINK_GetNumBPUnits(Type = 0xFFFFFF02)  returns 0x06 (0000ms, 158884ms total)
T5FC8 10936:816 JLINK_SetBPEx(Addr = 0x00402D50, Type = 0xFFFFFFF2)  returns 0x00000001 (0000ms, 158884ms total)
T5FC8 10936:816 JLINK_GetBPInfo(BPHandle = 1)  returns 0x00 (0000ms, 158884ms total)
T468C 10936:838 JLINK_SetResetType(JLINKARM_CM3_RESET_TYPE_NORMAL)  returns JLINKARM_CM3_RESET_TYPE_NORMAL (0000ms, 158884ms total)
T468C 10936:838 JLINK_Reset() -- CPU_ReadMem(16 bytes @ 0x20000000) -- CPU_WriteMem(16 bytes @ 0x20000000) -- CPU_ReadMem(4 bytes @ 0xE000EDFC) -- CPU_WriteMem(4 bytes @ 0xE000EDFC) -- CPU_ReadMem(4 bytes @ 0xE0001000) -- CPU_WriteMem(4 bytes @ 0xE0001004) -- CPU_WriteMem(4 bytes @ 0xE000EDFC) -- CPU_WriteMem(16 bytes @ 0x20000000) -- CPU_WriteMem(4 bytes @ 0xE0002000) -- CPU_ReadMem(4 bytes @ 0xE000EDFC) -- CPU_ReadMem(4 bytes @ 0xE0001000) (0021ms, 158905ms total)
T6650 10936:859 JLINK_IsHalted()  returns TRUE (0000ms, 158905ms total)
T6650 10936:859 JLINK_GetMOEs(...) -- CPU_ReadMem(4 bytes @ 0xE000ED30)  returns 0x01 (0000ms, 158905ms total)
T6650 10936:859 JLINK_ReadReg(R15 (PC))  returns 0x00402780 (0000ms, 158905ms total)
T468C 10936:869 JLINK_ReadReg(R15 (PC))  returns 0x00402780 (0000ms, 158905ms total)
T468C 10936:869 JLINK_ReadReg(R13 (SP))  returns 0x20004760 (0000ms, 158905ms total)
T468C 10936:869 JLINK_ReadMemHW(0x00402780, 0x0004 Bytes, ...) -- CPU_ReadMem(4 bytes @ 0x00402780) - Data: 08 B5 21 4B  returns 0x00 (0001ms, 158906ms total)
T468C 10936:917 JLINK_ReadMemHW(0x00403024, 0x0001 Bytes, ...) -- CPU_ReadMem(1 bytes @ 0x00403024) - Data: 70  returns 0x00 (0001ms, 158907ms total)
T468C 10936:997 JLINK_ReadReg(R15 (PC))  returns 0x00402780 (0000ms, 158907ms total)
T468C 10936:997 JLINK_SetBPEx(Addr = 0x00403024, Type = 0xFFFFFFF2)  returns 0x00000002 (0000ms, 158907ms total)
T468C 10936:997 JLINK_GetBPInfo(BPHandle = 2)  returns 0x00 (0000ms, 158907ms total)
T468C 10936:998 JLINK_Go() -- CPU_WriteMem(4 bytes @ 0xE0002000) -- CPU_WriteMem(4 bytes @ 0xE0002000) -- CPU_ReadMem(4 bytes @ 0xE0001000) -- CPU_WriteMem(4 bytes @ 0xE000ED30) -- CPU_WriteMem(4 bytes @ 0xE0002008) -- CPU_WriteMem(4 bytes @ 0xE000200C) -- CPU_WriteMem(4 bytes @ 0xE0002010) -- CPU_WriteMem(4 bytes @ 0xE0002014) -- CPU_WriteMem(4 bytes @ 0xE0002018) -- CPU_WriteMem(4 bytes @ 0xE000201C) -- CPU_WriteMem(4 bytes @ 0xE0001004) (0004ms, 158911ms total)
T6650 10937:002 JLINK_IsHalted()  returns FALSE (0000ms, 158911ms total)
T6650 10937:022 JLINK_IsHalted()  returns TRUE (0004ms, 158915ms total)
T6650 10937:026 JLINK_GetMOEs(...) -- CPU_ReadMem(4 bytes @ 0xE000ED30)  returns 0x01 (0000ms, 158911ms total)
T6650 10937:026 JLINK_ReadReg(R15 (PC))  returns 0x00403024 (0000ms, 158911ms total)
T468C 10937:033 JLINK_ReadReg(R15 (PC))  returns 0x00403024 (0000ms, 158911ms total)
T468C 10937:033 JLINK_ReadReg(R13 (SP))  returns 0x20004758 (0000ms, 158911ms total)
T468C 10937:033 JLINK_ReadMemHW(0x00403024, 0x0004 Bytes, ...) -- CPU_ReadMem(4 bytes @ 0x00403024) - Data: 70 B5 08 4B  returns 0x00 (0000ms, 158911ms total)
T468C 10937:139 JLINK_WriteU32(0xE000EDFC, 0x01000000) -- CPU_WriteMem(4 bytes @ 0xE000EDFC)  returns 0 (0001ms, 158912ms total)
T468C 10937:140 JLINK_ReadMem (0xE0001000, 0x0004 Bytes, ...) -- CPU_ReadMem(4 bytes @ 0xE0001000) - Data: 01 00 00 40  returns 0x00 (0000ms, 158912ms total)
T468C 10937:140 JLINK_WriteU32(0xE0001000, 0x40000001)  returns 0 (0001ms, 158913ms total)
T468C 10937:141 JLINK_WriteU32(0xE0001028, 0x00000100)  returns 0 (0000ms, 158913ms total)
T468C 10937:141 JLINK_ReadMem (0xE0001028, 0x0004 Bytes, ...) -- CPU_WriteMem(4 bytes @ 0xE0001028) -- CPU_ReadMem(4 bytes @ 0xE0001028) - Data: 00 00 00 00  returns 0x00 (0001ms, 158914ms total)
T468C 10937:142 JLINK_WriteU32(0xE0001024, 0x0000001F)  returns 0 (0000ms, 158914ms total)
T468C 10937:142 JLINK_ReadMem (0xE0001024, 0x0004 Bytes, ...) -- CPU_WriteMem(4 bytes @ 0xE0001024) -- CPU_ReadMem(4 bytes @ 0xE0001024) - Data: 0F 00 00 00  returns 0x00 (0001ms, 158915ms total)
T468C 10937:143 JLINK_WriteU32(0xE0001038, 0x00000100)  returns 0 (0000ms, 158915ms total)
T468C 10937:143 JLINK_ReadMem (0xE0001038, 0x0004 Bytes, ...) -- CPU_WriteMem(4 bytes @ 0xE0001038) -- CPU_ReadMem(4 bytes @ 0xE0001038) - Data: 00 03 00 00  returns 0x00 (0001ms, 158916ms total)
T468C 10937:144 JLINK_WriteU32(0xE0001034, 0x0000001F)  returns 0 (0000ms, 158916ms total)
T468C 10937:144 JLINK_ReadMem (0xE0001034, 0x0004 Bytes, ...) -- CPU_WriteMem(4 bytes @ 0xE0001034) -- CPU_ReadMem(4 bytes @ 0xE0001034) - Data: 0F 00 00 00  returns 0x00 (0001ms, 158917ms total)
T468C 10937:145 JLINK_WriteU32(0xE0001048, 0x00000100)  returns 0 (0000ms, 158917ms total)
T468C 10937:145 JLINK_ReadMem (0xE0001048, 0x0004 Bytes, ...) -- CPU_WriteMem(4 bytes @ 0xE0001048) -- CPU_ReadMem(4 bytes @ 0xE0001048) - Data: 00 00 00 00  returns 0x00 (0002ms, 158919ms total)
T468C 10937:147 JLINK_WriteU32(0xE0001044, 0x0000001F)  returns 0 (0000ms, 158919ms total)
T468C 10937:147 JLINK_ReadMem (0xE0001044, 0x0004 Bytes, ...) -- CPU_WriteMem(4 bytes @ 0xE0001044) -- CPU_ReadMem(4 bytes @ 0xE0001044) - Data: 0F 00 00 00  returns 0x00 (0000ms, 158919ms total)
T468C 10937:147 JLINK_WriteU32(0xE0001058, 0x00000100)  returns 0 (0000ms, 158919ms total)
T468C 10937:147 JLINK_ReadMem (0xE0001058, 0x0004 Bytes, ...) -- CPU_WriteMem(4 bytes @ 0xE0001058) -- CPU_ReadMem(4 bytes @ 0xE0001058) - Data: 00 00 00 00  returns 0x00 (0001ms, 158920ms total)
T468C 10937:148 JLINK_WriteU32(0xE0001054, 0x0000001F)  returns 0 (0000ms, 158920ms total)
T468C 10937:148 JLINK_ReadMem (0xE0001054, 0x0004 Bytes, ...) -- CPU_WriteMem(4 bytes @ 0xE0001054) -- CPU_ReadMem(4 bytes @ 0xE0001054) - Data: 0F 00 00 00  returns 0x00 (0001ms, 158921ms total)
T468C 10937:149 JLINK_WriteU32(0xE0001020, 0x00000000)  returns 0 (0000ms, 158921ms total)
T468C 10937:149 JLINK_WriteU32(0xE0001024, 0x00000000)  returns 0 (0000ms, 158921ms total)
T468C 10937:149 JLINK_WriteU32(0xE0001028, 0x00000000)  returns 0 (0000ms, 158921ms total)
T468C 10937:149 JLINK_WriteU32(0xE0001030, 0x00000000)  returns 0 (0000ms, 158921ms total)
T468C 10937:149 JLINK_WriteU32(0xE0001034, 0x00000000)  returns 0 (0000ms, 158921ms total)
T468C 10937:149 JLINK_WriteU32(0xE0001038, 0x00000000)  returns 0 (0000ms, 158921ms total)
T468C 10937:149 JLINK_WriteU32(0xE0001040, 0x00000000)  returns 0 (0000ms, 158921ms total)
T468C 10937:149 JLINK_WriteU32(0xE0001044, 0x00000000)  returns 0 (0000ms, 158921ms total)
T468C 10937:149 JLINK_WriteU32(0xE0001048, 0x00000000)  returns 0 (0000ms, 158921ms total)
T468C 10937:150 JLINK_WriteU32(0xE0001050, 0x00000000)  returns 0 (0000ms, 158921ms total)
T468C 10937:150 JLINK_WriteU32(0xE0001054, 0x00000000)  returns 0 (0000ms, 158921ms total)
T468C 10937:150 JLINK_WriteU32(0xE0001058, 0x00000000)  returns 0 (0000ms, 158921ms total)
T468C 10937:150 JLINK_GetBPInfo(BPHandle = 2)  returns 0x00 (0000ms, 158921ms total)
T468C 10937:150 JLINK_ClrBPEx(BPHandle = 0x00000002)  returns 0x00 (0000ms, 158921ms total)
T468C 10937:150 JLINK_ReadReg(R15 (PC))  returns 0x00403024 (0000ms, 158921ms total)
T468C 10937:150 JLINK_Go() -- CPU_WriteMem(4 bytes @ 0xE0002000) -- CPU_WriteMem(4 bytes @ 0xE0001000) -- CPU_ReadMem(4 bytes @ 0xE0001000) -- CPU_WriteMem(4 bytes @ 0xE000ED30) -- CPU_WriteMem(4 bytes @ 0xE0001020) -- CPU_WriteMem(4 bytes @ 0xE0001030) -- CPU_WriteMem(4 bytes @ 0xE0001040) -- CPU_WriteMem(4 bytes @ 0xE0001050) -- CPU_WriteMem(4 bytes @ 0xE0001024) -- CPU_WriteMem(4 bytes @ 0xE0001034) -- CPU_WriteMem(4 bytes @ 0xE0001044) -- CPU_WriteMem(4 bytes @ 0xE0001054)
 -- CPU_WriteMem(4 bytes @ 0xE0001028) -- CPU_WriteMem(4 bytes @ 0xE0001038) -- CPU_WriteMem(4 bytes @ 0xE0001048) -- CPU_WriteMem(4 bytes @ 0xE0001058) -- CPU_WriteMem(4 bytes @ 0xE000200C) (0006ms, 158927ms total)
T6650 10937:156 JLINK_IsHalted()  returns FALSE (0000ms, 158927ms total)
T6650 10937:197 JLINK_IsHalted()  returns FALSE (0000ms, 158927ms total)
T6650 10937:359 JLINK_IsHalted()  returns FALSE (0000ms, 158927ms total)
T6650 10937:562 JLINK_IsHalted()  returns FALSE (0006ms, 158933ms total)
T6650 10937:768 JLINK_IsHalted()  returns FALSE (0000ms, 158927ms total)
T6650 10937:968 JLINK_IsHalted()  returns FALSE (0000ms, 158927ms total)
T6650 10938:172 JLINK_IsHalted()  returns FALSE (0004ms, 158931ms total)
T6650 10938:379 JLINK_IsHalted()  returns FALSE (0000ms, 158927ms total)
T6650 10938:584 JLINK_IsHalted()  returns FALSE (0000ms, 158927ms total)
T59FC 10938:737 JLINK_EMU_GetList(InterfaceMask = 0x00000001, MaxInfos = 0x00000032) [0]: USB, S/N: 801030912  returns 0x01 (0001ms, 158928ms total)
T59FC 10938:738 JLINK_EMU_GetList(InterfaceMask = 0x00000002, MaxInfos = 0x00000032)   returns 0x00 (0025ms, 158953ms total)
T6650 10938:785 JLINK_IsHalted()  returns FALSE (0000ms, 158953ms total)
T6650 10938:986 JLINK_IsHalted()  returns FALSE (0000ms, 158953ms total)
T6650 10939:186 JLINK_IsHalted()  returns FALSE (0000ms, 158953ms total)
T6650 10939:386 JLINK_IsHalted()  returns FALSE (0000ms, 158953ms total)
T6650 10939:586 JLINK_IsHalted()  returns FALSE (0000ms, 158953ms total)
T6650 10939:786 JLINK_IsHalted()  returns FALSE (0001ms, 158954ms total)
T6650 10939:987 JLINK_IsHalted()  returns FALSE (0000ms, 158953ms total)
T6650 10940:187 JLINK_IsHalted()  returns FALSE (0000ms, 158953ms total)
T6650 10940:387 JLINK_IsHalted()  returns FALSE (0000ms, 158953ms total)
T6650 10940:588 JLINK_IsHalted()  returns FALSE (0000ms, 158953ms total)
T6650 10940:788 JLINK_IsHalted()  returns FALSE (0000ms, 158953ms total)
T59FC 10940:843 JLINK_EMU_GetList(InterfaceMask = 0x00000001, MaxInfos = 0x00000032) [0]: USB, S/N: 801030912  returns 0x01 (0001ms, 158954ms total)
T59FC 10940:844 JLINK_EMU_GetList(InterfaceMask = 0x00000002, MaxInfos = 0x00000032)   returns 0x00 (0027ms, 158981ms total)
T6650 10940:992 JLINK_IsHalted()  returns FALSE (0000ms, 158981ms total)
T6650 10941:194 JLINK_IsHalted()  returns FALSE (0000ms, 158981ms total)
T6650 10941:394 JLINK_IsHalted()  returns FALSE (0000ms, 158981ms total)
T6650 10941:595 JLINK_IsHalted()  returns FALSE (0000ms, 158981ms total)
T6650 10941:795 JLINK_IsHalted()  returns FALSE (0000ms, 158981ms total)
T6650 10942:008 JLINK_IsHalted()  returns FALSE (0001ms, 158982ms total)
T6650 10942:210 JLINK_IsHalted()  returns FALSE (0000ms, 158981ms total)
T6650 10942:410 JLINK_IsHalted()  returns FALSE (0000ms, 158981ms total)
T6650 10942:611 JLINK_IsHalted()  returns FALSE (0000ms, 158981ms total)
T6650 10942:812 JLINK_IsHalted()  returns FALSE (0000ms, 158981ms total)
T59FC 10942:986 JLINK_EMU_GetList(InterfaceMask = 0x00000001, MaxInfos = 0x00000032) [0]: USB, S/N: 801030912  returns 0x01 (0002ms, 158983ms total)
T59FC 10942:988 JLINK_EMU_GetList(InterfaceMask = 0x00000002, MaxInfos = 0x00000032)   returns 0x00 (0025ms, 159008ms total)
T6650 10943:014 JLINK_IsHalted()  returns FALSE (0000ms, 159008ms total)
T6650 10943:215 JLINK_IsHalted()  returns FALSE (0000ms, 159008ms total)
T6650 10943:416 JLINK_IsHalted()  returns FALSE (0001ms, 159009ms total)
T6650 10943:617 JLINK_IsHalted()  returns FALSE (0001ms, 159009ms total)
T6650 10943:819 JLINK_IsHalted()  returns FALSE (0000ms, 159008ms total)
T6650 10944:020 JLINK_IsHalted()  returns FALSE (0000ms, 159008ms total)
T6650 10944:223 JLINK_IsHalted()  returns FALSE (0001ms, 159009ms total)
T6650 10944:429 JLINK_IsHalted()  returns FALSE (0013ms, 159021ms total)
T6650 10944:645 JLINK_IsHalted()  returns FALSE (0001ms, 159009ms total)
T6650 10944:847 JLINK_IsHalted()  returns FALSE (0000ms, 159008ms total)
T6650 10945:051 JLINK_IsHalted()  returns FALSE (0000ms, 159008ms total)
T59FC 10945:225 JLINK_EMU_GetList(InterfaceMask = 0x00000001, MaxInfos = 0x00000032) [0]: USB, S/N: 801030912  returns 0x01 (0001ms, 159009ms total)
T59FC 10945:226 JLINK_EMU_GetList(InterfaceMask = 0x00000002, MaxInfos = 0x00000032)   returns 0x00 (0027ms, 159036ms total)
T6650 10945:253 JLINK_IsHalted()  returns FALSE (0000ms, 159036ms total)
T6650 10945:454 JLINK_IsHalted()  returns FALSE (0000ms, 159036ms total)
T6650 10945:654 JLINK_IsHalted()  returns FALSE (0000ms, 159036ms total)
T6650 10945:854 JLINK_IsHalted()  returns FALSE (0000ms, 159036ms total)
T6650 10946:055 JLINK_IsHalted()  returns FALSE (0000ms, 159036ms total)
T6650 10946:256 JLINK_IsHalted()  returns FALSE (0000ms, 159036ms total)
T6650 10946:456 JLINK_IsHalted()  returns FALSE (0000ms, 159036ms total)
T6650 10946:656 JLINK_IsHalted()  returns FALSE (0000ms, 159036ms total)
T6650 10946:856 JLINK_IsHalted()  returns FALSE (0000ms, 159036ms total)
T6650 10947:056 JLINK_IsHalted()  returns FALSE (0000ms, 159036ms total)
T6650 10947:257 JLINK_IsHalted()  returns FALSE (0000ms, 159036ms total)
T59FC 10947:329 JLINK_EMU_GetList(InterfaceMask = 0x00000001, MaxInfos = 0x00000032) [0]: USB, S/N: 801030912  returns 0x01 (0001ms, 159037ms total)
T59FC 10947:330 JLINK_EMU_GetList(InterfaceMask = 0x00000002, MaxInfos = 0x00000032)   returns 0x00 (0027ms, 159064ms total)
T6650 10947:458 JLINK_IsHalted()  returns FALSE (0000ms, 159064ms total)
T6650 10947:659 JLINK_IsHalted()  returns FALSE (0001ms, 159065ms total)
T6650 10947:860 JLINK_IsHalted()  returns FALSE (0000ms, 159064ms total)
T6650 10948:064 JLINK_IsHalted()  returns FALSE (0000ms, 159064ms total)
T6650 10948:265 JLINK_IsHalted()  returns FALSE (0000ms, 159064ms total)
T6650 10948:467 JLINK_IsHalted()  returns FALSE (0000ms, 159064ms total)
T6650 10948:667 JLINK_IsHalted()  returns FALSE (0000ms, 159064ms total)
T6650 10948:868 JLINK_IsHalted()  returns FALSE (0000ms, 159064ms total)
T6650 10949:068 JLINK_IsHalted()  returns FALSE (0000ms, 159064ms total)
T6650 10949:268 JLINK_IsHalted()  returns FALSE (0000ms, 159064ms total)
T59FC 10949:452 JLINK_EMU_GetList(InterfaceMask = 0x00000001, MaxInfos = 0x00000032) [0]: USB, S/N: 801030912  returns 0x01 (0001ms, 159065ms total)
T59FC 10949:453 JLINK_EMU_GetList(InterfaceMask = 0x00000002, MaxInfos = 0x00000032)   returns 0x00 (0024ms, 159089ms total)
T6650 10949:477 JLINK_IsHalted()  returns FALSE (0000ms, 159089ms total)
T6650 10949:678 JLINK_IsHalted()  returns FALSE (0000ms, 159089ms total)
T6650 10949:879 JLINK_IsHalted()  returns FALSE (0001ms, 159090ms total)
T6650 10950:081 JLINK_IsHalted()  returns FALSE (0000ms, 159089ms total)
T6650 10950:281 JLINK_IsHalted()  returns FALSE (0000ms, 159089ms total)
T6650 10950:483 JLINK_IsHalted()  returns FALSE (0000ms, 159089ms total)
T6650 10950:685 JLINK_IsHalted()  returns FALSE (0000ms, 159089ms total)
T6650 10950:885 JLINK_IsHalted()  returns FALSE (0000ms, 159089ms total)
T6650 10951:086 JLINK_IsHalted()  returns FALSE (0000ms, 159089ms total)
T6650 10951:286 JLINK_IsHalted()  returns FALSE (0000ms, 159089ms total)
T6650 10951:488 JLINK_IsHalted()  returns FALSE (0000ms, 159089ms total)
T59FC 10951:576 JLINK_EMU_GetList(InterfaceMask = 0x00000001, MaxInfos = 0x00000032) [0]: USB, S/N: 801030912  returns 0x01 (0002ms, 159091ms total)
T59FC 10951:578 JLINK_EMU_GetList(InterfaceMask = 0x00000002, MaxInfos = 0x00000032)   returns 0x00 (0028ms, 159119ms total)
T6650 10951:688 JLINK_IsHalted()  returns FALSE (0000ms, 159119ms total)
T6650 10951:891 JLINK_IsHalted()  returns FALSE (0000ms, 159119ms total)
T6650 10952:091 JLINK_IsHalted()  returns FALSE (0000ms, 159119ms total)
T6650 10952:291 JLINK_IsHalted()  returns FALSE (0000ms, 159119ms total)
T6650 10952:491 JLINK_IsHalted()  returns FALSE (0000ms, 159119ms total)
T6650 10952:691 JLINK_IsHalted()  returns FALSE (0000ms, 159119ms total)
T6650 10952:891 JLINK_IsHalted()  returns FALSE (0000ms, 159119ms total)
T6650 10953:091 JLINK_IsHalted()  returns FALSE (0000ms, 159119ms total)
T6650 10953:291 JLINK_IsHalted()  returns FALSE (0000ms, 159119ms total)
T6650 10953:491 JLINK_IsHalted()  returns FALSE (0000ms, 159119ms total)
T59FC 10953:687 JLINK_EMU_GetList(InterfaceMask = 0x00000001, MaxInfos = 0x00000032) [0]: USB, S/N: 801030912  returns 0x01 (0000ms, 159119ms total)
T59FC 10953:687 JLINK_EMU_GetList(InterfaceMask = 0x00000002, MaxInfos = 0x00000032)   returns 0x00 (0028ms, 159147ms total)
T6650 10953:715 JLINK_IsHalted()  returns FALSE (0000ms, 159147ms total)
T6650 10953:915 JLINK_IsHalted()  returns FALSE (0000ms, 159147ms total)
T6650 10954:116 JLINK_IsHalted()  returns FALSE (0000ms, 159147ms total)
T6650 10954:316 JLINK_IsHalted()  returns FALSE (0000ms, 159147ms total)
T6650 10954:517 JLINK_IsHalted()  returns FALSE (0000ms, 159147ms total)
T6650 10954:718 JLINK_IsHalted()  returns FALSE (0000ms, 159147ms total)
T6650 10954:919 JLINK_IsHalted()  returns FALSE (0000ms, 159147ms total)
T6650 10955:119 JLINK_IsHalted()  returns FALSE (0000ms, 159147ms total)
T6650 10955:324 JLINK_IsHalted()  returns FALSE (0000ms, 159147ms total)
T6650 10955:524 JLINK_IsHalted()  returns FALSE (0000ms, 159147ms total)
T6650 10955:725 JLINK_IsHalted()  returns FALSE (0000ms, 159147ms total)
T59FC 10955:812 JLINK_EMU_GetList(InterfaceMask = 0x00000001, MaxInfos = 0x00000032) [0]: USB, S/N: 801030912  returns 0x01 (0001ms, 159148ms total)
T59FC 10955:813 JLINK_EMU_GetList(InterfaceMask = 0x00000002, MaxInfos = 0x00000032)   returns 0x00 (0025ms, 159173ms total)
T6650 10955:925 JLINK_IsHalted()  returns FALSE (0000ms, 159173ms total)
T6650 10956:126 JLINK_IsHalted()  returns FALSE (0000ms, 159173ms total)
T6650 10956:326 JLINK_IsHalted()  returns FALSE (0000ms, 159173ms total)
T6650 10956:526 JLINK_IsHalted()  returns FALSE (0010ms, 159183ms total)
T6650 10956:738 JLINK_IsHalted()  returns FALSE (0000ms, 159173ms total)
T6650 10956:943 JLINK_IsHalted()  returns FALSE (0000ms, 159173ms total)
T6650 10957:143 JLINK_IsHalted()  returns FALSE (0000ms, 159173ms total)
T6650 10957:343 JLINK_IsHalted()  returns FALSE (0000ms, 159173ms total)
T6650 10957:543 JLINK_IsHalted()  returns FALSE (0000ms, 159173ms total)
T6650 10957:743 JLINK_IsHalted()  returns FALSE (0000ms, 159173ms total)
T59FC 10957:920 JLINK_EMU_GetList(InterfaceMask = 0x00000001, MaxInfos = 0x00000032) [0]: USB, S/N: 801030912  returns 0x01 (0001ms, 159174ms total)
T59FC 10957:921 JLINK_EMU_GetList(InterfaceMask = 0x00000002, MaxInfos = 0x00000032)   returns 0x00 (0027ms, 159201ms total)
T6650 10957:948 JLINK_IsHalted()  returns FALSE (0000ms, 159201ms total)
T6650 10958:148 JLINK_IsHalted()  returns FALSE (0000ms, 159201ms total)
T6650 10958:348 JLINK_IsHalted()  returns FALSE (0000ms, 159201ms total)
T6650 10958:550 JLINK_IsHalted()  returns FALSE (0000ms, 159201ms total)
T6650 10958:752 JLINK_IsHalted()  returns FALSE (0000ms, 159201ms total)
T6650 10958:953 JLINK_IsHalted()  returns FALSE (0000ms, 159201ms total)
T6650 10959:154 JLINK_IsHalted()  returns FALSE (0000ms, 159201ms total)
T6650 10959:354 JLINK_IsHalted()  returns FALSE (0000ms, 159201ms total)
T6650 10959:555 JLINK_IsHalted()  returns FALSE (0000ms, 159201ms total)
T6650 10959:755 JLINK_IsHalted()  returns FALSE (0000ms, 159201ms total)
T6650 10959:956 JLINK_IsHalted()  returns FALSE (0000ms, 159201ms total)
T59FC 10960:030 JLINK_EMU_GetList(InterfaceMask = 0x00000001, MaxInfos = 0x00000032) [0]: USB, S/N: 801030912  returns 0x01 (0000ms, 159201ms total)
T59FC 10960:030 JLINK_EMU_GetList(InterfaceMask = 0x00000002, MaxInfos = 0x00000032)   returns 0x00 (0027ms, 159228ms total)
T6650 10960:157 JLINK_IsHalted()  returns FALSE (0000ms, 159228ms total)
T6650 10960:357 JLINK_IsHalted()  returns FALSE (0000ms, 159228ms total)
T6650 10960:558 JLINK_IsHalted()  returns FALSE (0000ms, 159228ms total)
T6650 10960:760 JLINK_IsHalted()  returns FALSE (0000ms, 159228ms total)
T6650 10960:961 JLINK_IsHalted()  returns FALSE (0000ms, 159228ms total)
T6650 10961:162 JLINK_IsHalted()  returns FALSE (0000ms, 159228ms total)
T6650 10961:364 JLINK_IsHalted()  returns FALSE (0000ms, 159228ms total)
T6650 10961:566 JLINK_IsHalted()  returns FALSE (0000ms, 159228ms total)
T6650 10961:767 JLINK_IsHalted()  returns FALSE (0000ms, 159228ms total)
T6650 10961:967 JLINK_IsHalted()  returns FALSE (0024ms, 159252ms total)
T59FC 10962:155 JLINK_EMU_GetList(InterfaceMask = 0x00000001, MaxInfos = 0x00000032) [0]: USB, S/N: 801030912  returns 0x01 (0001ms, 159253ms total)
T59FC 10962:156 JLINK_EMU_GetList(InterfaceMask = 0x00000002, MaxInfos = 0x00000032)   returns 0x00 (0027ms, 159280ms total)
T6650 10962:192 JLINK_IsHalted()  returns FALSE (0001ms, 159281ms total)
T6650 10962:395 JLINK_IsHalted()  returns FALSE (0000ms, 159280ms total)
T6650 10962:596 JLINK_IsHalted()  returns FALSE (0000ms, 159280ms total)
T6650 10962:798 JLINK_IsHalted()  returns FALSE (0000ms, 159280ms total)
T6650 10962:999 JLINK_IsHalted()  returns FALSE (0000ms, 159280ms total)
T6650 10963:200 JLINK_IsHalted()  returns FALSE (0000ms, 159280ms total)
T6650 10963:400 JLINK_IsHalted()  returns FALSE (0000ms, 159280ms total)
T6650 10963:603 JLINK_IsHalted()  returns FALSE (0000ms, 159280ms total)
T6650 10963:803 JLINK_IsHalted()  returns FALSE (0000ms, 159280ms total)
T6650 10964:004 JLINK_IsHalted()  returns FALSE (0000ms, 159280ms total)
T6650 10964:204 JLINK_IsHalted()  returns FALSE (0000ms, 159280ms total)
T59FC 10964:284 JLINK_EMU_GetList(InterfaceMask = 0x00000001, MaxInfos = 0x00000032) [0]: USB, S/N: 801030912  returns 0x01 (0001ms, 159281ms total)
T59FC 10964:285 JLINK_EMU_GetList(InterfaceMask = 0x00000002, MaxInfos = 0x00000032)   returns 0x00 (0027ms, 159308ms total)
T6650 10964:405 JLINK_IsHalted()  returns FALSE (0001ms, 159309ms total)
T6650 10964:607 JLINK_IsHalted()  returns FALSE (0001ms, 159309ms total)
T6650 10964:809 JLINK_IsHalted()  returns FALSE (0000ms, 159308ms total)
T6650 10965:011 JLINK_IsHalted()  returns FALSE (0000ms, 159308ms total)
T6650 10965:212 JLINK_IsHalted()  returns FALSE (0000ms, 159308ms total)
T6650 10965:413 JLINK_IsHalted()  returns FALSE (0000ms, 159308ms total)
T6650 10965:613 JLINK_IsHalted()  returns FALSE (0000ms, 159308ms total)
T6650 10965:813 JLINK_IsHalted()  returns FALSE (0000ms, 159308ms total)
T6650 10966:013 JLINK_IsHalted()  returns FALSE (0000ms, 159308ms total)
T6650 10966:213 JLINK_IsHalted()  returns FALSE (0000ms, 159308ms total)
T59FC 10966:403 JLINK_EMU_GetList(InterfaceMask = 0x00000001, MaxInfos = 0x00000032) [0]: USB, S/N: 801030912  returns 0x01 (0001ms, 159309ms total)
T59FC 10966:404 JLINK_EMU_GetList(InterfaceMask = 0x00000002, MaxInfos = 0x00000032)   returns 0x00 (0028ms, 159337ms total)
T6650 10966:432 JLINK_IsHalted()  returns FALSE (0000ms, 159337ms total)
T6650 10966:633 JLINK_IsHalted()  returns FALSE (0000ms, 159337ms total)
T6650 10966:837 JLINK_IsHalted()  returns FALSE (0000ms, 159337ms total)
T6650 10967:038 JLINK_IsHalted()  returns FALSE (0000ms, 159337ms total)
T6650 10967:241 JLINK_IsHalted()  returns FALSE (0000ms, 159337ms total)
T6650 10967:444 JLINK_IsHalted()  returns FALSE (0000ms, 159337ms total)
T6650 10967:645 JLINK_IsHalted()  returns FALSE (0000ms, 159337ms total)
T6650 10967:846 JLINK_IsHalted()  returns FALSE (0000ms, 159337ms total)
T6650 10968:046 JLINK_IsHalted()  returns FALSE (0000ms, 159337ms total)
T6650 10968:248 JLINK_IsHalted()  returns FALSE (0000ms, 159337ms total)
T6650 10968:449 JLINK_IsHalted()  returns FALSE (0000ms, 159337ms total)
T59FC 10968:537 JLINK_EMU_GetList(InterfaceMask = 0x00000001, MaxInfos = 0x00000032) [0]: USB, S/N: 801030912  returns 0x01 (0001ms, 159338ms total)
T59FC 10968:538 JLINK_EMU_GetList(InterfaceMask = 0x00000002, MaxInfos = 0x00000032)   returns 0x00 (0025ms, 159363ms total)
T6650 10968:650 JLINK_IsHalted()  returns FALSE (0001ms, 159364ms total)
T6650 10968:852 JLINK_IsHalted()  returns FALSE (0000ms, 159363ms total)
T6650 10969:052 JLINK_IsHalted()  returns FALSE (0000ms, 159363ms total)
T6650 10969:254 JLINK_IsHalted()  returns FALSE (0000ms, 159363ms total)
T6650 10969:454 JLINK_IsHalted()  returns FALSE (0001ms, 159364ms total)
T6650 10969:662 JLINK_IsHalted()  returns FALSE (0000ms, 159363ms total)
T6650 10969:862 JLINK_IsHalted()  returns FALSE (0000ms, 159363ms total)
T6650 10970:064 JLINK_IsHalted()  returns FALSE (0000ms, 159363ms total)
T6650 10970:266 JLINK_IsHalted()  returns FALSE (0000ms, 159363ms total)
T6650 10970:466 JLINK_IsHalted()  returns FALSE (0000ms, 159363ms total)
T59FC 10970:654 JLINK_EMU_GetList(InterfaceMask = 0x00000001, MaxInfos = 0x00000032) [0]: USB, S/N: 801030912  returns 0x01 (0002ms, 159365ms total)
T59FC 10970:656 JLINK_EMU_GetList(InterfaceMask = 0x00000002, MaxInfos = 0x00000032)   returns 0x00 (0027ms, 159392ms total)
T6650 10970:683 JLINK_IsHalted()  returns FALSE (0000ms, 159392ms total)
T6650 10970:883 JLINK_IsHalted()  returns FALSE (0000ms, 159392ms total)
T6650 10971:083 JLINK_IsHalted()  returns FALSE (0000ms, 159392ms total)
T6650 10971:286 JLINK_IsHalted()  returns FALSE (0000ms, 159392ms total)
T6650 10971:488 JLINK_IsHalted()  returns FALSE (0000ms, 159392ms total)
T6650 10971:691 JLINK_IsHalted()  returns FALSE (0000ms, 159392ms total)
T6650 10971:891 JLINK_IsHalted()  returns FALSE (0000ms, 159392ms total)
T6650 10972:091 JLINK_IsHalted()  returns FALSE (0000ms, 159392ms total)
T6650 10972:295 JLINK_IsHalted()  returns FALSE (0000ms, 159392ms total)
T6650 10972:496 JLINK_IsHalted()  returns FALSE (0000ms, 159392ms total)
T6650 10972:696 JLINK_IsHalted()  returns FALSE (0000ms, 159392ms total)
T59FC 10972:767 JLINK_EMU_GetList(InterfaceMask = 0x00000001, MaxInfos = 0x00000032) [0]: USB, S/N: 801030912  returns 0x01 (0001ms, 159393ms total)
T59FC 10972:768 JLINK_EMU_GetList(InterfaceMask = 0x00000002, MaxInfos = 0x00000032)   returns 0x00 (0027ms, 159420ms total)
T6650 10972:896 JLINK_IsHalted()  returns FALSE (0000ms, 159420ms total)
T6650 10973:097 JLINK_IsHalted()  returns FALSE (0000ms, 159420ms total)
T6650 10973:298 JLINK_IsHalted()  returns FALSE (0000ms, 159420ms total)
T6650 10973:499 JLINK_IsHalted()  returns FALSE (0000ms, 159420ms total)
T6650 10973:699 JLINK_IsHalted()  returns FALSE (0000ms, 159420ms total)
T6650 10973:900 JLINK_IsHalted()  returns FALSE (0000ms, 159420ms total)
T6650 10974:100 JLINK_IsHalted()  returns FALSE (0000ms, 159420ms total)
T6650 10974:300 JLINK_IsHalted()  returns FALSE (0000ms, 159420ms total)
T6650 10974:501 JLINK_IsHalted()  returns FALSE (0000ms, 159420ms total)
T6650 10974:701 JLINK_IsHalted()  returns FALSE (0000ms, 159420ms total)
T59FC 10974:881 JLINK_EMU_GetList(InterfaceMask = 0x00000001, MaxInfos = 0x00000032) [0]: USB, S/N: 801030912  returns 0x01 (0001ms, 159421ms total)
T59FC 10974:882 JLINK_EMU_GetList(InterfaceMask = 0x00000002, MaxInfos = 0x00000032)   returns 0x00 (0026ms, 159447ms total)
T6650 10974:908 JLINK_IsHalted()  returns FALSE (0000ms, 159447ms total)
T6650 10975:110 JLINK_IsHalted()  returns FALSE (0000ms, 159447ms total)
T6650 10975:311 JLINK_IsHalted()  returns FALSE (0000ms, 159447ms total)
T6650 10975:513 JLINK_IsHalted()  returns FALSE (0000ms, 159447ms total)
T6650 10975:714 JLINK_IsHalted()  returns FALSE (0000ms, 159447ms total)
T6650 10975:917 JLINK_IsHalted()  returns FALSE (0000ms, 159447ms total)
T6650 10976:117 JLINK_IsHalted()  returns FALSE (0000ms, 159447ms total)
T6650 10976:317 JLINK_IsHalted()  returns FALSE (0000ms, 159447ms total)
T6650 10976:517 JLINK_IsHalted()  returns FALSE (0000ms, 159447ms total)
T6650 10976:717 JLINK_IsHalted()  returns FALSE (0000ms, 159447ms total)
T6650 10976:917 JLINK_IsHalted()  returns FALSE (0000ms, 159447ms total)
T59FC 10976:986 JLINK_EMU_GetList(InterfaceMask = 0x00000001, MaxInfos = 0x00000032) [0]: USB, S/N: 801030912  returns 0x01 (0001ms, 159448ms total)
T59FC 10976:987 JLINK_EMU_GetList(InterfaceMask = 0x00000002, MaxInfos = 0x00000032)   returns 0x00 (0025ms, 159473ms total)
T6650 10977:119 JLINK_IsHalted()  returns FALSE (0000ms, 159473ms total)
T6650 10977:320 JLINK_IsHalted()  returns FALSE (0000ms, 159473ms total)
T6650 10977:521 JLINK_IsHalted()  returns FALSE (0001ms, 159474ms total)
T6650 10977:723 JLINK_IsHalted()  returns FALSE (0000ms, 159473ms total)
T6650 10977:924 JLINK_IsHalted()  returns FALSE (0001ms, 159474ms total)
T6650 10978:127 JLINK_IsHalted()  returns FALSE (0000ms, 159473ms total)
T6650 10978:327 JLINK_IsHalted()  returns FALSE (0010ms, 159483ms total)
T6650 10978:537 JLINK_IsHalted()  returns FALSE (0000ms, 159473ms total)
T6650 10978:737 JLINK_IsHalted()  returns FALSE (0000ms, 159473ms total)
T6650 10978:938 JLINK_IsHalted()  returns FALSE (0000ms, 159473ms total)
T59FC 10979:093 JLINK_EMU_GetList(InterfaceMask = 0x00000001, MaxInfos = 0x00000032) [0]: USB, S/N: 801030912  returns 0x01 (0000ms, 159473ms total)
T59FC 10979:093 JLINK_EMU_GetList(InterfaceMask = 0x00000002, MaxInfos = 0x00000032)   returns 0x00 (0028ms, 159501ms total)
T6650 10979:140 JLINK_IsHalted()  returns FALSE (0000ms, 159501ms total)
T6650 10979:341 JLINK_IsHalted()  returns FALSE (0000ms, 159501ms total)
T6650 10979:542 JLINK_IsHalted()  returns FALSE (0000ms, 159501ms total)
T6650 10979:743 JLINK_IsHalted()  returns FALSE (0000ms, 159501ms total)
T6650 10979:946 JLINK_IsHalted()  returns FALSE (0000ms, 159501ms total)
T6650 10980:149 JLINK_IsHalted()  returns FALSE (0000ms, 159501ms total)
T6650 10980:351 JLINK_IsHalted()  returns FALSE (0000ms, 159501ms total)
T6650 10980:551 JLINK_IsHalted()  returns FALSE (0000ms, 159501ms total)
T6650 10980:751 JLINK_IsHalted()  returns FALSE (0000ms, 159501ms total)
T6650 10980:951 JLINK_IsHalted()  returns FALSE (0000ms, 159501ms total)
T6650 10981:156 JLINK_IsHalted()  returns FALSE (0000ms, 159501ms total)
T59FC 10981:222 JLINK_EMU_GetList(InterfaceMask = 0x00000001, MaxInfos = 0x00000032) [0]: USB, S/N: 801030912  returns 0x01 (0001ms, 159502ms total)
T59FC 10981:223 JLINK_EMU_GetList(InterfaceMask = 0x00000002, MaxInfos = 0x00000032)   returns 0x00 (0028ms, 159530ms total)
T6650 10981:358 JLINK_IsHalted()  returns FALSE (0000ms, 159530ms total)
T6650 10981:561 JLINK_IsHalted()  returns FALSE (0000ms, 159530ms total)
T6650 10981:762 JLINK_IsHalted()  returns FALSE (0000ms, 159530ms total)
T6650 10981:965 JLINK_IsHalted()  returns FALSE (0000ms, 159530ms total)
T6650 10982:165 JLINK_IsHalted()  returns FALSE (0001ms, 159531ms total)
T6650 10982:366 JLINK_IsHalted()  returns FALSE (0000ms, 159530ms total)
T6650 10982:571 JLINK_IsHalted()  returns FALSE (0000ms, 159530ms total)
T6650 10982:774 JLINK_IsHalted()  returns FALSE (0000ms, 159530ms total)
T6650 10982:974 JLINK_IsHalted()  returns FALSE (0000ms, 159530ms total)
T6650 10983:179 JLINK_IsHalted()  returns FALSE (0000ms, 159530ms total)
T59FC 10983:328 JLINK_EMU_GetList(InterfaceMask = 0x00000001, MaxInfos = 0x00000032) [0]: USB, S/N: 801030912  returns 0x01 (0001ms, 159531ms total)
T59FC 10983:329 JLINK_EMU_GetList(InterfaceMask = 0x00000002, MaxInfos = 0x00000032)   returns 0x00 (0024ms, 159555ms total)
T6650 10983:384 JLINK_IsHalted()  returns FALSE (0000ms, 159555ms total)
T6650 10983:585 JLINK_IsHalted()  returns FALSE (0000ms, 159555ms total)
T6650 10983:786 JLINK_IsHalted()  returns FALSE (0006ms, 159561ms total)
T6650 10983:994 JLINK_IsHalted()  returns FALSE (0000ms, 159555ms total)
T6650 10984:196 JLINK_IsHalted()  returns FALSE (0000ms, 159555ms total)
T6650 10984:400 JLINK_IsHalted()  returns FALSE (0000ms, 159555ms total)
T6650 10984:602 JLINK_IsHalted()  returns FALSE (0000ms, 159555ms total)
T6650 10984:804 JLINK_IsHalted()  returns FALSE (0000ms, 159555ms total)
T6650 10985:004 JLINK_IsHalted()  returns FALSE (0000ms, 159555ms total)
T6650 10985:204 JLINK_IsHalted()  returns FALSE (0000ms, 159555ms total)
T6650 10985:404 JLINK_IsHalted()  returns FALSE (0000ms, 159555ms total)
T59FC 10985:422 JLINK_EMU_GetList(InterfaceMask = 0x00000001, MaxInfos = 0x00000032) [0]: USB, S/N: 801030912  returns 0x01 (0000ms, 159555ms total)
T59FC 10985:422 JLINK_EMU_GetList(InterfaceMask = 0x00000002, MaxInfos = 0x00000032)   returns 0x00 (0028ms, 159583ms total)
T6650 10985:604 JLINK_IsHalted()  returns FALSE (0000ms, 159583ms total)
T6650 10985:804 JLINK_IsHalted()  returns FALSE (0000ms, 159583ms total)
T6650 10986:005 JLINK_IsHalted()  returns FALSE (0001ms, 159584ms total)
T6650 10986:206 JLINK_IsHalted()  returns FALSE (0000ms, 159583ms total)
T6650 10986:411 JLINK_IsHalted()  returns FALSE (0001ms, 159584ms total)
T6650 10986:613 JLINK_IsHalted()  returns FALSE (0000ms, 159583ms total)
T6650 10986:813 JLINK_IsHalted()  returns FALSE (0000ms, 159583ms total)
T6650 10987:017 JLINK_IsHalted()  returns FALSE (0000ms, 159583ms total)
T6650 10987:219 JLINK_IsHalted()  returns FALSE (0000ms, 159583ms total)
T6650 10987:420 JLINK_IsHalted()  returns FALSE (0000ms, 159583ms total)
T59FC 10987:544 JLINK_EMU_GetList(InterfaceMask = 0x00000001, MaxInfos = 0x00000032) [0]: USB, S/N: 801030912  returns 0x01 (0001ms, 159584ms total)
T59FC 10987:545 JLINK_EMU_GetList(InterfaceMask = 0x00000002, MaxInfos = 0x00000032)   returns 0x00 (0025ms, 159609ms total)
T6650 10987:620 JLINK_IsHalted()  returns FALSE (0000ms, 159609ms total)
T6650 10987:821 JLINK_IsHalted()  returns FALSE (0000ms, 159609ms total)
T6650 10988:021 JLINK_IsHalted()  returns FALSE (0000ms, 159609ms total)
T6650 10988:222 JLINK_IsHalted()  returns FALSE (0001ms, 159610ms total)
T6650 10988:424 JLINK_IsHalted()  returns FALSE (0000ms, 159609ms total)
T6650 10988:625 JLINK_IsHalted()  returns FALSE (0000ms, 159609ms total)
T6650 10988:825 JLINK_IsHalted()  returns FALSE (0000ms, 159609ms total)
T6650 10989:027 JLINK_IsHalted()  returns FALSE (0000ms, 159609ms total)
T6650 10989:227 JLINK_IsHalted()  returns FALSE (0000ms, 159609ms total)
T6650 10989:427 JLINK_IsHalted()  returns FALSE (0000ms, 159609ms total)
T6650 10989:627 JLINK_IsHalted()  returns FALSE (0000ms, 159609ms total)
T59FC 10989:640 JLINK_EMU_GetList(InterfaceMask = 0x00000001, MaxInfos = 0x00000032) [0]: USB, S/N: 801030912  returns 0x01 (0001ms, 159610ms total)
T59FC 10989:641 JLINK_EMU_GetList(InterfaceMask = 0x00000002, MaxInfos = 0x00000032)   returns 0x00 (0025ms, 159635ms total)
T6650 10989:829 JLINK_IsHalted()  returns FALSE (0000ms, 159635ms total)
T6650 10990:029 JLINK_IsHalted()  returns FALSE (0000ms, 159635ms total)
T6650 10990:232 JLINK_IsHalted()  returns FALSE (0001ms, 159636ms total)
T6650 10990:436 JLINK_IsHalted()  returns FALSE (0000ms, 159635ms total)
T6650 10990:637 JLINK_IsHalted()  returns FALSE (0000ms, 159635ms total)
T6650 10990:839 JLINK_IsHalted()  returns FALSE (0000ms, 159635ms total)
T6650 10991:039 JLINK_IsHalted()  returns FALSE (0000ms, 159635ms total)
T6650 10991:239 JLINK_IsHalted()  returns FALSE (0000ms, 159635ms total)
T6650 10991:439 JLINK_IsHalted()  returns FALSE (0000ms, 159635ms total)
T6650 10991:639 JLINK_IsHalted()  returns FALSE (0000ms, 159635ms total)
T59FC 10991:766 JLINK_EMU_GetList(InterfaceMask = 0x00000001, MaxInfos = 0x00000032) [0]: USB, S/N: 801030912  returns 0x01 (0001ms, 159636ms total)
T59FC 10991:767 JLINK_EMU_GetList(InterfaceMask = 0x00000002, MaxInfos = 0x00000032)   returns 0x00 (0026ms, 159662ms total)
T6650 10991:840 JLINK_IsHalted()  returns FALSE (0000ms, 159662ms total)
T6650 10992:042 JLINK_IsHalted()  returns FALSE (0001ms, 159663ms total)
T6650 10992:244 JLINK_IsHalted()  returns FALSE (0001ms, 159663ms total)
T6650 10992:448 JLINK_IsHalted()  returns FALSE (0000ms, 159662ms total)
T6650 10992:648 JLINK_IsHalted()  returns FALSE (0000ms, 159662ms total)
T6650 10992:849 JLINK_IsHalted()  returns FALSE (0000ms, 159662ms total)
T6650 10993:051 JLINK_IsHalted()  returns FALSE (0000ms, 159662ms total)
T6650 10993:253 JLINK_IsHalted()  returns FALSE (0000ms, 159662ms total)
T6650 10993:453 JLINK_IsHalted()  returns FALSE (0000ms, 159662ms total)
T6650 10993:656 JLINK_IsHalted()  returns FALSE (0000ms, 159662ms total)
T6650 10993:856 JLINK_IsHalted()  returns FALSE (0000ms, 159662ms total)
T59FC 10993:876 JLINK_EMU_GetList(InterfaceMask = 0x00000001, MaxInfos = 0x00000032) [0]: USB, S/N: 801030912  returns 0x01 (0001ms, 159663ms total)
T59FC 10993:877 JLINK_EMU_GetList(InterfaceMask = 0x00000002, MaxInfos = 0x00000032)   returns 0x00 (0027ms, 159690ms total)
T6650 10994:057 JLINK_IsHalted()  returns FALSE (0000ms, 159690ms total)
T6650 10994:257 JLINK_IsHalted()  returns FALSE (0002ms, 159692ms total)
T6650 10994:461 JLINK_IsHalted()  returns FALSE (0000ms, 159690ms total)
T6650 10994:662 JLINK_IsHalted()  returns FALSE (0002ms, 159692ms total)
T6650 10994:866 JLINK_IsHalted()  returns FALSE (0000ms, 159692ms total)
T6650 10995:069 JLINK_IsHalted()  returns FALSE (0000ms, 159692ms total)
T6650 10995:271 JLINK_IsHalted()  returns FALSE (0000ms, 159692ms total)
T6650 10995:471 JLINK_IsHalted()  returns FALSE (0000ms, 159692ms total)
T6650 10995:673 JLINK_IsHalted()  returns FALSE (0000ms, 159692ms total)
T6650 10995:873 JLINK_IsHalted()  returns FALSE (0000ms, 159692ms total)
T59FC 10996:001 JLINK_EMU_GetList(InterfaceMask = 0x00000001, MaxInfos = 0x00000032) [0]: USB, S/N: 801030912  returns 0x01 (0001ms, 159693ms total)
T59FC 10996:002 JLINK_EMU_GetList(InterfaceMask = 0x00000002, MaxInfos = 0x00000032)   returns 0x00 (0028ms, 159721ms total)
T6650 10996:073 JLINK_IsHalted()  returns FALSE (0001ms, 159722ms total)
T6650 10996:274 JLINK_IsHalted()  returns FALSE (0000ms, 159721ms total)
T6650 10996:474 JLINK_IsHalted()  returns FALSE (0000ms, 159721ms total)
T6650 10996:674 JLINK_IsHalted()  returns FALSE (0000ms, 159721ms total)
T6650 10996:875 JLINK_IsHalted()  returns FALSE (0000ms, 159721ms total)
T6650 10997:075 JLINK_IsHalted()  returns FALSE (0000ms, 159721ms total)
T6650 10997:275 JLINK_IsHalted()  returns FALSE (0000ms, 159721ms total)
T6650 10997:475 JLINK_IsHalted()  returns FALSE (0000ms, 159721ms total)
T6650 10997:675 JLINK_IsHalted()  returns FALSE (0001ms, 159722ms total)
T6650 10997:878 JLINK_IsHalted()  returns FALSE (0000ms, 159721ms total)
T6650 10998:080 JLINK_IsHalted()  returns FALSE (0000ms, 159721ms total)
T59FC 10998:107 JLINK_EMU_GetList(InterfaceMask = 0x00000001, MaxInfos = 0x00000032) [0]: USB, S/N: 801030912  returns 0x01 (0001ms, 159722ms total)
T59FC 10998:108 JLINK_EMU_GetList(InterfaceMask = 0x00000002, MaxInfos = 0x00000032)   returns 0x00 (0025ms, 159747ms total)
T6650 10998:282 JLINK_IsHalted()  returns FALSE (0000ms, 159747ms total)
T6650 10998:482 JLINK_IsHalted()  returns FALSE (0000ms, 159747ms total)
T6650 10998:685 JLINK_IsHalted()  returns FALSE (0000ms, 159747ms total)
T6650 10998:888 JLINK_IsHalted()  returns FALSE (0000ms, 159747ms total)
T6650 10999:090 JLINK_IsHalted()  returns FALSE (0000ms, 159747ms total)
T6650 10999:291 JLINK_IsHalted()  returns FALSE (0000ms, 159747ms total)
T6650 10999:491 JLINK_IsHalted()  returns FALSE (0000ms, 159747ms total)
T6650 10999:691 JLINK_IsHalted()  returns FALSE (0000ms, 159747ms total)
T6650 10999:891 JLINK_IsHalted()  returns FALSE (0000ms, 159747ms total)
T6650 11000:091 JLINK_IsHalted()  returns FALSE (0000ms, 159747ms total)
T59FC 11000:218 JLINK_EMU_GetList(InterfaceMask = 0x00000001, MaxInfos = 0x00000032) [0]: USB, S/N: 801030912  returns 0x01 (0001ms, 159748ms total)
T59FC 11000:219 JLINK_EMU_GetList(InterfaceMask = 0x00000002, MaxInfos = 0x00000032)   returns 0x00 (0024ms, 159772ms total)
T6650 11000:291 JLINK_IsHalted()  returns FALSE (0000ms, 159772ms total)
T6650 11000:492 JLINK_IsHalted()  returns FALSE (0000ms, 159772ms total)
T6650 11000:692 JLINK_IsHalted()  returns FALSE (0000ms, 159772ms total)
T6650 11000:896 JLINK_IsHalted()  returns FALSE (0000ms, 159772ms total)
T6650 11001:101 JLINK_IsHalted()  returns FALSE (0000ms, 159772ms total)
T6650 11001:302 JLINK_IsHalted()  returns FALSE (0000ms, 159772ms total)
T6650 11001:502 JLINK_IsHalted()  returns FALSE (0000ms, 159772ms total)
T6650 11001:702 JLINK_IsHalted()  returns FALSE (0000ms, 159772ms total)
T6650 11001:902 JLINK_IsHalted()  returns FALSE (0000ms, 159772ms total)
T6650 11002:107 JLINK_IsHalted()  returns FALSE (0000ms, 159772ms total)
T6650 11002:308 JLINK_IsHalted()  returns FALSE (0000ms, 159772ms total)
T59FC 11002:328 JLINK_EMU_GetList(InterfaceMask = 0x00000001, MaxInfos = 0x00000032) [0]: USB, S/N: 801030912  returns 0x01 (0001ms, 159773ms total)
T59FC 11002:329 JLINK_EMU_GetList(InterfaceMask = 0x00000002, MaxInfos = 0x00000032)   returns 0x00 (0027ms, 159800ms total)
T6650 11002:509 JLINK_IsHalted()  returns FALSE (0000ms, 159800ms total)
T6650 11002:710 JLINK_IsHalted()  returns FALSE (0000ms, 159800ms total)
T6650 11002:911 JLINK_IsHalted()  returns FALSE (0000ms, 159800ms total)
T6650 11003:111 JLINK_IsHalted()  returns FALSE (0000ms, 159800ms total)
T6650 11003:312 JLINK_IsHalted()  returns FALSE (0000ms, 159800ms total)
T6650 11003:517 JLINK_IsHalted()  returns FALSE (0008ms, 159808ms total)
T6650 11003:726 JLINK_IsHalted()  returns FALSE (0000ms, 159800ms total)
T6650 11003:927 JLINK_IsHalted()  returns FALSE (0000ms, 159800ms total)
T6650 11004:127 JLINK_IsHalted()  returns FALSE (0000ms, 159800ms total)
T6650 11004:327 JLINK_IsHalted()  returns FALSE (0000ms, 159800ms total)
T59FC 11004:440 JLINK_EMU_GetList(InterfaceMask = 0x00000001, MaxInfos = 0x00000032) [0]: USB, S/N: 801030912  returns 0x01 (0001ms, 159801ms total)
T59FC 11004:441 JLINK_EMU_GetList(InterfaceMask = 0x00000002, MaxInfos = 0x00000032)   returns 0x00 (0027ms, 159828ms total)
T6650 11004:527 JLINK_IsHalted()  returns FALSE (0000ms, 159828ms total)
T6650 11004:729 JLINK_IsHalted()  returns FALSE (0000ms, 159828ms total)
T6650 11004:930 JLINK_IsHalted()  returns FALSE (0000ms, 159828ms total)
T6650 11005:130 JLINK_IsHalted()  returns FALSE (0001ms, 159829ms total)
T6650 11005:333 JLINK_IsHalted()  returns FALSE (0000ms, 159828ms total)
T6650 11005:536 JLINK_IsHalted()  returns FALSE (0000ms, 159828ms total)
T6650 11005:739 JLINK_IsHalted()  returns FALSE (0000ms, 159828ms total)
T6650 11005:941 JLINK_IsHalted()  returns FALSE (0000ms, 159828ms total)
T6650 11006:143 JLINK_IsHalted()  returns FALSE (0000ms, 159828ms total)
T6650 11006:344 JLINK_IsHalted()  returns FALSE (0000ms, 159828ms total)
T6650 11006:544 JLINK_IsHalted()  returns FALSE (0000ms, 159828ms total)
T59FC 11006:573 JLINK_EMU_GetList(InterfaceMask = 0x00000001, MaxInfos = 0x00000032) [0]: USB, S/N: 801030912  returns 0x01 (0002ms, 159830ms total)
T59FC 11006:575 JLINK_EMU_GetList(InterfaceMask = 0x00000002, MaxInfos = 0x00000032)   returns 0x00 (0028ms, 159858ms total)
T6650 11006:745 JLINK_IsHalted()  returns FALSE (0000ms, 159858ms total)
T6650 11006:945 JLINK_IsHalted()  returns FALSE (0000ms, 159858ms total)
T6650 11007:146 JLINK_IsHalted()  returns FALSE (0000ms, 159858ms total)
T6650 11007:347 JLINK_IsHalted()  returns FALSE (0000ms, 159858ms total)
T6650 11007:547 JLINK_IsHalted()  returns FALSE (0000ms, 159858ms total)
T6650 11007:747 JLINK_IsHalted()  returns FALSE (0000ms, 159858ms total)
T6650 11007:949 JLINK_IsHalted()  returns FALSE (0000ms, 159858ms total)
T6650 11008:153 JLINK_IsHalted()  returns FALSE (0000ms, 159858ms total)
T6650 11008:355 JLINK_IsHalted()  returns FALSE (0000ms, 159858ms total)
T6650 11008:556 JLINK_IsHalted()  returns FALSE (0000ms, 159858ms total)
T6650 11008:756 JLINK_IsHalted()  returns FALSE (0000ms, 159858ms total)
T6650 11008:956 JLINK_IsHalted()  returns FALSE (0001ms, 159859ms total)
T6650 11009:158 JLINK_IsHalted()  returns FALSE (0000ms, 159858ms total)
T6650 11009:359 JLINK_IsHalted()  returns FALSE (0000ms, 159858ms total)
T6650 11009:559 JLINK_IsHalted()  returns FALSE (0000ms, 159858ms total)
T6650 11009:759 JLINK_IsHalted()  returns FALSE (0000ms, 159858ms total)
T6650 11009:959 JLINK_IsHalted()  returns FALSE (0000ms, 159858ms total)
T6650 11010:161 JLINK_IsHalted()  returns FALSE (0000ms, 159858ms total)
T6650 11010:361 JLINK_IsHalted()  returns FALSE (0000ms, 159858ms total)
T6650 11010:562 JLINK_IsHalted()  returns FALSE (0000ms, 159858ms total)
T6650 11010:762 JLINK_IsHalted()  returns FALSE (0000ms, 159858ms total)
T6650 11010:962 JLINK_IsHalted()  returns FALSE (0000ms, 159858ms total)
T6650 11011:162 JLINK_IsHalted()  returns FALSE (0000ms, 159858ms total)
T6650 11011:363 JLINK_IsHalted()  returns FALSE (0000ms, 159858ms total)
T6650 11011:564 JLINK_IsHalted()  returns FALSE (0000ms, 159858ms total)
T6650 11011:764 JLINK_IsHalted()  returns FALSE (0001ms, 159859ms total)
T6650 11011:966 JLINK_IsHalted()  returns FALSE (0000ms, 159858ms total)
T6650 11012:166 JLINK_IsHalted()  returns FALSE (0000ms, 159858ms total)
T6650 11012:367 JLINK_IsHalted()  returns FALSE (0000ms, 159858ms total)
T6650 11012:568 JLINK_IsHalted()  returns FALSE (0000ms, 159858ms total)
T6650 11012:769 JLINK_IsHalted()  returns FALSE (0000ms, 159858ms total)
T6650 11012:970 JLINK_IsHalted()  returns FALSE (0000ms, 159858ms total)
T6650 11013:171 JLINK_IsHalted()  returns FALSE (0000ms, 159858ms total)
T6650 11013:371 JLINK_IsHalted()  returns FALSE (0000ms, 159858ms total)
T6650 11013:573 JLINK_IsHalted()  returns FALSE (0000ms, 159858ms total)
T6650 11013:773 JLINK_IsHalted()  returns FALSE (0001ms, 159859ms total)
T6650 11013:974 JLINK_IsHalted()  returns FALSE (0001ms, 159859ms total)
T6650 11014:176 JLINK_IsHalted()  returns FALSE (0000ms, 159858ms total)
T6650 11014:376 JLINK_IsHalted()  returns FALSE (0000ms, 159858ms total)
T6650 11014:578 JLINK_IsHalted()  returns FALSE (0000ms, 159858ms total)
T6650 11014:781 JLINK_IsHalted()  returns FALSE (0000ms, 159858ms total)
T6650 11014:982 JLINK_IsHalted()  returns FALSE (0000ms, 159858ms total)
T6650 11015:182 JLINK_IsHalted()  returns FALSE (0000ms, 159858ms total)
T6650 11015:382 JLINK_IsHalted()  returns FALSE (0000ms, 159858ms total)
T6650 11015:582 JLINK_IsHalted()  returns FALSE (0000ms, 159858ms total)
T6650 11015:785 JLINK_IsHalted()  returns FALSE (0000ms, 159858ms total)
T6650 11015:988 JLINK_IsHalted()  returns FALSE (0001ms, 159859ms total)
T6650 11016:189 JLINK_IsHalted()  returns FALSE (0000ms, 159859ms total)
T6650 11016:390 JLINK_IsHalted()  returns FALSE (0000ms, 159859ms total)
T6650 11016:590 JLINK_IsHalted()  returns FALSE (0001ms, 159860ms total)
T6650 11016:792 JLINK_IsHalted()  returns FALSE (0000ms, 159859ms total)
T6650 11016:993 JLINK_IsHalted()  returns FALSE (0000ms, 159859ms total)
T6650 11017:194 JLINK_IsHalted()  returns FALSE (0000ms, 159859ms total)
T6650 11017:399 JLINK_IsHalted()  returns FALSE (0000ms, 159859ms total)
T6650 11017:600 JLINK_IsHalted()  returns FALSE (0001ms, 159860ms total)
T6650 11017:802 JLINK_IsHalted()  returns FALSE (0000ms, 159859ms total)
T6650 11018:007 JLINK_IsHalted()  returns FALSE (0000ms, 159859ms total)
T6650 11018:207 JLINK_IsHalted()  returns FALSE (0001ms, 159860ms total)
T6650 11018:408 JLINK_IsHalted()  returns FALSE (0001ms, 159860ms total)
T6650 11018:611 JLINK_IsHalted()  returns FALSE (0000ms, 159859ms total)
T6650 11018:812 JLINK_IsHalted()  returns FALSE (0001ms, 159860ms total)
T6650 11019:013 JLINK_IsHalted()  returns FALSE (0000ms, 159859ms total)
T6650 11019:215 JLINK_IsHalted()  returns FALSE (0000ms, 159859ms total)
T6650 11019:415 JLINK_IsHalted()  returns FALSE (0000ms, 159859ms total)
T6650 11019:616 JLINK_IsHalted()  returns FALSE (0000ms, 159859ms total)
T6650 11019:817 JLINK_IsHalted()  returns FALSE (0000ms, 159859ms total)
T6650 11020:017 JLINK_IsHalted()  returns FALSE (0000ms, 159859ms total)
T6650 11020:217 JLINK_IsHalted()  returns FALSE (0000ms, 159859ms total)
T6650 11020:417 JLINK_IsHalted()  returns FALSE (0000ms, 159859ms total)
T6650 11020:618 JLINK_IsHalted()  returns FALSE (0000ms, 159859ms total)
T6650 11020:824 JLINK_IsHalted()  returns FALSE (0000ms, 159859ms total)
T6650 11021:025 JLINK_IsHalted()  returns FALSE (0000ms, 159859ms total)
T6650 11021:225 JLINK_IsHalted()  returns FALSE (0000ms, 159859ms total)
T6650 11021:426 JLINK_IsHalted()  returns FALSE (0000ms, 159859ms total)
T6650 11021:626 JLINK_IsHalted()  returns FALSE (0000ms, 159859ms total)
T6650 11021:826 JLINK_IsHalted()  returns FALSE (0000ms, 159859ms total)
T6650 11022:026 JLINK_IsHalted()  returns FALSE (0001ms, 159860ms total)
T6650 11022:228 JLINK_IsHalted()  returns FALSE (0000ms, 159859ms total)
T6650 11022:429 JLINK_IsHalted()  returns FALSE (0000ms, 159859ms total)
T6650 11022:630 JLINK_IsHalted()  returns FALSE (0000ms, 159859ms total)
T6650 11022:831 JLINK_IsHalted()  returns FALSE (0001ms, 159860ms total)
T6650 11023:034 JLINK_IsHalted()  returns FALSE (0000ms, 159859ms total)
T6650 11023:236 JLINK_IsHalted()  returns FALSE (0000ms, 159859ms total)
T6650 11023:437 JLINK_IsHalted()  returns FALSE (0001ms, 159860ms total)
T6650 11023:639 JLINK_IsHalted()  returns FALSE (0000ms, 159859ms total)
T6650 11023:841 JLINK_IsHalted()  returns FALSE (0000ms, 159859ms total)
T6650 11024:041 JLINK_IsHalted()  returns FALSE (0000ms, 159859ms total)
T6650 11024:241 JLINK_IsHalted()  returns FALSE (0000ms, 159859ms total)
T6650 11024:449 JLINK_IsHalted()  returns FALSE (0000ms, 159859ms total)
T6650 11024:652 JLINK_IsHalted()  returns FALSE (0000ms, 159859ms total)
T6650 11024:854 JLINK_IsHalted()  returns FALSE (0001ms, 159860ms total)
T6650 11025:055 JLINK_IsHalted()  returns FALSE (0000ms, 159859ms total)
T6650 11025:278 JLINK_IsHalted()  returns FALSE (0004ms, 159863ms total)
T6650 11025:482 JLINK_IsHalted()  returns FALSE (0000ms, 159859ms total)
T6650 11025:683 JLINK_IsHalted()  returns FALSE (0000ms, 159859ms total)
T6650 11025:884 JLINK_IsHalted()  returns FALSE (0000ms, 159859ms total)
T6650 11026:084 JLINK_IsHalted()  returns FALSE (0000ms, 159859ms total)
T6650 11026:285 JLINK_IsHalted()  returns FALSE (0000ms, 159859ms total)
T6650 11026:485 JLINK_IsHalted()  returns FALSE (0000ms, 159859ms total)
T6650 11026:686 JLINK_IsHalted()  returns FALSE (0000ms, 159859ms total)
T6650 11026:886 JLINK_IsHalted()  returns FALSE (0000ms, 159859ms total)
T6650 11027:086 JLINK_IsHalted()  returns FALSE (0000ms, 159859ms total)
T6650 11027:286 JLINK_IsHalted()  returns FALSE (0000ms, 159859ms total)
T6650 11027:488 JLINK_IsHalted()  returns FALSE (0000ms, 159859ms total)
T6650 11027:689 JLINK_IsHalted()  returns FALSE (0000ms, 159859ms total)
T6650 11027:890 JLINK_IsHalted()  returns FALSE (0000ms, 159859ms total)
T6650 11028:093 JLINK_IsHalted()  returns FALSE (0000ms, 159859ms total)
T6650 11028:295 JLINK_IsHalted()  returns FALSE (0000ms, 159859ms total)
T6650 11028:497 JLINK_IsHalted()  returns FALSE (0000ms, 159859ms total)
T6650 11028:698 JLINK_IsHalted()  returns FALSE (0001ms, 159860ms total)
T6650 11028:900 JLINK_IsHalted()  returns FALSE (0000ms, 159859ms total)
T6650 11029:101 JLINK_IsHalted()  returns FALSE (0000ms, 159859ms total)
T6650 11029:302 JLINK_IsHalted()  returns FALSE (0000ms, 159859ms total)
T6650 11029:503 JLINK_IsHalted()  returns FALSE (0000ms, 159859ms total)
T6650 11029:706 JLINK_IsHalted()  returns FALSE (0000ms, 159859ms total)
T6650 11029:907 JLINK_IsHalted()  returns FALSE (0001ms, 159860ms total)
T6650 11030:109 JLINK_IsHalted()  returns FALSE (0001ms, 159860ms total)
T6650 11030:311 JLINK_IsHalted()  returns FALSE (0000ms, 159859ms total)
T6650 11030:514 JLINK_IsHalted()  returns FALSE (0001ms, 159860ms total)
T6650 11030:718 JLINK_IsHalted()  returns FALSE (0000ms, 159859ms total)
T6650 11030:918 JLINK_IsHalted()  returns FALSE (0000ms, 159859ms total)
T6650 11031:118 JLINK_IsHalted()  returns FALSE (0001ms, 159860ms total)
T6650 11031:320 JLINK_IsHalted()  returns FALSE (0000ms, 159859ms total)
T6650 11031:521 JLINK_IsHalted()  returns FALSE (0001ms, 159860ms total)
T6650 11031:723 JLINK_IsHalted()  returns FALSE (0000ms, 159859ms total)
T6650 11031:931 JLINK_IsHalted()  returns FALSE (0000ms, 159859ms total)
T6650 11032:134 JLINK_IsHalted()  returns FALSE (0000ms, 159859ms total)
T6650 11032:339 JLINK_IsHalted()  returns FALSE (0000ms, 159859ms total)
T6650 11032:544 JLINK_IsHalted()  returns FALSE (0000ms, 159859ms total)
T6650 11032:746 JLINK_IsHalted()  returns FALSE (0000ms, 159859ms total)
T6650 11032:948 JLINK_IsHalted()  returns FALSE (0001ms, 159860ms total)
T468C 11033:024 JLINK_Halt()  returns 0x00 (0003ms, 159862ms total)
T5FC8 11033:126 JLINK_GetBPInfo(BPHandle = 1)  returns 0x00 (0000ms, 159862ms total)
T5FC8 11033:126 JLINK_ClrBPEx(BPHandle = 0x00000001)  returns 0x00 (0000ms, 159862ms total)
T6650 11033:153 JLINK_IsHalted()  returns TRUE (0000ms, 159862ms total)
T6650 11033:153 JLINK_GetMOEs(...) -- CPU_ReadMem(4 bytes @ 0xE000ED30)  returns 0x01 (0000ms, 159862ms total)
T6650 11033:153 JLINK_ReadReg(R15 (PC))  returns 0x00403042 (0000ms, 159862ms total)
T5FC8 11033:155 JLINK_ResetPullsRESET(ON) (0000ms, 159862ms total)
T5FC8 11033:155 JLINK_ResetNoHalt() >0x10B TIF>Found SW-DP with ID 0x2BA01477 >0x0D TIF> >0x28 TIF> >0x0D TIF> >0x28 TIF> >0x0D TIF> >0x28 TIF> >0x0D TIF> >0x28 TIF> >0x0D TIF> >0x21 TIF> >0x0D TIF> >0x28 TIF>AP map detection skipped. Manually configured AP map found.AP[0]: AHB-AP (IDR: Not set) >0x42 TIF> >0x28 TIF> >0x0D TIF> >0x28 TIF> >0x0D TIF> >0x21 TIF> >0x0D TIF> >0x21 TIF> >0x42 TIF> >0x28 TIF> >0x0D TIF> >0x28 TIF> >0x0D TIF> >0x28 TIF> >0x0D TIF> >0x21 TIF> >0x0D TIF> >0x21 TIF>
AP[0]: Core foundAP[0]: AHB-AP ROM base: 0xE00FF000 >0x0D TIF> >0x28 TIF> >0x0D TIF> >0x28 TIF> >0x0D TIF> >0x28 TIF> >0x0D TIF> >0x21 TIF> >0x0D TIF> >0x21 TIF>CPUID register: 0x410FC241. Implementer code: 0x41 (ARM)Found Cortex-M4 r0p1, Little endian. -- Max. mem block: 0x00002C20 -- CPU_ReadMem(4 bytes @ 0xE000EDF0) -- CPU_ReadMem(4 bytes @ 0xE0002000)FPUnit: 6 code (BP) slots and 2 literal slots -- CPU_ReadMem(4 bytes @ 0xE0001000) -- CPU_ReadMem(4 bytes @ 0xE000ED88)
 -- CPU_WriteMem(4 bytes @ 0xE000ED88) -- CPU_ReadMem(4 bytes @ 0xE000ED88) -- CPU_WriteMem(4 bytes @ 0xE000ED88)CoreSight components:ROMTbl[0] @ E00FF000 -- CPU_ReadMem(16 bytes @ 0xE00FF000) -- CPU_ReadMem(16 bytes @ 0xE000EFF0) -- CPU_ReadMem(16 bytes @ 0xE000EFE0)ROMTbl[0][0]: E000E000, CID: B105E00D, PID: 000BB000 SCS -- CPU_WriteMem(4 bytes @ 0xE0001000) -- CPU_ReadMem(16 bytes @ 0xE0001FF0) -- CPU_ReadMem(16 bytes @ 0xE0001FE0)ROMTbl[0][1]: E0001000, CID: B105E00D, PID: 003BB002 DWT
 -- CPU_ReadMem(16 bytes @ 0xE0002FF0) -- CPU_ReadMem(16 bytes @ 0xE0002FE0)ROMTbl[0][2]: E0002000, CID: B105E00D, PID: 002BB003 FPB -- CPU_ReadMem(16 bytes @ 0xE0000FF0) -- CPU_ReadMem(16 bytes @ 0xE0000FE0)ROMTbl[0][3]: E0000000, CID: B105E00D, PID: 003BB001 ITM -- CPU_ReadMem(16 bytes @ 0xE00FF010) -- CPU_ReadMem(16 bytes @ 0xE0040FF0) -- CPU_ReadMem(16 bytes @ 0xE0040FE0)ROMTbl[0][4]: E0040000, CID: B105900D, PID: 000BB9A1 TPIU
                JLINK_Reset() -- CPU_ReadMem(16 bytes @ 0x20000000) -- CPU_WriteMem(16 bytes @ 0x20000000) -- CPU_ReadMem(4 bytes @ 0xE000EDFC) -- CPU_WriteMem(4 bytes @ 0xE000EDFC) -- CPU_ReadMem(4 bytes @ 0xE0001000) -- CPU_WriteMem(4 bytes @ 0xE000EDFC) -- CPU_WriteMem(16 bytes @ 0x20000000) -- CPU_WriteMem(4 bytes @ 0xE0002000) -- CPU_ReadMem(4 bytes @ 0xE000EDFC) -- CPU_ReadMem(4 bytes @ 0xE0001000) (0035ms, 0035ms total)
                JLINK_Go() -- CPU_ReadMem(4 bytes @ 0xE0001000) -- CPU_WriteMem(4 bytes @ 0xE0002008) -- CPU_WriteMem(4 bytes @ 0xE000200C) -- CPU_WriteMem(4 bytes @ 0xE0002010) -- CPU_WriteMem(4 bytes @ 0xE0002014) -- CPU_WriteMem(4 bytes @ 0xE0002018) -- CPU_WriteMem(4 bytes @ 0xE000201C) -- CPU_WriteMem(4 bytes @ 0xE0001004) (0007ms, 0042ms total)
               (0164ms, 160026ms total)
T5FC8 11033:329 JLINK_Close() -- CPU is running -- CPU_WriteMem(4 bytes @ 0xE0002008) -- CPU is running -- CPU_WriteMem(4 bytes @ 0xE000200C) -- CPU is running -- CPU_WriteMem(4 bytes @ 0xE0002010) -- CPU is running -- CPU_WriteMem(4 bytes @ 0xE0002014) -- CPU is running -- CPU_WriteMem(4 bytes @ 0xE0002018) -- CPU is running -- CPU_WriteMem(4 bytes @ 0xE000201C) >0x0D TIF> >0x28 TIF> >0x0D TIF> >0x28 TIF> >0x0D TIF> >0x28 TIF> >0x0D TIF> >0x28 TIF> >0x0D TIF> >0x28 TIF> >0x0D TIF> >0x28 TIF> >0x0D TIF>
 >0x28 TIF> >0x0D TIF> >0x28 TIF> >0x0D TIF> >0x21 TIF> >0x0D TIF> >0x28 TIF> (0015ms, 160041ms total)
T5FC8 11033:329  (0015ms, 160041ms total)
T5FC8 11033:329 Closed (0015ms, 160041ms total)
