T3008 10933:659.408   SEGGER J-Link V7.58e Log File
T3008 10933:659.607   DLL Compiled: Dec  7 2021 17:24:52
T3008 10933:659.751   Logging started @ 2022-03-12 20:51
T3008 10933:659.809 - 948506.618ms
T3008 10933:665.504 JLINK_ExecCommand("Device = AT91SAM4S4B", ...). 
T3008 10933:665.995   Device "ATSAM4S4B" selected.
T3008 10933:666.771 - 1.202ms returns 0x00
T3008 10933:704.835 JLINK_TIF_Select(JLINKARM_TIF_JTAG)
T3008 10933:705.622 - 0.825ms returns 0x00
T3008 10933:705.682 JLINK_ConfigJTAG(IRPre = 0, DRPre = 0)
T3008 10933:705.751 - 0.085ms
T3008 10933:705.788 JLINK_SetSpeed(4000)
T3008 10933:705.880 - 0.122ms
T3008 10933:705.930 JLINK_ResetPullsRESET(OFF)
T3008 10933:705.962 - 0.047ms
T3008 10933:705.993 JLINK_Connect()
T3008 10933:707.596   TotalIRLen = 4, IRPrint = 0x01
T3008 10933:708.056   JTAG chain detection found 1 devices:
T3008 10933:708.089    #0 Id: 0x4BA00477, IRLen: 04, CoreSight JTAG-DP
T3008 10933:710.013   DPv0 detected
T3008 10933:710.062   Scanning AP map to find all available APs
T3008 10933:710.834   AP[1]: Stopped AP scan as end of AP map has been reached
T3008 10933:710.868   AP[0]: AHB-AP (IDR: 0x24770011)
T3008 10933:710.891   Iterating through AP map to find AHB-AP to use
T3008 10933:711.944   AP[0]: Core found
T3008 10933:711.995   AP[0]: AHB-AP ROM base: 0xE00FF000
T3008 10933:712.510   CPUID register: 0x410FC241. Implementer code: 0x41 (ARM)
T3008 10933:712.548   Found Cortex-M4 r0p1, Little endian.
T3008 10933:712.918   -- Max. mem block: 0x000013C8
T3008 10933:713.065   CPU_ReadMem(4 bytes @ 0xE000EDF0)
T3008 10933:714.728   CPU_WriteMem(4 bytes @ 0xE000EDF0)
T3008 10933:715.163   CPU_ReadMem(4 bytes @ 0xE0002000)
T3008 10933:715.645   FPUnit: 6 code (BP) slots and 2 literal slots
T3008 10933:715.681   CPU_ReadMem(4 bytes @ 0xE000EDFC)
T3008 10933:716.125   CPU_WriteMem(4 bytes @ 0xE000EDFC)
T3008 10933:716.500   CPU_ReadMem(4 bytes @ 0xE0001000)
T3008 10933:716.969   CPU_WriteMem(4 bytes @ 0xE0001000)
T3008 10933:717.446   CPU_ReadMem(4 bytes @ 0xE000ED88)
T3008 10933:717.963   CPU_WriteMem(4 bytes @ 0xE000ED88)
T3008 10933:718.431   CPU_ReadMem(4 bytes @ 0xE000ED88)
T3008 10933:718.842   CPU_WriteMem(4 bytes @ 0xE000ED88)
T3008 10933:719.281   CoreSight components:
T3008 10933:719.315   ROMTbl[0] @ E00FF000
T3008 10933:719.332   CPU_ReadMem(64 bytes @ 0xE00FF000)
T3008 10933:720.116   CPU_ReadMem(32 bytes @ 0xE000EFE0)
T3008 10933:720.799   [0][0]: E000E000 CID B105E00D PID 000BB000 SCS
T3008 10933:720.835   CPU_ReadMem(32 bytes @ 0xE0001FE0)
T3008 10933:721.538   [0][1]: E0001000 CID B105E00D PID 003BB002 DWT
T3008 10933:721.574   CPU_ReadMem(32 bytes @ 0xE0002FE0)
T3008 10933:722.243   [0][2]: E0002000 CID B105E00D PID 002BB003 FPB
T3008 10933:722.274   CPU_ReadMem(32 bytes @ 0xE0000FE0)
T3008 10933:722.917   [0][3]: E0000000 CID B105E00D PID 003BB001 ITM
T3008 10933:722.950   CPU_ReadMem(32 bytes @ 0xE0040FE0)
T3008 10933:723.593   [0][4]: E0040000 CID B105900D PID 000BB9A1 TPIU
T3008 10933:723.622 - 17.634ms returns 0x00
T3008 10933:723.721 JLINK_Halt()
T3008 10933:726.460 - 2.773ms returns 0x00
T3008 10933:726.656 JLINK_BeginDownload(Flags = 0x00000000)
T3008 10933:726.670 - 0.019ms
T3008 10933:726.696 JLINK_WriteMem(0x400E0A04, 0x4 Bytes, ...)
T3008 10933:726.707   Data:  0B 01 00 5A
T3008 10933:726.965   CPU_WriteMem(4 bytes @ 0x400E0A04)
T3008 10933:727.457 - 0.787ms returns 0x4
T3008 10933:727.555 JLINK_EndDownload()
T3008 10933:727.568 - 0.017ms returns 0 (0x0)
T3008 10933:727.579 JLINK_ReadMemHW(0x400E0A08, 0x0004 Bytes, ...)
T3008 10933:727.594   CPU_ReadMem(4 bytes @ 0x400E0A08)
T3008 10933:728.010   Data:  01 00 00 00
T3008 10933:728.034 - 0.460ms returns 0
T3008 10933:728.081 JLINK_SetResetType(JLINKARM_CM3_RESET_TYPE_NORMAL)
T3008 10933:728.093 - 0.016ms returns JLINKARM_CM3_RESET_TYPE_NORMAL
T3008 10933:728.104 JLINK_Reset()
T3008 10933:728.480   CPU_ReadMem(16 bytes @ 0x20000000)
T3008 10933:728.971   CPU_WriteMem(16 bytes @ 0x20000000)
T3008 10933:729.442   CPU_ReadMem(4 bytes @ 0xE000EDFC)
T3008 10933:729.845   CPU_WriteMem(4 bytes @ 0xE000EDFC)
T3008 10933:730.350   CPU_ReadMem(4 bytes @ 0xE0001000)
T3008 10933:744.958   CPU_WriteMem(4 bytes @ 0xE000EDFC)
T3008 10933:745.344   CPU_WriteMem(16 bytes @ 0x20000000)
T3008 10933:748.624   CPU_WriteMem(4 bytes @ 0xE0002000)
T3008 10933:749.008   CPU_ReadMem(4 bytes @ 0xE000EDFC)
T3008 10933:749.464   CPU_ReadMem(4 bytes @ 0xE0001000)
T3008 10933:749.872 - 21.781ms
T3008 10933:751.603 JLINK_JTAG_GetDeviceID(DeviceIndex = 0)
T3008 10933:751.654 - 0.060ms returns 1268778103
T3008 10933:751.676 JLINK_ReadMemU32(0x400E0740, 0x1 Items)
T3008 10933:751.713   CPU_ReadMem(4 bytes @ 0x400E0740)
T3008 10933:752.244   Data:  E1 09 9B 28
T3008 10933:752.288 - 0.616ms returns 1 (0x1)
T3008 10933:752.355 JLINK_ReadMemU32(0x400E0744, 0x1 Items)
T3008 10933:752.376   CPU_ReadMem(4 bytes @ 0x400E0744)
T3008 10933:752.826   Data:  00 00 00 00
T3008 10933:752.869 - 0.523ms returns 1 (0x1)
T3008 10933:753.005 JLINK_BeginDownload(Flags = 0x00000000)
T3008 10933:753.027 - 0.031ms
T3008 10933:753.071 JLINK_WriteMem(0x400E0A04, 0x4 Bytes, ...)
T3008 10933:753.091   Data:  05 00 00 5A
T3008 10933:753.132   CPU_WriteMem(4 bytes @ 0x400E0A04)
T3008 10933:753.552 - 0.496ms returns 0x4
T3008 10933:753.616 JLINK_EndDownload()
T3008 10933:753.628 - 0.017ms returns 0 (0x0)
T3008 10933:753.640 JLINK_ReadMemHW(0x400E0A08, 0x0004 Bytes, ...)
T3008 10933:753.655   CPU_ReadMem(4 bytes @ 0x400E0A08)
T3008 10933:754.118   Data:  00 00 00 00
T3008 10933:754.148 - 0.512ms returns 0
T3008 10933:755.144 JLINK_ReadMemHW(0x400E0A08, 0x0004 Bytes, ...)
T3008 10933:755.173   CPU_ReadMem(4 bytes @ 0x400E0A08)
T3008 10933:755.586   Data:  00 00 00 00
T3008 10933:755.608 - 0.470ms returns 0
T3008 10933:760.418 JLINK_ReadMemHW(0x400E0A08, 0x0004 Bytes, ...)
T3008 10933:760.494   CPU_ReadMem(4 bytes @ 0x400E0A08)
T3008 10933:760.976   Data:  00 00 00 00
T3008 10933:761.019 - 0.610ms returns 0
T3C30 10933:761.075 JLINK_IsHalted()
T3C30 10933:761.122 - 0.056ms returns TRUE
T3C30 10933:761.147 JLINK_GetMOEs(...)
T3C30 10933:761.171   CPU_ReadMem(4 bytes @ 0xE000ED30)
T3C30 10933:761.623 - 0.489ms returns 0x01
T3C30 10933:761.647 JLINK_ReadReg(R15 (PC))
T3C30 10933:761.661 - 0.019ms returns 0x004027AC
T3008 10933:776.157 JLINK_ReadMemHW(0x400E0A08, 0x0004 Bytes, ...)
T3008 10933:776.210   CPU_ReadMem(4 bytes @ 0x400E0A08)
T3008 10933:776.636   Data:  00 00 00 00
T3008 10933:776.660 - 0.509ms returns 0
T3008 10933:841.175 JLINK_ReadMemHW(0x400E0A08, 0x0004 Bytes, ...)
T3008 10933:841.230   CPU_ReadMem(4 bytes @ 0x400E0A08)
T3008 10933:841.682   Data:  00 00 00 00
T3008 10933:841.708 - 0.538ms returns 0
T3C30 10933:962.953 JLINK_IsHalted()
T3C30 10933:963.010 - 0.066ms returns TRUE
T3008 10934:097.246 JLINK_ReadMemHW(0x400E0A08, 0x0004 Bytes, ...)
T3008 10934:097.318   CPU_ReadMem(4 bytes @ 0x400E0A08)
T3008 10934:097.869   Data:  00 00 00 00
T3008 10934:097.925 - 0.689ms returns 0
T3C30 10934:163.161 JLINK_IsHalted()
T3C30 10934:163.219 - 0.068ms returns TRUE
T3C30 10934:363.432 JLINK_IsHalted()
T3C30 10934:363.966 - 0.559ms returns TRUE
T3C30 10934:563.859 JLINK_IsHalted()
T3C30 10934:563.917 - 0.067ms returns TRUE
T3C30 10934:765.682 JLINK_IsHalted()
T3C30 10934:765.741 - 0.068ms returns TRUE
T3C30 10934:967.342 JLINK_IsHalted()
T3C30 10934:967.867 - 0.549ms returns TRUE
T3008 10935:097.740 JLINK_ReadMemHW(0x400E0A08, 0x0004 Bytes, ...)
T3008 10935:097.812   CPU_ReadMem(4 bytes @ 0x400E0A08)
T3008 10935:098.306   Data:  01 00 00 00
T3008 10935:098.346 - 0.615ms returns 0
T3C30 10935:167.867 JLINK_IsHalted()
T3C30 10935:167.928 - 0.070ms returns TRUE
T3008 10935:169.316 JLINK_ResetPullsRESET(ON)
T3008 10935:169.361 - 0.066ms
T3008 10935:169.398 JLINK_ResetNoHalt()
T3008 10935:171.421   TotalIRLen = 4, IRPrint = 0x01
T3008 10935:172.047   JTAG chain detection found 1 devices:
T3008 10935:172.113    #0 Id: 0x4BA00477, IRLen: 04, CoreSight JTAG-DP
T3008 10935:173.767   DPv0 detected
T3008 10935:174.186   AP map detection skipped. Manually configured AP map found.
T3008 10935:174.452   AP[0]: AHB-AP (IDR: Not set)
T3008 10935:175.544   AP[0]: Core found
T3008 10935:175.708   AP[0]: AHB-AP ROM base: 0xE00FF000
T3008 10935:176.307   CPUID register: 0x410FC241. Implementer code: 0x41 (ARM)
T3008 10935:176.371   Found Cortex-M4 r0p1, Little endian.
T3008 10935:176.584   -- Max. mem block: 0x00000E08
T3008 10935:176.636   CPU_ReadMem(4 bytes @ 0xE000EDF0)
T3008 10935:177.127   CPU_ReadMem(4 bytes @ 0xE0002000)
T3008 10935:177.699   FPUnit: 6 code (BP) slots and 2 literal slots
T3008 10935:177.742   CPU_ReadMem(4 bytes @ 0xE000EDFC)
T3008 10935:178.290   CPU_ReadMem(4 bytes @ 0xE0001000)
T3008 10935:178.754   CPU_ReadMem(4 bytes @ 0xE000ED88)
T3008 10935:179.277   CPU_WriteMem(4 bytes @ 0xE000ED88)
T3008 10935:179.733   CPU_ReadMem(4 bytes @ 0xE000ED88)
T3008 10935:180.228   CPU_WriteMem(4 bytes @ 0xE000ED88)
T3008 10935:180.838   CoreSight components:
T3008 10935:180.898   ROMTbl[0] @ E00FF000
T3008 10935:180.932   CPU_ReadMem(64 bytes @ 0xE00FF000)
T3008 10935:182.077   CPU_ReadMem(32 bytes @ 0xE000EFE0)
T3008 10935:182.862   [0][0]: E000E000 CID B105E00D PID 000BB000 SCS
T3008 10935:182.910   CPU_WriteMem(4 bytes @ 0xE0001000)
T3008 10935:183.471   CPU_ReadMem(32 bytes @ 0xE0001FE0)
T3008 10935:184.207   [0][1]: E0001000 CID B105E00D PID 003BB002 DWT
T3008 10935:184.251   CPU_ReadMem(32 bytes @ 0xE0002FE0)
T3008 10935:184.975   [0][2]: E0002000 CID B105E00D PID 002BB003 FPB
T3008 10935:185.018   CPU_ReadMem(32 bytes @ 0xE0000FE0)
T3008 10935:185.730   [0][3]: E0000000 CID B105E00D PID 003BB001 ITM
T3008 10935:185.774   CPU_ReadMem(32 bytes @ 0xE0040FE0)
T3008 10935:186.656   [0][4]: E0040000 CID B105900D PID 000BB9A1 TPIU
T3008 10935:186.785   JLINK_Reset()
T3008 10935:186.821     CPU_ReadMem(16 bytes @ 0x20000000)
T3008 10935:187.647     CPU_WriteMem(16 bytes @ 0x20000000)
T3008 10935:188.469     CPU_ReadMem(4 bytes @ 0xE000EDFC)
T3008 10935:188.978     CPU_WriteMem(4 bytes @ 0xE000EDFC)
T3008 10935:189.479     CPU_ReadMem(4 bytes @ 0xE0001000)
T3008 10935:190.158     CPU_WriteMem(4 bytes @ 0xE0001004)
T3008 10935:205.742     CPU_WriteMem(4 bytes @ 0xE000EDFC)
T3008 10935:206.180     CPU_WriteMem(16 bytes @ 0x20000000)
T3008 10935:209.621     CPU_WriteMem(4 bytes @ 0xE0002000)
T3008 10935:210.086     CPU_ReadMem(4 bytes @ 0xE000EDFC)
T3008 10935:210.601     CPU_ReadMem(4 bytes @ 0xE0001000)
T3008 10935:211.119   - 24.358ms
T3008 10935:211.160   JLINK_Go()
T3008 10935:211.188     CPU_ReadMem(4 bytes @ 0xE0001000)
T3008 10935:211.686     CPU_WriteMem(4 bytes @ 0xE0001004)
T3008 10935:212.757   - 1.623ms
T3008 10935:212.794 - 43.405ms
T3008 10935:213.357 JLINK_TIF_Select(JLINKARM_TIF_JTAG)
T3008 10935:213.393 - 0.045ms returns 0x00
T3008 10935:213.415 JLINK_ConfigJTAG(IRPre = 0, DRPre = 0)
T3008 10935:213.432 - 0.026ms
T3008 10935:213.451 JLINK_SetSpeed(4000)
T3008 10935:213.699 - 0.267ms
T3008 10935:213.753 JLINK_ResetPullsRESET(OFF)
T3008 10935:213.770 - 0.026ms
T3008 10935:213.790 JLINK_Connect()
T3008 10935:215.246   TotalIRLen = 4, IRPrint = 0x01
T3008 10935:215.846   JTAG chain detection found 1 devices:
T3008 10935:215.908    #0 Id: 0x4BA00477, IRLen: 04, CoreSight JTAG-DP
T3008 10935:217.295   DPv0 detected
T3008 10935:217.362   AP map detection skipped. Manually configured AP map found.
T3008 10935:217.444   AP[0]: AHB-AP (IDR: Not set)
T3008 10935:218.502   AP[0]: Core found
T3008 10935:218.540   AP[0]: AHB-AP ROM base: 0xE00FF000
T3008 10935:219.061   CPUID register: 0x410FC241. Implementer code: 0x41 (ARM)
T3008 10935:219.092   Found Cortex-M4 r0p1, Little endian.
T3008 10935:219.295   -- Max. mem block: 0x00000DC0
T3008 10935:219.324   CPU_ReadMem(4 bytes @ 0xE000EDF0)
T3008 10935:219.806   CPU_ReadMem(4 bytes @ 0xE0002000)
T3008 10935:220.403   FPUnit: 6 code (BP) slots and 2 literal slots
T3008 10935:220.452   CPU_ReadMem(4 bytes @ 0xE000EDFC)
T3008 10935:221.099   CPU_ReadMem(4 bytes @ 0xE0001000)
T3008 10935:221.637   CPU_WriteMem(4 bytes @ 0xE0001000)
T3008 10935:222.114   CPU_ReadMem(4 bytes @ 0xE000ED88)
T3008 10935:222.639   CPU_WriteMem(4 bytes @ 0xE000ED88)
T3008 10935:223.085   CPU_ReadMem(4 bytes @ 0xE000ED88)
T3008 10935:223.618   CPU_WriteMem(4 bytes @ 0xE000ED88)
T3008 10935:224.232   CoreSight components:
T3008 10935:224.308   ROMTbl[0] @ E00FF000
T3008 10935:224.352   CPU_ReadMem(64 bytes @ 0xE00FF000)
T3008 10935:225.494   CPU_ReadMem(32 bytes @ 0xE000EFE0)
T3008 10935:226.326   [0][0]: E000E000 CID B105E00D PID 000BB000 SCS
T3008 10935:226.379   CPU_ReadMem(32 bytes @ 0xE0001FE0)
T3008 10935:227.112   [0][1]: E0001000 CID B105E00D PID 003BB002 DWT
T3008 10935:227.158   CPU_ReadMem(32 bytes @ 0xE0002FE0)
T3008 10935:227.868   [0][2]: E0002000 CID B105E00D PID 002BB003 FPB
T3008 10935:227.913   CPU_ReadMem(32 bytes @ 0xE0000FE0)
T3008 10935:228.603   [0][3]: E0000000 CID B105E00D PID 003BB001 ITM
T3008 10935:228.631   CPU_ReadMem(32 bytes @ 0xE0040FE0)
T3008 10935:229.277   [0][4]: E0040000 CID B105900D PID 000BB9A1 TPIU
T3008 10935:229.326 - 15.546ms returns 0x00
T3008 10935:229.387 JLINK_Halt()
T3008 10935:232.351 - 3.063ms returns 0x00
T3008 10935:232.698 JLINK_BeginDownload(Flags = 0x00000000)
T3008 10935:232.723 - 0.034ms
T3008 10935:232.768 JLINK_WriteMem(0x400E0A04, 0x4 Bytes, ...)
T3008 10935:232.789   Data:  0B 01 00 5A
T3008 10935:232.836   CPU_WriteMem(4 bytes @ 0x400E0A04)
T3008 10935:233.226 - 0.470ms returns 0x4
T3008 10935:233.292 JLINK_EndDownload()
T3008 10935:233.312 - 0.030ms returns 0 (0x0)
T3008 10935:233.334 JLINK_ReadMemHW(0x400E0A08, 0x0004 Bytes, ...)
T3008 10935:233.358   CPU_ReadMem(4 bytes @ 0x400E0A08)
T3008 10935:233.834   Data:  01 00 00 00
T3008 10935:233.877 - 0.552ms returns 0
T3008 10935:233.954 JLINK_SetResetType(JLINKARM_CM3_RESET_TYPE_NORMAL)
T3008 10935:233.975 - 0.030ms returns JLINKARM_CM3_RESET_TYPE_NORMAL
T3008 10935:233.996 JLINK_Reset()
T3008 10935:234.025   CPU_ReadMem(16 bytes @ 0x20000000)
T3008 10935:234.598   CPU_WriteMem(16 bytes @ 0x20000000)
T3008 10935:235.133   CPU_ReadMem(4 bytes @ 0xE000EDFC)
T3008 10935:235.651   CPU_WriteMem(4 bytes @ 0xE000EDFC)
T3008 10935:236.122   CPU_ReadMem(4 bytes @ 0xE0001000)
T3008 10935:251.390   CPU_WriteMem(4 bytes @ 0xE000EDFC)
T3008 10935:251.834   CPU_WriteMem(16 bytes @ 0x20000000)
T3008 10935:255.366   CPU_WriteMem(4 bytes @ 0xE0002000)
T3008 10935:255.903   CPU_ReadMem(4 bytes @ 0xE000EDFC)
T3008 10935:256.466   CPU_ReadMem(4 bytes @ 0xE0001000)
T3008 10935:256.948 - 22.974ms
T3008 10935:259.334 JLINK_JTAG_GetDeviceID(DeviceIndex = 0)
T3008 10935:259.363 - 0.034ms returns 1268778103
T3008 10935:259.417 JLINK_ReadMemU32(0x400E0740, 0x1 Items)
T3008 10935:259.467   CPU_ReadMem(4 bytes @ 0x400E0740)
T3008 10935:259.944   Data:  E1 09 9B 28
T3008 10935:259.988 - 0.580ms returns 1 (0x1)
T3008 10935:260.065 JLINK_ReadMemU32(0x400E0744, 0x1 Items)
T3008 10935:260.096   CPU_ReadMem(4 bytes @ 0x400E0744)
T3008 10935:260.612   Data:  00 00 00 00
T3008 10935:260.656 - 0.601ms returns 1 (0x1)
T6880 10935:267.554 JLINK_IsHalted()
T6880 10935:267.610 - 0.067ms returns TRUE
T6880 10935:267.635 JLINK_GetMOEs(...)
T6880 10935:267.662   CPU_ReadMem(4 bytes @ 0xE000ED30)
T6880 10935:268.167 - 0.617ms returns 0x01
T6880 10935:268.270 JLINK_ReadReg(R15 (PC))
T6880 10935:268.284 - 0.020ms returns 0xFFFFFFFE
T3008 10935:298.812 JLINK_BeginDownload(Flags = 0x00000000)
T3008 10935:298.841 - 0.034ms
T3008 10935:298.864 JLINK_WriteMem(0x00400000, 0x3368 Bytes, ...)
T3008 10935:298.876   Data:  70 4B 00 20 AD 27 40 00 A9 27 40 00 A9 27 40 00 ...
T3008 10935:299.253   completely In flash
T3008 10935:299.295 - 0.441ms returns 0x3368
T3008 10935:299.645 JLINK_WriteMem(0x00403368, 0x4D4 Bytes, ...)
T3008 10935:299.674   Data:  39 01 40 00 85 01 40 00 B9 01 40 00 B5 01 40 00 ...
T3008 10935:299.709   completely In flash
T3008 10935:299.736 - 0.101ms returns 0x4D4
T3008 10935:311.305 JLINK_EndDownload()
T3008 10935:311.544   CPU_ReadMem(4 bytes @ 0xE000ED90)
T3008 10935:311.981   CPU_ReadMem(4 bytes @ 0xE000ED94)
T3008 10935:312.448    -- --------------------------------------
T3008 10935:312.541   Flash bank @ 0x00400000: Default: L2 verify disabled because algorithm performs L1 verify
T3008 10935:312.556    -- Start of determining dirty areas in flash cache
T3008 10935:312.621    -- End of determining dirty areas
T3008 10935:312.636    -- Start of preparing flash programming
T3008 10935:312.652    -- Calculating RAM usage
T3008 10935:312.678    -- RAM usage = 2892 Bytes
T3008 10935:312.693    -- Preserving CPU registers
T3008 10935:312.724    -- Preparing memory
T3008 10935:312.739    -- Preparing target
T3008 10935:470.060    -- Preserving target RAM temporarily used for programming
T3008 10935:483.145    -- Downloading RAMCode
T3008 10935:498.031    -- Preparing RAMCode
T3008 10935:503.899    -- Checking target RAM
T3008 10935:505.622    -- End of preparing flash programming
T3008 10935:506.006   Looking for J-Link GUI Server exe at: C:\Program Files (x86)\Atmel\Studio\7.0\atbackend\JLinkGUIServer.exe
T3008 10935:506.203   Looking for J-Link GUI Server exe at: C:\Program Files\SEGGER\JLink\JLinkGUIServer.exe
T3008 10935:506.299   Forking J-Link GUI Server: C:\Program Files\SEGGER\JLink\JLinkGUIServer.exe
T3008 10935:557.158   J-Link GUI Server info: "J-Link GUI server V7.58e "
T3008 10935:577.808    -- CPU is running at 90000 kHz.
T3008 10935:577.873    -- Start of comparing flash
T3008 10935:577.901    -- CRC check was estimated as fastest method
T3008 10935:636.814    -- Comparing range 0x400000 - 0x4039FF (29 Sectors, 14 KB), using multi-block CRC calculation
T3008 10935:652.845    -- CRC does not match for sectors 0-28
T3008 10935:652.910    -- End of comparing flash
T3008 10935:652.939    -- Start of erasing sectors
T3008 10935:652.966    -- End of erasing sectors
T3008 10935:652.993    -- Start of flash programming
T3008 10935:653.024    -- Programming range 0x00400000 - 0x004039FF ( 29 Sectors, 14 KB)
T3008 10935:860.682    -- End of flash programming
T3008 10935:860.745    -- 0x400000 - 0x4039FF ( 29 Sectors, 14 KoB)
T3008 10935:860.775    -- Start of restoring
T3008 10935:860.804    -- Restoring RAMCode
T3008 10935:875.621    -- Restoring target memory
T3008 10935:888.532    -- Restore target
T3008 10935:939.906    -- Restore memory
T3008 10935:939.988    -- Restoring CPU registers
T3008 10935:940.041    -- End of restoring
T3008 10935:940.159    -- Bank 0 @ 0x00400000: 1 range affected (14848 bytes)
T3008 10935:940.206    -- Total: 0.627s (Prepare: 0.265s, Compare: 0.075s, Erase: 0.000s, Program & Verify: 0.216s, Restore: 0.070s)
T3008 10935:940.247    -- Program & Verify speed: 66 KB/s
T3008 10935:950.439 - 639.176ms returns 14848 (0x3A00)
T3008 10935:950.578 JLINK_SetResetType(JLINKARM_CM3_RESET_TYPE_NORMAL)
T3008 10935:950.600 - 0.031ms returns JLINKARM_CM3_RESET_TYPE_NORMAL
T3008 10935:950.622 JLINK_Reset()
T3008 10935:951.047   CPU_ReadMem(16 bytes @ 0x20000000)
T3008 10935:951.634   CPU_WriteMem(16 bytes @ 0x20000000)
T3008 10935:952.197   CPU_ReadMem(4 bytes @ 0xE000EDFC)
T3008 10935:952.670   CPU_WriteMem(4 bytes @ 0xE000EDFC)
T3008 10935:953.129   CPU_ReadMem(4 bytes @ 0xE0001000)
T3008 10935:970.331   CPU_WriteMem(4 bytes @ 0xE000EDFC)
T3008 10935:970.761   CPU_WriteMem(16 bytes @ 0x20000000)
T3008 10935:974.130   CPU_WriteMem(4 bytes @ 0xE0002000)
T3008 10935:974.580   CPU_ReadMem(4 bytes @ 0xE000EDFC)
T3008 10935:975.098   CPU_ReadMem(4 bytes @ 0xE0001000)
T3008 10935:975.605 - 25.009ms
T6880 10936:073.480 JLINK_IsHalted()
T6880 10936:073.513 - 0.038ms returns TRUE
T4970 10936:186.389 JLINK_Halt()
T4970 10936:186.421 - 0.038ms returns 0x00
T4970 10936:186.448 JLINK_ReadReg(R15 (PC))
T4970 10936:186.511 - 0.082ms returns 0x004027AC
T4970 10936:186.562 JLINK_ReadReg(R13 (SP))
T4970 10936:186.583 - 0.030ms returns 0x20004B70
T4970 10936:193.953 JLINK_ReadMemHW(0x004027AC, 0x0004 Bytes, ...)
T4970 10936:193.989   CPU_ReadMem(4 bytes @ 0x004027AC)
T4970 10936:194.504   Data:  08 B5 21 4B
T4970 10936:194.532 - 0.583ms returns 0
T4970 10936:194.862 JLINK_ReadReg(R0)
T4970 10936:194.884 - 0.108ms returns 0x400E1400
T4970 10936:194.984 JLINK_ReadReg(R1)
T4970 10936:194.995 - 0.015ms returns 0x40C00000
T4970 10936:195.008 JLINK_ReadReg(R2)
T4970 10936:195.018 - 0.014ms returns 0xA5000005
T4970 10936:195.031 JLINK_ReadReg(R3)
T4970 10936:195.041 - 0.014ms returns 0x004024AD
T4970 10936:195.053 JLINK_ReadReg(R4)
T4970 10936:195.063 - 0.015ms returns 0x400E0E00
T4970 10936:195.078 JLINK_ReadReg(R5)
T4970 10936:195.089 - 0.015ms returns 0x20001034
T4970 10936:195.101 JLINK_ReadReg(R6)
T4970 10936:195.111 - 0.014ms returns 0x00403079
T4970 10936:195.124 JLINK_ReadReg(R7)
T4970 10936:195.134 - 0.014ms returns 0x601E80AB
T4970 10936:195.148 JLINK_ReadReg(R8)
T4970 10936:195.159 - 0.015ms returns 0x9C680283
T4970 10936:195.172 JLINK_ReadReg(R9)
T4970 10936:195.182 - 0.015ms returns 0x58E842D3
T4970 10936:195.196 JLINK_ReadReg(R10)
T4970 10936:195.206 - 0.014ms returns 0x05CC46C1
T4970 10936:195.219 JLINK_ReadReg(R11)
T4970 10936:195.229 - 0.014ms returns 0x02500018
T4970 10936:195.241 JLINK_ReadReg(R12)
T4970 10936:195.251 - 0.014ms returns 0x00000009
T4970 10936:195.264 JLINK_ReadReg(R13 (SP))
T4970 10936:195.275 - 0.015ms returns 0x20004B70
T4970 10936:195.287 JLINK_ReadReg(R14)
T4970 10936:195.297 - 0.014ms returns 0xFFFFFFFF
T4970 10936:195.310 JLINK_ReadReg(R15 (PC))
T4970 10936:195.320 - 0.014ms returns 0x004027AC
T4970 10936:195.342 JLINK_ReadReg(XPSR)
T4970 10936:195.352 - 0.014ms returns 0x01000000
T4970 10936:195.365 JLINK_ReadReg(MSP)
T4970 10936:195.375 - 0.014ms returns 0x20004B70
T4970 10936:195.387 JLINK_ReadReg(PSP)
T4970 10936:195.399 - 0.016ms returns 0x92220060
T4970 10936:195.412 JLINK_ReadReg(PRIMASK)
T4970 10936:195.422 - 0.015ms returns 0x00000000
T4970 10936:195.435 JLINK_ReadReg(BASEPRI)
T4970 10936:195.445 - 0.014ms returns 0x00000000
T4970 10936:195.458 JLINK_ReadReg(FAULTMASK)
T4970 10936:195.468 - 0.015ms returns 0x00000000
T4970 10936:195.481 JLINK_ReadReg(CONTROL)
T4970 10936:195.491 - 0.014ms returns 0x00000000
T4970 10936:195.859 JLINK_ReadMemHW(0x004027AC, 0x0002 Bytes, ...)
T4970 10936:195.884   CPU_ReadMem(2 bytes @ 0x004027AC)
T4970 10936:196.351   Data:  08 B5
T4970 10936:196.373 - 0.519ms returns 0
T4970 10936:262.032 JLINK_ReadReg(R0)
T4970 10936:262.091 - 0.068ms returns 0x400E1400
T4970 10936:262.118 JLINK_ReadReg(R1)
T4970 10936:262.168 - 0.060ms returns 0x40C00000
T4970 10936:262.208 JLINK_ReadReg(R2)
T4970 10936:262.246 - 0.049ms returns 0xA5000005
T4970 10936:262.283 JLINK_ReadReg(R3)
T4970 10936:262.302 - 0.027ms returns 0x004024AD
T4970 10936:262.325 JLINK_ReadReg(R4)
T4970 10936:262.343 - 0.026ms returns 0x400E0E00
T4970 10936:262.366 JLINK_ReadReg(R5)
T4970 10936:262.383 - 0.025ms returns 0x20001034
T4970 10936:262.406 JLINK_ReadReg(R6)
T4970 10936:262.423 - 0.025ms returns 0x00403079
T4970 10936:262.445 JLINK_ReadReg(R7)
T4970 10936:262.463 - 0.026ms returns 0x601E80AB
T4970 10936:262.486 JLINK_ReadReg(R8)
T4970 10936:262.503 - 0.025ms returns 0x9C680283
T4970 10936:262.529 JLINK_ReadReg(R9)
T4970 10936:262.546 - 0.025ms returns 0x58E842D3
T4970 10936:262.568 JLINK_ReadReg(R10)
T4970 10936:262.587 - 0.028ms returns 0x05CC46C1
T4970 10936:262.612 JLINK_ReadReg(R11)
T4970 10936:262.629 - 0.025ms returns 0x02500018
T4970 10936:262.652 JLINK_ReadReg(R12)
T4970 10936:262.669 - 0.025ms returns 0x00000009
T4970 10936:262.692 JLINK_ReadReg(R13 (SP))
T4970 10936:262.710 - 0.026ms returns 0x20004B70
T4970 10936:262.733 JLINK_ReadReg(R14)
T4970 10936:262.751 - 0.026ms returns 0xFFFFFFFF
T4970 10936:262.773 JLINK_ReadReg(R15 (PC))
T4970 10936:262.791 - 0.025ms returns 0x004027AC
T4970 10936:262.830 JLINK_ReadReg(XPSR)
T4970 10936:262.847 - 0.025ms returns 0x01000000
T4970 10936:262.869 JLINK_ReadReg(MSP)
T4970 10936:262.886 - 0.025ms returns 0x20004B70
T4970 10936:262.911 JLINK_ReadReg(PSP)
T4970 10936:262.928 - 0.025ms returns 0x92220060
T4970 10936:262.951 JLINK_ReadReg(PRIMASK)
T4970 10936:262.969 - 0.026ms returns 0x00000000
T4970 10936:262.992 JLINK_ReadReg(BASEPRI)
T4970 10936:263.010 - 0.034ms returns 0x00000000
T4970 10936:263.047 JLINK_ReadReg(FAULTMASK)
T4970 10936:263.064 - 0.025ms returns 0x00000000
T4970 10936:263.087 JLINK_ReadReg(CONTROL)
T4970 10936:263.104 - 0.025ms returns 0x00000000
T6880 10936:275.574 JLINK_IsHalted()
T6880 10936:275.633 - 0.068ms returns TRUE
T4970 10936:276.037 JLINK_ReadMemHW(0x004027AC, 0x0004 Bytes, ...)
T4970 10936:276.091   CPU_ReadMem(4 bytes @ 0x004027AC)
T4970 10936:276.629   Data:  08 B5 21 4B
T4970 10936:276.671 - 0.643ms returns 0
T4970 10936:327.155 JLINK_SetResetType(JLINKARM_CM3_RESET_TYPE_NORMAL)
T4970 10936:327.190 - 0.044ms returns JLINKARM_CM3_RESET_TYPE_NORMAL
T4970 10936:327.213 JLINK_Reset()
T4970 10936:327.251   CPU_ReadMem(16 bytes @ 0x20000000)
T4970 10936:327.808   CPU_WriteMem(16 bytes @ 0x20000000)
T4970 10936:328.274   CPU_ReadMem(4 bytes @ 0xE000EDFC)
T4970 10936:328.722   CPU_WriteMem(4 bytes @ 0xE000EDFC)
T4970 10936:329.096   CPU_ReadMem(4 bytes @ 0xE0001000)
T4970 10936:329.517   CPU_WriteMem(4 bytes @ 0xE0001004)
T4970 10936:344.074   CPU_WriteMem(4 bytes @ 0xE000EDFC)
T4970 10936:344.492   CPU_WriteMem(16 bytes @ 0x20000000)
T4970 10936:347.957   CPU_WriteMem(4 bytes @ 0xE0002000)
T4970 10936:348.770   CPU_ReadMem(4 bytes @ 0xE000EDFC)
T4970 10936:350.216   CPU_ReadMem(4 bytes @ 0xE0001000)
T4970 10936:354.324 - 27.153ms
T6880 10936:354.501 JLINK_IsHalted()
T6880 10936:354.524 - 0.029ms returns TRUE
T6880 10936:354.539 JLINK_GetMOEs(...)
T6880 10936:354.555   CPU_ReadMem(4 bytes @ 0xE000ED30)
T6880 10936:355.160 - 0.653ms returns 0x01
T6880 10936:355.210 JLINK_ReadReg(R15 (PC))
T6880 10936:355.228 - 0.023ms returns 0x004027AC
T4970 10936:364.260 JLINK_ReadReg(R15 (PC))
T4970 10936:364.319 - 0.069ms returns 0x004027AC
T4970 10936:364.350 JLINK_ReadReg(R13 (SP))
T4970 10936:364.371 - 0.029ms returns 0x20004B70
T4970 10936:364.847 JLINK_ReadMemHW(0x004027AC, 0x0004 Bytes, ...)
T4970 10936:364.906   CPU_ReadMem(4 bytes @ 0x004027AC)
T4970 10936:365.467   Data:  08 B5 21 4B
T4970 10936:365.517 - 0.680ms returns 0
T4970 10936:421.820 JLINK_ReadMemHW(0x00403188, 0x0001 Bytes, ...)
T4970 10936:421.874   CPU_ReadMem(1 bytes @ 0x00403188)
T4970 10936:422.656   Data:  08
T4970 10936:422.695 - 0.880ms returns 0
T4970 10936:465.519 JLINK_ReadReg(R15 (PC))
T4970 10936:465.550 - 0.037ms returns 0x004027AC
T4970 10936:465.703 JLINK_GetNumBPUnits(Type = 0xFFFFFF02)
T4970 10936:465.724 - 0.027ms returns 0x06
T4970 10936:465.737 JLINK_SetBPEx(Addr = 0x00403188, Type = 0xFFFFFFF2)
T4970 10936:465.752 - 0.019ms returns 0x00000001
T4970 10936:465.763 JLINK_GetBPInfo(BPHandle = 1)
T4970 10936:465.773 - 0.015ms returns 0x0
T4970 10936:465.886 JLINK_Go()
T4970 10936:465.917   CPU_ReadMem(4 bytes @ 0xE0001000)
T4970 10936:466.455   CPU_WriteMem(4 bytes @ 0xE000ED30)
T4970 10936:466.851   CPU_WriteMem(4 bytes @ 0xE0002008)
T4970 10936:466.881   CPU_WriteMem(4 bytes @ 0xE000200C)
T4970 10936:466.897   CPU_WriteMem(4 bytes @ 0xE0002010)
T4970 10936:466.912   CPU_WriteMem(4 bytes @ 0xE0002014)
T4970 10936:466.927   CPU_WriteMem(4 bytes @ 0xE0002018)
T4970 10936:466.942   CPU_WriteMem(4 bytes @ 0xE000201C)
T4970 10936:468.461   CPU_WriteMem(4 bytes @ 0xE0001004)
T4970 10936:469.474 - 3.648ms
T6880 10936:469.804 JLINK_IsHalted()
T6880 10936:470.433 - 0.657ms returns FALSE
T6880 10936:493.782 JLINK_IsHalted()
T6880 10936:505.214 - 11.454ms returns TRUE
T6880 10936:505.252 JLINK_GetMOEs(...)
T6880 10936:505.269   CPU_ReadMem(4 bytes @ 0xE000ED30)
T6880 10936:513.018 - 7.786ms returns 0x01
T6880 10936:513.055 JLINK_ReadReg(R15 (PC))
T6880 10936:513.071 - 0.021ms returns 0x00403188
T4970 10936:520.313 JLINK_ReadReg(R15 (PC))
T4970 10936:520.384 - 0.080ms returns 0x00403188
T4970 10936:520.411 JLINK_ReadReg(R13 (SP))
T4970 10936:520.423 - 0.017ms returns 0x20004B68
T4970 10936:520.837 JLINK_ReadMemHW(0x00403188, 0x0004 Bytes, ...)
T4970 10936:520.869   CPU_ReadMem(4 bytes @ 0x00403188)
T4970 10936:521.336   Data:  08 B5 0A 4B
T4970 10936:521.366 - 0.535ms returns 0
T4970 10936:544.585 JLINK_WriteU32_64(0xE000EDFC, 0x01000000)
T4970 10936:544.619   Debug reg: DEMCR
T4970 10936:544.992   CPU_WriteMem(4 bytes @ 0xE000EDFC)
T4970 10936:545.490 - 0.924ms returns 0 (0x00000000)
T4970 10936:545.526 JLINK_ReadMem(0xE0001000, 0x4 Bytes, ...)
T4970 10936:545.548   CPU_ReadMem(4 bytes @ 0xE0001000)
T4970 10936:546.153   Data:  01 00 00 40
T4970 10936:546.183   Debug reg: DWT_CTRL
T4970 10936:546.197 - 0.676ms returns 0
T4970 10936:546.274 JLINK_WriteU32_64(0xE0001000, 0x40000001)
T4970 10936:546.286   Debug reg: DWT_CTRL
T4970 10936:546.315 - 0.046ms returns 0 (0x00000000)
T4970 10936:546.338 JLINK_WriteU32_64(0xE0001028, 0x00000100)
T4970 10936:546.349   Debug reg: DWT_FUNC[0]
T4970 10936:546.365 - 0.033ms returns 0 (0x00000000)
T4970 10936:546.379 JLINK_ReadMem(0xE0001028, 0x4 Bytes, ...)
T4970 10936:546.393   CPU_WriteMem(4 bytes @ 0xE0001028)
T4970 10936:546.749   CPU_ReadMem(4 bytes @ 0xE0001028)
T4970 10936:547.192   Data:  00 00 00 00
T4970 10936:547.224   Debug reg: DWT_FUNC[0]
T4970 10936:547.240 - 0.866ms returns 0
T4970 10936:547.322 JLINK_WriteU32_64(0xE0001024, 0x0000001F)
T4970 10936:547.337   Debug reg: DWT_MASK[0]
T4970 10936:547.361 - 0.046ms returns 0 (0x00000000)
T4970 10936:547.375 JLINK_ReadMem(0xE0001024, 0x4 Bytes, ...)
T4970 10936:547.390   CPU_WriteMem(4 bytes @ 0xE0001024)
T4970 10936:547.758   CPU_ReadMem(4 bytes @ 0xE0001024)
T4970 10936:548.193   Data:  0F 00 00 00
T4970 10936:548.228   Debug reg: DWT_MASK[0]
T4970 10936:548.242 - 0.872ms returns 0
T4970 10936:548.324 JLINK_WriteU32_64(0xE0001038, 0x00000100)
T4970 10936:548.337   Debug reg: DWT_FUNC[1]
T4970 10936:548.364 - 0.046ms returns 0 (0x00000000)
T4970 10936:548.378 JLINK_ReadMem(0xE0001038, 0x4 Bytes, ...)
T4970 10936:548.393   CPU_WriteMem(4 bytes @ 0xE0001038)
T4970 10936:548.772   CPU_ReadMem(4 bytes @ 0xE0001038)
T4970 10936:549.216   Data:  00 03 00 00
T4970 10936:549.245   Debug reg: DWT_FUNC[1]
T4970 10936:549.260 - 0.887ms returns 0
T4970 10936:549.337 JLINK_WriteU32_64(0xE0001034, 0x0000001F)
T4970 10936:549.371   Debug reg: DWT_MASK[1]
T4970 10936:549.401 - 0.068ms returns 0 (0x00000000)
T4970 10936:549.416 JLINK_ReadMem(0xE0001034, 0x4 Bytes, ...)
T4970 10936:549.432   CPU_WriteMem(4 bytes @ 0xE0001034)
T4970 10936:549.772   CPU_ReadMem(4 bytes @ 0xE0001034)
T4970 10936:550.200   Data:  0F 00 00 00
T4970 10936:550.230   Debug reg: DWT_MASK[1]
T4970 10936:550.244 - 0.833ms returns 0
T4970 10936:550.325 JLINK_WriteU32_64(0xE0001048, 0x00000100)
T4970 10936:550.338   Debug reg: DWT_FUNC[2]
T4970 10936:550.365 - 0.046ms returns 0 (0x00000000)
T4970 10936:550.379 JLINK_ReadMem(0xE0001048, 0x4 Bytes, ...)
T4970 10936:550.394   CPU_WriteMem(4 bytes @ 0xE0001048)
T4970 10936:550.807   CPU_ReadMem(4 bytes @ 0xE0001048)
T4970 10936:551.229   Data:  00 00 00 00
T4970 10936:551.258   Debug reg: DWT_FUNC[2]
T4970 10936:551.273 - 0.898ms returns 0
T4970 10936:551.350 JLINK_WriteU32_64(0xE0001044, 0x0000001F)
T4970 10936:551.362   Debug reg: DWT_MASK[2]
T4970 10936:551.388 - 0.044ms returns 0 (0x00000000)
T4970 10936:551.402 JLINK_ReadMem(0xE0001044, 0x4 Bytes, ...)
T4970 10936:551.417   CPU_WriteMem(4 bytes @ 0xE0001044)
T4970 10936:551.800   CPU_ReadMem(4 bytes @ 0xE0001044)
T4970 10936:552.219   Data:  0F 00 00 00
T4970 10936:552.244   Debug reg: DWT_MASK[2]
T4970 10936:552.258 - 0.861ms returns 0
T4970 10936:552.343 JLINK_WriteU32_64(0xE0001058, 0x00000100)
T4970 10936:552.356   Debug reg: DWT_FUNC[3]
T4970 10936:552.384 - 0.046ms returns 0 (0x00000000)
T4970 10936:552.397 JLINK_ReadMem(0xE0001058, 0x4 Bytes, ...)
T4970 10936:552.412   CPU_WriteMem(4 bytes @ 0xE0001058)
T4970 10936:552.803   CPU_ReadMem(4 bytes @ 0xE0001058)
T4970 10936:553.584   Data:  00 00 00 00
T4970 10936:553.614   Debug reg: DWT_FUNC[3]
T4970 10936:553.630 - 1.237ms returns 0
T4970 10936:553.718 JLINK_WriteU32_64(0xE0001054, 0x0000001F)
T4970 10936:553.730   Debug reg: DWT_MASK[3]
T4970 10936:553.756 - 0.044ms returns 0 (0x00000000)
T4970 10936:553.769 JLINK_ReadMem(0xE0001054, 0x4 Bytes, ...)
T4970 10936:553.790   CPU_WriteMem(4 bytes @ 0xE0001054)
T4970 10936:554.500   CPU_ReadMem(4 bytes @ 0xE0001054)
T4970 10936:554.946   Data:  0F 00 00 00
T4970 10936:554.977   Debug reg: DWT_MASK[3]
T4970 10936:554.993 - 1.229ms returns 0
T4970 10936:555.087 JLINK_WriteU32_64(0xE0001020, 0x00000000)
T4970 10936:555.099   Debug reg: DWT_COMP[0]
T4970 10936:555.125 - 0.043ms returns 0 (0x00000000)
T4970 10936:555.148 JLINK_WriteU32_64(0xE0001024, 0x00000000)
T4970 10936:555.159   Debug reg: DWT_MASK[0]
T4970 10936:555.176 - 0.033ms returns 0 (0x00000000)
T4970 10936:555.197 JLINK_WriteU32_64(0xE0001028, 0x00000000)
T4970 10936:555.208   Debug reg: DWT_FUNC[0]
T4970 10936:555.224 - 0.032ms returns 0 (0x00000000)
T4970 10936:555.244 JLINK_WriteU32_64(0xE0001030, 0x00000000)
T4970 10936:555.254   Debug reg: DWT_COMP[1]
T4970 10936:555.271 - 0.032ms returns 0 (0x00000000)
T4970 10936:555.292 JLINK_WriteU32_64(0xE0001034, 0x00000000)
T4970 10936:555.303   Debug reg: DWT_MASK[1]
T4970 10936:555.319 - 0.032ms returns 0 (0x00000000)
T4970 10936:555.340 JLINK_WriteU32_64(0xE0001038, 0x00000000)
T4970 10936:555.351   Debug reg: DWT_FUNC[1]
T4970 10936:555.366 - 0.031ms returns 0 (0x00000000)
T4970 10936:555.387 JLINK_WriteU32_64(0xE0001040, 0x00000000)
T4970 10936:555.397   Debug reg: DWT_COMP[2]
T4970 10936:555.413 - 0.031ms returns 0 (0x00000000)
T4970 10936:555.434 JLINK_WriteU32_64(0xE0001044, 0x00000000)
T4970 10936:555.444   Debug reg: DWT_MASK[2]
T4970 10936:555.460 - 0.032ms returns 0 (0x00000000)
T4970 10936:555.480 JLINK_WriteU32_64(0xE0001048, 0x00000000)
T4970 10936:555.491   Debug reg: DWT_FUNC[2]
T4970 10936:555.507 - 0.032ms returns 0 (0x00000000)
T4970 10936:555.527 JLINK_WriteU32_64(0xE0001050, 0x00000000)
T4970 10936:555.537   Debug reg: DWT_COMP[3]
T4970 10936:555.554 - 0.032ms returns 0 (0x00000000)
T4970 10936:555.574 JLINK_WriteU32_64(0xE0001054, 0x00000000)
T4970 10936:555.585   Debug reg: DWT_MASK[3]
T4970 10936:555.601 - 0.032ms returns 0 (0x00000000)
T4970 10936:555.620 JLINK_WriteU32_64(0xE0001058, 0x00000000)
T4970 10936:555.631   Debug reg: DWT_FUNC[3]
T4970 10936:555.647 - 0.032ms returns 0 (0x00000000)
T4970 10936:555.662 JLINK_GetBPInfo(BPHandle = 1)
T4970 10936:555.672 - 0.015ms returns 0x0
T4970 10936:555.684 JLINK_ClrBPEx(BPHandle = 0x00000001)
T4970 10936:555.695 - 0.016ms returns 0x00
T4970 10936:555.738 JLINK_ReadReg(R15 (PC))
T4970 10936:555.750 - 0.017ms returns 0x00403188
T4970 10936:555.921 JLINK_Go()
T4970 10936:555.949   CPU_WriteMem(4 bytes @ 0xE0001000)
T4970 10936:556.434   CPU_ReadMem(4 bytes @ 0xE0001000)
T4970 10936:556.841   CPU_WriteMem(4 bytes @ 0xE000ED30)
T4970 10936:557.220   CPU_WriteMem(4 bytes @ 0xE0001020)
T4970 10936:557.253   CPU_WriteMem(4 bytes @ 0xE0001030)
T4970 10936:557.268   CPU_WriteMem(4 bytes @ 0xE0001040)
T4970 10936:557.283   CPU_WriteMem(4 bytes @ 0xE0001050)
T4970 10936:557.297   CPU_WriteMem(4 bytes @ 0xE0001024)
T4970 10936:557.311   CPU_WriteMem(4 bytes @ 0xE0001034)
T4970 10936:557.326   CPU_WriteMem(4 bytes @ 0xE0001044)
T4970 10936:557.340   CPU_WriteMem(4 bytes @ 0xE0001054)
T4970 10936:557.355   CPU_WriteMem(4 bytes @ 0xE0001028)
T4970 10936:557.369   CPU_WriteMem(4 bytes @ 0xE0001038)
T4970 10936:557.384   CPU_WriteMem(4 bytes @ 0xE0001048)
T4970 10936:557.398   CPU_WriteMem(4 bytes @ 0xE0001058)
T4970 10936:557.412   CPU_WriteMem(4 bytes @ 0xE0002008)
T4970 10936:561.054 - 5.157ms
T6880 10936:561.143 JLINK_IsHalted()
T6880 10936:561.525 - 0.401ms returns FALSE
T6880 10936:601.692 JLINK_IsHalted()
T6880 10936:602.102 - 0.424ms returns FALSE
T6880 10936:761.731 JLINK_IsHalted()
T6880 10936:762.145 - 0.427ms returns FALSE
T6880 10936:962.538 JLINK_IsHalted()
T6880 10936:963.029 - 0.516ms returns FALSE
T6880 10937:163.433 JLINK_IsHalted()
T6880 10937:163.943 - 0.542ms returns FALSE
T6880 10937:365.033 JLINK_IsHalted()
T6880 10937:365.545 - 0.539ms returns FALSE
T6880 10937:565.715 JLINK_IsHalted()
T6880 10937:566.239 - 0.548ms returns FALSE
T6880 10937:766.340 JLINK_IsHalted()
T6880 10937:766.852 - 0.540ms returns FALSE
T6880 10937:966.465 JLINK_IsHalted()
T6880 10937:967.005 - 0.563ms returns FALSE
T6880 10938:222.843 JLINK_IsHalted()
T6880 10938:227.065 - 4.263ms returns FALSE
T6880 10938:427.684 JLINK_IsHalted()
T6880 10938:428.173 - 0.516ms returns FALSE
T6880 10938:628.357 JLINK_IsHalted()
T6880 10938:629.001 - 0.670ms returns FALSE
T6880 10938:828.513 JLINK_IsHalted()
T6880 10938:829.094 - 0.616ms returns FALSE
T6880 10939:032.566 JLINK_IsHalted()
T6880 10939:033.142 - 0.601ms returns FALSE
T6880 10939:234.582 JLINK_IsHalted()
T6880 10939:235.164 - 0.606ms returns FALSE
T6880 10939:436.059 JLINK_IsHalted()
T6880 10939:436.601 - 0.679ms returns FALSE
T6880 10939:637.729 JLINK_IsHalted()
T6880 10939:638.321 - 0.620ms returns FALSE
T6880 10939:837.701 JLINK_IsHalted()
T6880 10939:838.116 - 0.427ms returns FALSE
T6880 10940:038.360 JLINK_IsHalted()
T6880 10940:038.801 - 0.467ms returns FALSE
T6880 10940:239.073 JLINK_IsHalted()
T6880 10940:239.478 - 0.419ms returns FALSE
T6880 10940:440.984 JLINK_IsHalted()
T6880 10940:441.451 - 0.496ms returns FALSE
T6880 10940:641.042 JLINK_IsHalted()
T6880 10940:641.466 - 0.439ms returns FALSE
T6880 10940:842.702 JLINK_IsHalted()
T6880 10940:843.118 - 0.429ms returns FALSE
T6880 10941:042.780 JLINK_IsHalted()
T6880 10941:043.232 - 0.477ms returns FALSE
T6880 10941:246.287 JLINK_IsHalted()
T6880 10941:246.742 - 0.480ms returns FALSE
T6880 10941:447.438 JLINK_IsHalted()
T6880 10941:447.944 - 0.524ms returns FALSE
T6880 10941:652.528 JLINK_IsHalted()
T6880 10941:653.213 - 0.723ms returns FALSE
T6880 10941:852.715 JLINK_IsHalted()
T6880 10941:853.384 - 0.712ms returns FALSE
T6880 10942:052.732 JLINK_IsHalted()
T6880 10942:053.232 - 0.532ms returns FALSE
T6880 10942:252.829 JLINK_IsHalted()
T6880 10942:253.328 - 0.537ms returns FALSE
T6880 10942:455.538 JLINK_IsHalted()
T6880 10942:456.000 - 0.479ms returns FALSE
T6880 10942:656.469 JLINK_IsHalted()
T6880 10942:657.016 - 0.571ms returns FALSE
T6880 10942:857.411 JLINK_IsHalted()
T6880 10942:857.991 - 0.605ms returns FALSE
T6880 10943:058.953 JLINK_IsHalted()
T6880 10943:059.501 - 0.575ms returns FALSE
T6880 10943:259.070 JLINK_IsHalted()
T6880 10943:259.619 - 0.574ms returns FALSE
T6880 10943:459.616 JLINK_IsHalted()
T6880 10943:460.182 - 0.590ms returns FALSE
T6880 10943:662.912 JLINK_IsHalted()
T6880 10943:663.498 - 0.611ms returns FALSE
T6880 10943:864.047 JLINK_IsHalted()
T6880 10943:864.498 - 0.470ms returns FALSE
T6880 10944:064.092 JLINK_IsHalted()
T6880 10944:064.673 - 0.606ms returns FALSE
T6880 10944:265.490 JLINK_IsHalted()
T6880 10944:266.069 - 0.603ms returns FALSE
T6880 10944:467.508 JLINK_IsHalted()
T6880 10944:468.026 - 0.545ms returns FALSE
T6880 10944:667.640 JLINK_IsHalted()
T6880 10944:668.186 - 0.571ms returns FALSE
T6880 10944:868.377 JLINK_IsHalted()
T6880 10944:868.907 - 0.556ms returns FALSE
T6880 10945:068.396 JLINK_IsHalted()
T6880 10945:068.990 - 0.635ms returns FALSE
T6880 10945:271.507 JLINK_IsHalted()
T6880 10945:272.061 - 0.581ms returns FALSE
T6880 10945:472.543 JLINK_IsHalted()
T6880 10945:473.086 - 0.562ms returns FALSE
T6880 10945:673.893 JLINK_IsHalted()
T6880 10945:674.495 - 0.626ms returns FALSE
T6880 10945:875.382 JLINK_IsHalted()
T6880 10945:875.945 - 0.588ms returns FALSE
T6880 10946:076.436 JLINK_IsHalted()
T6880 10946:076.975 - 0.565ms returns FALSE
T6880 10946:277.366 JLINK_IsHalted()
T6880 10946:277.951 - 0.608ms returns FALSE
T6880 10946:478.515 JLINK_IsHalted()
T6880 10946:479.226 - 0.735ms returns FALSE
T6880 10946:680.097 JLINK_IsHalted()
T6880 10946:680.839 - 0.792ms returns FALSE
T6880 10946:881.453 JLINK_IsHalted()
T6880 10946:882.025 - 0.596ms returns FALSE
T6880 10947:081.500 JLINK_IsHalted()
T6880 10947:082.108 - 0.665ms returns FALSE
T6880 10947:282.874 JLINK_IsHalted()
T6880 10947:283.787 - 0.977ms returns FALSE
T6880 10947:484.772 JLINK_IsHalted()
T6880 10947:485.445 - 0.709ms returns FALSE
T6880 10947:685.637 JLINK_IsHalted()
T6880 10947:686.214 - 0.610ms returns FALSE
T6880 10947:887.449 JLINK_IsHalted()
T6880 10947:888.026 - 0.602ms returns FALSE
T6880 10948:089.324 JLINK_IsHalted()
T6880 10948:089.982 - 0.683ms returns FALSE
T6880 10948:291.099 JLINK_IsHalted()
T6880 10948:291.763 - 0.691ms returns FALSE
T6880 10948:493.634 JLINK_IsHalted()
T6880 10948:494.135 - 0.532ms returns FALSE
T6880 10948:694.665 JLINK_IsHalted()
T6880 10948:695.232 - 0.592ms returns FALSE
T6880 10948:895.173 JLINK_IsHalted()
T6880 10948:895.755 - 0.606ms returns FALSE
T6880 10949:096.445 JLINK_IsHalted()
T6880 10949:097.005 - 0.585ms returns FALSE
T6880 10949:299.479 JLINK_IsHalted()
T6880 10949:300.250 - 0.797ms returns FALSE
T6880 10949:500.550 JLINK_IsHalted()
T6880 10949:501.211 - 0.689ms returns FALSE
T6880 10949:700.524 JLINK_IsHalted()
T6880 10949:701.179 - 0.686ms returns FALSE
T6880 10949:903.179 JLINK_IsHalted()
T6880 10949:903.729 - 0.577ms returns FALSE
T6880 10950:104.808 JLINK_IsHalted()
T6880 10950:105.370 - 0.587ms returns FALSE
T6880 10950:305.019 JLINK_IsHalted()
T6880 10950:305.533 - 0.540ms returns FALSE
T6880 10950:505.985 JLINK_IsHalted()
T6880 10950:506.485 - 0.526ms returns FALSE
T6880 10950:705.677 JLINK_IsHalted()
T6880 10950:706.232 - 0.581ms returns FALSE
T6880 10950:906.405 JLINK_IsHalted()
T6880 10950:907.218 - 0.838ms returns FALSE
T6880 10951:107.351 JLINK_IsHalted()
T6880 10951:107.904 - 0.579ms returns FALSE
T6880 10951:308.185 JLINK_IsHalted()
T6880 10951:308.725 - 0.565ms returns FALSE
T6880 10951:509.436 JLINK_IsHalted()
T6880 10951:510.069 - 0.663ms returns FALSE
T6880 10951:712.705 JLINK_IsHalted()
T6880 10951:713.325 - 0.646ms returns FALSE
T6880 10951:912.560 JLINK_IsHalted()
T6880 10951:913.147 - 0.612ms returns FALSE
T6880 10952:115.439 JLINK_IsHalted()
T6880 10952:116.098 - 0.684ms returns FALSE
T6880 10952:317.054 JLINK_IsHalted()
T6880 10952:317.631 - 0.622ms returns FALSE
T6880 10952:517.460 JLINK_IsHalted()
T6880 10952:517.996 - 0.566ms returns FALSE
T6880 10952:718.949 JLINK_IsHalted()
T6880 10952:719.562 - 0.638ms returns FALSE
T6880 10952:921.123 JLINK_IsHalted()
T6880 10952:921.686 - 0.588ms returns FALSE
T6880 10953:122.318 JLINK_IsHalted()
T6880 10953:122.862 - 0.572ms returns FALSE
T6880 10953:322.552 JLINK_IsHalted()
T6880 10953:323.135 - 0.606ms returns FALSE
T6880 10953:523.452 JLINK_IsHalted()
T6880 10953:524.033 - 0.605ms returns FALSE
T6880 10953:725.485 JLINK_IsHalted()
T6880 10953:726.127 - 0.667ms returns FALSE
T6880 10953:927.338 JLINK_IsHalted()
T6880 10953:927.920 - 0.606ms returns FALSE
T6880 10954:128.514 JLINK_IsHalted()
T6880 10954:129.063 - 0.576ms returns FALSE
T6880 10954:329.535 JLINK_IsHalted()
T6880 10954:330.121 - 0.611ms returns FALSE
T6880 10954:531.812 JLINK_IsHalted()
T6880 10954:532.356 - 0.565ms returns FALSE
T6880 10954:732.567 JLINK_IsHalted()
T6880 10954:733.144 - 0.601ms returns FALSE
T6880 10954:934.660 JLINK_IsHalted()
T6880 10954:935.227 - 0.596ms returns FALSE
T6880 10955:134.943 JLINK_IsHalted()
T6880 10955:135.509 - 0.592ms returns FALSE
T6880 10955:336.400 JLINK_IsHalted()
T6880 10955:336.964 - 0.588ms returns FALSE
T6880 10955:537.365 JLINK_IsHalted()
T6880 10955:537.942 - 0.601ms returns FALSE
T6880 10955:737.609 JLINK_IsHalted()
T6880 10955:738.183 - 0.599ms returns FALSE
T6880 10955:938.119 JLINK_IsHalted()
T6880 10955:938.807 - 0.713ms returns FALSE
T6880 10956:140.465 JLINK_IsHalted()
T6880 10956:141.034 - 0.595ms returns FALSE
T6880 10956:342.568 JLINK_IsHalted()
T6880 10956:343.149 - 0.606ms returns FALSE
T6880 10956:543.390 JLINK_IsHalted()
T6880 10956:543.959 - 0.595ms returns FALSE
T6880 10956:744.016 JLINK_IsHalted()
T6880 10956:744.631 - 0.640ms returns FALSE
T6880 10956:945.469 JLINK_IsHalted()
T6880 10956:946.130 - 0.686ms returns FALSE
T6880 10957:147.366 JLINK_IsHalted()
T6880 10957:147.921 - 0.582ms returns FALSE
T6880 10957:347.513 JLINK_IsHalted()
T6880 10957:348.106 - 0.619ms returns FALSE
T6880 10957:548.500 JLINK_IsHalted()
T6880 10957:549.051 - 0.577ms returns FALSE
T6880 10957:751.388 JLINK_IsHalted()
T6880 10957:751.927 - 0.572ms returns FALSE
T6880 10957:952.009 JLINK_IsHalted()
T6880 10957:952.582 - 0.598ms returns FALSE
T6880 10958:152.551 JLINK_IsHalted()
T6880 10958:153.133 - 0.607ms returns FALSE
T6880 10958:353.637 JLINK_IsHalted()
T6880 10958:354.208 - 0.597ms returns FALSE
T6880 10958:555.490 JLINK_IsHalted()
T6880 10958:556.065 - 0.600ms returns FALSE
T6880 10958:756.687 JLINK_IsHalted()
T6880 10958:757.310 - 0.685ms returns FALSE
T6880 10958:957.250 JLINK_IsHalted()
T6880 10958:957.816 - 0.590ms returns FALSE
T6880 10959:157.489 JLINK_IsHalted()
T6880 10959:158.030 - 0.566ms returns FALSE
T6880 10959:358.364 JLINK_IsHalted()
T6880 10959:358.904 - 0.567ms returns FALSE
T6880 10959:560.202 JLINK_IsHalted()
T6880 10959:560.758 - 0.588ms returns FALSE
T6880 10959:761.408 JLINK_IsHalted()
T6880 10959:761.968 - 0.587ms returns FALSE
T6880 10959:962.539 JLINK_IsHalted()
T6880 10959:963.104 - 0.590ms returns FALSE
T6880 10960:163.568 JLINK_IsHalted()
T6880 10960:164.119 - 0.579ms returns FALSE
T6880 10960:364.563 JLINK_IsHalted()
T6880 10960:365.199 - 0.660ms returns FALSE
T6880 10960:565.513 JLINK_IsHalted()
T6880 10960:566.135 - 0.646ms returns FALSE
T6880 10960:765.631 JLINK_IsHalted()
T6880 10960:766.165 - 0.564ms returns FALSE
T6880 10960:967.158 JLINK_IsHalted()
T6880 10960:968.201 - 1.088ms returns FALSE
T6880 10961:167.496 JLINK_IsHalted()
T6880 10961:168.015 - 0.545ms returns FALSE
T6880 10961:368.430 JLINK_IsHalted()
T6880 10961:368.939 - 0.534ms returns FALSE
T6880 10961:569.976 JLINK_IsHalted()
T6880 10961:570.519 - 0.595ms returns FALSE
T6880 10961:770.481 JLINK_IsHalted()
T6880 10961:771.097 - 0.641ms returns FALSE
T6880 10961:971.569 JLINK_IsHalted()
T6880 10961:972.126 - 0.583ms returns FALSE
T6880 10962:173.317 JLINK_IsHalted()
T6880 10962:173.837 - 0.547ms returns FALSE
T6880 10962:373.500 JLINK_IsHalted()
T6880 10962:374.075 - 0.601ms returns FALSE
T6880 10962:574.944 JLINK_IsHalted()
T6880 10962:575.511 - 0.592ms returns FALSE
T6880 10962:775.507 JLINK_IsHalted()
T6880 10962:776.137 - 0.655ms returns FALSE
T6880 10962:977.480 JLINK_IsHalted()
T6880 10962:978.015 - 0.561ms returns FALSE
T6880 10963:178.089 JLINK_IsHalted()
T6880 10963:178.717 - 0.653ms returns FALSE
T6880 10963:378.129 JLINK_IsHalted()
T6880 10963:378.655 - 0.552ms returns FALSE
T6880 10963:578.856 JLINK_IsHalted()
T6880 10963:579.488 - 0.658ms returns FALSE
T6880 10963:779.738 JLINK_IsHalted()
T6880 10963:780.281 - 0.570ms returns FALSE
T6880 10963:982.300 JLINK_IsHalted()
T6880 10963:983.059 - 0.793ms returns FALSE
T6880 10964:184.041 JLINK_IsHalted()
T6880 10964:184.562 - 0.548ms returns FALSE
T6880 10964:386.209 JLINK_IsHalted()
T6880 10964:386.758 - 0.574ms returns FALSE
T6880 10964:587.371 JLINK_IsHalted()
T6880 10964:587.926 - 0.582ms returns FALSE
T6880 10964:789.452 JLINK_IsHalted()
T6880 10964:790.015 - 0.589ms returns FALSE
T6880 10964:990.814 JLINK_IsHalted()
T6880 10964:991.395 - 0.605ms returns FALSE
T6880 10965:192.550 JLINK_IsHalted()
T6880 10965:193.135 - 0.610ms returns FALSE
T6880 10965:393.428 JLINK_IsHalted()
T6880 10965:394.019 - 0.615ms returns FALSE
T6880 10965:594.632 JLINK_IsHalted()
T6880 10965:595.211 - 0.605ms returns FALSE
T6880 10965:829.083 JLINK_IsHalted()
T6880 10965:846.424 - 17.391ms returns FALSE
T6880 10966:047.550 JLINK_IsHalted()
T6880 10966:048.116 - 0.591ms returns FALSE
T6880 10966:249.075 JLINK_IsHalted()
T6880 10966:249.624 - 0.575ms returns FALSE
T6880 10966:452.558 JLINK_IsHalted()
T6880 10966:453.111 - 0.579ms returns FALSE
T6880 10966:653.388 JLINK_IsHalted()
T6880 10966:653.906 - 0.554ms returns FALSE
T6880 10966:855.471 JLINK_IsHalted()
T6880 10966:856.157 - 0.711ms returns FALSE
T6880 10967:057.345 JLINK_IsHalted()
T6880 10967:057.929 - 0.608ms returns FALSE
T6880 10967:258.950 JLINK_IsHalted()
T6880 10967:259.493 - 0.570ms returns FALSE
T6880 10967:459.636 JLINK_IsHalted()
T6880 10967:460.238 - 0.627ms returns FALSE
T6880 10967:660.523 JLINK_IsHalted()
T6880 10967:661.103 - 0.605ms returns FALSE
T6880 10967:860.598 JLINK_IsHalted()
T6880 10967:861.125 - 0.554ms returns FALSE
T6880 10968:062.799 JLINK_IsHalted()
T6880 10968:063.282 - 0.508ms returns FALSE
T6880 10968:271.854 JLINK_IsHalted()
T6880 10968:274.440 - 2.615ms returns FALSE
T6880 10968:474.730 JLINK_IsHalted()
T6880 10968:475.281 - 0.578ms returns FALSE
T6880 10968:675.996 JLINK_IsHalted()
T6880 10968:676.505 - 0.534ms returns FALSE
T6880 10968:877.464 JLINK_IsHalted()
T6880 10968:878.025 - 0.586ms returns FALSE
T6880 10969:080.260 JLINK_IsHalted()
T6880 10969:080.816 - 0.581ms returns FALSE
T6880 10969:281.521 JLINK_IsHalted()
T6880 10969:282.038 - 0.570ms returns FALSE
T6880 10969:482.460 JLINK_IsHalted()
T6880 10969:482.973 - 0.538ms returns FALSE
T6880 10969:682.595 JLINK_IsHalted()
T6880 10969:683.149 - 0.583ms returns FALSE
T6880 10969:883.561 JLINK_IsHalted()
T6880 10969:884.141 - 0.605ms returns FALSE
T6880 10970:084.580 JLINK_IsHalted()
T6880 10970:085.161 - 0.607ms returns FALSE
T6880 10970:285.604 JLINK_IsHalted()
T6880 10970:286.234 - 0.655ms returns FALSE
T6880 10970:485.606 JLINK_IsHalted()
T6880 10970:486.254 - 0.673ms returns FALSE
T6880 10970:686.458 JLINK_IsHalted()
T6880 10970:686.990 - 0.561ms returns FALSE
T6880 10970:889.057 JLINK_IsHalted()
T6880 10970:889.631 - 0.599ms returns FALSE
T6880 10971:091.573 JLINK_IsHalted()
T6880 10971:092.149 - 0.601ms returns FALSE
T6880 10971:292.455 JLINK_IsHalted()
T6880 10971:293.055 - 0.626ms returns FALSE
T6880 10971:493.507 JLINK_IsHalted()
T6880 10971:494.091 - 0.609ms returns FALSE
T6880 10971:694.637 JLINK_IsHalted()
T6880 10971:695.184 - 0.573ms returns FALSE
T6880 10971:895.466 JLINK_IsHalted()
T6880 10971:896.047 - 0.606ms returns FALSE
T6880 10972:097.607 JLINK_IsHalted()
T6880 10972:098.249 - 0.670ms returns FALSE
T6880 10972:297.644 JLINK_IsHalted()
T6880 10972:298.182 - 0.565ms returns FALSE
T6880 10972:498.199 JLINK_IsHalted()
T6880 10972:498.708 - 0.535ms returns FALSE
T6880 10972:700.049 JLINK_IsHalted()
T6880 10972:700.637 - 0.613ms returns FALSE
T6880 10972:901.477 JLINK_IsHalted()
T6880 10972:902.171 - 0.720ms returns FALSE
T6880 10973:103.579 JLINK_IsHalted()
T6880 10973:104.107 - 0.556ms returns FALSE
T6880 10973:303.457 JLINK_IsHalted()
T6880 10973:303.997 - 0.566ms returns FALSE
T6880 10973:505.659 JLINK_IsHalted()
T6880 10973:506.249 - 0.615ms returns FALSE
T6880 10973:707.368 JLINK_IsHalted()
T6880 10973:707.951 - 0.607ms returns FALSE
T6880 10973:911.842 JLINK_IsHalted()
T6880 10973:912.516 - 0.700ms returns FALSE
T6880 10974:111.896 JLINK_IsHalted()
T6880 10974:112.484 - 0.614ms returns FALSE
T6880 10974:312.667 JLINK_IsHalted()
T6880 10974:313.222 - 0.580ms returns FALSE
T6880 10974:513.019 JLINK_IsHalted()
T6880 10974:513.603 - 0.608ms returns FALSE
T6880 10974:714.604 JLINK_IsHalted()
T6880 10974:715.133 - 0.557ms returns FALSE
T6880 10974:915.400 JLINK_IsHalted()
T6880 10974:915.997 - 0.625ms returns FALSE
T6880 10975:116.373 JLINK_IsHalted()
T6880 10975:116.916 - 0.569ms returns FALSE
T6880 10975:316.410 JLINK_IsHalted()
T6880 10975:316.984 - 0.598ms returns FALSE
T6880 10975:517.371 JLINK_IsHalted()
T6880 10975:517.957 - 0.611ms returns FALSE
T6880 10975:719.662 JLINK_IsHalted()
T6880 10975:720.243 - 0.606ms returns FALSE
T6880 10975:922.686 JLINK_IsHalted()
T6880 10975:923.222 - 0.560ms returns FALSE
T6880 10976:123.551 JLINK_IsHalted()
T6880 10976:124.413 - 0.897ms returns FALSE
T6880 10976:326.031 JLINK_IsHalted()
T6880 10976:326.502 - 0.496ms returns FALSE
T6880 10976:526.099 JLINK_IsHalted()
T6880 10976:526.613 - 0.541ms returns FALSE
T6880 10976:726.457 JLINK_IsHalted()
T6880 10976:727.006 - 0.574ms returns FALSE
T6880 10976:926.572 JLINK_IsHalted()
T6880 10976:927.220 - 0.685ms returns FALSE
T6880 10977:127.362 JLINK_IsHalted()
T6880 10977:127.933 - 0.596ms returns FALSE
T6880 10977:328.142 JLINK_IsHalted()
T6880 10977:328.689 - 0.572ms returns FALSE
T6880 10977:528.813 JLINK_IsHalted()
T6880 10977:529.399 - 0.616ms returns FALSE
T6880 10977:729.362 JLINK_IsHalted()
T6880 10977:729.929 - 0.591ms returns FALSE
T6880 10977:930.509 JLINK_IsHalted()
T6880 10977:931.180 - 0.824ms returns FALSE
T6880 10978:132.792 JLINK_IsHalted()
T6880 10978:133.457 - 0.697ms returns FALSE
T6880 10978:333.096 JLINK_IsHalted()
T6880 10978:333.610 - 0.534ms returns FALSE
T6880 10978:533.170 JLINK_IsHalted()
T6880 10978:533.718 - 0.563ms returns FALSE
T6880 10978:734.573 JLINK_IsHalted()
T6880 10978:735.140 - 0.591ms returns FALSE
T6880 10978:935.834 JLINK_IsHalted()
T6880 10978:936.376 - 0.558ms returns FALSE
T6880 10979:138.851 JLINK_IsHalted()
T6880 10979:139.429 - 0.611ms returns FALSE
T6880 10979:340.880 JLINK_IsHalted()
T6880 10979:341.660 - 0.804ms returns FALSE
T6880 10979:542.495 JLINK_IsHalted()
T6880 10979:543.002 - 0.542ms returns FALSE
T6880 10979:743.521 JLINK_IsHalted()
T6880 10979:744.076 - 0.582ms returns FALSE
T6880 10979:944.644 JLINK_IsHalted()
T6880 10979:945.206 - 0.587ms returns FALSE
T6880 10980:145.911 JLINK_IsHalted()
T6880 10980:146.485 - 0.601ms returns FALSE
T6880 10980:346.632 JLINK_IsHalted()
T6880 10980:347.166 - 0.559ms returns FALSE
T6880 10980:547.425 JLINK_IsHalted()
T6880 10980:547.926 - 0.529ms returns FALSE
T6880 10980:747.948 JLINK_IsHalted()
T6880 10980:748.464 - 0.596ms returns FALSE
T6880 10980:949.309 JLINK_IsHalted()
T6880 10980:950.213 - 1.135ms returns FALSE
T6880 10981:153.183 JLINK_IsHalted()
T6880 10981:154.068 - 0.899ms returns FALSE
T6880 10981:354.524 JLINK_IsHalted()
T6880 10981:355.023 - 0.523ms returns FALSE
T6880 10981:555.466 JLINK_IsHalted()
T6880 10981:556.105 - 0.664ms returns FALSE
T6880 10981:755.739 JLINK_IsHalted()
T6880 10981:756.265 - 0.552ms returns FALSE
T6880 10981:956.482 JLINK_IsHalted()
T6880 10981:956.973 - 0.515ms returns FALSE
T6880 10982:157.413 JLINK_IsHalted()
T6880 10982:157.906 - 0.521ms returns FALSE
T6880 10982:359.357 JLINK_IsHalted()
T6880 10982:359.875 - 0.541ms returns FALSE
T6880 10982:561.646 JLINK_IsHalted()
T6880 10982:562.181 - 0.559ms returns FALSE
T6880 10982:761.457 JLINK_IsHalted()
T6880 10982:761.994 - 0.562ms returns FALSE
T6880 10982:961.618 JLINK_IsHalted()
T6880 10982:962.136 - 0.543ms returns FALSE
T6880 10983:161.935 JLINK_IsHalted()
T6880 10983:162.452 - 0.546ms returns FALSE
T6880 10983:362.319 JLINK_IsHalted()
T6880 10983:362.850 - 0.556ms returns FALSE
T6880 10983:562.625 JLINK_IsHalted()
T6880 10983:563.133 - 0.531ms returns FALSE
T6880 10983:764.554 JLINK_IsHalted()
T6880 10983:765.097 - 0.568ms returns FALSE
T6880 10983:965.452 JLINK_IsHalted()
T6880 10983:966.006 - 0.577ms returns FALSE
T6880 10984:167.369 JLINK_IsHalted()
T6880 10984:168.003 - 0.663ms returns FALSE
T6880 10984:367.653 JLINK_IsHalted()
T6880 10984:368.227 - 0.597ms returns FALSE
T6880 10984:568.205 JLINK_IsHalted()
T6880 10984:568.820 - 0.643ms returns FALSE
T6880 10984:771.018 JLINK_IsHalted()
T6880 10984:771.860 - 0.874ms returns FALSE
T6880 10984:971.752 JLINK_IsHalted()
T6880 10984:972.173 - 0.438ms returns FALSE
T6880 10985:172.711 JLINK_IsHalted()
T6880 10985:173.189 - 0.506ms returns FALSE
T6880 10985:373.311 JLINK_IsHalted()
T6880 10985:373.866 - 0.593ms returns FALSE
T6880 10985:575.055 JLINK_IsHalted()
T6880 10985:575.578 - 0.547ms returns FALSE
T6880 10985:775.069 JLINK_IsHalted()
T6880 10985:775.549 - 0.505ms returns FALSE
T6880 10985:975.015 JLINK_IsHalted()
T6880 10985:975.490 - 0.500ms returns FALSE
T6880 10986:176.311 JLINK_IsHalted()
T6880 10986:176.838 - 0.554ms returns FALSE
T6880 10986:377.754 JLINK_IsHalted()
T6880 10986:378.203 - 0.478ms returns FALSE
T6880 10986:580.467 JLINK_IsHalted()
T6880 10986:581.571 - 1.148ms returns FALSE
T6880 10986:781.385 JLINK_IsHalted()
T6880 10986:781.891 - 0.530ms returns FALSE
T6880 10986:982.598 JLINK_IsHalted()
T6880 10986:983.159 - 0.584ms returns FALSE
T6880 10987:186.163 JLINK_IsHalted()
T6880 10987:186.594 - 0.446ms returns FALSE
T6880 10987:386.924 JLINK_IsHalted()
T6880 10987:387.482 - 0.584ms returns FALSE
T6880 10987:587.371 JLINK_IsHalted()
T6880 10987:587.931 - 0.587ms returns FALSE
T6880 10987:790.620 JLINK_IsHalted()
T6880 10987:791.192 - 0.597ms returns FALSE
T6880 10987:993.511 JLINK_IsHalted()
T6880 10987:994.093 - 0.608ms returns FALSE
T6880 10988:194.176 JLINK_IsHalted()
T6880 10988:194.768 - 0.621ms returns FALSE
T6880 10988:395.447 JLINK_IsHalted()
T6880 10988:396.100 - 0.682ms returns FALSE
T6880 10988:595.640 JLINK_IsHalted()
T6880 10988:596.243 - 0.662ms returns FALSE
T6880 10988:798.070 JLINK_IsHalted()
T6880 10988:798.644 - 0.616ms returns FALSE
T6880 10988:999.054 JLINK_IsHalted()
T6880 10988:999.604 - 0.575ms returns FALSE
T6880 10989:199.548 JLINK_IsHalted()
T6880 10989:200.103 - 0.582ms returns FALSE
T6880 10989:401.951 JLINK_IsHalted()
T6880 10989:402.624 - 0.698ms returns FALSE
T6880 10989:602.881 JLINK_IsHalted()
T6880 10989:603.450 - 0.594ms returns FALSE
T6880 10989:802.901 JLINK_IsHalted()
T6880 10989:803.405 - 0.519ms returns FALSE
T6880 10990:005.679 JLINK_IsHalted()
T6880 10990:006.192 - 0.536ms returns FALSE
T6880 10990:207.310 JLINK_IsHalted()
T6880 10990:207.905 - 0.653ms returns FALSE
T6880 10990:407.357 JLINK_IsHalted()
T6880 10990:407.944 - 0.612ms returns FALSE
T6880 10990:608.797 JLINK_IsHalted()
T6880 10990:609.336 - 0.567ms returns FALSE
T6880 10990:809.481 JLINK_IsHalted()
T6880 10990:810.074 - 0.630ms returns FALSE
T6880 10991:009.623 JLINK_IsHalted()
T6880 10991:010.182 - 0.585ms returns FALSE
T6880 10991:210.518 JLINK_IsHalted()
T6880 10991:211.090 - 0.597ms returns FALSE
T6880 10991:412.541 JLINK_IsHalted()
T6880 10991:413.205 - 0.695ms returns FALSE
T6880 10991:613.010 JLINK_IsHalted()
T6880 10991:614.072 - 1.100ms returns FALSE
T6880 10991:816.411 JLINK_IsHalted()
T6880 10991:816.885 - 0.498ms returns FALSE
T6880 10992:017.144 JLINK_IsHalted()
T6880 10992:017.752 - 1.055ms returns FALSE
T6880 10992:218.569 JLINK_IsHalted()
T6880 10992:219.167 - 0.625ms returns FALSE
T6880 10992:418.891 JLINK_IsHalted()
T6880 10992:419.448 - 0.584ms returns FALSE
T6880 10992:618.955 JLINK_IsHalted()
T6880 10992:619.407 - 0.467ms returns FALSE
T6880 10992:820.800 JLINK_IsHalted()
T6880 10992:821.392 - 0.617ms returns FALSE
T6880 10993:022.552 JLINK_IsHalted()
T6880 10993:023.081 - 0.556ms returns FALSE
T6880 10993:222.545 JLINK_IsHalted()
T6880 10993:223.122 - 0.600ms returns FALSE
T6880 10993:424.414 JLINK_IsHalted()
T6880 10993:424.958 - 0.573ms returns FALSE
T6880 10993:625.468 JLINK_IsHalted()
T6880 10993:626.112 - 0.669ms returns FALSE
T6880 10993:825.569 JLINK_IsHalted()
T6880 10993:826.099 - 0.556ms returns FALSE
T6880 10994:025.686 JLINK_IsHalted()
T6880 10994:026.270 - 0.610ms returns FALSE
T6880 10994:227.515 JLINK_IsHalted()
T6880 10994:228.031 - 0.537ms returns FALSE
T6880 10994:427.568 JLINK_IsHalted()
T6880 10994:428.119 - 0.575ms returns FALSE
T6880 10994:627.604 JLINK_IsHalted()
T6880 10994:628.170 - 0.589ms returns FALSE
T6880 10994:828.912 JLINK_IsHalted()
T6880 10994:829.485 - 0.602ms returns FALSE
T6880 10995:031.697 JLINK_IsHalted()
T6880 10995:032.249 - 0.581ms returns FALSE
T6880 10995:232.570 JLINK_IsHalted()
T6880 10995:233.157 - 0.611ms returns FALSE
T6880 10995:434.741 JLINK_IsHalted()
T6880 10995:435.320 - 0.604ms returns FALSE
T6880 10995:635.426 JLINK_IsHalted()
T6880 10995:635.984 - 0.583ms returns FALSE
T6880 10995:837.628 JLINK_IsHalted()
T6880 10995:838.204 - 0.601ms returns FALSE
T6880 10996:038.637 JLINK_IsHalted()
T6880 10996:039.201 - 0.654ms returns FALSE
T6880 10996:240.425 JLINK_IsHalted()
T6880 10996:241.002 - 0.602ms returns FALSE
T6880 10996:442.556 JLINK_IsHalted()
T6880 10996:443.144 - 0.612ms returns FALSE
T6880 10996:643.561 JLINK_IsHalted()
T6880 10996:644.143 - 0.608ms returns FALSE
T6880 10996:845.842 JLINK_IsHalted()
T6880 10996:846.453 - 0.647ms returns FALSE
T6880 10997:045.894 JLINK_IsHalted()
T6880 10997:046.452 - 0.586ms returns FALSE
T6880 10997:247.659 JLINK_IsHalted()
T6880 10997:248.239 - 0.612ms returns FALSE
T6880 10997:449.894 JLINK_IsHalted()
T6880 10997:450.446 - 0.579ms returns FALSE
T6880 10997:651.484 JLINK_IsHalted()
T6880 10997:652.047 - 0.589ms returns FALSE
T6880 10997:852.380 JLINK_IsHalted()
T6880 10997:852.942 - 0.589ms returns FALSE
T6880 10998:052.448 JLINK_IsHalted()
T6880 10998:053.017 - 0.594ms returns FALSE
T6880 10998:252.564 JLINK_IsHalted()
T6880 10998:253.144 - 0.605ms returns FALSE
T6880 10998:453.546 JLINK_IsHalted()
T6880 10998:454.065 - 0.546ms returns FALSE
T6880 10998:653.516 JLINK_IsHalted()
T6880 10998:654.132 - 0.640ms returns FALSE
T6880 10998:854.784 JLINK_IsHalted()
T6880 10998:855.477 - 0.752ms returns FALSE
T6880 10999:055.561 JLINK_IsHalted()
T6880 10999:056.049 - 0.513ms returns FALSE
T6880 10999:256.513 JLINK_IsHalted()
T6880 10999:257.049 - 0.561ms returns FALSE
T6880 10999:456.476 JLINK_IsHalted()
T6880 10999:456.892 - 0.432ms returns FALSE
T6880 10999:656.540 JLINK_IsHalted()
T6880 10999:657.042 - 0.522ms returns FALSE
T6880 10999:858.282 JLINK_IsHalted()
T6880 10999:858.971 - 0.715ms returns FALSE
T6880 11000:063.503 JLINK_IsHalted()
T6880 11000:064.040 - 0.563ms returns FALSE
T6880 11000:263.466 JLINK_IsHalted()
T6880 11000:263.994 - 0.554ms returns FALSE
T6880 11000:465.395 JLINK_IsHalted()
T6880 11000:465.944 - 0.577ms returns FALSE
T6880 11000:665.640 JLINK_IsHalted()
T6880 11000:666.219 - 0.619ms returns FALSE
T6880 11000:866.034 JLINK_IsHalted()
T6880 11000:866.555 - 0.547ms returns FALSE
T6880 11001:067.639 JLINK_IsHalted()
T6880 11001:068.169 - 0.556ms returns FALSE
T6880 11001:268.381 JLINK_IsHalted()
T6880 11001:268.870 - 0.512ms returns FALSE
T6880 11001:472.569 JLINK_IsHalted()
T6880 11001:473.144 - 0.600ms returns FALSE
T6880 11001:674.013 JLINK_IsHalted()
T6880 11001:674.546 - 0.559ms returns FALSE
T6880 11001:875.271 JLINK_IsHalted()
T6880 11001:875.817 - 0.571ms returns FALSE
T6880 11002:075.432 JLINK_IsHalted()
T6880 11002:076.049 - 0.645ms returns FALSE
T6880 11002:276.231 JLINK_IsHalted()
T6880 11002:276.744 - 0.538ms returns FALSE
T6880 11002:476.333 JLINK_IsHalted()
T6880 11002:476.857 - 0.550ms returns FALSE
T6880 11002:677.357 JLINK_IsHalted()
T6880 11002:677.896 - 0.566ms returns FALSE
T6880 11002:877.366 JLINK_IsHalted()
T6880 11002:877.851 - 0.517ms returns FALSE
T6880 11003:077.493 JLINK_IsHalted()
T6880 11003:078.025 - 0.564ms returns FALSE
T6880 11003:278.348 JLINK_IsHalted()
T6880 11003:278.965 - 0.643ms returns FALSE
T6880 11003:479.874 JLINK_IsHalted()
T6880 11003:480.456 - 0.609ms returns FALSE
T6880 11003:680.687 JLINK_IsHalted()
T6880 11003:681.194 - 0.533ms returns FALSE
T6880 11003:880.879 JLINK_IsHalted()
T6880 11003:881.472 - 0.619ms returns FALSE
T6880 11004:081.317 JLINK_IsHalted()
T6880 11004:081.869 - 0.578ms returns FALSE
T6880 11004:281.501 JLINK_IsHalted()
T6880 11004:282.069 - 0.594ms returns FALSE
T6880 11004:482.224 JLINK_IsHalted()
T6880 11004:482.774 - 0.577ms returns FALSE
T6880 11004:682.313 JLINK_IsHalted()
T6880 11004:682.866 - 0.580ms returns FALSE
T6880 11004:882.361 JLINK_IsHalted()
T6880 11004:882.932 - 0.595ms returns FALSE
T6880 11005:082.568 JLINK_IsHalted()
T6880 11005:083.145 - 0.602ms returns FALSE
T6880 11005:283.580 JLINK_IsHalted()
T6880 11005:284.133 - 0.580ms returns FALSE
T6880 11005:484.557 JLINK_IsHalted()
T6880 11005:485.121 - 0.589ms returns FALSE
T6880 11005:684.680 JLINK_IsHalted()
T6880 11005:685.218 - 0.565ms returns FALSE
T6880 11005:885.274 JLINK_IsHalted()
T6880 11005:885.845 - 0.596ms returns FALSE
T6880 11006:085.466 JLINK_IsHalted()
T6880 11006:086.153 - 0.712ms returns FALSE
T6880 11006:286.483 JLINK_IsHalted()
T6880 11006:287.040 - 0.583ms returns FALSE
T6880 11006:486.624 JLINK_IsHalted()
T6880 11006:487.196 - 0.599ms returns FALSE
T6880 11006:687.367 JLINK_IsHalted()
T6880 11006:687.941 - 0.600ms returns FALSE
T6880 11006:887.482 JLINK_IsHalted()
T6880 11006:888.020 - 0.565ms returns FALSE
T6880 11007:087.698 JLINK_IsHalted()
T6880 11007:088.232 - 0.561ms returns FALSE
T6880 11007:289.418 JLINK_IsHalted()
T6880 11007:290.113 - 0.855ms returns FALSE
T6880 11007:490.036 JLINK_IsHalted()
T6880 11007:490.552 - 0.543ms returns FALSE
T6880 11007:690.685 JLINK_IsHalted()
T6880 11007:691.232 - 0.577ms returns FALSE
T6880 11007:892.613 JLINK_IsHalted()
T6880 11007:893.184 - 0.595ms returns FALSE
T6880 11008:094.638 JLINK_IsHalted()
T6880 11008:095.158 - 0.545ms returns FALSE
T6880 11008:296.134 JLINK_IsHalted()
T6880 11008:296.723 - 0.614ms returns FALSE
T6880 11008:497.344 JLINK_IsHalted()
T6880 11008:497.925 - 0.606ms returns FALSE
T6880 11008:698.136 JLINK_IsHalted()
T6880 11008:698.720 - 0.609ms returns FALSE
T6880 11008:899.597 JLINK_IsHalted()
T6880 11008:900.163 - 0.591ms returns FALSE
T6880 11009:100.560 JLINK_IsHalted()
T6880 11009:101.125 - 0.589ms returns FALSE
T6880 11009:302.625 JLINK_IsHalted()
T6880 11009:303.197 - 0.597ms returns FALSE
T6880 11009:503.418 JLINK_IsHalted()
T6880 11009:503.924 - 0.529ms returns FALSE
T6880 11009:703.752 JLINK_IsHalted()
T6880 11009:706.014 - 2.311ms returns FALSE
T6880 11009:906.523 JLINK_IsHalted()
T6880 11009:907.041 - 0.542ms returns FALSE
T6880 11010:106.512 JLINK_IsHalted()
T6880 11010:107.096 - 0.609ms returns FALSE
T6880 11010:307.340 JLINK_IsHalted()
T6880 11010:307.892 - 0.579ms returns FALSE
T6880 11010:508.202 JLINK_IsHalted()
T6880 11010:508.765 - 0.587ms returns FALSE
T6880 11010:708.705 JLINK_IsHalted()
T6880 11010:709.286 - 0.606ms returns FALSE
T6880 11010:909.440 JLINK_IsHalted()
T6880 11010:910.130 - 0.716ms returns FALSE
T6880 11011:111.677 JLINK_IsHalted()
T6880 11011:112.245 - 0.604ms returns FALSE
T6880 11011:312.578 JLINK_IsHalted()
T6880 11011:313.162 - 0.609ms returns FALSE
T6880 11011:513.816 JLINK_IsHalted()
T6880 11011:514.457 - 0.667ms returns FALSE
T6880 11011:714.696 JLINK_IsHalted()
T6880 11011:715.218 - 0.546ms returns FALSE
T6880 11011:914.591 JLINK_IsHalted()
T6880 11011:915.127 - 0.561ms returns FALSE
T6880 11012:114.601 JLINK_IsHalted()
T6880 11012:115.190 - 0.615ms returns FALSE
T6880 11012:315.751 JLINK_IsHalted()
T6880 11012:316.290 - 0.569ms returns FALSE
T6880 11012:515.806 JLINK_IsHalted()
T6880 11012:516.360 - 0.582ms returns FALSE
T6880 11012:716.891 JLINK_IsHalted()
T6880 11012:717.700 - 0.838ms returns FALSE
T6880 11012:917.485 JLINK_IsHalted()
T6880 11012:918.037 - 0.579ms returns FALSE
T6880 11013:119.703 JLINK_IsHalted()
T6880 11013:120.328 - 0.652ms returns FALSE
T6880 11013:319.725 JLINK_IsHalted()
T6880 11013:320.304 - 0.604ms returns FALSE
T6880 11013:521.984 JLINK_IsHalted()
T6880 11013:522.554 - 0.596ms returns FALSE
T6880 11013:722.627 JLINK_IsHalted()
T6880 11013:723.205 - 0.602ms returns FALSE
T6880 11013:923.436 JLINK_IsHalted()
T6880 11013:923.984 - 0.574ms returns FALSE
T6880 11014:124.103 JLINK_IsHalted()
T6880 11014:124.844 - 0.783ms returns FALSE
T6880 11014:325.421 JLINK_IsHalted()
T6880 11014:326.103 - 0.729ms returns FALSE
T6880 11014:525.447 JLINK_IsHalted()
T6880 11014:526.001 - 0.578ms returns FALSE
T6880 11014:725.685 JLINK_IsHalted()
T6880 11014:726.357 - 0.700ms returns FALSE
T6880 11014:926.703 JLINK_IsHalted()
T6880 11014:927.279 - 0.602ms returns FALSE
T6880 11015:126.810 JLINK_IsHalted()
T6880 11015:127.416 - 0.643ms returns FALSE
T6880 11015:327.750 JLINK_IsHalted()
T6880 11015:328.300 - 0.576ms returns FALSE
T6880 11015:528.554 JLINK_IsHalted()
T6880 11015:529.077 - 0.549ms returns FALSE
T6880 11015:732.272 JLINK_IsHalted()
T6880 11015:732.840 - 0.593ms returns FALSE
T6880 11015:932.463 JLINK_IsHalted()
T6880 11015:933.003 - 0.565ms returns FALSE
T6880 11016:133.098 JLINK_IsHalted()
T6880 11016:133.646 - 0.573ms returns FALSE
T6880 11016:334.666 JLINK_IsHalted()
T6880 11016:335.474 - 0.834ms returns FALSE
T6880 11016:535.178 JLINK_IsHalted()
T6880 11016:535.733 - 0.581ms returns FALSE
T6880 11016:735.593 JLINK_IsHalted()
T6880 11016:736.110 - 0.544ms returns FALSE
T6880 11016:936.526 JLINK_IsHalted()
T6880 11016:937.104 - 0.604ms returns FALSE
T6880 11017:136.606 JLINK_IsHalted()
T6880 11017:137.164 - 0.585ms returns FALSE
T6880 11017:336.800 JLINK_IsHalted()
T6880 11017:337.383 - 0.608ms returns FALSE
T6880 11017:537.599 JLINK_IsHalted()
T6880 11017:538.180 - 0.606ms returns FALSE
T6880 11017:738.394 JLINK_IsHalted()
T6880 11017:738.962 - 0.593ms returns FALSE
T6880 11017:939.358 JLINK_IsHalted()
T6880 11017:939.923 - 0.591ms returns FALSE
T6880 11018:141.610 JLINK_IsHalted()
T6880 11018:142.187 - 0.607ms returns FALSE
T6880 11018:341.960 JLINK_IsHalted()
T6880 11018:342.583 - 0.649ms returns FALSE
T6880 11018:542.715 JLINK_IsHalted()
T6880 11018:543.245 - 0.564ms returns FALSE
T6880 11018:742.825 JLINK_IsHalted()
T6880 11018:743.445 - 0.654ms returns FALSE
T6880 11018:943.293 JLINK_IsHalted()
T6880 11018:943.876 - 0.607ms returns FALSE
T6880 11019:146.750 JLINK_IsHalted()
T6880 11019:154.911 - 8.202ms returns FALSE
T6880 11019:354.631 JLINK_IsHalted()
T6880 11019:355.187 - 0.581ms returns FALSE
T6880 11019:556.974 JLINK_IsHalted()
T6880 11019:559.189 - 2.257ms returns FALSE
T6880 11019:759.879 JLINK_IsHalted()
T6880 11019:760.493 - 0.644ms returns FALSE
T6880 11019:961.150 JLINK_IsHalted()
T6880 11019:961.725 - 0.599ms returns FALSE
T6880 11020:161.769 JLINK_IsHalted()
T6880 11020:162.341 - 0.597ms returns FALSE
T6880 11020:362.581 JLINK_IsHalted()
T6880 11020:363.137 - 0.584ms returns FALSE
T6880 11020:563.420 JLINK_IsHalted()
T6880 11020:563.979 - 0.584ms returns FALSE
T6880 11020:764.693 JLINK_IsHalted()
T6880 11020:765.250 - 0.584ms returns FALSE
T6880 11020:964.776 JLINK_IsHalted()
T6880 11020:965.320 - 0.571ms returns FALSE
T6880 11021:165.796 JLINK_IsHalted()
T6880 11021:166.292 - 0.512ms returns FALSE
T6880 11021:367.975 JLINK_IsHalted()
T6880 11021:369.138 - 1.202ms returns FALSE
T6880 11021:571.324 JLINK_IsHalted()
T6880 11021:571.889 - 0.590ms returns FALSE
T6880 11021:771.687 JLINK_IsHalted()
T6880 11021:772.258 - 0.598ms returns FALSE
T6880 11021:972.548 JLINK_IsHalted()
T6880 11021:973.123 - 0.600ms returns FALSE
T6880 11022:173.662 JLINK_IsHalted()
T6880 11022:174.241 - 0.606ms returns FALSE
T6880 11022:374.127 JLINK_IsHalted()
T6880 11022:374.719 - 0.616ms returns FALSE
T6880 11022:575.995 JLINK_IsHalted()
T6880 11022:576.500 - 0.531ms returns FALSE
T6880 11022:777.606 JLINK_IsHalted()
T6880 11022:778.294 - 0.716ms returns FALSE
T6880 11022:977.828 JLINK_IsHalted()
T6880 11022:978.477 - 0.675ms returns FALSE
T6880 11023:180.912 JLINK_IsHalted()
T6880 11023:181.461 - 0.576ms returns FALSE
T6880 11023:381.446 JLINK_IsHalted()
T6880 11023:382.113 - 0.692ms returns FALSE
T6880 11023:582.544 JLINK_IsHalted()
T6880 11023:583.178 - 0.661ms returns FALSE
T6880 11023:782.984 JLINK_IsHalted()
T6880 11023:783.566 - 0.605ms returns FALSE
T6880 11023:984.616 JLINK_IsHalted()
T6880 11023:985.167 - 0.577ms returns FALSE
T6880 11024:184.847 JLINK_IsHalted()
T6880 11024:185.418 - 0.596ms returns FALSE
T6880 11024:385.803 JLINK_IsHalted()
T6880 11024:386.378 - 0.600ms returns FALSE
T6880 11024:585.927 JLINK_IsHalted()
T6880 11024:586.478 - 0.576ms returns FALSE
T6880 11024:786.706 JLINK_IsHalted()
T6880 11024:787.200 - 0.532ms returns FALSE
T6880 11024:987.353 JLINK_IsHalted()
T6880 11024:988.025 - 0.696ms returns FALSE
T6880 11025:188.381 JLINK_IsHalted()
T6880 11025:189.079 - 0.722ms returns FALSE
T6880 11025:390.509 JLINK_IsHalted()
T6880 11025:391.020 - 0.541ms returns FALSE
T6880 11025:592.568 JLINK_IsHalted()
T6880 11025:593.103 - 0.559ms returns FALSE
T6880 11025:792.637 JLINK_IsHalted()
T6880 11025:793.212 - 0.632ms returns FALSE
T6880 11025:993.250 JLINK_IsHalted()
T6880 11025:993.839 - 0.613ms returns FALSE
T6880 11026:195.503 JLINK_IsHalted()
T6880 11026:196.075 - 0.597ms returns FALSE
T6880 11026:396.552 JLINK_IsHalted()
T6880 11026:397.115 - 0.587ms returns FALSE
T6880 11026:598.209 JLINK_IsHalted()
T6880 11026:598.797 - 0.614ms returns FALSE
T6880 11026:800.315 JLINK_IsHalted()
T6880 11026:800.879 - 0.589ms returns FALSE
T6880 11027:001.795 JLINK_IsHalted()
T6880 11027:002.403 - 0.633ms returns FALSE
T6880 11027:202.517 JLINK_IsHalted()
T6880 11027:203.736 - 1.283ms returns FALSE
T6880 11027:404.853 JLINK_IsHalted()
T6880 11027:405.445 - 0.619ms returns FALSE
T6880 11027:605.517 JLINK_IsHalted()
T6880 11027:606.094 - 0.604ms returns FALSE
T6880 11027:805.780 JLINK_IsHalted()
T6880 11027:806.465 - 0.710ms returns FALSE
T6880 11028:006.866 JLINK_IsHalted()
T6880 11028:007.629 - 0.787ms returns FALSE
T6880 11028:206.842 JLINK_IsHalted()
T6880 11028:207.545 - 0.728ms returns FALSE
T6880 11028:407.362 JLINK_IsHalted()
T6880 11028:407.886 - 0.556ms returns FALSE
T6880 11028:608.401 JLINK_IsHalted()
T6880 11028:608.982 - 0.606ms returns FALSE
T6880 11028:812.615 JLINK_IsHalted()
T6880 11028:813.193 - 0.603ms returns FALSE
T6880 11029:012.873 JLINK_IsHalted()
T6880 11029:013.473 - 0.626ms returns FALSE
T6880 11029:215.457 JLINK_IsHalted()
T6880 11029:216.144 - 0.712ms returns FALSE
T6880 11029:416.754 JLINK_IsHalted()
T6880 11029:417.313 - 0.593ms returns FALSE
T6880 11029:617.374 JLINK_IsHalted()
T6880 11029:617.950 - 0.600ms returns FALSE
T6880 11029:818.379 JLINK_IsHalted()
T6880 11029:818.944 - 0.589ms returns FALSE
T6880 11030:019.518 JLINK_IsHalted()
T6880 11030:020.059 - 0.568ms returns FALSE
T6880 11030:221.398 JLINK_IsHalted()
T6880 11030:221.957 - 0.584ms returns FALSE
T6880 11030:422.417 JLINK_IsHalted()
T6880 11030:422.981 - 0.592ms returns FALSE
T6880 11030:622.572 JLINK_IsHalted()
T6880 11030:623.161 - 0.613ms returns FALSE
T6880 11030:823.979 JLINK_IsHalted()
T6880 11030:824.509 - 0.560ms returns FALSE
T6880 11031:024.450 JLINK_IsHalted()
T6880 11031:024.979 - 0.555ms returns FALSE
T6880 11031:224.927 JLINK_IsHalted()
T6880 11031:225.549 - 0.646ms returns FALSE
T6880 11031:425.566 JLINK_IsHalted()
T6880 11031:426.072 - 0.532ms returns FALSE
T6880 11031:625.764 JLINK_IsHalted()
T6880 11031:626.303 - 0.565ms returns FALSE
T6880 11031:827.367 JLINK_IsHalted()
T6880 11031:827.952 - 0.610ms returns FALSE
T6880 11032:028.269 JLINK_IsHalted()
T6880 11032:028.837 - 0.593ms returns FALSE
T6880 11032:230.748 JLINK_IsHalted()
T6880 11032:231.323 - 0.600ms returns FALSE
T6880 11032:432.181 JLINK_IsHalted()
T6880 11032:432.735 - 0.579ms returns FALSE
T6880 11032:632.664 JLINK_IsHalted()
T6880 11032:633.230 - 0.591ms returns FALSE
T6880 11032:833.583 JLINK_IsHalted()
T6880 11032:834.159 - 0.600ms returns FALSE
T6880 11033:034.458 JLINK_IsHalted()
T6880 11033:035.025 - 0.593ms returns FALSE
T6880 11033:235.543 JLINK_IsHalted()
T6880 11033:236.125 - 0.606ms returns FALSE
T6880 11033:436.588 JLINK_IsHalted()
T6880 11033:437.158 - 0.595ms returns FALSE
T6880 11033:637.575 JLINK_IsHalted()
T6880 11033:638.554 - 1.042ms returns FALSE
T6880 11033:838.530 JLINK_IsHalted()
T6880 11033:839.101 - 0.597ms returns FALSE
T6880 11034:039.528 JLINK_IsHalted()
T6880 11034:040.074 - 0.571ms returns FALSE
T6880 11034:240.589 JLINK_IsHalted()
T6880 11034:241.104 - 0.542ms returns FALSE
T6880 11034:440.622 JLINK_IsHalted()
T6880 11034:441.152 - 0.564ms returns FALSE
T6880 11034:642.468 JLINK_IsHalted()
T6880 11034:643.023 - 0.582ms returns FALSE
T6880 11034:843.052 JLINK_IsHalted()
T6880 11034:843.627 - 0.601ms returns FALSE
T6880 11035:043.998 JLINK_IsHalted()
T6880 11035:044.559 - 0.587ms returns FALSE
T6880 11035:245.466 JLINK_IsHalted()
T6880 11035:246.117 - 0.677ms returns FALSE
T6880 11035:445.916 JLINK_IsHalted()
T6880 11035:446.470 - 0.582ms returns FALSE
T6880 11035:647.480 JLINK_IsHalted()
T6880 11035:648.015 - 0.561ms returns FALSE
T6880 11035:848.489 JLINK_IsHalted()
T6880 11035:849.048 - 0.585ms returns FALSE
T6880 11036:049.552 JLINK_IsHalted()
T6880 11036:050.096 - 0.572ms returns FALSE
T6880 11036:251.474 JLINK_IsHalted()
T6880 11036:252.060 - 0.611ms returns FALSE
T6880 11036:451.925 JLINK_IsHalted()
T6880 11036:452.492 - 0.591ms returns FALSE
T6880 11036:652.582 JLINK_IsHalted()
T6880 11036:653.171 - 0.613ms returns FALSE
T6880 11036:854.603 JLINK_IsHalted()
T6880 11036:855.134 - 0.551ms returns FALSE
T6880 11037:055.456 JLINK_IsHalted()
T6880 11037:056.026 - 0.737ms returns FALSE
T6880 11037:257.417 JLINK_IsHalted()
T6880 11037:258.447 - 1.073ms returns FALSE
T6880 11037:459.582 JLINK_IsHalted()
T6880 11037:460.106 - 0.551ms returns FALSE
T6880 11037:662.621 JLINK_IsHalted()
T6880 11037:663.139 - 0.544ms returns FALSE
T6880 11037:862.646 JLINK_IsHalted()
T6880 11037:863.156 - 0.536ms returns FALSE
T6880 11038:062.710 JLINK_IsHalted()
T6880 11038:063.238 - 0.564ms returns FALSE
T6880 11038:265.313 JLINK_IsHalted()
T6880 11038:266.259 - 1.002ms returns FALSE
T6880 11038:467.268 JLINK_IsHalted()
T6880 11038:467.831 - 0.588ms returns FALSE
T6880 11038:667.828 JLINK_IsHalted()
T6880 11038:668.413 - 0.611ms returns FALSE
T6880 11038:867.963 JLINK_IsHalted()
T6880 11038:868.486 - 0.548ms returns FALSE
T6880 11039:071.592 JLINK_IsHalted()
T6880 11039:072.146 - 0.579ms returns FALSE
T6880 11039:272.811 JLINK_IsHalted()
T6880 11039:273.436 - 0.651ms returns FALSE
T6880 11039:475.452 JLINK_IsHalted()
T6880 11039:476.014 - 0.588ms returns FALSE
T6880 11039:675.799 JLINK_IsHalted()
T6880 11039:676.349 - 0.574ms returns FALSE
T6880 11039:876.373 JLINK_IsHalted()
T6880 11039:876.928 - 0.579ms returns FALSE
T6880 11040:076.618 JLINK_IsHalted()
T6880 11040:077.195 - 0.603ms returns FALSE
T6880 11040:276.663 JLINK_IsHalted()
T6880 11040:277.168 - 0.538ms returns FALSE
T6880 11040:477.370 JLINK_IsHalted()
T6880 11040:477.939 - 0.593ms returns FALSE
T6880 11040:677.427 JLINK_IsHalted()
T6880 11040:678.013 - 0.612ms returns FALSE
T6880 11040:878.580 JLINK_IsHalted()
T6880 11040:879.127 - 0.571ms returns FALSE
T6880 11041:078.597 JLINK_IsHalted()
T6880 11041:079.169 - 0.596ms returns FALSE
T6880 11041:281.797 JLINK_IsHalted()
T6880 11041:282.366 - 0.593ms returns FALSE
T6880 11041:482.562 JLINK_IsHalted()
T6880 11041:483.102 - 0.564ms returns FALSE
T6880 11041:683.399 JLINK_IsHalted()
T6880 11041:683.922 - 0.549ms returns FALSE
T6880 11041:883.690 JLINK_IsHalted()
T6880 11041:884.210 - 0.546ms returns FALSE
T6880 11042:083.922 JLINK_IsHalted()
T6880 11042:084.404 - 0.499ms returns FALSE
T6880 11042:285.021 JLINK_IsHalted()
T6880 11042:285.563 - 0.577ms returns FALSE
T6880 11042:485.131 JLINK_IsHalted()
T6880 11042:485.740 - 0.634ms returns FALSE
T6880 11042:686.061 JLINK_IsHalted()
T6880 11042:686.821 - 0.785ms returns FALSE
T6880 11042:887.345 JLINK_IsHalted()
T6880 11042:887.920 - 0.600ms returns FALSE
T6880 11043:091.522 JLINK_IsHalted()
T6880 11043:092.077 - 0.582ms returns FALSE
T6880 11043:292.554 JLINK_IsHalted()
T6880 11043:293.143 - 0.613ms returns FALSE
T6880 11043:493.198 JLINK_IsHalted()
T6880 11043:493.784 - 0.612ms returns FALSE
T6880 11043:694.684 JLINK_IsHalted()
T6880 11043:695.254 - 0.595ms returns FALSE
T6880 11043:895.546 JLINK_IsHalted()
T6880 11043:896.116 - 0.595ms returns FALSE
T6880 11044:095.738 JLINK_IsHalted()
T6880 11044:096.280 - 0.567ms returns FALSE
T6880 11044:296.357 JLINK_IsHalted()
T6880 11044:296.897 - 0.566ms returns FALSE
T6880 11044:497.544 JLINK_IsHalted()
T6880 11044:498.093 - 0.577ms returns FALSE
T6880 11044:697.859 JLINK_IsHalted()
T6880 11044:698.432 - 0.601ms returns FALSE
T6880 11044:899.383 JLINK_IsHalted()
T6880 11044:900.181 - 0.823ms returns FALSE
T6880 11045:099.383 JLINK_IsHalted()
T6880 11045:099.968 - 0.612ms returns FALSE
T6880 11045:302.554 JLINK_IsHalted()
T6880 11045:303.133 - 0.603ms returns FALSE
T6880 11045:503.693 JLINK_IsHalted()
T6880 11045:504.278 - 0.609ms returns FALSE
T6880 11045:705.835 JLINK_IsHalted()
T6880 11045:706.476 - 0.672ms returns FALSE
T6880 11045:907.346 JLINK_IsHalted()
T6880 11045:907.917 - 0.596ms returns FALSE
T6880 11046:112.610 JLINK_IsHalted()
T6880 11046:113.196 - 0.609ms returns FALSE
T6880 11046:313.542 JLINK_IsHalted()
T6880 11046:314.112 - 0.595ms returns FALSE
T6880 11046:515.457 JLINK_IsHalted()
T6880 11046:516.045 - 0.612ms returns FALSE
T6880 11046:717.344 JLINK_IsHalted()
T6880 11046:717.926 - 0.606ms returns FALSE
T6880 11046:921.467 JLINK_IsHalted()
T6880 11046:922.100 - 0.661ms returns FALSE
T6880 11047:121.498 JLINK_IsHalted()
T6880 11047:122.082 - 0.610ms returns FALSE
T6880 11047:322.590 JLINK_IsHalted()
T6880 11047:323.129 - 0.565ms returns FALSE
T6880 11047:522.568 JLINK_IsHalted()
T6880 11047:523.210 - 0.668ms returns FALSE
T6880 11047:722.570 JLINK_IsHalted()
T6880 11047:723.200 - 0.658ms returns FALSE
T6880 11047:923.473 JLINK_IsHalted()
T6880 11047:924.061 - 0.613ms returns FALSE
T6880 11048:124.653 JLINK_IsHalted()
T6880 11048:125.216 - 0.590ms returns FALSE
T6880 11048:325.444 JLINK_IsHalted()
T6880 11048:326.009 - 0.590ms returns FALSE
T6880 11048:526.472 JLINK_IsHalted()
T6880 11048:527.001 - 0.556ms returns FALSE
T6880 11048:726.555 JLINK_IsHalted()
T6880 11048:727.123 - 0.594ms returns FALSE
T6880 11048:927.516 JLINK_IsHalted()
T6880 11048:928.103 - 0.612ms returns FALSE
T6880 11049:128.548 JLINK_IsHalted()
T6880 11049:129.117 - 0.594ms returns FALSE
T6880 11049:329.679 JLINK_IsHalted()
T6880 11049:330.313 - 0.658ms returns FALSE
T6880 11049:530.548 JLINK_IsHalted()
T6880 11049:531.123 - 0.599ms returns FALSE
T6880 11049:731.312 JLINK_IsHalted()
T6880 11049:731.873 - 0.587ms returns FALSE
T6880 11049:932.520 JLINK_IsHalted()
T6880 11049:933.073 - 0.573ms returns FALSE
T6880 11050:133.523 JLINK_IsHalted()
T6880 11050:134.099 - 0.601ms returns FALSE
T6880 11050:335.457 JLINK_IsHalted()
T6880 11050:336.025 - 0.592ms returns FALSE
T6880 11050:536.199 JLINK_IsHalted()
T6880 11050:536.777 - 0.603ms returns FALSE
T6880 11050:737.960 JLINK_IsHalted()
T6880 11050:738.613 - 0.694ms returns FALSE
T6880 11050:938.416 JLINK_IsHalted()
T6880 11050:938.919 - 0.533ms returns FALSE
T6880 11051:140.788 JLINK_IsHalted()
T6880 11051:141.364 - 0.600ms returns FALSE
T6880 11051:341.243 JLINK_IsHalted()
T6880 11051:341.800 - 0.582ms returns FALSE
T6880 11051:541.497 JLINK_IsHalted()
T6880 11051:542.068 - 0.596ms returns FALSE
T6880 11051:742.614 JLINK_IsHalted()
T6880 11051:743.202 - 0.612ms returns FALSE
T6880 11051:943.435 JLINK_IsHalted()
T6880 11051:944.007 - 0.596ms returns FALSE
T6880 11052:144.239 JLINK_IsHalted()
T6880 11052:144.766 - 0.557ms returns FALSE
T6880 11052:344.874 JLINK_IsHalted()
T6880 11052:345.707 - 0.865ms returns FALSE
T6880 11052:546.655 JLINK_IsHalted()
T6880 11052:547.209 - 0.578ms returns FALSE
T6880 11052:746.430 JLINK_IsHalted()
T6880 11052:746.946 - 0.542ms returns FALSE
T6880 11052:947.572 JLINK_IsHalted()
T6880 11052:948.107 - 0.563ms returns FALSE
T6880 11053:149.832 JLINK_IsHalted()
T6880 11053:150.461 - 0.654ms returns FALSE
T6880 11053:350.667 JLINK_IsHalted()
T6880 11053:351.242 - 0.600ms returns FALSE
T6880 11053:551.628 JLINK_IsHalted()
T6880 11053:552.197 - 0.594ms returns FALSE
T6880 11053:752.556 JLINK_IsHalted()
T6880 11053:753.143 - 0.613ms returns FALSE
T6880 11053:952.611 JLINK_IsHalted()
T6880 11053:953.186 - 0.599ms returns FALSE
T6880 11054:152.636 JLINK_IsHalted()
T6880 11054:153.209 - 0.598ms returns FALSE
T6880 11054:353.540 JLINK_IsHalted()
T6880 11054:354.087 - 0.575ms returns FALSE
T6880 11054:555.119 JLINK_IsHalted()
T6880 11054:555.692 - 0.598ms returns FALSE
T6880 11054:756.143 JLINK_IsHalted()
T6880 11054:756.744 - 0.631ms returns FALSE
T6880 11054:957.418 JLINK_IsHalted()
T6880 11054:957.985 - 0.593ms returns FALSE
T6880 11055:157.820 JLINK_IsHalted()
T6880 11055:158.425 - 0.633ms returns FALSE
T6880 11055:358.454 JLINK_IsHalted()
T6880 11055:359.089 - 0.660ms returns FALSE
T6880 11055:560.527 JLINK_IsHalted()
T6880 11055:561.055 - 0.558ms returns FALSE
T6880 11055:761.589 JLINK_IsHalted()
T6880 11055:762.142 - 0.579ms returns FALSE
T6880 11055:961.932 JLINK_IsHalted()
T6880 11055:962.493 - 0.586ms returns FALSE
T6880 11056:163.444 JLINK_IsHalted()
T6880 11056:164.018 - 0.598ms returns FALSE
T6880 11056:363.489 JLINK_IsHalted()
T6880 11056:364.070 - 0.606ms returns FALSE
T6880 11056:565.458 JLINK_IsHalted()
T6880 11056:566.022 - 0.589ms returns FALSE
T6880 11056:766.642 JLINK_IsHalted()
T6880 11056:767.264 - 0.649ms returns FALSE
T6880 11056:967.339 JLINK_IsHalted()
T6880 11056:967.938 - 0.630ms returns FALSE
T6880 11057:170.980 JLINK_IsHalted()
T6880 11057:171.489 - 0.534ms returns FALSE
T6880 11057:371.615 JLINK_IsHalted()
T6880 11057:372.181 - 0.590ms returns FALSE
T6880 11057:571.719 JLINK_IsHalted()
T6880 11057:572.349 - 0.655ms returns FALSE
T6880 11057:772.054 JLINK_IsHalted()
T6880 11057:772.620 - 0.592ms returns FALSE
T6880 11057:973.457 JLINK_IsHalted()
T6880 11057:974.083 - 0.650ms returns FALSE
T6880 11058:175.628 JLINK_IsHalted()
T6880 11058:176.179 - 0.575ms returns FALSE
T6880 11058:377.343 JLINK_IsHalted()
T6880 11058:377.917 - 0.598ms returns FALSE
T6880 11058:578.318 JLINK_IsHalted()
T6880 11058:578.888 - 0.595ms returns FALSE
T6880 11058:781.535 JLINK_IsHalted()
T6880 11058:782.050 - 0.543ms returns FALSE
T6880 11058:982.549 JLINK_IsHalted()
T6880 11058:983.100 - 0.578ms returns FALSE
T6880 11059:183.101 JLINK_IsHalted()
T6880 11059:183.705 - 0.628ms returns FALSE
T6880 11059:384.677 JLINK_IsHalted()
T6880 11059:385.247 - 0.596ms returns FALSE
T6880 11059:585.447 JLINK_IsHalted()
T6880 11059:586.017 - 0.595ms returns FALSE
T6880 11059:786.185 JLINK_IsHalted()
T6880 11059:786.715 - 0.557ms returns FALSE
T6880 11059:986.474 JLINK_IsHalted()
T6880 11059:987.062 - 0.614ms returns FALSE
T6880 11060:187.847 JLINK_IsHalted()
T6880 11060:188.441 - 0.621ms returns FALSE
T6880 11060:390.957 JLINK_IsHalted()
T6880 11060:391.504 - 0.574ms returns FALSE
T6880 11060:591.718 JLINK_IsHalted()
T6880 11060:592.294 - 0.600ms returns FALSE
T6880 11060:793.611 JLINK_IsHalted()
T6880 11060:794.822 - 1.253ms returns FALSE
T6880 11060:995.501 JLINK_IsHalted()
T6880 11060:996.069 - 0.596ms returns FALSE
T6880 11061:195.739 JLINK_IsHalted()
T6880 11061:196.243 - 0.529ms returns FALSE
T6880 11061:397.489 JLINK_IsHalted()
T6880 11061:398.001 - 0.538ms returns FALSE
T6880 11061:597.614 JLINK_IsHalted()
T6880 11061:598.195 - 0.607ms returns FALSE
T6880 11061:799.412 JLINK_IsHalted()
T6880 11061:799.974 - 0.587ms returns FALSE
T6880 11062:001.501 JLINK_IsHalted()
T6880 11062:002.074 - 0.598ms returns FALSE
T6880 11062:202.616 JLINK_IsHalted()
T6880 11062:203.138 - 0.546ms returns FALSE
T6880 11062:403.380 JLINK_IsHalted()
T6880 11062:403.904 - 0.557ms returns FALSE
T6880 11062:606.435 JLINK_IsHalted()
T6880 11062:607.000 - 0.592ms returns FALSE
T6880 11062:806.602 JLINK_IsHalted()
T6880 11062:807.161 - 0.586ms returns FALSE
T6880 11063:008.326 JLINK_IsHalted()
T6880 11063:008.897 - 0.596ms returns FALSE
T6880 11063:208.364 JLINK_IsHalted()
T6880 11063:208.941 - 0.602ms returns FALSE
T6880 11063:409.417 JLINK_IsHalted()
T6880 11063:409.986 - 0.595ms returns FALSE
T6880 11063:610.552 JLINK_IsHalted()
T6880 11063:611.110 - 0.584ms returns FALSE
T6880 11063:811.538 JLINK_IsHalted()
T6880 11063:811.965 - 0.440ms returns FALSE
T6880 11064:011.625 JLINK_IsHalted()
T6880 11064:012.136 - 0.528ms returns FALSE
T6880 11064:212.626 JLINK_IsHalted()
T6880 11064:213.202 - 0.600ms returns FALSE
T6880 11064:413.619 JLINK_IsHalted()
T6880 11064:414.117 - 0.537ms returns FALSE
T6880 11064:616.109 JLINK_IsHalted()
T6880 11064:616.573 - 0.479ms returns FALSE
T6880 11064:816.764 JLINK_IsHalted()
T6880 11064:817.366 - 0.626ms returns FALSE
T6880 11065:017.471 JLINK_IsHalted()
T6880 11065:018.029 - 0.583ms returns FALSE
T6880 11065:219.946 JLINK_IsHalted()
T6880 11065:220.484 - 0.570ms returns FALSE
T6880 11065:420.412 JLINK_IsHalted()
T6880 11065:420.968 - 0.581ms returns FALSE
T6880 11065:621.473 JLINK_IsHalted()
T6880 11065:622.071 - 0.626ms returns FALSE
T6880 11065:822.435 JLINK_IsHalted()
T6880 11065:822.998 - 0.588ms returns FALSE
T6880 11066:022.471 JLINK_IsHalted()
T6880 11066:023.007 - 0.567ms returns FALSE
T6880 11066:223.370 JLINK_IsHalted()
T6880 11066:223.934 - 0.588ms returns FALSE
T6880 11066:424.692 JLINK_IsHalted()
T6880 11066:425.252 - 0.586ms returns FALSE
T6880 11066:625.117 JLINK_IsHalted()
T6880 11066:625.681 - 0.591ms returns FALSE
T6880 11066:826.376 JLINK_IsHalted()
T6880 11066:826.950 - 0.622ms returns FALSE
T6880 11067:027.338 JLINK_IsHalted()
T6880 11067:027.909 - 0.596ms returns FALSE
T6880 11067:232.562 JLINK_IsHalted()
T6880 11067:233.133 - 0.597ms returns FALSE
T6880 11067:433.327 JLINK_IsHalted()
T6880 11067:433.907 - 0.607ms returns FALSE
T6880 11067:633.477 JLINK_IsHalted()
T6880 11067:634.014 - 0.571ms returns FALSE
T6880 11067:833.586 JLINK_IsHalted()
T6880 11067:834.101 - 0.547ms returns FALSE
T6880 11068:035.561 JLINK_IsHalted()
T6880 11068:036.409 - 0.874ms returns FALSE
T6880 11068:236.669 JLINK_IsHalted()
T6880 11068:237.225 - 0.584ms returns FALSE
T6880 11068:437.486 JLINK_IsHalted()
T6880 11068:438.050 - 0.589ms returns FALSE
T6880 11068:638.690 JLINK_IsHalted()
T6880 11068:639.239 - 0.575ms returns FALSE
T6880 11068:840.312 JLINK_IsHalted()
T6880 11068:840.898 - 0.611ms returns FALSE
T6880 11069:041.447 JLINK_IsHalted()
T6880 11069:042.006 - 0.588ms returns FALSE
T6880 11069:242.329 JLINK_IsHalted()
T6880 11069:242.881 - 0.582ms returns FALSE
T6880 11069:442.541 JLINK_IsHalted()
T6880 11069:443.093 - 0.579ms returns FALSE
T6880 11069:643.400 JLINK_IsHalted()
T6880 11069:643.922 - 0.547ms returns FALSE
T6880 11069:844.391 JLINK_IsHalted()
T6880 11069:844.935 - 0.568ms returns FALSE
T6880 11070:044.813 JLINK_IsHalted()
T6880 11070:045.428 - 0.640ms returns FALSE
T6880 11070:245.093 JLINK_IsHalted()
T6880 11070:245.677 - 0.611ms returns FALSE
T6880 11070:445.923 JLINK_IsHalted()
T6880 11070:446.769 - 0.884ms returns FALSE
T6880 11070:646.747 JLINK_IsHalted()
T6880 11070:647.705 - 1.124ms returns FALSE
T6880 11070:848.444 JLINK_IsHalted()
T6880 11070:848.972 - 0.555ms returns FALSE
T6880 11071:052.568 JLINK_IsHalted()
T6880 11071:053.081 - 0.538ms returns FALSE
T6880 11071:253.143 JLINK_IsHalted()
T6880 11071:253.963 - 0.872ms returns FALSE
T6880 11071:453.387 JLINK_IsHalted()
T6880 11071:454.046 - 0.687ms returns FALSE
T6880 11071:656.358 JLINK_IsHalted()
T6880 11071:657.020 - 0.687ms returns FALSE
T6880 11071:858.428 JLINK_IsHalted()
T6880 11071:858.959 - 0.557ms returns FALSE
T6880 11072:063.293 JLINK_IsHalted()
T6880 11072:063.738 - 0.460ms returns FALSE
T6880 11072:263.572 JLINK_IsHalted()
T6880 11072:264.021 - 0.464ms returns FALSE
T6880 11072:465.559 JLINK_IsHalted()
T6880 11072:466.104 - 0.570ms returns FALSE
T6880 11072:666.196 JLINK_IsHalted()
T6880 11072:666.720 - 0.546ms returns FALSE
