T2728 1463:244 SEGGER J-Link V6.48a Log File (0001ms, 11158ms total)
T2728 1463:244 DLL Compiled: Jul 30 2019 15:16:09 (0001ms, 11158ms total)
T2728 1463:244 Logging started @ 2022-01-20 04:27 (0001ms, 11158ms total)
T2728 1463:253 JLINK_ExecCommand("Device = AT91SAM4S4A", ...). Device "ATSAM4S4A" selected.  returns 0x00 (0003ms, 11161ms total)
T2728 1464:079 JLINK_TIF_Select(JLINKARM_TIF_SWD)  returns 0x00 (0023ms, 11184ms total)
T2728 1464:106 JLINK_SetSpeed(4000) (0001ms, 11187ms total)
T2728 1464:107 JLINK_ResetPullsRESET(OFF) (0000ms, 11187ms total)
T2728 1464:107 JLINK_Connect() >0x10B TIF>Found SW-DP with ID 0x2BA01477 >0x0D TIF> >0x28 TIF> >0x0D TIF> >0x28 TIF> >0x0D TIF> >0x28 TIF> >0x0D TIF> >0x28 TIF> >0x0D TIF> >0x21 TIF> >0x0D TIF> >0x28 TIF>Scanning AP map to find all available APs >0x0D TIF> >0x28 TIF> >0x0D TIF> >0x21 TIF> >0x0D TIF> >0x21 TIF> >0x0D TIF> >0x28 TIF> >0x0D TIF> >0x21 TIF> >0x0D TIF> >0x21 TIF>AP[1]: Stopped AP scan as end of AP map has been reachedAP[0]: AHB-AP (IDR: 0x24770011)
Iterating through AP map to find AHB-AP to use >0x42 TIF> >0x28 TIF> >0x0D TIF> >0x28 TIF> >0x0D TIF> >0x21 TIF> >0x0D TIF> >0x21 TIF> >0x42 TIF> >0x28 TIF> >0x0D TIF> >0x28 TIF> >0x0D TIF> >0x28 TIF> >0x0D TIF> >0x21 TIF> >0x0D TIF> >0x21 TIF>AP[0]: Core foundAP[0]: AHB-AP ROM base: 0xE00FF000 >0x0D TIF> >0x28 TIF> >0x0D TIF> >0x28 TIF> >0x0D TIF> >0x28 TIF> >0x0D TIF> >0x21 TIF> >0x0D TIF> >0x21 TIF>CPUID register: 0x410FC241. Implementer code: 0x41 (ARM)Found Cortex-M4 r0p1, Little endian.
 -- Max. mem block: 0x00002D80 -- CPU_ReadMem(4 bytes @ 0xE000EDF0) -- CPU_WriteMem(4 bytes @ 0xE000EDF0) -- CPU_ReadMem(4 bytes @ 0xE0002000)FPUnit: 6 code (BP) slots and 2 literal slots -- CPU_ReadMem(4 bytes @ 0xE000EDFC) -- CPU_WriteMem(4 bytes @ 0xE000EDFC) -- CPU_ReadMem(4 bytes @ 0xE0001000) -- CPU_WriteMem(4 bytes @ 0xE0001000) -- CPU_ReadMem(4 bytes @ 0xE000ED88) -- CPU_WriteMem(4 bytes @ 0xE000ED88) -- CPU_ReadMem(4 bytes @ 0xE000ED88) -- CPU_WriteMem(4 bytes @ 0xE000ED88)CoreSight components:
ROMTbl[0] @ E00FF000 -- CPU_ReadMem(16 bytes @ 0xE00FF000) -- CPU_ReadMem(16 bytes @ 0xE000EFF0) -- CPU_ReadMem(16 bytes @ 0xE000EFE0)ROMTbl[0][0]: E000E000, CID: B105E00D, PID: 000BB000 SCS -- CPU_ReadMem(16 bytes @ 0xE0001FF0) -- CPU_ReadMem(16 bytes @ 0xE0001FE0)ROMTbl[0][1]: E0001000, CID: B105E00D, PID: 003BB002 DWT -- CPU_ReadMem(16 bytes @ 0xE0002FF0) -- CPU_ReadMem(16 bytes @ 0xE0002FE0)ROMTbl[0][2]: E0002000, CID: B105E00D, PID: 002BB003 FPB -- CPU_ReadMem(16 bytes @ 0xE0000FF0)
 -- CPU_ReadMem(16 bytes @ 0xE0000FE0)ROMTbl[0][3]: E0000000, CID: B105E00D, PID: 003BB001 ITM -- CPU_ReadMem(16 bytes @ 0xE00FF010) -- CPU_ReadMem(16 bytes @ 0xE0040FF0) -- CPU_ReadMem(16 bytes @ 0xE0040FE0)ROMTbl[0][4]: E0040000, CID: B105900D, PID: 000BB9A1 TPIU  returns 0x00 (0148ms, 11335ms total)
T2728 1464:255 JLINK_Halt()  returns 0x00 (0003ms, 11338ms total)
T2728 1464:262 JLINK_JTAG_GetDeviceID(DeviceIndex = 0)  returns 0x00 (0000ms, 11338ms total)
T2728 1464:262 JLINK_ReadMemU32(0x400E0740, 0x0001 Items, ...) -- CPU_ReadMem(4 bytes @ 0x400E0740) - Data: E1 09 8B 28  returns 1 (0000ms, 11338ms total)
T2728 1464:263 JLINK_ReadMemU32(0x400E0744, 0x0001 Items, ...) -- CPU_ReadMem(4 bytes @ 0x400E0744) - Data: 00 00 00 00  returns 1 (0000ms, 11338ms total)
T2728 1464:264 JLINK_BeginDownload(Flags = 0x00) (0000ms, 11338ms total)
T2728 1464:264 JLINK_WriteMem(0x400E0A04, 0x0004 Bytes, ...) - Data: 05 00 00 5A -- CPU_WriteMem(4 bytes @ 0x400E0A04)  returns 0x04 (0001ms, 11339ms total)
T2728 1464:265 JLINK_EndDownload()  returns 0x00 (0000ms, 11339ms total)
T2728 1464:265 JLINK_ReadMemHW(0x400E0A08, 0x0004 Bytes, ...) -- CPU_ReadMem(4 bytes @ 0x400E0A08) - Data: 00 00 00 00  returns 0x00 (0000ms, 11339ms total)
T2728 1464:268 JLINK_ReadMemHW(0x400E0A08, 0x0004 Bytes, ...) -- CPU_ReadMem(4 bytes @ 0x400E0A08) - Data: 00 00 00 00  returns 0x00 (0000ms, 11339ms total)
T2728 1464:273 JLINK_ReadMemHW(0x400E0A08, 0x0004 Bytes, ...) -- CPU_ReadMem(4 bytes @ 0x400E0A08) - Data: 00 00 00 00  returns 0x00 (0000ms, 11339ms total)
T2E14 1464:273 JLINK_IsHalted()  returns TRUE (0001ms, 11340ms total)
T2E14 1464:274 JLINK_GetMOEs(...) -- CPU_ReadMem(4 bytes @ 0xE000ED30)  returns 0x01 (0000ms, 11339ms total)
T2E14 1464:274 JLINK_ReadReg(R15 (PC))  returns 0x00800106 (0000ms, 11339ms total)
T2728 1464:291 JLINK_ReadMemHW(0x400E0A08, 0x0004 Bytes, ...) -- CPU_ReadMem(4 bytes @ 0x400E0A08) - Data: 00 00 00 00  returns 0x00 (0000ms, 11339ms total)
T2728 1464:355 JLINK_ReadMemHW(0x400E0A08, 0x0004 Bytes, ...) -- CPU_ReadMem(4 bytes @ 0x400E0A08) - Data: 00 00 00 00  returns 0x00 (0000ms, 11339ms total)
T2E14 1464:478 JLINK_IsHalted()  returns TRUE (0000ms, 11339ms total)
T2728 1464:613 JLINK_ReadMemHW(0x400E0A08, 0x0004 Bytes, ...) -- CPU_ReadMem(4 bytes @ 0x400E0A08) - Data: 00 00 00 00  returns 0x00 (0000ms, 11339ms total)
T2E14 1464:680 JLINK_IsHalted()  returns TRUE (0000ms, 11339ms total)
T2E14 1464:880 JLINK_IsHalted()  returns TRUE (0000ms, 11339ms total)
T2E14 1465:081 JLINK_IsHalted()  returns TRUE (0000ms, 11339ms total)
T2E14 1465:284 JLINK_IsHalted()  returns TRUE (0000ms, 11339ms total)
T2E14 1465:490 JLINK_IsHalted()  returns TRUE (0001ms, 11340ms total)
T2728 1465:614 JLINK_ReadMemHW(0x400E0A08, 0x0004 Bytes, ...) -- CPU_ReadMem(4 bytes @ 0x400E0A08) - Data: 01 00 00 00  returns 0x00 (0000ms, 11339ms total)
T2E14 1465:692 JLINK_IsHalted()  returns TRUE (0000ms, 11339ms total)
T2728 1465:693 JLINK_ResetPullsRESET(ON) (0000ms, 11339ms total)
T2728 1465:694 JLINK_ResetNoHalt() >0x10B TIF>Found SW-DP with ID 0x2BA01477 >0x0D TIF> >0x28 TIF> >0x0D TIF> >0x28 TIF> >0x0D TIF> >0x28 TIF> >0x0D TIF> >0x28 TIF> >0x0D TIF> >0x21 TIF> >0x0D TIF> >0x28 TIF>AP map detection skipped. Manually configured AP map found.AP[0]: AHB-AP (IDR: Not set) >0x42 TIF> >0x28 TIF> >0x0D TIF> >0x28 TIF> >0x0D TIF> >0x21 TIF> >0x0D TIF> >0x21 TIF> >0x42 TIF> >0x28 TIF> >0x0D TIF> >0x28 TIF> >0x0D TIF> >0x28 TIF> >0x0D TIF> >0x21 TIF> >0x0D TIF> >0x21 TIF>
AP[0]: Core foundAP[0]: AHB-AP ROM base: 0xE00FF000 >0x0D TIF> >0x28 TIF> >0x0D TIF> >0x28 TIF> >0x0D TIF> >0x28 TIF> >0x0D TIF> >0x21 TIF> >0x0D TIF> >0x21 TIF>CPUID register: 0x410FC241. Implementer code: 0x41 (ARM)Found Cortex-M4 r0p1, Little endian. -- Max. mem block: 0x00002C68 -- CPU_ReadMem(4 bytes @ 0xE000EDF0) -- CPU_ReadMem(4 bytes @ 0xE0002000)FPUnit: 6 code (BP) slots and 2 literal slots -- CPU_ReadMem(4 bytes @ 0xE000EDFC) -- CPU_ReadMem(4 bytes @ 0xE0001000)
 -- CPU_ReadMem(4 bytes @ 0xE000ED88) -- CPU_WriteMem(4 bytes @ 0xE000ED88) -- CPU_ReadMem(4 bytes @ 0xE000ED88) -- CPU_WriteMem(4 bytes @ 0xE000ED88)CoreSight components:ROMTbl[0] @ E00FF000 -- CPU_ReadMem(16 bytes @ 0xE00FF000) -- CPU_ReadMem(16 bytes @ 0xE000EFF0) -- CPU_ReadMem(16 bytes @ 0xE000EFE0)ROMTbl[0][0]: E000E000, CID: B105E00D, PID: 000BB000 SCS -- CPU_WriteMem(4 bytes @ 0xE0001000) -- CPU_ReadMem(16 bytes @ 0xE0001FF0) -- CPU_ReadMem(16 bytes @ 0xE0001FE0)
ROMTbl[0][1]: E0001000, CID: B105E00D, PID: 003BB002 DWT -- CPU_ReadMem(16 bytes @ 0xE0002FF0) -- CPU_ReadMem(16 bytes @ 0xE0002FE0)ROMTbl[0][2]: E0002000, CID: B105E00D, PID: 002BB003 FPB -- CPU_ReadMem(16 bytes @ 0xE0000FF0) -- CPU_ReadMem(16 bytes @ 0xE0000FE0)ROMTbl[0][3]: E0000000, CID: B105E00D, PID: 003BB001 ITM -- CPU_ReadMem(16 bytes @ 0xE00FF010) -- CPU_ReadMem(16 bytes @ 0xE0040FF0) -- CPU_ReadMem(16 bytes @ 0xE0040FE0)ROMTbl[0][4]: E0040000, CID: B105900D, PID: 000BB9A1 TPIU
                JLINK_Reset() -- CPU_ReadMem(16 bytes @ 0x20000000) -- CPU_WriteMem(16 bytes @ 0x20000000) -- CPU_ReadMem(4 bytes @ 0xE000EDFC) -- CPU_WriteMem(4 bytes @ 0xE000EDFC) -- CPU_ReadMem(4 bytes @ 0xE0001000) -- CPU_WriteMem(4 bytes @ 0xE000EDFC) -- CPU_WriteMem(16 bytes @ 0x20000000) -- CPU_WriteMem(4 bytes @ 0xE0002000) -- CPU_ReadMem(4 bytes @ 0xE000EDFC) -- CPU_ReadMem(4 bytes @ 0xE0001000) (0024ms, 0024ms total)
                JLINK_Go() -- CPU_ReadMem(4 bytes @ 0xE0001000) -- CPU_WriteMem(4 bytes @ 0xE0001004) (0002ms, 0026ms total)
               (0150ms, 11489ms total)
T2728 1465:858 JLINK_Close() >0x0D TIF> >0x28 TIF> >0x0D TIF> >0x28 TIF> >0x0D TIF> >0x28 TIF> >0x0D TIF> >0x28 TIF> >0x0D TIF> >0x28 TIF> >0x0D TIF> >0x28 TIF> >0x0D TIF> >0x28 TIF> >0x0D TIF> >0x28 TIF> >0x0D TIF> >0x0D TIF> >0x0D TIF> >0x0D TIF> >0x0D TIF> >0x21 TIF> >0x0D TIF> >0x28 TIF> (0020ms, 11509ms total)
T2728 1465:858  (0020ms, 11509ms total)
T2728 1465:858 Closed (0020ms, 11509ms total)
