T2728 1465:949 SEGGER J-Link V6.48a Log File (0001ms, 11574ms total)
T2728 1465:949 DLL Compiled: Jul 30 2019 15:16:09 (0001ms, 11574ms total)
T2728 1465:949 Logging started @ 2022-01-20 04:27 (0001ms, 11574ms total)
T2728 1465:961 JLINK_ExecCommand("Device = AT91SAM4S4A", ...). Device "ATSAM4S4A" selected.  returns 0x00 (0002ms, 11576ms total)
T2728 1465:963 JLINK_TIF_Select(JLINKARM_TIF_SWD)  returns 0x00 (0002ms, 11578ms total)
T2728 1465:965 JLINK_SetSpeed(4000) (0000ms, 11578ms total)
T2728 1465:965 JLINK_ResetPullsRESET(OFF) (0000ms, 11578ms total)
T2728 1465:965 JLINK_Connect() >0x10B TIF>Found SW-DP with ID 0x2BA01477 >0x0D TIF> >0x28 TIF> >0x0D TIF> >0x28 TIF> >0x0D TIF> >0x28 TIF> >0x0D TIF> >0x28 TIF> >0x0D TIF> >0x21 TIF> >0x0D TIF> >0x28 TIF>Scanning AP map to find all available APs >0x0D TIF> >0x28 TIF> >0x0D TIF> >0x21 TIF> >0x0D TIF> >0x21 TIF> >0x0D TIF> >0x28 TIF> >0x0D TIF> >0x21 TIF> >0x0D TIF> >0x21 TIF>AP[1]: Stopped AP scan as end of AP map has been reachedAP[0]: AHB-AP (IDR: 0x24770011)
Iterating through AP map to find AHB-AP to use >0x42 TIF> >0x28 TIF> >0x0D TIF> >0x28 TIF> >0x0D TIF> >0x21 TIF> >0x0D TIF> >0x21 TIF> >0x42 TIF> >0x28 TIF> >0x0D TIF> >0x28 TIF> >0x0D TIF> >0x28 TIF> >0x0D TIF> >0x0D TIF> >0x21 TIF> >0x0D TIF> >0x0D TIF> >0x21 TIF>AP[0]: Core foundAP[0]: AHB-AP ROM base: 0xE00FF000 >0x0D TIF> >0x28 TIF> >0x0D TIF> >0x28 TIF> >0x0D TIF> >0x28 TIF> >0x0D TIF> >0x0D TIF> >0x21 TIF> >0x0D TIF> >0x0D TIF> >0x21 TIF>CPUID register: 0x410FC241. Implementer code: 0x41 (ARM)
Found Cortex-M4 r0p1, Little endian. -- Max. mem block: 0x00002D80 -- CPU_ReadMem(4 bytes @ 0xE000EDF0) -- CPU_WriteMem(4 bytes @ 0xE000EDF0) -- CPU_ReadMem(4 bytes @ 0xE0002000)FPUnit: 6 code (BP) slots and 2 literal slots -- CPU_ReadMem(4 bytes @ 0xE000EDFC) -- CPU_WriteMem(4 bytes @ 0xE000EDFC) -- CPU_ReadMem(4 bytes @ 0xE0001000) -- CPU_WriteMem(4 bytes @ 0xE0001000) -- CPU_ReadMem(4 bytes @ 0xE000ED88) -- CPU_WriteMem(4 bytes @ 0xE000ED88) -- CPU_ReadMem(4 bytes @ 0xE000ED88)
 -- CPU_WriteMem(4 bytes @ 0xE000ED88)CoreSight components:ROMTbl[0] @ E00FF000 -- CPU_ReadMem(16 bytes @ 0xE00FF000) -- CPU_ReadMem(16 bytes @ 0xE000EFF0) -- CPU_ReadMem(16 bytes @ 0xE000EFE0)ROMTbl[0][0]: E000E000, CID: B105E00D, PID: 000BB000 SCS -- CPU_ReadMem(16 bytes @ 0xE0001FF0) -- CPU_ReadMem(16 bytes @ 0xE0001FE0)ROMTbl[0][1]: E0001000, CID: B105E00D, PID: 003BB002 DWT -- CPU_ReadMem(16 bytes @ 0xE0002FF0) -- CPU_ReadMem(16 bytes @ 0xE0002FE0)
ROMTbl[0][2]: E0002000, CID: B105E00D, PID: 002BB003 FPB -- CPU_ReadMem(16 bytes @ 0xE0000FF0) -- CPU_ReadMem(16 bytes @ 0xE0000FE0)ROMTbl[0][3]: E0000000, CID: B105E00D, PID: 003BB001 ITM -- CPU_ReadMem(16 bytes @ 0xE00FF010) -- CPU_ReadMem(16 bytes @ 0xE0040FF0) -- CPU_ReadMem(16 bytes @ 0xE0040FE0)ROMTbl[0][4]: E0040000, CID: B105900D, PID: 000BB9A1 TPIU  returns 0x00 (0135ms, 11713ms total)
T2728 1466:101 JLINK_Halt()  returns 0x00 (0003ms, 11717ms total)
T2728 1466:108 JLINK_JTAG_GetDeviceID(DeviceIndex = 0)  returns 0x00 (0000ms, 11717ms total)
T2728 1466:108 JLINK_ReadMemU32(0x400E0740, 0x0001 Items, ...) -- CPU_ReadMem(4 bytes @ 0x400E0740) - Data: E1 09 8B 28  returns 1 (0001ms, 11718ms total)
T2728 1466:109 JLINK_ReadMemU32(0x400E0744, 0x0001 Items, ...) -- CPU_ReadMem(4 bytes @ 0x400E0744) - Data: 00 00 00 00  returns 1 (0000ms, 11718ms total)
T2B38 1466:117 JLINK_IsHalted()  returns TRUE (0001ms, 11719ms total)
T2B38 1466:118 JLINK_GetMOEs(...) -- CPU_ReadMem(4 bytes @ 0xE000ED30)  returns 0x01 (0000ms, 11718ms total)
T2B38 1466:118 JLINK_ReadReg(R15 (PC))  returns 0x008007CA (0000ms, 11718ms total)
T2728 1466:132 JLINK_BeginDownload(Flags = 0x00) (0000ms, 11718ms total)
T2728 1466:132 JLINK_WriteMem(0x00400000, 0x086C Bytes, ...) - Data: F0 34 00 20 ED 03 40 00 E9 03 40 00 E9 03 40 00 ... -- Read from flash cache (2156 bytes @ 0x00400000)  returns 0x86C (0001ms, 11719ms total)
T2728 1466:133 JLINK_WriteMem(0x0040086C, 0x0434 Bytes, ...) - Data: 00 09 3D 00 00 00 00 00 00 00 00 00 F4 02 00 20 ... -- Read from flash cache (1076 bytes @ 0x0040086C)  returns 0x434 (0000ms, 11719ms total)
T2728 1466:141 JLINK_EndDownload() -- CPU_ReadMem(4 bytes @ 0xE000ED90) -- CPU_ReadMem(4 bytes @ 0xE000ED94) -- -------------------------------------- -- Start of determining dirty areas in flash cache -- End of determining dirty areas -- Start of preparing flash programming -- Calculating RAM usage -- RAM usage = 2900 Bytes -- Preserving CPU registers -- Preparing memory -- Preparing target -- Downloading RAMCode -- Checking target RAM -- Preparing RAMCode -- End of preparing flash programming
 -- CPU speed could not be measured. -- Start of comparing flash -- CRC check was estimated as fastest method -- Comparing range 0x400000 - 0x400DFF (7 Sectors, 3 KB), using multi-block CRC calculation -- CRC does not match for sectors 0-6 -- End of comparing flash -- Start of erasing sectors -- End of erasing sectors -- Start of flash programming -- Programming range 0x00400000 - 0x00400DFF (  7 Sectors, 3 KB) -- End of flash programming -- 0x400000 - 0x400DFF (  7 Sectors, 3 KB)
 -- Start of verifying flash -- Use CRC or checksum calculation as verify method -- End of verifying flash -- Start of restoring -- Restoring RAMCode -- Restore target -- Restore memory -- Restoring CPU registers -- End of restoring -- Bank 0 @ 0x00400000: 1 range affected (3584 bytes) -- Total time needed: 0.085s (Prepare: 0.042s, Compare: 0.003s, Erase: 0.000s, Program: 0.034s, Verify: 0.000s, Restore: 0.005s)  returns 0xE00 (0091ms, 11810ms total)
T2728 1466:234 JLINK_SetResetType(JLINKARM_CM3_RESET_TYPE_NORMAL)  returns JLINKARM_CM3_RESET_TYPE_NORMAL (0000ms, 11810ms total)
T2728 1466:234 JLINK_Reset() -- CPU_ReadMem(16 bytes @ 0x20000000) -- CPU_WriteMem(16 bytes @ 0x20000000) -- CPU_ReadMem(4 bytes @ 0xE000EDFC) -- CPU_WriteMem(4 bytes @ 0xE000EDFC) -- CPU_ReadMem(4 bytes @ 0xE0001000) -- CPU_WriteMem(4 bytes @ 0xE000EDFC) -- CPU_WriteMem(16 bytes @ 0x20000000) -- CPU_WriteMem(4 bytes @ 0xE0002000) -- CPU_ReadMem(4 bytes @ 0xE000EDFC) -- CPU_ReadMem(4 bytes @ 0xE0001000) (0026ms, 11836ms total)
T2B38 1466:321 JLINK_IsHalted()  returns TRUE (0000ms, 11836ms total)
T2B38 1466:523 JLINK_IsHalted()  returns TRUE (0000ms, 11836ms total)
T30D8 1466:533 JLINK_Halt()  returns 0x00 (0000ms, 11836ms total)
T30D8 1466:533 JLINK_ReadReg(R15 (PC))  returns 0x0080004C (0000ms, 11836ms total)
T30D8 1466:533 JLINK_ReadReg(R13 (SP))  returns 0x20000800 (0000ms, 11836ms total)
T30D8 1466:543 JLINK_ReadMem (0x0080004C, 0x0004 Bytes, ...) -- CPU_ReadMem(64 bytes @ 0x00800040) -- Updating C cache (64 bytes @ 0x00800040) -- Read from C cache (4 bytes @ 0x0080004C) - Data: 00 F0 02 F8  returns 0x00 (0001ms, 11837ms total)
T30D8 1466:545 JLINK_ReadReg(R0)  returns 0x400E1400 (0000ms, 11837ms total)
T30D8 1466:545 JLINK_ReadReg(R1)  returns 0x40C00000 (0000ms, 11837ms total)
T30D8 1466:545 JLINK_ReadReg(R2)  returns 0xA5000005 (0000ms, 11837ms total)
T30D8 1466:545 JLINK_ReadReg(R3)  returns 0x400E0000 (0000ms, 11837ms total)
T30D8 1466:545 JLINK_ReadReg(R4)  returns 0x2000001C (0000ms, 11837ms total)
T30D8 1466:545 JLINK_ReadReg(R5)  returns 0x20000004 (0000ms, 11837ms total)
T30D8 1466:545 JLINK_ReadReg(R6)  returns 0x20000000 (0001ms, 11838ms total)
T30D8 1466:546 JLINK_ReadReg(R7)  returns 0x00800715 (0000ms, 11838ms total)
T30D8 1466:546 JLINK_ReadReg(R8)  returns 0x00800707 (0000ms, 11838ms total)
T30D8 1466:546 JLINK_ReadReg(R9)  returns 0x2000003C (0000ms, 11838ms total)
T30D8 1466:546 JLINK_ReadReg(R10)  returns 0x008011F0 (0000ms, 11838ms total)
T30D8 1466:546 JLINK_ReadReg(R11)  returns 0x00000001 (0000ms, 11838ms total)
T30D8 1466:546 JLINK_ReadReg(R12)  returns 0x00370028 (0000ms, 11838ms total)
T30D8 1466:546 JLINK_ReadReg(R13 (SP))  returns 0x20000800 (0000ms, 11838ms total)
T30D8 1466:546 JLINK_ReadReg(R14)  returns 0xFFFFFFFF (0000ms, 11838ms total)
T30D8 1466:546 JLINK_ReadReg(R15 (PC))  returns 0x0080004C (0000ms, 11838ms total)
T30D8 1466:546 JLINK_ReadReg(XPSR)  returns 0x01000000 (0000ms, 11838ms total)
T30D8 1466:546 JLINK_ReadReg(MSP)  returns 0x20000800 (0000ms, 11838ms total)
T30D8 1466:546 JLINK_ReadReg(PSP)  returns 0x0E0FED80 (0001ms, 11839ms total)
T30D8 1466:547 JLINK_ReadReg(PRIMASK)  returns 0x00000000 (0000ms, 11839ms total)
T30D8 1466:547 JLINK_ReadReg(BASEPRI)  returns 0x00000000 (0000ms, 11839ms total)
T30D8 1466:547 JLINK_ReadReg(FAULTMASK)  returns 0x00000000 (0001ms, 11840ms total)
T30D8 1466:548 JLINK_ReadReg(CONTROL)  returns 0x00000000 (0000ms, 11840ms total)
T30D8 1466:549 JLINK_ReadMem (0x0080004C, 0x0002 Bytes, ...) -- Read from C cache (2 bytes @ 0x0080004C) - Data: 00 F0  returns 0x00 (0000ms, 11840ms total)
T30D8 1466:596 JLINK_ReadReg(R0)  returns 0x400E1400 (0000ms, 11840ms total)
T30D8 1466:596 JLINK_ReadReg(R1)  returns 0x40C00000 (0000ms, 11840ms total)
T30D8 1466:596 JLINK_ReadReg(R2)  returns 0xA5000005 (0000ms, 11840ms total)
T30D8 1466:596 JLINK_ReadReg(R3)  returns 0x400E0000 (0000ms, 11840ms total)
T30D8 1466:596 JLINK_ReadReg(R4)  returns 0x2000001C (0000ms, 11840ms total)
T30D8 1466:596 JLINK_ReadReg(R5)  returns 0x20000004 (0000ms, 11840ms total)
T30D8 1466:596 JLINK_ReadReg(R6)  returns 0x20000000 (0000ms, 11840ms total)
T30D8 1466:596 JLINK_ReadReg(R7)  returns 0x00800715 (0000ms, 11840ms total)
T30D8 1466:596 JLINK_ReadReg(R8)  returns 0x00800707 (0000ms, 11840ms total)
T30D8 1466:596 JLINK_ReadReg(R9)  returns 0x2000003C (0000ms, 11840ms total)
T30D8 1466:596 JLINK_ReadReg(R10)  returns 0x008011F0 (0001ms, 11841ms total)
T30D8 1466:597 JLINK_ReadReg(R11)  returns 0x00000001 (0000ms, 11841ms total)
T30D8 1466:597 JLINK_ReadReg(R12)  returns 0x00370028 (0000ms, 11841ms total)
T30D8 1466:597 JLINK_ReadReg(R13 (SP))  returns 0x20000800 (0000ms, 11841ms total)
T30D8 1466:597 JLINK_ReadReg(R14)  returns 0xFFFFFFFF (0000ms, 11841ms total)
T30D8 1466:597 JLINK_ReadReg(R15 (PC))  returns 0x0080004C (0000ms, 11841ms total)
T30D8 1466:597 JLINK_ReadReg(XPSR)  returns 0x01000000 (0000ms, 11841ms total)
T30D8 1466:597 JLINK_ReadReg(MSP)  returns 0x20000800 (0001ms, 11842ms total)
T30D8 1466:598 JLINK_ReadReg(PSP)  returns 0x0E0FED80 (0000ms, 11842ms total)
T30D8 1466:598 JLINK_ReadReg(PRIMASK)  returns 0x00000000 (0000ms, 11842ms total)
T30D8 1466:598 JLINK_ReadReg(BASEPRI)  returns 0x00000000 (0000ms, 11842ms total)
T30D8 1466:598 JLINK_ReadReg(FAULTMASK)  returns 0x00000000 (0000ms, 11842ms total)
T30D8 1466:598 JLINK_ReadReg(CONTROL)  returns 0x00000000 (0000ms, 11842ms total)
T30D8 1466:599 JLINK_ReadMem (0x0080004C, 0x0004 Bytes, ...) -- Read from C cache (4 bytes @ 0x0080004C) - Data: 00 F0 02 F8  returns 0x00 (0000ms, 11842ms total)
T30D8 1466:600 JLINK_ReadMem (0x0080004C, 0x0002 Bytes, ...) -- Read from C cache (2 bytes @ 0x0080004C) - Data: 00 F0  returns 0x00 (0000ms, 11842ms total)
T30D8 1466:659 JLINK_ReadMemHW(0x00400658, 0x0002 Bytes, ...) -- CPU_ReadMem(2 bytes @ 0x00400658) - Data: 0B 4C  returns 0x00 (0000ms, 11842ms total)
T30D8 1466:660 JLINK_ReadMemHW(0x00400688, 0x0004 Bytes, ...) -- CPU_ReadMem(4 bytes @ 0x00400688) - Data: 00 80 03 40  returns 0x00 (0000ms, 11842ms total)
T30D8 1466:661 JLINK_ReadMemHW(0x00400658, 0x0002 Bytes, ...) -- CPU_ReadMem(2 bytes @ 0x00400658) - Data: 0B 4C  returns 0x00 (0001ms, 11843ms total)
T2728 1466:698 JLINK_GetNumBPUnits(Type = 0xFFFFFF02)  returns 0x06 (0001ms, 11844ms total)
T2728 1466:699 JLINK_SetBPEx(Addr = 0x00400658, Type = 0xFFFFFFF2)  returns 0x00000001 (0000ms, 11844ms total)
T2728 1466:699 JLINK_GetBPInfo(BPHandle = 1)  returns 0x00 (0000ms, 11844ms total)
T30D8 1466:721 JLINK_ReadMemHW(0x004006A2, 0x0002 Bytes, ...) -- CPU_ReadMem(2 bytes @ 0x004006A2) - Data: 07 4B  returns 0x00 (0001ms, 11845ms total)
T30D8 1466:722 JLINK_ReadMemHW(0x004006C0, 0x0004 Bytes, ...) -- CPU_ReadMem(4 bytes @ 0x004006C0) - Data: 3D 01 40 00  returns 0x00 (0001ms, 11846ms total)
T2B38 1466:723 JLINK_IsHalted()  returns TRUE (0000ms, 11846ms total)
T30D8 1466:723 JLINK_ReadMemHW(0x004006A2, 0x0002 Bytes, ...) -- CPU_ReadMem(2 bytes @ 0x004006A2) - Data: 07 4B  returns 0x00 (0001ms, 11847ms total)
T2728 1466:727 JLINK_SetBPEx(Addr = 0x004006A2, Type = 0xFFFFFFF2)  returns 0x00000002 (0000ms, 11847ms total)
T2728 1466:727 JLINK_GetBPInfo(BPHandle = 2)  returns 0x00 (0001ms, 11848ms total)
T30D8 1466:753 JLINK_ReadMemHW(0x004006A2, 0x0002 Bytes, ...) -- CPU_ReadMem(2 bytes @ 0x004006A2) - Data: 07 4B  returns 0x00 (0001ms, 11849ms total)
T30D8 1466:754 JLINK_ReadMemHW(0x004006C0, 0x0004 Bytes, ...) -- CPU_ReadMem(4 bytes @ 0x004006C0) - Data: 3D 01 40 00  returns 0x00 (0001ms, 11850ms total)
T30D8 1466:755 JLINK_ReadMemHW(0x004006B4, 0x0002 Bytes, ...) -- CPU_ReadMem(2 bytes @ 0x004006B4) - Data: 04 25  returns 0x00 (0001ms, 11851ms total)
T2728 1466:759 JLINK_SetBPEx(Addr = 0x004006B4, Type = 0xFFFFFFF2)  returns 0x00000003 (0000ms, 11851ms total)
T2728 1466:760 JLINK_GetBPInfo(BPHandle = 3)  returns 0x00 (0000ms, 11852ms total)
T30D8 1466:785 JLINK_SetResetType(JLINKARM_CM3_RESET_TYPE_NORMAL)  returns JLINKARM_CM3_RESET_TYPE_NORMAL (0000ms, 11852ms total)
T30D8 1466:785 JLINK_Reset() -- CPU_ReadMem(16 bytes @ 0x20000000) -- CPU_WriteMem(16 bytes @ 0x20000000) -- CPU_ReadMem(4 bytes @ 0xE000EDFC) -- CPU_WriteMem(4 bytes @ 0xE000EDFC) -- CPU_ReadMem(4 bytes @ 0xE0001000) -- CPU_WriteMem(4 bytes @ 0xE0001004) -- CPU_WriteMem(4 bytes @ 0xE000EDFC) -- CPU_WriteMem(16 bytes @ 0x20000000) -- CPU_WriteMem(4 bytes @ 0xE0002000) -- CPU_ReadMem(4 bytes @ 0xE000EDFC) -- CPU_ReadMem(4 bytes @ 0xE0001000) (0025ms, 11877ms total)
T2B38 1466:810 JLINK_IsHalted()  returns TRUE (0000ms, 11877ms total)
T2B38 1466:810 JLINK_GetMOEs(...) -- CPU_ReadMem(4 bytes @ 0xE000ED30)  returns 0x01 (0001ms, 11878ms total)
T2B38 1466:811 JLINK_ReadReg(R15 (PC))  returns 0x0080004C (0000ms, 11878ms total)
T30D8 1466:820 JLINK_ReadReg(R15 (PC))  returns 0x0080004C (0000ms, 11878ms total)
T30D8 1466:820 JLINK_ReadReg(R13 (SP))  returns 0x20000800 (0000ms, 11878ms total)
T30D8 1466:821 JLINK_ReadMem (0x0080004C, 0x0004 Bytes, ...) -- CPU_ReadMem(64 bytes @ 0x00800040) -- Updating C cache (64 bytes @ 0x00800040) -- Read from C cache (4 bytes @ 0x0080004C) - Data: 00 F0 02 F8  returns 0x00 (0001ms, 11879ms total)
T30D8 1466:822 JLINK_ReadReg(R0)  returns 0x400E1400 (0000ms, 11879ms total)
T30D8 1466:822 JLINK_ReadReg(R1)  returns 0x40C00000 (0000ms, 11879ms total)
T30D8 1466:822 JLINK_ReadReg(R2)  returns 0xA5000005 (0000ms, 11879ms total)
T30D8 1466:822 JLINK_ReadReg(R3)  returns 0x400E0000 (0001ms, 11880ms total)
T30D8 1466:823 JLINK_ReadReg(R4)  returns 0x2000001C (0000ms, 11880ms total)
T30D8 1466:823 JLINK_ReadReg(R5)  returns 0x20000004 (0000ms, 11880ms total)
T30D8 1466:823 JLINK_ReadReg(R6)  returns 0x20000000 (0000ms, 11880ms total)
T30D8 1466:823 JLINK_ReadReg(R7)  returns 0x00800715 (0000ms, 11880ms total)
T30D8 1466:823 JLINK_ReadReg(R8)  returns 0x00800707 (0000ms, 11880ms total)
T30D8 1466:823 JLINK_ReadReg(R9)  returns 0x2000003C (0000ms, 11880ms total)
T30D8 1466:823 JLINK_ReadReg(R10)  returns 0x008011F0 (0000ms, 11880ms total)
T30D8 1466:823 JLINK_ReadReg(R11)  returns 0x00000001 (0000ms, 11880ms total)
T30D8 1466:823 JLINK_ReadReg(R12)  returns 0x00370028 (0000ms, 11880ms total)
T30D8 1466:823 JLINK_ReadReg(R13 (SP))  returns 0x20000800 (0000ms, 11880ms total)
T30D8 1466:823 JLINK_ReadReg(R14)  returns 0xFFFFFFFF (0000ms, 11880ms total)
T30D8 1466:823 JLINK_ReadReg(R15 (PC))  returns 0x0080004C (0000ms, 11880ms total)
T30D8 1466:823 JLINK_ReadReg(XPSR)  returns 0x01000000 (0000ms, 11880ms total)
T30D8 1466:823 JLINK_ReadReg(MSP)  returns 0x20000800 (0000ms, 11880ms total)
T30D8 1466:823 JLINK_ReadReg(PSP)  returns 0x0E0FED80 (0001ms, 11881ms total)
T30D8 1466:824 JLINK_ReadReg(PRIMASK)  returns 0x00000000 (0000ms, 11881ms total)
T30D8 1466:824 JLINK_ReadReg(BASEPRI)  returns 0x00000000 (0000ms, 11881ms total)
T30D8 1466:824 JLINK_ReadReg(FAULTMASK)  returns 0x00000000 (0000ms, 11881ms total)
T30D8 1466:824 JLINK_ReadReg(CONTROL)  returns 0x00000000 (0000ms, 11881ms total)
T30D8 1466:824 JLINK_ReadMem (0x0080004C, 0x0002 Bytes, ...) -- Read from C cache (2 bytes @ 0x0080004C) - Data: 00 F0  returns 0x00 (0000ms, 11881ms total)
T30D8 1466:878 JLINK_ReadMemHW(0x004006A0, 0x0001 Bytes, ...) -- CPU_ReadMem(1 bytes @ 0x004006A0) - Data: 08  returns 0x00 (0001ms, 11882ms total)
T30D8 1466:956 JLINK_ReadReg(R15 (PC))  returns 0x0080004C (0000ms, 11882ms total)
T30D8 1466:957 JLINK_SetBPEx(Addr = 0x004006A0, Type = 0xFFFFFFF2)  returns 0x00000004 (0000ms, 11882ms total)
T30D8 1466:957 JLINK_GetBPInfo(BPHandle = 4)  returns 0x00 (0000ms, 11882ms total)
T30D8 1466:957 JLINK_Go() -- CPU_WriteMem(4 bytes @ 0xE0002000) -- CPU_WriteMem(4 bytes @ 0xE0002000) -- CPU_WriteMem(4 bytes @ 0xE0002000) -- CPU_WriteMem(4 bytes @ 0xE0002000) -- CPU_ReadMem(4 bytes @ 0xE0001000) -- CPU_WriteMem(4 bytes @ 0xE000ED30) -- CPU_WriteMem(4 bytes @ 0xE0002008) -- CPU_WriteMem(4 bytes @ 0xE000200C) -- CPU_WriteMem(4 bytes @ 0xE0002010) -- CPU_WriteMem(4 bytes @ 0xE0002014) -- CPU_WriteMem(4 bytes @ 0xE0002018) -- CPU_WriteMem(4 bytes @ 0xE000201C)
 -- CPU_WriteMem(4 bytes @ 0xE0001004) (0007ms, 11889ms total)
T2B38 1466:964 JLINK_IsHalted()  returns FALSE (0002ms, 11891ms total)
T2B38 1466:988 JLINK_IsHalted()  returns FALSE (0001ms, 11890ms total)
T2B38 1467:074 JLINK_IsHalted()  returns FALSE (0001ms, 11890ms total)
T2B38 1467:279 JLINK_IsHalted()  returns FALSE (0000ms, 11889ms total)
T2B38 1467:481 JLINK_IsHalted()  returns FALSE (0000ms, 11889ms total)
T2B38 1467:681 JLINK_IsHalted()  returns FALSE (0001ms, 11890ms total)
T2B38 1467:883 JLINK_IsHalted()  returns FALSE (0000ms, 11889ms total)
T2B38 1468:084 JLINK_IsHalted()  returns FALSE (0001ms, 11890ms total)
T2B38 1468:287 JLINK_IsHalted()  returns FALSE (0000ms, 11889ms total)
T2B38 1468:495 JLINK_IsHalted()  returns FALSE (0002ms, 11891ms total)
T2B38 1468:699 JLINK_IsHalted()  returns FALSE (0000ms, 11889ms total)
T2B38 1468:899 JLINK_IsHalted()  returns FALSE (0000ms, 11889ms total)
T2B38 1469:100 JLINK_IsHalted()  returns FALSE (0000ms, 11889ms total)
T2B38 1469:300 JLINK_IsHalted()  returns FALSE (0001ms, 11890ms total)
T2B38 1469:501 JLINK_IsHalted()  returns FALSE (0001ms, 11890ms total)
T2B38 1469:703 JLINK_IsHalted()  returns FALSE (0000ms, 11889ms total)
T2B38 1469:905 JLINK_IsHalted()  returns FALSE (0000ms, 11889ms total)
T2B38 1470:113 JLINK_IsHalted()  returns FALSE (0002ms, 11891ms total)
T2B38 1470:316 JLINK_IsHalted()  returns FALSE (0000ms, 11889ms total)
T2B38 1470:520 JLINK_IsHalted()  returns FALSE (0000ms, 11889ms total)
T2B38 1470:722 JLINK_IsHalted()  returns FALSE (0000ms, 11889ms total)
T2B38 1470:925 JLINK_IsHalted()  returns FALSE (0001ms, 11890ms total)
T2B38 1471:126 JLINK_IsHalted()  returns FALSE (0001ms, 11890ms total)
T2B38 1471:328 JLINK_IsHalted()  returns FALSE (0000ms, 11889ms total)
T2B38 1471:529 JLINK_IsHalted()  returns FALSE (0000ms, 11889ms total)
T2B38 1471:731 JLINK_IsHalted()  returns FALSE (0001ms, 11890ms total)
T2B38 1471:933 JLINK_IsHalted()  returns FALSE (0000ms, 11889ms total)
T2B38 1472:134 JLINK_IsHalted()  returns FALSE (0001ms, 11890ms total)
T2B38 1472:340 JLINK_IsHalted()  returns FALSE (0001ms, 11890ms total)
T2B38 1472:550 JLINK_IsHalted()  returns FALSE (0000ms, 11889ms total)
T2B38 1472:751 JLINK_IsHalted()  returns FALSE (0000ms, 11889ms total)
T2B38 1472:954 JLINK_IsHalted()  returns FALSE (0000ms, 11889ms total)
T2B38 1473:161 JLINK_IsHalted()  returns FALSE (0001ms, 11890ms total)
T2B38 1473:367 JLINK_IsHalted()  returns FALSE (0001ms, 11890ms total)
T2B38 1473:571 JLINK_IsHalted()  returns FALSE (0000ms, 11889ms total)
T2B38 1473:772 JLINK_IsHalted()  returns FALSE (0000ms, 11889ms total)
T2B38 1473:976 JLINK_IsHalted()  returns FALSE (0000ms, 11889ms total)
T2B38 1474:179 JLINK_IsHalted()  returns FALSE (0000ms, 11889ms total)
T2B38 1474:384 JLINK_IsHalted()  returns FALSE (0000ms, 11889ms total)
T2B38 1474:585 JLINK_IsHalted()  returns FALSE (0000ms, 11889ms total)
T30D8 1474:753 JLINK_Halt()  returns 0x00 (0003ms, 11892ms total)
T2B38 1474:787 JLINK_IsHalted()  returns TRUE (0000ms, 11893ms total)
T2B38 1474:787 JLINK_GetMOEs(...) -- CPU_ReadMem(4 bytes @ 0xE000ED30)  returns 0x01 (0000ms, 11893ms total)
T2B38 1474:787 JLINK_ReadReg(R15 (PC))  returns 0x0080010C (0000ms, 11893ms total)
T30D8 1474:797 JLINK_ReadReg(R15 (PC))  returns 0x0080010C (0000ms, 11893ms total)
T30D8 1474:797 JLINK_ReadReg(R13 (SP))  returns 0x200007B8 (0000ms, 11893ms total)
T30D8 1474:798 JLINK_ReadMem (0x0080010C, 0x0004 Bytes, ...) -- CPU_ReadMem(64 bytes @ 0x00800100) -- Updating C cache (64 bytes @ 0x00800100) -- Read from C cache (4 bytes @ 0x0080010C) - Data: 70 47 2D E9  returns 0x00 (0001ms, 11894ms total)
T30D8 1474:799 JLINK_ReadReg(R0)  returns 0x00000000 (0001ms, 11895ms total)
T30D8 1474:800 JLINK_ReadReg(R1)  returns 0x400E1454 (0000ms, 11895ms total)
T30D8 1474:800 JLINK_ReadReg(R2)  returns 0x20000034 (0000ms, 11895ms total)
T30D8 1474:800 JLINK_ReadReg(R3)  returns 0x400E0000 (0000ms, 11895ms total)
T30D8 1474:800 JLINK_ReadReg(R4)  returns 0x2000001C (0001ms, 11896ms total)
T30D8 1474:801 JLINK_ReadReg(R5)  returns 0x20000004 (0000ms, 11896ms total)
T30D8 1474:801 JLINK_ReadReg(R6)  returns 0x20000000 (0000ms, 11896ms total)
T30D8 1474:801 JLINK_ReadReg(R7)  returns 0x00800715 (0000ms, 11896ms total)
T30D8 1474:801 JLINK_ReadReg(R8)  returns 0x00800707 (0000ms, 11896ms total)
T30D8 1474:801 JLINK_ReadReg(R9)  returns 0x2000003C (0000ms, 11896ms total)
T30D8 1474:801 JLINK_ReadReg(R10)  returns 0x008011F0 (0000ms, 11896ms total)
T30D8 1474:801 JLINK_ReadReg(R11)  returns 0x00000001 (0000ms, 11896ms total)
T30D8 1474:801 JLINK_ReadReg(R12)  returns 0x00370028 (0000ms, 11896ms total)
T30D8 1474:801 JLINK_ReadReg(R13 (SP))  returns 0x200007B8 (0000ms, 11896ms total)
T30D8 1474:801 JLINK_ReadReg(R14)  returns 0x008007F7 (0000ms, 11896ms total)
T30D8 1474:801 JLINK_ReadReg(R15 (PC))  returns 0x0080010C (0001ms, 11897ms total)
T30D8 1474:802 JLINK_ReadReg(XPSR)  returns 0x61000000 (0000ms, 11897ms total)
T30D8 1474:802 JLINK_ReadReg(MSP)  returns 0x200007B8 (0000ms, 11897ms total)
T30D8 1474:802 JLINK_ReadReg(PSP)  returns 0x0E0FED80 (0000ms, 11897ms total)
T30D8 1474:802 JLINK_ReadReg(PRIMASK)  returns 0x00000000 (0000ms, 11897ms total)
T30D8 1474:802 JLINK_ReadReg(BASEPRI)  returns 0x00000000 (0000ms, 11897ms total)
T30D8 1474:802 JLINK_ReadReg(FAULTMASK)  returns 0x00000000 (0000ms, 11897ms total)
T30D8 1474:802 JLINK_ReadReg(CONTROL)  returns 0x00000000 (0000ms, 11897ms total)
T30D8 1474:803 JLINK_ReadMem (0x0080010C, 0x0002 Bytes, ...) -- Read from C cache (2 bytes @ 0x0080010C) - Data: 70 47  returns 0x00 (0000ms, 11897ms total)
T30D8 1474:833 JLINK_ReadMem (0x008007F6, 0x0004 Bytes, ...) -- CPU_ReadMem(64 bytes @ 0x008007C0) -- Updating C cache (64 bytes @ 0x008007C0) -- Read from C cache (4 bytes @ 0x008007F6) - Data: 05 28 E6 D1  returns 0x00 (0001ms, 11898ms total)
T30D8 1474:835 JLINK_ReadMem (0x008007F6, 0x0002 Bytes, ...) -- Read from C cache (2 bytes @ 0x008007F6) - Data: 05 28  returns 0x00 (0000ms, 11898ms total)
T30D8 1474:836 JLINK_ReadMem (0x008007F6, 0x0004 Bytes, ...) -- Read from C cache (4 bytes @ 0x008007F6) - Data: 05 28 E6 D1  returns 0x00 (0000ms, 11898ms total)
T30D8 1474:836 JLINK_ReadMem (0x008007F6, 0x0002 Bytes, ...) -- Read from C cache (2 bytes @ 0x008007F6) - Data: 05 28  returns 0x00 (0000ms, 11898ms total)
T2728 1474:886 JLINK_ReadMem (0x00800030, 0x00DC Bytes, ...) -- CPU_ReadMem(256 bytes @ 0x00800000) -- Updating C cache (256 bytes @ 0x00800000) -- Read from C cache (220 bytes @ 0x00800030) - Data: F5 00 80 00 00 00 00 00 F9 00 80 00 FB 00 80 00 ...  returns 0x00 (0002ms, 11900ms total)
T2728 1474:913 JLINK_ReadMem (0x0080010C, 0x0018 Bytes, ...) -- Read from C cache (24 bytes @ 0x0080010C) - Data: 70 47 2D E9 F0 41 F8 4B 4F F4 40 77 00 20 4F F4 ...  returns 0x00 (0000ms, 11900ms total)
T2728 1474:918 JLINK_ReadMem (0x0080011E, 0x0078 Bytes, ...) -- CPU_ReadMem(128 bytes @ 0x00800140) -- Updating C cache (128 bytes @ 0x00800140) -- Read from C cache (120 bytes @ 0x0080011E) - Data: C3 F8 00 7A C3 F8 00 7C 43 F6 98 22 0E E0 D3 F8 ...  returns 0x00 (0002ms, 11902ms total)
T2728 1474:940 JLINK_ReadMem (0x00800170, 0x0078 Bytes, ...) -- CPU_ReadMem(64 bytes @ 0x008001C0) -- Updating C cache (64 bytes @ 0x008001C0) -- Read from C cache (120 bytes @ 0x00800170) - Data: 03 F5 84 63 E1 48 18 60 18 68 E1 4A 40 EA 02 00 ...  returns 0x00 (0001ms, 11903ms total)
T2B38 1474:990 JLINK_IsHalted()  returns TRUE (0000ms, 11903ms total)
T2728 1475:015 JLINK_ReadMem (0x40000000, 0x0258 Bytes, ...) -- CPU_ReadMem(600 bytes @ 0x40000000) - Data: 00 00 00 00 00 00 00 00 00 00 00 00 00 00 00 00 ...  returns 0x00 (0004ms, 11907ms total)
T2728 1475:025 JLINK_ReadMem (0x40000000, 0x0258 Bytes, ...) -- CPU_ReadMem(600 bytes @ 0x40000000) - Data: 00 00 00 00 00 00 00 00 00 00 00 00 00 00 00 00 ...  returns 0x00 (0005ms, 11912ms total)
T2728 1475:140 JLINK_ReadMem (0x40000258, 0x0078 Bytes, ...) -- CPU_ReadMem(120 bytes @ 0x40000258) - Data: 00 00 00 00 00 00 00 00 00 00 00 00 00 00 00 00 ...  returns 0x00 (0002ms, 11914ms total)
T2728 1475:158 JLINK_ReadMem (0x400002D0, 0x00B4 Bytes, ...) -- CPU_ReadMem(180 bytes @ 0x400002D0) - Data: 00 00 00 00 00 00 00 00 00 00 00 00 00 00 00 00 ...  returns 0x00 (0002ms, 11916ms total)
T2B38 1475:195 JLINK_IsHalted()  returns TRUE (0000ms, 11916ms total)
T2B38 1475:397 JLINK_IsHalted()  returns TRUE (0000ms, 11916ms total)
T2B38 1475:599 JLINK_IsHalted()  returns TRUE (0000ms, 11916ms total)
T2B38 1475:799 JLINK_IsHalted()  returns TRUE (0000ms, 11916ms total)
T2B38 1475:999 JLINK_IsHalted()  returns TRUE (0000ms, 11916ms total)
T2B38 1476:201 JLINK_IsHalted()  returns TRUE (0000ms, 11916ms total)
T2B38 1476:401 JLINK_IsHalted()  returns TRUE (0001ms, 11917ms total)
T2B38 1476:605 JLINK_IsHalted()  returns TRUE (0001ms, 11917ms total)
T2B38 1476:807 JLINK_IsHalted()  returns TRUE (0000ms, 11916ms total)
T2B38 1477:007 JLINK_IsHalted()  returns TRUE (0001ms, 11917ms total)
T2B38 1477:209 JLINK_IsHalted()  returns TRUE (0000ms, 11916ms total)
T2B38 1477:409 JLINK_IsHalted()  returns TRUE (0000ms, 11916ms total)
T2B38 1477:610 JLINK_IsHalted()  returns TRUE (0000ms, 11916ms total)
T2B38 1477:810 JLINK_IsHalted()  returns TRUE (0000ms, 11916ms total)
T2B38 1478:011 JLINK_IsHalted()  returns TRUE (0000ms, 11916ms total)
T2B38 1478:213 JLINK_IsHalted()  returns TRUE (0000ms, 11916ms total)
T2B38 1478:415 JLINK_IsHalted()  returns TRUE (0000ms, 11916ms total)
T2B38 1478:616 JLINK_IsHalted()  returns TRUE (0000ms, 11916ms total)
T2B38 1478:819 JLINK_IsHalted()  returns TRUE (0000ms, 11916ms total)
T2B38 1479:022 JLINK_IsHalted()  returns TRUE (0000ms, 11916ms total)
T2B38 1479:229 JLINK_IsHalted()  returns TRUE (0000ms, 11916ms total)
T2B38 1479:436 JLINK_IsHalted()  returns TRUE (0000ms, 11916ms total)
T2B38 1479:638 JLINK_IsHalted()  returns TRUE (0000ms, 11916ms total)
T2B38 1479:842 JLINK_IsHalted()  returns TRUE (0000ms, 11916ms total)
T2B38 1480:051 JLINK_IsHalted()  returns TRUE (0001ms, 11917ms total)
T2B38 1480:252 JLINK_IsHalted()  returns TRUE (0000ms, 11916ms total)
T2B38 1480:453 JLINK_IsHalted()  returns TRUE (0000ms, 11916ms total)
T2B38 1480:654 JLINK_IsHalted()  returns TRUE (0000ms, 11916ms total)
T2B38 1480:855 JLINK_IsHalted()  returns TRUE (0000ms, 11916ms total)
T2B38 1481:059 JLINK_IsHalted()  returns TRUE (0000ms, 11916ms total)
T2B38 1481:264 JLINK_IsHalted()  returns TRUE (0000ms, 11916ms total)
T2B38 1481:466 JLINK_IsHalted()  returns TRUE (0000ms, 11916ms total)
T2B38 1481:670 JLINK_IsHalted()  returns TRUE (0000ms, 11916ms total)
T2B38 1481:871 JLINK_IsHalted()  returns TRUE (0001ms, 11917ms total)
T2B38 1482:074 JLINK_IsHalted()  returns TRUE (0000ms, 11916ms total)
T2B38 1482:274 JLINK_IsHalted()  returns TRUE (0000ms, 11916ms total)
T2B38 1482:481 JLINK_IsHalted()  returns TRUE (0000ms, 11916ms total)
T2B38 1482:681 JLINK_IsHalted()  returns TRUE (0000ms, 11916ms total)
T2B38 1482:882 JLINK_IsHalted()  returns TRUE (0000ms, 11916ms total)
T2B38 1483:087 JLINK_IsHalted()  returns TRUE (0001ms, 11917ms total)
T2B38 1483:288 JLINK_IsHalted()  returns TRUE (0000ms, 11916ms total)
T2B38 1483:492 JLINK_IsHalted()  returns TRUE (0000ms, 11916ms total)
T2B38 1483:699 JLINK_IsHalted()  returns TRUE (0000ms, 11916ms total)
T2B38 1483:904 JLINK_IsHalted()  returns TRUE (0000ms, 11916ms total)
T2B38 1484:114 JLINK_IsHalted()  returns TRUE (0000ms, 11916ms total)
T2B38 1484:315 JLINK_IsHalted()  returns TRUE (0000ms, 11916ms total)
T2B38 1484:520 JLINK_IsHalted()  returns TRUE (0000ms, 11916ms total)
T2B38 1484:720 JLINK_IsHalted()  returns TRUE (0000ms, 11916ms total)
T2B38 1484:921 JLINK_IsHalted()  returns TRUE (0001ms, 11917ms total)
T2B38 1485:122 JLINK_IsHalted()  returns TRUE (0000ms, 11916ms total)
T2B38 1485:324 JLINK_IsHalted()  returns TRUE (0000ms, 11916ms total)
T2B38 1485:527 JLINK_IsHalted()  returns TRUE (0000ms, 11916ms total)
T2B38 1485:730 JLINK_IsHalted()  returns TRUE (0000ms, 11916ms total)
T2B38 1485:930 JLINK_IsHalted()  returns TRUE (0000ms, 11916ms total)
T2B38 1486:137 JLINK_IsHalted()  returns TRUE (0000ms, 11916ms total)
T2B38 1486:338 JLINK_IsHalted()  returns TRUE (0000ms, 11916ms total)
T2B38 1486:538 JLINK_IsHalted()  returns TRUE (0000ms, 11916ms total)
T2B38 1486:740 JLINK_IsHalted()  returns TRUE (0000ms, 11916ms total)
T2B38 1486:942 JLINK_IsHalted()  returns TRUE (0000ms, 11916ms total)
T2B38 1487:144 JLINK_IsHalted()  returns TRUE (0000ms, 11916ms total)
T2B38 1487:346 JLINK_IsHalted()  returns TRUE (0001ms, 11917ms total)
T2B38 1487:547 JLINK_IsHalted()  returns TRUE (0000ms, 11916ms total)
T2B38 1487:753 JLINK_IsHalted()  returns TRUE (0000ms, 11916ms total)
T2B38 1487:956 JLINK_IsHalted()  returns TRUE (0001ms, 11917ms total)
T2B38 1488:158 JLINK_IsHalted()  returns TRUE (0000ms, 11916ms total)
T2B38 1488:361 JLINK_IsHalted()  returns TRUE (0000ms, 11916ms total)
T2B38 1488:561 JLINK_IsHalted()  returns TRUE (0001ms, 11917ms total)
T2B38 1488:762 JLINK_IsHalted()  returns TRUE (0000ms, 11916ms total)
T2B38 1488:966 JLINK_IsHalted()  returns TRUE (0000ms, 11916ms total)
T2B38 1489:166 JLINK_IsHalted()  returns TRUE (0000ms, 11916ms total)
T2B38 1489:366 JLINK_IsHalted()  returns TRUE (0000ms, 11916ms total)
T2B38 1489:568 JLINK_IsHalted()  returns TRUE (0000ms, 11916ms total)
T2B38 1489:769 JLINK_IsHalted()  returns TRUE (0000ms, 11916ms total)
T2B38 1489:970 JLINK_IsHalted()  returns TRUE (0000ms, 11916ms total)
T2B38 1490:171 JLINK_IsHalted()  returns TRUE (0000ms, 11916ms total)
T2B38 1490:371 JLINK_IsHalted()  returns TRUE (0000ms, 11916ms total)
T2B38 1490:573 JLINK_IsHalted()  returns TRUE (0000ms, 11916ms total)
T2B38 1490:773 JLINK_IsHalted()  returns TRUE (0000ms, 11916ms total)
T2B38 1490:974 JLINK_IsHalted()  returns TRUE (0000ms, 11916ms total)
T2B38 1491:174 JLINK_IsHalted()  returns TRUE (0000ms, 11916ms total)
T2B38 1491:374 JLINK_IsHalted()  returns TRUE (0000ms, 11916ms total)
T2B38 1491:580 JLINK_IsHalted()  returns TRUE (0000ms, 11916ms total)
T2B38 1491:781 JLINK_IsHalted()  returns TRUE (0000ms, 11916ms total)
T2B38 1491:981 JLINK_IsHalted()  returns TRUE (0000ms, 11916ms total)
T2B38 1492:182 JLINK_IsHalted()  returns TRUE (0001ms, 11917ms total)
T2B38 1492:383 JLINK_IsHalted()  returns TRUE (0000ms, 11916ms total)
T2B38 1492:584 JLINK_IsHalted()  returns TRUE (0000ms, 11916ms total)
T2B38 1492:784 JLINK_IsHalted()  returns TRUE (0000ms, 11916ms total)
T2B38 1492:985 JLINK_IsHalted()  returns TRUE (0000ms, 11916ms total)
T2B38 1493:185 JLINK_IsHalted()  returns TRUE (0000ms, 11916ms total)
T2B38 1493:388 JLINK_IsHalted()  returns TRUE (0000ms, 11916ms total)
T2B38 1493:588 JLINK_IsHalted()  returns TRUE (0000ms, 11916ms total)
T2B38 1493:789 JLINK_IsHalted()  returns TRUE (0000ms, 11916ms total)
T2B38 1493:990 JLINK_IsHalted()  returns TRUE (0000ms, 11916ms total)
T2B38 1494:190 JLINK_IsHalted()  returns TRUE (0000ms, 11916ms total)
T2B38 1494:391 JLINK_IsHalted()  returns TRUE (0000ms, 11916ms total)
T2B38 1494:593 JLINK_IsHalted()  returns TRUE (0000ms, 11916ms total)
T2B38 1494:794 JLINK_IsHalted()  returns TRUE (0000ms, 11916ms total)
T2B38 1494:994 JLINK_IsHalted()  returns TRUE (0000ms, 11916ms total)
T2B38 1495:196 JLINK_IsHalted()  returns TRUE (0000ms, 11916ms total)
T2B38 1495:400 JLINK_IsHalted()  returns TRUE (0000ms, 11916ms total)
T2B38 1495:603 JLINK_IsHalted()  returns TRUE (0000ms, 11916ms total)
T2B38 1495:804 JLINK_IsHalted()  returns TRUE (0000ms, 11916ms total)
T2B38 1496:005 JLINK_IsHalted()  returns TRUE (0000ms, 11916ms total)
T2B38 1496:206 JLINK_IsHalted()  returns TRUE (0000ms, 11916ms total)
T2B38 1496:409 JLINK_IsHalted()  returns TRUE (0000ms, 11916ms total)
T2B38 1496:609 JLINK_IsHalted()  returns TRUE (0000ms, 11916ms total)
T2B38 1496:810 JLINK_IsHalted()  returns TRUE (0000ms, 11916ms total)
T2B38 1497:011 JLINK_IsHalted()  returns TRUE (0000ms, 11916ms total)
T2B38 1497:211 JLINK_IsHalted()  returns TRUE (0000ms, 11916ms total)
T2B38 1497:411 JLINK_IsHalted()  returns TRUE (0000ms, 11916ms total)
T2B38 1497:616 JLINK_IsHalted()  returns TRUE (0000ms, 11916ms total)
T2B38 1497:819 JLINK_IsHalted()  returns TRUE (0000ms, 11916ms total)
T2B38 1498:020 JLINK_IsHalted()  returns TRUE (0000ms, 11916ms total)
T2B38 1498:221 JLINK_IsHalted()  returns TRUE (0000ms, 11916ms total)
T2B38 1498:422 JLINK_IsHalted()  returns TRUE (0000ms, 11916ms total)
T2B38 1498:622 JLINK_IsHalted()  returns TRUE (0000ms, 11916ms total)
T2B38 1498:823 JLINK_IsHalted()  returns TRUE (0001ms, 11917ms total)
T2B38 1499:024 JLINK_IsHalted()  returns TRUE (0000ms, 11916ms total)
T2B38 1499:225 JLINK_IsHalted()  returns TRUE (0000ms, 11916ms total)
T2B38 1499:425 JLINK_IsHalted()  returns TRUE (0004ms, 11920ms total)
T2B38 1499:632 JLINK_IsHalted()  returns TRUE (0000ms, 11916ms total)
T2B38 1499:848 JLINK_IsHalted()  returns TRUE (0000ms, 11916ms total)
T2B38 1500:048 JLINK_IsHalted()  returns TRUE (0000ms, 11916ms total)
T2B38 1500:252 JLINK_IsHalted()  returns TRUE (0000ms, 11916ms total)
T2B38 1500:457 JLINK_IsHalted()  returns TRUE (0000ms, 11916ms total)
T2B38 1500:661 JLINK_IsHalted()  returns TRUE (0000ms, 11916ms total)
T2B38 1500:862 JLINK_IsHalted()  returns TRUE (0000ms, 11916ms total)
T2B38 1501:063 JLINK_IsHalted()  returns TRUE (0000ms, 11916ms total)
T2B38 1501:265 JLINK_IsHalted()  returns TRUE (0000ms, 11916ms total)
T2B38 1501:467 JLINK_IsHalted()  returns TRUE (0000ms, 11916ms total)
T2B38 1501:673 JLINK_IsHalted()  returns TRUE (0000ms, 11916ms total)
T2B38 1501:873 JLINK_IsHalted()  returns TRUE (0000ms, 11916ms total)
T2B38 1502:077 JLINK_IsHalted()  returns TRUE (0000ms, 11916ms total)
T2B38 1502:278 JLINK_IsHalted()  returns TRUE (0000ms, 11916ms total)
T2B38 1502:478 JLINK_IsHalted()  returns TRUE (0001ms, 11917ms total)
T2B38 1502:681 JLINK_IsHalted()  returns TRUE (0000ms, 11916ms total)
T2B38 1502:881 JLINK_IsHalted()  returns TRUE (0000ms, 11916ms total)
T2B38 1503:084 JLINK_IsHalted()  returns TRUE (0000ms, 11916ms total)
T2B38 1503:284 JLINK_IsHalted()  returns TRUE (0000ms, 11916ms total)
T2B38 1503:487 JLINK_IsHalted()  returns TRUE (0000ms, 11916ms total)
T2B38 1503:688 JLINK_IsHalted()  returns TRUE (0001ms, 11917ms total)
T2B38 1503:896 JLINK_IsHalted()  returns TRUE (0000ms, 11916ms total)
T2B38 1504:098 JLINK_IsHalted()  returns TRUE (0000ms, 11916ms total)
T2B38 1504:305 JLINK_IsHalted()  returns TRUE (0001ms, 11917ms total)
T2B38 1504:512 JLINK_IsHalted()  returns TRUE (0000ms, 11916ms total)
T2B38 1504:712 JLINK_IsHalted()  returns TRUE (0000ms, 11916ms total)
T2B38 1504:912 JLINK_IsHalted()  returns TRUE (0000ms, 11916ms total)
T2B38 1505:114 JLINK_IsHalted()  returns TRUE (0000ms, 11916ms total)
T2B38 1505:318 JLINK_IsHalted()  returns TRUE (0000ms, 11916ms total)
T2B38 1505:525 JLINK_IsHalted()  returns TRUE (0001ms, 11917ms total)
T2B38 1505:729 JLINK_IsHalted()  returns TRUE (0000ms, 11916ms total)
T2B38 1505:931 JLINK_IsHalted()  returns TRUE (0000ms, 11916ms total)
T2B38 1506:133 JLINK_IsHalted()  returns TRUE (0001ms, 11917ms total)
T2B38 1506:337 JLINK_IsHalted()  returns TRUE (0000ms, 11916ms total)
T2B38 1506:540 JLINK_IsHalted()  returns TRUE (0000ms, 11916ms total)
T2B38 1506:743 JLINK_IsHalted()  returns TRUE (0000ms, 11916ms total)
T2B38 1506:946 JLINK_IsHalted()  returns TRUE (0000ms, 11916ms total)
T2B38 1507:149 JLINK_IsHalted()  returns TRUE (0000ms, 11916ms total)
T2B38 1507:353 JLINK_IsHalted()  returns TRUE (0000ms, 11916ms total)
T2B38 1507:556 JLINK_IsHalted()  returns TRUE (0000ms, 11916ms total)
T2B38 1507:759 JLINK_IsHalted()  returns TRUE (0000ms, 11916ms total)
T2B38 1507:963 JLINK_IsHalted()  returns TRUE (0001ms, 11917ms total)
T2B38 1508:164 JLINK_IsHalted()  returns TRUE (0000ms, 11916ms total)
T2B38 1508:366 JLINK_IsHalted()  returns TRUE (0000ms, 11916ms total)
T2B38 1508:566 JLINK_IsHalted()  returns TRUE (0000ms, 11916ms total)
T2B38 1508:768 JLINK_IsHalted()  returns TRUE (0000ms, 11916ms total)
T2B38 1508:969 JLINK_IsHalted()  returns TRUE (0000ms, 11916ms total)
T2B38 1509:171 JLINK_IsHalted()  returns TRUE (0000ms, 11916ms total)
T2B38 1509:372 JLINK_IsHalted()  returns TRUE (0000ms, 11916ms total)
T2B38 1509:573 JLINK_IsHalted()  returns TRUE (0000ms, 11916ms total)
T2B38 1509:774 JLINK_IsHalted()  returns TRUE (0000ms, 11916ms total)
T2B38 1509:974 JLINK_IsHalted()  returns TRUE (0000ms, 11916ms total)
T2B38 1510:174 JLINK_IsHalted()  returns TRUE (0000ms, 11916ms total)
T2B38 1510:376 JLINK_IsHalted()  returns TRUE (0000ms, 11916ms total)
T2B38 1510:577 JLINK_IsHalted()  returns TRUE (0000ms, 11916ms total)
T2B38 1510:777 JLINK_IsHalted()  returns TRUE (0000ms, 11916ms total)
T2B38 1510:978 JLINK_IsHalted()  returns TRUE (0001ms, 11917ms total)
T2B38 1511:179 JLINK_IsHalted()  returns TRUE (0000ms, 11916ms total)
T2B38 1511:380 JLINK_IsHalted()  returns TRUE (0000ms, 11916ms total)
T2B38 1511:582 JLINK_IsHalted()  returns TRUE (0001ms, 11917ms total)
T2B38 1511:783 JLINK_IsHalted()  returns TRUE (0000ms, 11916ms total)
T2B38 1511:984 JLINK_IsHalted()  returns TRUE (0000ms, 11916ms total)
T2B38 1512:185 JLINK_IsHalted()  returns TRUE (0000ms, 11916ms total)
T2B38 1512:385 JLINK_IsHalted()  returns TRUE (0000ms, 11916ms total)
T2B38 1512:586 JLINK_IsHalted()  returns TRUE (0000ms, 11916ms total)
T2B38 1512:792 JLINK_IsHalted()  returns TRUE (0001ms, 11917ms total)
T2B38 1512:993 JLINK_IsHalted()  returns TRUE (0000ms, 11916ms total)
T2B38 1513:194 JLINK_IsHalted()  returns TRUE (0000ms, 11916ms total)
T2B38 1513:395 JLINK_IsHalted()  returns TRUE (0001ms, 11917ms total)
T2B38 1513:596 JLINK_IsHalted()  returns TRUE (0000ms, 11916ms total)
T2B38 1513:797 JLINK_IsHalted()  returns TRUE (0000ms, 11916ms total)
T2B38 1513:999 JLINK_IsHalted()  returns TRUE (0001ms, 11917ms total)
T2B38 1514:200 JLINK_IsHalted()  returns TRUE (0000ms, 11916ms total)
T2B38 1514:400 JLINK_IsHalted()  returns TRUE (0000ms, 11916ms total)
T2B38 1514:602 JLINK_IsHalted()  returns TRUE (0000ms, 11916ms total)
T2B38 1514:803 JLINK_IsHalted()  returns TRUE (0000ms, 11916ms total)
T2B38 1515:004 JLINK_IsHalted()  returns TRUE (0000ms, 11916ms total)
T2B38 1515:204 JLINK_IsHalted()  returns TRUE (0000ms, 11916ms total)
T2B38 1515:405 JLINK_IsHalted()  returns TRUE (0000ms, 11916ms total)
T2B38 1515:607 JLINK_IsHalted()  returns TRUE (0000ms, 11916ms total)
T2B38 1515:808 JLINK_IsHalted()  returns TRUE (0000ms, 11916ms total)
T2B38 1516:009 JLINK_IsHalted()  returns TRUE (0000ms, 11916ms total)
T2B38 1516:209 JLINK_IsHalted()  returns TRUE (0000ms, 11916ms total)
T2B38 1516:410 JLINK_IsHalted()  returns TRUE (0000ms, 11916ms total)
T2B38 1516:612 JLINK_IsHalted()  returns TRUE (0000ms, 11916ms total)
T2B38 1516:813 JLINK_IsHalted()  returns TRUE (0000ms, 11916ms total)
T2B38 1517:015 JLINK_IsHalted()  returns TRUE (0001ms, 11917ms total)
T2B38 1517:217 JLINK_IsHalted()  returns TRUE (0000ms, 11916ms total)
T2B38 1517:426 JLINK_IsHalted()  returns TRUE (0000ms, 11916ms total)
T2B38 1517:631 JLINK_IsHalted()  returns TRUE (0000ms, 11916ms total)
T2B38 1517:833 JLINK_IsHalted()  returns TRUE (0000ms, 11916ms total)
T2B38 1518:034 JLINK_IsHalted()  returns TRUE (0000ms, 11916ms total)
T2B38 1518:235 JLINK_IsHalted()  returns TRUE (0000ms, 11916ms total)
T2B38 1518:440 JLINK_IsHalted()  returns TRUE (0000ms, 11916ms total)
T2B38 1518:645 JLINK_IsHalted()  returns TRUE (0000ms, 11916ms total)
T2B38 1518:852 JLINK_IsHalted()  returns TRUE (0000ms, 11916ms total)
T2B38 1519:062 JLINK_IsHalted()  returns TRUE (0000ms, 11916ms total)
T2B38 1519:265 JLINK_IsHalted()  returns TRUE (0000ms, 11916ms total)
T2B38 1519:467 JLINK_IsHalted()  returns TRUE (0000ms, 11916ms total)
T2B38 1519:668 JLINK_IsHalted()  returns TRUE (0000ms, 11916ms total)
T2B38 1519:870 JLINK_IsHalted()  returns TRUE (0000ms, 11916ms total)
T2B38 1520:076 JLINK_IsHalted()  returns TRUE (0000ms, 11916ms total)
T2B38 1520:285 JLINK_IsHalted()  returns TRUE (0000ms, 11916ms total)
T2B38 1520:490 JLINK_IsHalted()  returns TRUE (0000ms, 11916ms total)
T2B38 1520:695 JLINK_IsHalted()  returns TRUE (0000ms, 11916ms total)
T2B38 1520:898 JLINK_IsHalted()  returns TRUE (0000ms, 11916ms total)
T2B38 1521:101 JLINK_IsHalted()  returns TRUE (0001ms, 11917ms total)
T2B38 1521:305 JLINK_IsHalted()  returns TRUE (0000ms, 11916ms total)
T2B38 1521:509 JLINK_IsHalted()  returns TRUE (0000ms, 11916ms total)
T2B38 1521:713 JLINK_IsHalted()  returns TRUE (0000ms, 11916ms total)
T2B38 1521:919 JLINK_IsHalted()  returns TRUE (0000ms, 11916ms total)
T2B38 1522:119 JLINK_IsHalted()  returns TRUE (0000ms, 11916ms total)
T2B38 1522:325 JLINK_IsHalted()  returns TRUE (0000ms, 11916ms total)
T2B38 1522:532 JLINK_IsHalted()  returns TRUE (0001ms, 11917ms total)
T2B38 1522:734 JLINK_IsHalted()  returns TRUE (0000ms, 11916ms total)
T2B38 1522:936 JLINK_IsHalted()  returns TRUE (0000ms, 11916ms total)
T2B38 1523:136 JLINK_IsHalted()  returns TRUE (0000ms, 11916ms total)
T2B38 1523:336 JLINK_IsHalted()  returns TRUE (0000ms, 11916ms total)
T2B38 1523:540 JLINK_IsHalted()  returns TRUE (0000ms, 11916ms total)
T2B38 1523:742 JLINK_IsHalted()  returns TRUE (0000ms, 11916ms total)
T2B38 1523:946 JLINK_IsHalted()  returns TRUE (0000ms, 11916ms total)
T2B38 1524:147 JLINK_IsHalted()  returns TRUE (0000ms, 11916ms total)
T2B38 1524:347 JLINK_IsHalted()  returns TRUE (0001ms, 11917ms total)
T2B38 1524:548 JLINK_IsHalted()  returns TRUE (0000ms, 11916ms total)
T2B38 1524:749 JLINK_IsHalted()  returns TRUE (0000ms, 11916ms total)
T2B38 1524:949 JLINK_IsHalted()  returns TRUE (0001ms, 11917ms total)
T2B38 1525:150 JLINK_IsHalted()  returns TRUE (0000ms, 11916ms total)
T2B38 1525:351 JLINK_IsHalted()  returns TRUE (0000ms, 11916ms total)
T2B38 1525:552 JLINK_IsHalted()  returns TRUE (0000ms, 11916ms total)
T2B38 1525:752 JLINK_IsHalted()  returns TRUE (0000ms, 11916ms total)
T2B38 1525:953 JLINK_IsHalted()  returns TRUE (0000ms, 11916ms total)
T2B38 1526:153 JLINK_IsHalted()  returns TRUE (0000ms, 11916ms total)
T2B38 1526:353 JLINK_IsHalted()  returns TRUE (0000ms, 11916ms total)
T2B38 1526:554 JLINK_IsHalted()  returns TRUE (0000ms, 11916ms total)
T2B38 1526:757 JLINK_IsHalted()  returns TRUE (0000ms, 11916ms total)
T2B38 1526:959 JLINK_IsHalted()  returns TRUE (0000ms, 11916ms total)
T2B38 1527:159 JLINK_IsHalted()  returns TRUE (0000ms, 11916ms total)
T2B38 1527:361 JLINK_IsHalted()  returns TRUE (0000ms, 11916ms total)
T2B38 1527:575 JLINK_IsHalted()  returns TRUE (0000ms, 11916ms total)
T2B38 1527:783 JLINK_IsHalted()  returns TRUE (0000ms, 11916ms total)
T2B38 1527:991 JLINK_IsHalted()  returns TRUE (0009ms, 11925ms total)
T2B38 1528:204 JLINK_IsHalted()  returns TRUE (0000ms, 11916ms total)
T2B38 1528:413 JLINK_IsHalted()  returns TRUE (0000ms, 11916ms total)
T2B38 1528:619 JLINK_IsHalted()  returns TRUE (0001ms, 11917ms total)
T2B38 1528:821 JLINK_IsHalted()  returns TRUE (0000ms, 11916ms total)
T2B38 1529:021 JLINK_IsHalted()  returns TRUE (0000ms, 11916ms total)
T2B38 1529:221 JLINK_IsHalted()  returns TRUE (0000ms, 11916ms total)
T2B38 1529:425 JLINK_IsHalted()  returns TRUE (0000ms, 11916ms total)
T2B38 1529:629 JLINK_IsHalted()  returns TRUE (0000ms, 11916ms total)
T2B38 1529:832 JLINK_IsHalted()  returns TRUE (0001ms, 11917ms total)
T2B38 1530:038 JLINK_IsHalted()  returns TRUE (0000ms, 11916ms total)
T2B38 1530:238 JLINK_IsHalted()  returns TRUE (0000ms, 11916ms total)
T2B38 1530:439 JLINK_IsHalted()  returns TRUE (0001ms, 11917ms total)
T2B38 1530:645 JLINK_IsHalted()  returns TRUE (0000ms, 11916ms total)
T2B38 1530:852 JLINK_IsHalted()  returns TRUE (0000ms, 11916ms total)
T2B38 1531:054 JLINK_IsHalted()  returns TRUE (0000ms, 11916ms total)
T2B38 1531:255 JLINK_IsHalted()  returns TRUE (0000ms, 11916ms total)
T2B38 1531:461 JLINK_IsHalted()  returns TRUE (0000ms, 11916ms total)
T2B38 1531:664 JLINK_IsHalted()  returns TRUE (0000ms, 11916ms total)
T2B38 1531:868 JLINK_IsHalted()  returns TRUE (0000ms, 11916ms total)
T2B38 1532:070 JLINK_IsHalted()  returns TRUE (0000ms, 11916ms total)
T2B38 1532:271 JLINK_IsHalted()  returns TRUE (0001ms, 11917ms total)
T2B38 1532:474 JLINK_IsHalted()  returns TRUE (0000ms, 11916ms total)
T2B38 1532:675 JLINK_IsHalted()  returns TRUE (0000ms, 11916ms total)
T2B38 1532:879 JLINK_IsHalted()  returns TRUE (0000ms, 11916ms total)
T2B38 1533:080 JLINK_IsHalted()  returns TRUE (0000ms, 11916ms total)
T2B38 1533:286 JLINK_IsHalted()  returns TRUE (0000ms, 11916ms total)
T2B38 1533:490 JLINK_IsHalted()  returns TRUE (0000ms, 11916ms total)
T2B38 1533:693 JLINK_IsHalted()  returns TRUE (0000ms, 11916ms total)
T2B38 1533:894 JLINK_IsHalted()  returns TRUE (0001ms, 11917ms total)
T2B38 1534:105 JLINK_IsHalted()  returns TRUE (0000ms, 11916ms total)
T2B38 1534:306 JLINK_IsHalted()  returns TRUE (0000ms, 11916ms total)
T2B38 1534:507 JLINK_IsHalted()  returns TRUE (0000ms, 11916ms total)
T2B38 1534:711 JLINK_IsHalted()  returns TRUE (0000ms, 11916ms total)
T2B38 1534:919 JLINK_IsHalted()  returns TRUE (0000ms, 11916ms total)
T2B38 1535:123 JLINK_IsHalted()  returns TRUE (0000ms, 11916ms total)
T2B38 1535:324 JLINK_IsHalted()  returns TRUE (0000ms, 11916ms total)
T2B38 1535:527 JLINK_IsHalted()  returns TRUE (0000ms, 11916ms total)
T2B38 1535:727 JLINK_IsHalted()  returns TRUE (0000ms, 11916ms total)
T2B38 1535:929 JLINK_IsHalted()  returns TRUE (0000ms, 11916ms total)
T2B38 1536:131 JLINK_IsHalted()  returns TRUE (0000ms, 11916ms total)
T2B38 1536:334 JLINK_IsHalted()  returns TRUE (0000ms, 11916ms total)
T2B38 1536:535 JLINK_IsHalted()  returns TRUE (0000ms, 11916ms total)
T2B38 1536:736 JLINK_IsHalted()  returns TRUE (0000ms, 11916ms total)
T2B38 1536:936 JLINK_IsHalted()  returns TRUE (0000ms, 11916ms total)
T2B38 1537:137 JLINK_IsHalted()  returns TRUE (0000ms, 11916ms total)
T2B38 1537:342 JLINK_IsHalted()  returns TRUE (0000ms, 11916ms total)
T2B38 1537:546 JLINK_IsHalted()  returns TRUE (0000ms, 11916ms total)
T2B38 1537:746 JLINK_IsHalted()  returns TRUE (0001ms, 11917ms total)
T2B38 1537:958 JLINK_IsHalted()  returns TRUE (0000ms, 11916ms total)
T2B38 1538:158 JLINK_IsHalted()  returns TRUE (0000ms, 11916ms total)
T2B38 1538:359 JLINK_IsHalted()  returns TRUE (0000ms, 11916ms total)
T2B38 1538:559 JLINK_IsHalted()  returns TRUE (0000ms, 11916ms total)
T2B38 1538:760 JLINK_IsHalted()  returns TRUE (0000ms, 11916ms total)
T2B38 1538:962 JLINK_IsHalted()  returns TRUE (0000ms, 11916ms total)
T2B38 1539:165 JLINK_IsHalted()  returns TRUE (0000ms, 11916ms total)
T2B38 1539:366 JLINK_IsHalted()  returns TRUE (0000ms, 11916ms total)
T2B38 1539:571 JLINK_IsHalted()  returns TRUE (0000ms, 11916ms total)
T2B38 1539:773 JLINK_IsHalted()  returns TRUE (0000ms, 11916ms total)
T2B38 1539:974 JLINK_IsHalted()  returns TRUE (0000ms, 11916ms total)
T2B38 1540:175 JLINK_IsHalted()  returns TRUE (0001ms, 11917ms total)
T2B38 1540:376 JLINK_IsHalted()  returns TRUE (0000ms, 11916ms total)
T2B38 1540:581 JLINK_IsHalted()  returns TRUE (0004ms, 11920ms total)
T2B38 1540:792 JLINK_IsHalted()  returns TRUE (0001ms, 11917ms total)
T2B38 1540:997 JLINK_IsHalted()  returns TRUE (0001ms, 11917ms total)
T2B38 1541:204 JLINK_IsHalted()  returns TRUE (0000ms, 11916ms total)
T2B38 1541:407 JLINK_IsHalted()  returns TRUE (0000ms, 11916ms total)
T2B38 1541:609 JLINK_IsHalted()  returns TRUE (0000ms, 11916ms total)
T2B38 1541:809 JLINK_IsHalted()  returns TRUE (0000ms, 11916ms total)
T2B38 1542:010 JLINK_IsHalted()  returns TRUE (0000ms, 11916ms total)
T2B38 1542:212 JLINK_IsHalted()  returns TRUE (0000ms, 11916ms total)
T2B38 1542:416 JLINK_IsHalted()  returns TRUE (0000ms, 11916ms total)
T2B38 1542:620 JLINK_IsHalted()  returns TRUE (0001ms, 11917ms total)
T2728 1542:667 JLINK_WriteU32(0xE000EDFC, 0x01000000) -- CPU_WriteMem(4 bytes @ 0xE000EDFC)  returns 0 (0000ms, 11916ms total)
T2728 1542:667 JLINK_ReadMem (0xE0001000, 0x0004 Bytes, ...) -- CPU_ReadMem(4 bytes @ 0xE0001000) - Data: 01 00 00 40  returns 0x00 (0001ms, 11917ms total)
T2728 1542:668 JLINK_WriteU32(0xE0001000, 0x40000001)  returns 0 (0000ms, 11917ms total)
T2728 1542:668 JLINK_WriteU32(0xE0001028, 0x00000100)  returns 0 (0000ms, 11917ms total)
T2728 1542:668 JLINK_ReadMem (0xE0001028, 0x0004 Bytes, ...) -- CPU_WriteMem(4 bytes @ 0xE0001028) -- CPU_ReadMem(4 bytes @ 0xE0001028) - Data: 00 00 00 00  returns 0x00 (0001ms, 11918ms total)
T2728 1542:669 JLINK_WriteU32(0xE0001024, 0x0000001F)  returns 0 (0000ms, 11918ms total)
T2728 1542:669 JLINK_ReadMem (0xE0001024, 0x0004 Bytes, ...) -- CPU_WriteMem(4 bytes @ 0xE0001024) -- CPU_ReadMem(4 bytes @ 0xE0001024) - Data: 0F 00 00 00  returns 0x00 (0001ms, 11919ms total)
T2728 1542:670 JLINK_WriteU32(0xE0001038, 0x00000100)  returns 0 (0000ms, 11919ms total)
T2728 1542:670 JLINK_ReadMem (0xE0001038, 0x0004 Bytes, ...) -- CPU_WriteMem(4 bytes @ 0xE0001038) -- CPU_ReadMem(4 bytes @ 0xE0001038) - Data: 00 03 00 00  returns 0x00 (0001ms, 11920ms total)
T2728 1542:671 JLINK_WriteU32(0xE0001034, 0x0000001F)  returns 0 (0000ms, 11920ms total)
T2728 1542:671 JLINK_ReadMem (0xE0001034, 0x0004 Bytes, ...) -- CPU_WriteMem(4 bytes @ 0xE0001034) -- CPU_ReadMem(4 bytes @ 0xE0001034) - Data: 0F 00 00 00  returns 0x00 (0001ms, 11921ms total)
T2728 1542:672 JLINK_WriteU32(0xE0001048, 0x00000100)  returns 0 (0000ms, 11921ms total)
T2728 1542:672 JLINK_ReadMem (0xE0001048, 0x0004 Bytes, ...) -- CPU_WriteMem(4 bytes @ 0xE0001048) -- CPU_ReadMem(4 bytes @ 0xE0001048) - Data: 00 00 00 00  returns 0x00 (0001ms, 11922ms total)
T2728 1542:673 JLINK_WriteU32(0xE0001044, 0x0000001F)  returns 0 (0000ms, 11922ms total)
T2728 1542:674 JLINK_ReadMem (0xE0001044, 0x0004 Bytes, ...) -- CPU_WriteMem(4 bytes @ 0xE0001044) -- CPU_ReadMem(4 bytes @ 0xE0001044) - Data: 0F 00 00 00  returns 0x00 (0000ms, 11922ms total)
T2728 1542:676 JLINK_WriteU32(0xE0001058, 0x00000100)  returns 0 (0000ms, 11922ms total)
T2728 1542:676 JLINK_ReadMem (0xE0001058, 0x0004 Bytes, ...) -- CPU_WriteMem(4 bytes @ 0xE0001058) -- CPU_ReadMem(4 bytes @ 0xE0001058) - Data: 00 00 00 00  returns 0x00 (0001ms, 11923ms total)
T2728 1542:677 JLINK_WriteU32(0xE0001054, 0x0000001F)  returns 0 (0000ms, 11923ms total)
T2728 1542:677 JLINK_ReadMem (0xE0001054, 0x0004 Bytes, ...) -- CPU_WriteMem(4 bytes @ 0xE0001054) -- CPU_ReadMem(4 bytes @ 0xE0001054) - Data: 0F 00 00 00  returns 0x00 (0001ms, 11924ms total)
T2728 1542:678 JLINK_WriteU32(0xE0001020, 0x00000000)  returns 0 (0000ms, 11924ms total)
T2728 1542:678 JLINK_WriteU32(0xE0001024, 0x00000000)  returns 0 (0000ms, 11924ms total)
T2728 1542:678 JLINK_WriteU32(0xE0001028, 0x00000000)  returns 0 (0000ms, 11924ms total)
T2728 1542:678 JLINK_WriteU32(0xE0001030, 0x00000000)  returns 0 (0000ms, 11924ms total)
T2728 1542:678 JLINK_WriteU32(0xE0001034, 0x00000000)  returns 0 (0000ms, 11924ms total)
T2728 1542:678 JLINK_WriteU32(0xE0001038, 0x00000000)  returns 0 (0000ms, 11924ms total)
T2728 1542:679 JLINK_WriteU32(0xE0001040, 0x00000000)  returns 0 (0000ms, 11924ms total)
T2728 1542:679 JLINK_WriteU32(0xE0001044, 0x00000000)  returns 0 (0000ms, 11924ms total)
T2728 1542:679 JLINK_WriteU32(0xE0001048, 0x00000000)  returns 0 (0000ms, 11924ms total)
T2728 1542:679 JLINK_WriteU32(0xE0001050, 0x00000000)  returns 0 (0000ms, 11924ms total)
T2728 1542:679 JLINK_WriteU32(0xE0001054, 0x00000000)  returns 0 (0000ms, 11924ms total)
T2728 1542:679 JLINK_WriteU32(0xE0001058, 0x00000000)  returns 0 (0000ms, 11924ms total)
T2728 1542:679 JLINK_GetBPInfo(BPHandle = 1)  returns 0x00 (0000ms, 11924ms total)
T2728 1542:679 JLINK_ClrBPEx(BPHandle = 0x00000001)  returns 0x00 (0000ms, 11924ms total)
T2728 1542:679 JLINK_GetBPInfo(BPHandle = 2)  returns 0x00 (0000ms, 11924ms total)
T2728 1542:679 JLINK_ClrBPEx(BPHandle = 0x00000002)  returns 0x00 (0000ms, 11924ms total)
T2728 1542:680 JLINK_GetBPInfo(BPHandle = 3)  returns 0x00 (0000ms, 11924ms total)
T2728 1542:680 JLINK_ClrBPEx(BPHandle = 0x00000003)  returns 0x00 (0000ms, 11924ms total)
T2728 1542:680 JLINK_GetBPInfo(BPHandle = 4)  returns 0x00 (0000ms, 11924ms total)
T2728 1542:680 JLINK_ClrBPEx(BPHandle = 0x00000004)  returns 0x00 (0000ms, 11924ms total)
T2B38 1542:821 JLINK_IsHalted()  returns TRUE (0000ms, 11924ms total)
T2728 1542:822 JLINK_ResetPullsRESET(ON) (0000ms, 11924ms total)
T2728 1542:822 JLINK_ResetNoHalt() >0x10B TIF>Found SW-DP with ID 0x2BA01477 >0x0D TIF> >0x28 TIF> >0x0D TIF> >0x28 TIF> >0x0D TIF> >0x28 TIF> >0x0D TIF> >0x28 TIF> >0x0D TIF> >0x21 TIF> >0x0D TIF> >0x28 TIF>AP map detection skipped. Manually configured AP map found.AP[0]: AHB-AP (IDR: Not set) >0x42 TIF> >0x28 TIF> >0x0D TIF> >0x28 TIF> >0x0D TIF> >0x21 TIF> >0x0D TIF> >0x21 TIF> >0x42 TIF> >0x28 TIF> >0x0D TIF> >0x28 TIF> >0x0D TIF> >0x28 TIF> >0x0D TIF> >0x21 TIF> >0x0D TIF> >0x21 TIF>
AP[0]: Core foundAP[0]: AHB-AP ROM base: 0xE00FF000 >0x0D TIF> >0x28 TIF> >0x0D TIF> >0x28 TIF> >0x0D TIF> >0x28 TIF> >0x0D TIF> >0x21 TIF> >0x0D TIF> >0x21 TIF>CPUID register: 0x410FC241. Implementer code: 0x41 (ARM)Found Cortex-M4 r0p1, Little endian. -- Max. mem block: 0x00002C20 -- CPU_ReadMem(4 bytes @ 0xE000EDF0) -- CPU_ReadMem(4 bytes @ 0xE0002000)FPUnit: 6 code (BP) slots and 2 literal slots -- CPU_WriteMem(4 bytes @ 0xE0001000) -- CPU_ReadMem(4 bytes @ 0xE0001000)
 -- CPU_ReadMem(4 bytes @ 0xE000ED88) -- CPU_WriteMem(4 bytes @ 0xE000ED88) -- CPU_ReadMem(4 bytes @ 0xE000ED88) -- CPU_WriteMem(4 bytes @ 0xE000ED88)CoreSight components:ROMTbl[0] @ E00FF000 -- CPU_ReadMem(16 bytes @ 0xE00FF000) -- CPU_ReadMem(16 bytes @ 0xE000EFF0) -- CPU_ReadMem(16 bytes @ 0xE000EFE0)ROMTbl[0][0]: E000E000, CID: B105E00D, PID: 000BB000 SCS -- CPU_WriteMem(4 bytes @ 0xE0001000) -- CPU_WriteMem(4 bytes @ 0xE0001020) -- CPU_WriteMem(4 bytes @ 0xE0001030)
 -- CPU_WriteMem(4 bytes @ 0xE0001040) -- CPU_WriteMem(4 bytes @ 0xE0001050) -- CPU_WriteMem(4 bytes @ 0xE0001024) -- CPU_WriteMem(4 bytes @ 0xE0001034) -- CPU_WriteMem(4 bytes @ 0xE0001044) -- CPU_WriteMem(4 bytes @ 0xE0001054) -- CPU_WriteMem(4 bytes @ 0xE0001028) -- CPU_WriteMem(4 bytes @ 0xE0001038) -- CPU_WriteMem(4 bytes @ 0xE0001048) -- CPU_WriteMem(4 bytes @ 0xE0001058) -- CPU_ReadMem(16 bytes @ 0xE0001FF0) -- CPU_ReadMem(16 bytes @ 0xE0001FE0)
ROMTbl[0][1]: E0001000, CID: B105E00D, PID: 003BB002 DWT -- CPU_ReadMem(16 bytes @ 0xE0002FF0) -- CPU_ReadMem(16 bytes @ 0xE0002FE0)ROMTbl[0][2]: E0002000, CID: B105E00D, PID: 002BB003 FPB -- CPU_ReadMem(16 bytes @ 0xE0000FF0) -- CPU_ReadMem(16 bytes @ 0xE0000FE0)ROMTbl[0][3]: E0000000, CID: B105E00D, PID: 003BB001 ITM -- CPU_ReadMem(16 bytes @ 0xE00FF010) -- CPU_ReadMem(16 bytes @ 0xE0040FF0) -- CPU_ReadMem(16 bytes @ 0xE0040FE0)ROMTbl[0][4]: E0040000, CID: B105900D, PID: 000BB9A1 TPIU
                JLINK_Reset() -- CPU_ReadMem(16 bytes @ 0x20000000) -- CPU_WriteMem(16 bytes @ 0x20000000) -- CPU_ReadMem(4 bytes @ 0xE000EDFC) -- CPU_WriteMem(4 bytes @ 0xE000EDFC) -- CPU_ReadMem(4 bytes @ 0xE0001000) -- CPU_WriteMem(4 bytes @ 0xE000EDFC) -- CPU_WriteMem(16 bytes @ 0x20000000) -- CPU_WriteMem(4 bytes @ 0xE0002000) -- CPU_ReadMem(4 bytes @ 0xE000EDFC) -- CPU_ReadMem(4 bytes @ 0xE0001000) (0024ms, 0024ms total)
                JLINK_Go() -- CPU_ReadMem(4 bytes @ 0xE0001000) -- CPU_WriteMem(4 bytes @ 0xE0002008) -- CPU_WriteMem(4 bytes @ 0xE000200C) -- CPU_WriteMem(4 bytes @ 0xE0002010) -- CPU_WriteMem(4 bytes @ 0xE0002014) -- CPU_WriteMem(4 bytes @ 0xE0002018) -- CPU_WriteMem(4 bytes @ 0xE000201C) -- CPU_WriteMem(4 bytes @ 0xE0001004) (0003ms, 0027ms total)
               (0155ms, 12079ms total)
T2728 1542:993 JLINK_Close() -- CPU is running -- CPU_WriteMem(4 bytes @ 0xE0002008) -- CPU is running -- CPU_WriteMem(4 bytes @ 0xE000200C) -- CPU is running -- CPU_WriteMem(4 bytes @ 0xE0002010) -- CPU is running -- CPU_WriteMem(4 bytes @ 0xE0002014) -- CPU is running -- CPU_WriteMem(4 bytes @ 0xE0002018) -- CPU is running -- CPU_WriteMem(4 bytes @ 0xE000201C) >0x0D TIF> >0x28 TIF> >0x0D TIF> >0x28 TIF> >0x0D TIF> >0x28 TIF> >0x0D TIF> >0x28 TIF> >0x0D TIF> >0x28 TIF> >0x0D TIF> >0x28 TIF> >0x0D TIF>
 >0x28 TIF> >0x0D TIF> >0x28 TIF> >0x0D TIF> >0x0D TIF> >0x0D TIF> >0x0D TIF> >0x21 TIF> >0x0D TIF> >0x28 TIF> (0029ms, 12108ms total)
T2728 1542:993  (0029ms, 12108ms total)
T2728 1542:993 Closed (0029ms, 12108ms total)
