T0BD4 1964:068.095   SEGGER J-Link V7.58e Log File
T0BD4 1964:068.324   DLL Compiled: Dec  7 2021 17:24:52
T0BD4 1964:068.475   Logging started @ 2022-08-12 21:41
T0BD4 1964:068.526 - 113.492ms
T0BD4 1964:075.746 JLINK_ExecCommand("Device = AT91SAM4S4A", ...). 
T0BD4 1964:076.181   Device "ATSAM4S4A" selected.
T0BD4 1964:077.028 - 1.219ms returns 0x00
T0BD4 1964:077.103 JLINK_TIF_Select(JLINKARM_TIF_SWD)
T0BD4 1964:077.832 - 0.807ms returns 0x00
T0BD4 1964:077.946 JLINK_SetSpeed(4000)
T0BD4 1964:078.154 - 0.274ms
T0BD4 1964:078.258 JLINK_ResetPullsRESET(OFF)
T0BD4 1964:078.307 - 0.072ms
T0BD4 1964:078.356 JLINK_Connect()
T0BD4 1964:079.601   Found SW-DP with ID 0x2BA01477
T0BD4 1964:082.977   DPIDR: 0x2BA01477
T0BD4 1964:083.548   CoreSight SoC-400 or earlier
T0BD4 1964:083.593   Scanning AP map to find all available APs
T0BD4 1964:084.413   AP[1]: Stopped AP scan as end of AP map has been reached
T0BD4 1964:084.469   AP[0]: AHB-AP (IDR: 0x24770011)
T0BD4 1964:084.506   Iterating through AP map to find AHB-AP to use
T0BD4 1964:085.658   AP[0]: Core found
T0BD4 1964:085.716   AP[0]: AHB-AP ROM base: 0xE00FF000
T0BD4 1964:086.372   CPUID register: 0x410FC241. Implementer code: 0x41 (ARM)
T0BD4 1964:086.450   Found Cortex-M4 r0p1, Little endian.
T0BD4 1964:187.966   -- Max. mem block: 0x000013C8
T0BD4 1964:188.227   CPU_ReadMem(4 bytes @ 0xE000EDF0)
T0BD4 1964:189.045   CPU_WriteMem(4 bytes @ 0xE000EDF0)
T0BD4 1964:189.610   CPU_ReadMem(4 bytes @ 0xE0002000)
T0BD4 1964:190.165   FPUnit: 6 code (BP) slots and 2 literal slots
T0BD4 1964:190.212   CPU_ReadMem(4 bytes @ 0xE000EDFC)
T0BD4 1964:190.690   CPU_WriteMem(4 bytes @ 0xE000EDFC)
T0BD4 1964:191.461   CPU_ReadMem(4 bytes @ 0xE0001000)
T0BD4 1964:192.381   CPU_WriteMem(4 bytes @ 0xE0001000)
T0BD4 1964:193.255   CPU_ReadMem(4 bytes @ 0xE000ED88)
T0BD4 1964:194.143   CPU_WriteMem(4 bytes @ 0xE000ED88)
T0BD4 1964:194.715   CPU_ReadMem(4 bytes @ 0xE000ED88)
T0BD4 1964:195.510   CPU_WriteMem(4 bytes @ 0xE000ED88)
T0BD4 1964:196.489   CoreSight components:
T0BD4 1964:196.566   ROMTbl[0] @ E00FF000
T0BD4 1964:196.600   CPU_ReadMem(64 bytes @ 0xE00FF000)
T0BD4 1964:197.465   CPU_ReadMem(32 bytes @ 0xE000EFE0)
T0BD4 1964:198.529   [0][0]: E000E000 CID B105E00D PID 000BB000 SCS
T0BD4 1964:198.594   CPU_ReadMem(32 bytes @ 0xE0001FE0)
T0BD4 1964:199.643   [0][1]: E0001000 CID B105E00D PID 003BB002 DWT
T0BD4 1964:199.708   CPU_ReadMem(32 bytes @ 0xE0002FE0)
T0BD4 1964:200.773   [0][2]: E0002000 CID B105E00D PID 002BB003 FPB
T0BD4 1964:200.837   CPU_ReadMem(32 bytes @ 0xE0000FE0)
T0BD4 1964:201.548   [0][3]: E0000000 CID B105E00D PID 003BB001 ITM
T0BD4 1964:201.590   CPU_ReadMem(32 bytes @ 0xE0040FE0)
T0BD4 1964:202.637   [0][4]: E0040000 CID B105900D PID 000BB9A1 TPIU
T0BD4 1964:202.706 - 124.358ms returns 0x00
T0BD4 1964:202.896 JLINK_Halt()
T0BD4 1964:206.080 - 3.231ms returns 0x00
T0BD4 1964:206.394 JLINK_BeginDownload(Flags = 0x00000000)
T0BD4 1964:206.417 - 0.032ms
T0BD4 1964:206.458 JLINK_WriteMem(0x400E0A04, 0x4 Bytes, ...)
T0BD4 1964:206.476   Data:  0B 01 00 5A
T0BD4 1964:206.836   CPU_WriteMem(4 bytes @ 0x400E0A04)
T0BD4 1964:207.721 - 1.314ms returns 0x4
T0BD4 1964:207.893 JLINK_EndDownload()
T0BD4 1964:207.919 - 0.034ms returns 0 (0x0)
T0BD4 1964:207.938 JLINK_ReadMemHW(0x400E0A08, 0x0004 Bytes, ...)
T0BD4 1964:207.965   CPU_ReadMem(4 bytes @ 0x400E0A08)
T0BD4 1964:208.460   Data:  01 00 00 00
T0BD4 1964:208.501 - 0.570ms returns 0
T0BD4 1964:208.580 JLINK_SetResetType(JLINKARM_CM3_RESET_TYPE_NORMAL)
T0BD4 1964:208.599 - 0.027ms returns JLINKARM_CM3_RESET_TYPE_NORMAL
T0BD4 1964:208.618 JLINK_Reset()
T0BD4 1964:209.082   CPU_ReadMem(16 bytes @ 0x20000000)
T0BD4 1964:210.107   CPU_WriteMem(16 bytes @ 0x20000000)
T0BD4 1964:210.727   CPU_ReadMem(4 bytes @ 0xE000EDFC)
T0BD4 1964:211.210   CPU_WriteMem(4 bytes @ 0xE000EDFC)
T0BD4 1964:211.689   CPU_ReadMem(4 bytes @ 0xE0001000)
T0BD4 1964:228.491   CPU_WriteMem(4 bytes @ 0xE000EDFC)
T0BD4 1964:229.364   CPU_WriteMem(16 bytes @ 0x20000000)
T0BD4 1964:233.302   CPU_WriteMem(4 bytes @ 0xE0002000)
T0BD4 1964:233.894   CPU_ReadMem(4 bytes @ 0xE000EDFC)
T0BD4 1964:234.779   CPU_ReadMem(4 bytes @ 0xE0001000)
T0BD4 1964:235.761 - 27.195ms
T0BD4 1964:237.995 JLINK_JTAG_GetDeviceID(DeviceIndex = 0)
T0BD4 1964:238.028 - 0.042ms returns 0
T0BD4 1964:238.049 JLINK_ReadMemU32(0x400E0740, 0x1 Items)
T0BD4 1964:238.095   CPU_ReadMem(4 bytes @ 0x400E0740)
T0BD4 1964:238.601   Data:  E1 09 8B 28
T0BD4 1964:238.642 - 0.601ms returns 1 (0x1)
T0BD4 1964:238.714 JLINK_ReadMemU32(0x400E0744, 0x1 Items)
T0BD4 1964:238.745   CPU_ReadMem(4 bytes @ 0x400E0744)
T0BD4 1964:239.205   Data:  00 00 00 00
T0BD4 1964:239.245 - 0.538ms returns 1 (0x1)
T5B20 1964:246.905 JLINK_IsHalted()
T5B20 1964:247.021 - 0.149ms returns TRUE
T5B20 1964:247.057 JLINK_GetMOEs(...)
T5B20 1964:247.085   CPU_ReadMem(4 bytes @ 0xE000ED30)
T5B20 1964:247.596 - 0.570ms returns 0x01
T5B20 1964:247.650 JLINK_ReadReg(R15 (PC))
T5B20 1964:247.678 - 0.036ms returns 0xFFFFFFFE
T0BD4 1964:275.765 JLINK_BeginDownload(Flags = 0x00000000)
T0BD4 1964:275.819 - 0.063ms
T0BD4 1964:275.864 JLINK_WriteMem(0x00400000, 0x4000 Bytes, ...)
T0BD4 1964:275.884   Data:  80 9F 00 20 51 33 40 00 4D 33 40 00 4D 33 40 00 ...
T0BD4 1964:276.381   completely In flash
T0BD4 1964:276.442 - 0.586ms returns 0x4000
T0BD4 1964:276.535 JLINK_WriteMem(0x00404000, 0x8C Bytes, ...)
T0BD4 1964:276.555   Data:  00 2E DC D0 CC E7 D3 F8 8C 11 0C 43 C3 F8 8C 41 ...
T0BD4 1964:276.585   completely In flash
T0BD4 1964:276.608 - 0.081ms returns 0x8C
T0BD4 1964:276.963 JLINK_WriteMem(0x0040408C, 0x4D4 Bytes, ...)
T0BD4 1964:276.990   Data:  39 01 40 00 85 01 40 00 B9 01 40 00 B5 01 40 00 ...
T0BD4 1964:277.016   completely In flash
T0BD4 1964:277.040 - 0.086ms returns 0x4D4
T0BD4 1964:290.372 JLINK_EndDownload()
T0BD4 1964:290.703   CPU_ReadMem(4 bytes @ 0xE000ED90)
T0BD4 1964:291.195   CPU_ReadMem(4 bytes @ 0xE000ED94)
T0BD4 1964:291.680    -- --------------------------------------
T0BD4 1964:291.723   Flash bank @ 0x00400000: Default: L2 verify disabled because algorithm performs L1 verify
T0BD4 1964:291.748    -- Start of determining dirty areas in flash cache
T0BD4 1964:291.868    -- End of determining dirty areas
T0BD4 1964:291.894    -- Start of preparing flash programming
T0BD4 1964:291.918    -- Calculating RAM usage
T0BD4 1964:291.952    -- RAM usage = 3916 Bytes
T0BD4 1964:291.975    -- Preserving CPU registers
T0BD4 1964:292.028    -- Preparing memory
T0BD4 1964:292.053    -- Preparing target
T0BD4 1964:452.065    -- Preserving target RAM temporarily used for programming
T0BD4 1964:477.133    -- Downloading RAMCode
T0BD4 1964:495.851    -- Preparing RAMCode
T0BD4 1964:501.796    -- Checking target RAM
T0BD4 1964:503.425    -- End of preparing flash programming
T0BD4 1964:503.807   Looking for J-Link GUI Server exe at: C:\Program Files (x86)\Atmel\Studio\7.0\atbackend\JLinkGUIServer.exe
T0BD4 1964:503.995   Looking for J-Link GUI Server exe at: C:\Program Files\SEGGER\JLink\JLinkGUIServer.exe
T0BD4 1964:504.090   Forking J-Link GUI Server: C:\Program Files\SEGGER\JLink\JLinkGUIServer.exe
T0BD4 1964:545.531   J-Link GUI Server info: "J-Link GUI server V7.58e "
T0BD4 1964:581.318    -- CPU is running at 90000 kHz.
T0BD4 1964:581.387    -- Start of comparing flash
T0BD4 1964:581.414    -- CRC check was estimated as fastest method
T0BD4 1964:680.897    -- Comparing range 0x400000 - 0x403FFF (32 Sectors, 16 KB), using multi-block CRC calculation
T0BD4 1964:702.967    -- CRC does not match for sectors 0-31
T0BD4 1964:703.779    -- Comparing range 0x404000 - 0x404FFF (1 Sector, 4 KB), using multi-block CRC calculation
T0BD4 1964:709.829    -- CRC does not match for sector 0
T0BD4 1964:709.896    -- End of comparing flash
T0BD4 1964:709.922    -- Start of erasing sectors
T0BD4 1964:709.945    -- End of erasing sectors
T0BD4 1964:709.969    -- Start of flash programming
T0BD4 1964:709.996    -- Programming range 0x00400000 - 0x00403FFF ( 32 Sectors, 16 KB)
T0BD4 1964:878.950    -- Programming range 0x00404000 - 0x00404FFF (  1 Sector, 4 KB)
T0BD4 1964:904.294    -- End of flash programming
T0BD4 1964:904.359    -- 0x400000 - 0x403FFF ( 32 Sectors, 16 KoB)
T0BD4 1964:904.384    -- 0x404000 - 0x404FFF (  1 Sector, 4 KoB)
T0BD4 1964:904.411    -- Start of restoring
T0BD4 1964:904.436    -- Restoring RAMCode
T0BD4 1964:926.020    -- Restoring target memory
T0BD4 1964:945.609    -- Restore target
T0BD4 1964:998.468    -- Restore memory
T0BD4 1964:998.535    -- Restoring CPU registers
T0BD4 1964:998.587    -- End of restoring
T0BD4 1964:998.705    -- Bank 0 @ 0x00400000: 2 ranges affected (20480 bytes)
T0BD4 1964:998.752    -- Total: 0.706s (Prepare: 0.289s, Compare: 0.128s, Erase: 0.000s, Program & Verify: 0.208s, Restore: 0.079s)
T0BD4 1964:998.793    -- Program & Verify speed: 96 KB/s
T0BD4 1965:007.964 - 717.636ms returns 20480 (0x5000)
T0BD4 1965:008.209 JLINK_SetResetType(JLINKARM_CM3_RESET_TYPE_NORMAL)
T0BD4 1965:008.231 - 0.030ms returns JLINKARM_CM3_RESET_TYPE_NORMAL
T0BD4 1965:008.250 JLINK_Reset()
T0BD4 1965:008.747   CPU_ReadMem(16 bytes @ 0x20000000)
T0BD4 1965:009.271   CPU_WriteMem(16 bytes @ 0x20000000)
T0BD4 1965:009.780   CPU_ReadMem(4 bytes @ 0xE000EDFC)
T0BD4 1965:010.168   CPU_WriteMem(4 bytes @ 0xE000EDFC)
T0BD4 1965:010.608   CPU_ReadMem(4 bytes @ 0xE0001000)
T0BD4 1965:027.467   CPU_WriteMem(4 bytes @ 0xE000EDFC)
T0BD4 1965:027.991   CPU_WriteMem(16 bytes @ 0x20000000)
T0BD4 1965:031.522   CPU_WriteMem(4 bytes @ 0xE0002000)
T0BD4 1965:031.993   CPU_ReadMem(4 bytes @ 0xE000EDFC)
T0BD4 1965:032.436   CPU_ReadMem(4 bytes @ 0xE0001000)
T0BD4 1965:032.875 - 24.656ms
T5B20 1965:053.951 JLINK_IsHalted()
T5B20 1965:054.040 - 0.100ms returns TRUE
T5B20 1965:256.581 JLINK_IsHalted()
T5B20 1965:256.644 - 0.072ms returns TRUE
T5B20 1965:460.449 JLINK_IsHalted()
T5B20 1965:460.503 - 0.063ms returns TRUE
T5B20 1965:661.105 JLINK_IsHalted()
T5B20 1965:661.670 - 0.590ms returns TRUE
T2524 1965:764.837 JLINK_Halt()
T2524 1965:764.878 - 0.070ms returns 0x00
T2524 1965:764.926 JLINK_ReadReg(R15 (PC))
T2524 1965:764.951 - 0.033ms returns 0x00403350
T2524 1965:764.977 JLINK_ReadReg(R13 (SP))
T2524 1965:764.996 - 0.026ms returns 0x20009F80
T2524 1965:779.817 JLINK_ReadMemHW(0x00403350, 0x0004 Bytes, ...)
T2524 1965:779.885   CPU_ReadMem(4 bytes @ 0x00403350)
T2524 1965:780.352   Data:  08 B5 21 4B
T2524 1965:780.393 - 0.584ms returns 0
T2524 1965:781.026 JLINK_ReadReg(R0)
T2524 1965:781.075 - 0.075ms returns 0x400E1400
T2524 1965:781.102 JLINK_ReadReg(R1)
T2524 1965:781.119 - 0.025ms returns 0x40C00000
T2524 1965:781.141 JLINK_ReadReg(R2)
T2524 1965:781.158 - 0.024ms returns 0xA5000005
T2524 1965:781.180 JLINK_ReadReg(R3)
T2524 1965:781.196 - 0.024ms returns 0x00000000
T2524 1965:781.218 JLINK_ReadReg(R4)
T2524 1965:781.234 - 0.024ms returns 0x00402879
T2524 1965:781.256 JLINK_ReadReg(R5)
T2524 1965:781.272 - 0.024ms returns 0x004029A9
T2524 1965:781.294 JLINK_ReadReg(R6)
T2524 1965:781.310 - 0.024ms returns 0x40020000
T2524 1965:781.331 JLINK_ReadReg(R7)
T2524 1965:781.348 - 0.024ms returns 0x20009F44
T2524 1965:781.370 JLINK_ReadReg(R8)
T2524 1965:781.386 - 0.024ms returns 0x000000C8
T2524 1965:781.408 JLINK_ReadReg(R9)
T2524 1965:781.424 - 0.024ms returns 0xC9760C83
T2524 1965:781.446 JLINK_ReadReg(R10)
T2524 1965:781.462 - 0.024ms returns 0x3A231191
T2524 1965:781.483 JLINK_ReadReg(R11)
T2524 1965:781.500 - 0.024ms returns 0x43252D94
T2524 1965:781.521 JLINK_ReadReg(R12)
T2524 1965:781.537 - 0.024ms returns 0x000007FF
T2524 1965:781.561 JLINK_ReadReg(R13 (SP))
T2524 1965:781.579 - 0.026ms returns 0x20009F80
T2524 1965:781.601 JLINK_ReadReg(R14)
T2524 1965:781.617 - 0.024ms returns 0xFFFFFFFF
T2524 1965:781.639 JLINK_ReadReg(R15 (PC))
T2524 1965:781.656 - 0.025ms returns 0x00403350
T2524 1965:781.694 JLINK_ReadReg(XPSR)
T2524 1965:781.711 - 0.024ms returns 0x01000000
T2524 1965:781.732 JLINK_ReadReg(MSP)
T2524 1965:781.748 - 0.024ms returns 0x20009F80
T2524 1965:781.769 JLINK_ReadReg(PSP)
T2524 1965:781.786 - 0.024ms returns 0x1E8B98B0
T2524 1965:781.808 JLINK_ReadReg(PRIMASK)
T2524 1965:781.970 - 0.170ms returns 0x00000000
T2524 1965:781.994 JLINK_ReadReg(BASEPRI)
T2524 1965:782.012 - 0.025ms returns 0x00000000
T2524 1965:782.034 JLINK_ReadReg(FAULTMASK)
T2524 1965:782.051 - 0.024ms returns 0x00000000
T2524 1965:782.072 JLINK_ReadReg(CONTROL)
T2524 1965:782.089 - 0.025ms returns 0x00000000
T2524 1965:782.670 JLINK_ReadMemHW(0x00403350, 0x0002 Bytes, ...)
T2524 1965:782.717   CPU_ReadMem(2 bytes @ 0x00403350)
T2524 1965:783.195   Data:  08 B5
T2524 1965:783.237 - 0.575ms returns 0
T2524 1965:842.197 JLINK_ReadReg(R0)
T2524 1965:842.337 - 0.152ms returns 0x400E1400
T2524 1965:842.376 JLINK_ReadReg(R1)
T2524 1965:842.395 - 0.026ms returns 0x40C00000
T2524 1965:842.417 JLINK_ReadReg(R2)
T2524 1965:842.434 - 0.025ms returns 0xA5000005
T2524 1965:842.455 JLINK_ReadReg(R3)
T2524 1965:842.472 - 0.024ms returns 0x00000000
T2524 1965:842.493 JLINK_ReadReg(R4)
T2524 1965:842.510 - 0.024ms returns 0x00402879
T2524 1965:842.531 JLINK_ReadReg(R5)
T2524 1965:842.547 - 0.024ms returns 0x004029A9
T2524 1965:842.569 JLINK_ReadReg(R6)
T2524 1965:842.585 - 0.024ms returns 0x40020000
T2524 1965:842.606 JLINK_ReadReg(R7)
T2524 1965:842.623 - 0.025ms returns 0x20009F44
T2524 1965:842.644 JLINK_ReadReg(R8)
T2524 1965:842.661 - 0.024ms returns 0x000000C8
T2524 1965:842.682 JLINK_ReadReg(R9)
T2524 1965:842.698 - 0.024ms returns 0xC9760C83
T2524 1965:842.719 JLINK_ReadReg(R10)
T2524 1965:842.736 - 0.024ms returns 0x3A231191
T2524 1965:842.757 JLINK_ReadReg(R11)
T2524 1965:842.773 - 0.024ms returns 0x43252D94
T2524 1965:842.794 JLINK_ReadReg(R12)
T2524 1965:842.811 - 0.024ms returns 0x000007FF
T2524 1965:842.832 JLINK_ReadReg(R13 (SP))
T2524 1965:842.849 - 0.025ms returns 0x20009F80
T2524 1965:842.870 JLINK_ReadReg(R14)
T2524 1965:842.887 - 0.024ms returns 0xFFFFFFFF
T2524 1965:842.908 JLINK_ReadReg(R15 (PC))
T2524 1965:842.925 - 0.025ms returns 0x00403350
T2524 1965:842.963 JLINK_ReadReg(XPSR)
T2524 1965:842.980 - 0.024ms returns 0x01000000
T2524 1965:843.001 JLINK_ReadReg(MSP)
T2524 1965:843.017 - 0.024ms returns 0x20009F80
T2524 1965:843.039 JLINK_ReadReg(PSP)
T2524 1965:843.055 - 0.024ms returns 0x1E8B98B0
T2524 1965:843.077 JLINK_ReadReg(PRIMASK)
T2524 1965:843.093 - 0.024ms returns 0x00000000
T2524 1965:843.115 JLINK_ReadReg(BASEPRI)
T2524 1965:843.131 - 0.024ms returns 0x00000000
T2524 1965:843.152 JLINK_ReadReg(FAULTMASK)
T2524 1965:843.169 - 0.024ms returns 0x00000000
T2524 1965:843.190 JLINK_ReadReg(CONTROL)
T2524 1965:843.206 - 0.024ms returns 0x00000000
T2524 1965:855.373 JLINK_ReadMemHW(0x00403350, 0x0004 Bytes, ...)
T2524 1965:855.441   CPU_ReadMem(4 bytes @ 0x00403350)
T2524 1965:855.904   Data:  08 B5 21 4B
T2524 1965:855.944 - 0.580ms returns 0
T5B20 1965:861.985 JLINK_IsHalted()
T5B20 1965:862.048 - 0.072ms returns TRUE
T2524 1965:919.149 JLINK_SetResetType(JLINKARM_CM3_RESET_TYPE_NORMAL)
T2524 1965:919.182 - 0.042ms returns JLINKARM_CM3_RESET_TYPE_NORMAL
T2524 1965:919.203 JLINK_Reset()
T2524 1965:919.244   CPU_ReadMem(16 bytes @ 0x20000000)
T2524 1965:919.749   CPU_WriteMem(16 bytes @ 0x20000000)
T2524 1965:920.661   CPU_ReadMem(4 bytes @ 0xE000EDFC)
T2524 1965:921.185   CPU_WriteMem(4 bytes @ 0xE000EDFC)
T2524 1965:921.678   CPU_ReadMem(4 bytes @ 0xE0001000)
T2524 1965:922.470   CPU_WriteMem(4 bytes @ 0xE0001004)
T2524 1965:939.201   CPU_WriteMem(4 bytes @ 0xE000EDFC)
T2524 1965:940.471   CPU_WriteMem(16 bytes @ 0x20000000)
T2524 1965:944.870   CPU_WriteMem(4 bytes @ 0xE0002000)
T2524 1965:945.655   CPU_ReadMem(4 bytes @ 0xE000EDFC)
T2524 1965:946.485   CPU_ReadMem(4 bytes @ 0xE0001000)
T2524 1965:947.068 - 27.890ms
T5B20 1965:947.260 JLINK_IsHalted()
T5B20 1965:947.299 - 0.047ms returns TRUE
T5B20 1965:947.322 JLINK_GetMOEs(...)
T5B20 1965:947.345   CPU_ReadMem(4 bytes @ 0xE000ED30)
T5B20 1965:947.816 - 0.518ms returns 0x01
T5B20 1965:947.859 JLINK_ReadReg(R15 (PC))
T5B20 1965:947.887 - 0.037ms returns 0x00403350
T2524 1965:957.340 JLINK_ReadReg(R15 (PC))
T2524 1965:957.412 - 0.081ms returns 0x00403350
T2524 1965:957.454 JLINK_ReadReg(R13 (SP))
T2524 1965:957.479 - 0.033ms returns 0x20009F80
T2524 1965:958.134 JLINK_ReadMemHW(0x00403350, 0x0004 Bytes, ...)
T2524 1965:958.190   CPU_ReadMem(4 bytes @ 0x00403350)
T2524 1965:958.609   Data:  08 B5 21 4B
T2524 1965:958.645 - 0.520ms returns 0
T2524 1966:029.271 JLINK_ReadMemHW(0x00403580, 0x0001 Bytes, ...)
T2524 1966:029.329   CPU_ReadMem(1 bytes @ 0x00403580)
T2524 1966:029.780   Data:  00
T2524 1966:029.832 - 0.569ms returns 0
T2524 1966:121.898 JLINK_ReadReg(R15 (PC))
T2524 1966:121.949 - 0.061ms returns 0x00403350
T2524 1966:123.467 JLINK_GetNumBPUnits(Type = 0xFFFFFF02)
T2524 1966:123.497 - 0.035ms returns 0x06
T2524 1966:123.509 JLINK_SetBPEx(Addr = 0x00403580, Type = 0xFFFFFFF2)
T2524 1966:123.526 - 0.022ms returns 0x00000001
T2524 1966:123.538 JLINK_GetBPInfo(BPHandle = 1)
T2524 1966:123.547 - 0.013ms returns 0x0
T2524 1966:123.719 JLINK_Go()
T2524 1966:123.745   CPU_WriteMem(4 bytes @ 0xE0002000)
T2524 1966:124.155   CPU_ReadMem(4 bytes @ 0xE0001000)
T2524 1966:124.569   CPU_WriteMem(4 bytes @ 0xE000ED30)
T2524 1966:125.015   CPU_WriteMem(4 bytes @ 0xE0002008)
T2524 1966:125.065   CPU_WriteMem(4 bytes @ 0xE000200C)
T2524 1966:125.092   CPU_WriteMem(4 bytes @ 0xE0002010)
T2524 1966:125.118   CPU_WriteMem(4 bytes @ 0xE0002014)
T2524 1966:125.144   CPU_WriteMem(4 bytes @ 0xE0002018)
T2524 1966:125.170   CPU_WriteMem(4 bytes @ 0xE000201C)
T2524 1966:126.689   CPU_WriteMem(4 bytes @ 0xE0001004)
T2524 1966:127.772 - 4.079ms
T5B20 1966:127.949 JLINK_IsHalted()
T5B20 1966:128.374 - 0.440ms returns FALSE
T5B20 1966:152.747 JLINK_IsHalted()
T5B20 1966:155.924 - 3.222ms returns TRUE
T5B20 1966:156.004 JLINK_GetMOEs(...)
T5B20 1966:156.032   CPU_ReadMem(4 bytes @ 0xE000ED30)
T5B20 1966:156.423 - 0.444ms returns 0x01
T5B20 1966:156.479 JLINK_ReadReg(R15 (PC))
T5B20 1966:156.505 - 0.034ms returns 0x00403580
T2524 1966:158.499 JLINK_ReadReg(R15 (PC))
T2524 1966:158.558 - 0.064ms returns 0x00403580
T2524 1966:158.576 JLINK_ReadReg(R13 (SP))
T2524 1966:158.588 - 0.016ms returns 0x20009F78
T2524 1966:159.022 JLINK_ReadMemHW(0x00403580, 0x0004 Bytes, ...)
T2524 1966:159.049   CPU_ReadMem(4 bytes @ 0x00403580)
T2524 1966:159.427   Data:  00 B5 97 B0
T2524 1966:159.469 - 0.457ms returns 0
T2524 1966:217.222 JLINK_WriteU32_64(0xE000EDFC, 0x01000000)
T2524 1966:217.277   Debug reg: DEMCR
T2524 1966:217.697   CPU_WriteMem(4 bytes @ 0xE000EDFC)
T2524 1966:218.113 - 0.913ms returns 0 (0x00000000)
T2524 1966:218.148 JLINK_ReadMem(0xE0001000, 0x4 Bytes, ...)
T2524 1966:218.166   CPU_ReadMem(4 bytes @ 0xE0001000)
T2524 1966:218.592   Data:  01 00 00 40
T2524 1966:218.626   Debug reg: DWT_CTRL
T2524 1966:218.639 - 0.495ms returns 0
T2524 1966:218.708 JLINK_WriteU32_64(0xE0001000, 0x40000001)
T2524 1966:218.719   Debug reg: DWT_CTRL
T2524 1966:218.739 - 0.035ms returns 0 (0x00000000)
T2524 1966:218.769 JLINK_WriteU32_64(0xE0001028, 0x00000100)
T2524 1966:218.780   Debug reg: DWT_FUNC[0]
T2524 1966:218.796 - 0.032ms returns 0 (0x00000000)
T2524 1966:218.807 JLINK_ReadMem(0xE0001028, 0x4 Bytes, ...)
T2524 1966:218.820   CPU_WriteMem(4 bytes @ 0xE0001028)
T2524 1966:219.253   CPU_ReadMem(4 bytes @ 0xE0001028)
T2524 1966:219.743   Data:  00 00 00 00
T2524 1966:219.793   Debug reg: DWT_FUNC[0]
T2524 1966:219.816 - 1.016ms returns 0
T2524 1966:219.930 JLINK_WriteU32_64(0xE0001024, 0x0000001F)
T2524 1966:219.950   Debug reg: DWT_MASK[0]
T2524 1966:219.992 - 0.070ms returns 0 (0x00000000)
T2524 1966:220.013 JLINK_ReadMem(0xE0001024, 0x4 Bytes, ...)
T2524 1966:220.037   CPU_WriteMem(4 bytes @ 0xE0001024)
T2524 1966:220.509   CPU_ReadMem(4 bytes @ 0xE0001024)
T2524 1966:220.948   Data:  0F 00 00 00
T2524 1966:220.989   Debug reg: DWT_MASK[0]
T2524 1966:221.011 - 1.006ms returns 0
T2524 1966:222.278 JLINK_WriteU32_64(0xE0001038, 0x00000100)
T2524 1966:222.317   Debug reg: DWT_FUNC[1]
T2524 1966:222.363 - 0.094ms returns 0 (0x00000000)
T2524 1966:222.385 JLINK_ReadMem(0xE0001038, 0x4 Bytes, ...)
T2524 1966:222.409   CPU_WriteMem(4 bytes @ 0xE0001038)
T2524 1966:222.866   CPU_ReadMem(4 bytes @ 0xE0001038)
T2524 1966:223.365   Data:  00 03 00 00
T2524 1966:223.411   Debug reg: DWT_FUNC[1]
T2524 1966:223.434 - 1.057ms returns 0
T2524 1966:223.523 JLINK_WriteU32_64(0xE0001034, 0x0000001F)
T2524 1966:223.550   Debug reg: DWT_MASK[1]
T2524 1966:223.590 - 0.075ms returns 0 (0x00000000)
T2524 1966:223.610 JLINK_ReadMem(0xE0001034, 0x4 Bytes, ...)
T2524 1966:223.633   CPU_WriteMem(4 bytes @ 0xE0001034)
T2524 1966:224.088   CPU_ReadMem(4 bytes @ 0xE0001034)
T2524 1966:224.510   Data:  0F 00 00 00
T2524 1966:224.558   Debug reg: DWT_MASK[1]
T2524 1966:224.581 - 0.979ms returns 0
T2524 1966:224.683 JLINK_WriteU32_64(0xE0001048, 0x00000100)
T2524 1966:224.702   Debug reg: DWT_FUNC[2]
T2524 1966:224.739 - 0.066ms returns 0 (0x00000000)
T2524 1966:224.761 JLINK_ReadMem(0xE0001048, 0x4 Bytes, ...)
T2524 1966:224.784   CPU_WriteMem(4 bytes @ 0xE0001048)
T2524 1966:225.249   CPU_ReadMem(4 bytes @ 0xE0001048)
T2524 1966:225.657   Data:  00 00 00 00
T2524 1966:225.698   Debug reg: DWT_FUNC[2]
T2524 1966:225.721 - 0.967ms returns 0
T2524 1966:225.795 JLINK_WriteU32_64(0xE0001044, 0x0000001F)
T2524 1966:225.814   Debug reg: DWT_MASK[2]
T2524 1966:225.848 - 0.062ms returns 0 (0x00000000)
T2524 1966:225.868 JLINK_ReadMem(0xE0001044, 0x4 Bytes, ...)
T2524 1966:225.890   CPU_WriteMem(4 bytes @ 0xE0001044)
T2524 1966:226.377   CPU_ReadMem(4 bytes @ 0xE0001044)
T2524 1966:226.813   Data:  0F 00 00 00
T2524 1966:226.854   Debug reg: DWT_MASK[2]
T2524 1966:226.876 - 1.016ms returns 0
T2524 1966:226.953 JLINK_WriteU32_64(0xE0001058, 0x00000100)
T2524 1966:226.971   Debug reg: DWT_FUNC[3]
T2524 1966:227.007 - 0.062ms returns 0 (0x00000000)
T2524 1966:227.026 JLINK_ReadMem(0xE0001058, 0x4 Bytes, ...)
T2524 1966:227.049   CPU_WriteMem(4 bytes @ 0xE0001058)
T2524 1966:227.480   CPU_ReadMem(4 bytes @ 0xE0001058)
T2524 1966:227.855   Data:  00 00 00 00
T2524 1966:227.887   Debug reg: DWT_FUNC[3]
T2524 1966:227.909 - 0.891ms returns 0
T2524 1966:227.996 JLINK_WriteU32_64(0xE0001054, 0x0000001F)
T2524 1966:228.016   Debug reg: DWT_MASK[3]
T2524 1966:228.143 - 0.160ms returns 0 (0x00000000)
T2524 1966:228.179 JLINK_ReadMem(0xE0001054, 0x4 Bytes, ...)
T2524 1966:228.206   CPU_WriteMem(4 bytes @ 0xE0001054)
T2524 1966:228.632   CPU_ReadMem(4 bytes @ 0xE0001054)
T2524 1966:229.059   Data:  0F 00 00 00
T2524 1966:229.100   Debug reg: DWT_MASK[3]
T2524 1966:229.123 - 0.952ms returns 0
T2524 1966:229.242 JLINK_WriteU32_64(0xE0001020, 0x00000000)
T2524 1966:229.262   Debug reg: DWT_COMP[0]
T2524 1966:229.300 - 0.066ms returns 0 (0x00000000)
T2524 1966:229.332 JLINK_WriteU32_64(0xE0001024, 0x00000000)
T2524 1966:229.349   Debug reg: DWT_MASK[0]
T2524 1966:229.437 - 0.136ms returns 0 (0x00000000)
T2524 1966:229.575 JLINK_WriteU32_64(0xE0001028, 0x00000000)
T2524 1966:229.598   Debug reg: DWT_FUNC[0]
T2524 1966:229.630 - 0.064ms returns 0 (0x00000000)
T2524 1966:229.676 JLINK_WriteU32_64(0xE0001030, 0x00000000)
T2524 1966:229.695   Debug reg: DWT_COMP[1]
T2524 1966:229.726 - 0.059ms returns 0 (0x00000000)
T2524 1966:229.762 JLINK_WriteU32_64(0xE0001034, 0x00000000)
T2524 1966:229.781   Debug reg: DWT_MASK[1]
T2524 1966:229.872 - 0.121ms returns 0 (0x00000000)
T2524 1966:229.954 JLINK_WriteU32_64(0xE0001038, 0x00000000)
T2524 1966:229.975   Debug reg: DWT_FUNC[1]
T2524 1966:230.007 - 0.063ms returns 0 (0x00000000)
T2524 1966:230.047 JLINK_WriteU32_64(0xE0001040, 0x00000000)
T2524 1966:230.170   Debug reg: DWT_COMP[2]
T2524 1966:230.203 - 0.165ms returns 0 (0x00000000)
T2524 1966:230.251 JLINK_WriteU32_64(0xE0001044, 0x00000000)
T2524 1966:230.270   Debug reg: DWT_MASK[2]
T2524 1966:230.300 - 0.060ms returns 0 (0x00000000)
T2524 1966:230.391 JLINK_WriteU32_64(0xE0001048, 0x00000000)
T2524 1966:230.412   Debug reg: DWT_FUNC[2]
T2524 1966:230.444 - 0.062ms returns 0 (0x00000000)
T2524 1966:230.487 JLINK_WriteU32_64(0xE0001050, 0x00000000)
T2524 1966:230.523   Debug reg: DWT_COMP[3]
T2524 1966:230.556 - 0.088ms returns 0 (0x00000000)
T2524 1966:230.614 JLINK_WriteU32_64(0xE0001054, 0x00000000)
T2524 1966:230.633   Debug reg: DWT_MASK[3]
T2524 1966:230.663 - 0.059ms returns 0 (0x00000000)
T2524 1966:230.704 JLINK_WriteU32_64(0xE0001058, 0x00000000)
T2524 1966:230.723   Debug reg: DWT_FUNC[3]
T2524 1966:230.752 - 0.057ms returns 0 (0x00000000)
T2524 1966:230.778 JLINK_GetBPInfo(BPHandle = 1)
T2524 1966:230.796 - 0.026ms returns 0x0
T2524 1966:230.816 JLINK_ClrBPEx(BPHandle = 0x00000001)
T2524 1966:230.836 - 0.028ms returns 0x00
T2524 1966:230.898 JLINK_ReadReg(R15 (PC))
T2524 1966:230.920 - 0.031ms returns 0x00403580
T2524 1966:231.204 JLINK_Go()
T2524 1966:231.250   CPU_WriteMem(4 bytes @ 0xE0001000)
T2524 1966:231.720   CPU_ReadMem(4 bytes @ 0xE0001000)
T2524 1966:232.162   CPU_WriteMem(4 bytes @ 0xE000ED30)
T2524 1966:232.643   CPU_WriteMem(4 bytes @ 0xE0001020)
T2524 1966:232.689   CPU_WriteMem(4 bytes @ 0xE0001030)
T2524 1966:232.713   CPU_WriteMem(4 bytes @ 0xE0001040)
T2524 1966:232.737   CPU_WriteMem(4 bytes @ 0xE0001050)
T2524 1966:232.760   CPU_WriteMem(4 bytes @ 0xE0001024)
T2524 1966:232.784   CPU_WriteMem(4 bytes @ 0xE0001034)
T2524 1966:232.807   CPU_WriteMem(4 bytes @ 0xE0001044)
T2524 1966:232.830   CPU_WriteMem(4 bytes @ 0xE0001054)
T2524 1966:232.853   CPU_WriteMem(4 bytes @ 0xE0001028)
T2524 1966:232.876   CPU_WriteMem(4 bytes @ 0xE0001038)
T2524 1966:232.899   CPU_WriteMem(4 bytes @ 0xE0001048)
T2524 1966:232.922   CPU_WriteMem(4 bytes @ 0xE0001058)
T2524 1966:232.952   CPU_WriteMem(4 bytes @ 0xE0002008)
T2524 1966:236.619 - 5.457ms
T5B20 1966:236.815 JLINK_IsHalted()
T5B20 1966:237.270 - 0.481ms returns FALSE
T5B20 1966:278.618 JLINK_IsHalted()
T5B20 1966:279.121 - 0.528ms returns FALSE
T5B20 1966:440.968 JLINK_IsHalted()
T5B20 1966:441.449 - 0.506ms returns FALSE
T5B20 1966:641.741 JLINK_IsHalted()
T5B20 1966:642.153 - 0.433ms returns FALSE
T5B20 1966:842.180 JLINK_IsHalted()
T5B20 1966:842.688 - 0.533ms returns FALSE
T5B20 1967:042.286 JLINK_IsHalted()
T5B20 1967:042.833 - 0.577ms returns FALSE
T5B20 1967:242.435 JLINK_IsHalted()
T5B20 1967:243.363 - 0.979ms returns FALSE
T5B20 1967:443.796 JLINK_IsHalted()
T5B20 1967:444.356 - 0.585ms returns FALSE
T5B20 1967:646.468 JLINK_IsHalted()
T5B20 1967:646.988 - 0.546ms returns FALSE
T5B20 1967:846.959 JLINK_IsHalted()
T5B20 1967:847.395 - 0.461ms returns FALSE
T5B20 1968:047.718 JLINK_IsHalted()
T5B20 1968:048.307 - 0.613ms returns FALSE
T5B20 1968:248.413 JLINK_IsHalted()
T5B20 1968:248.892 - 0.503ms returns FALSE
T5B20 1968:449.792 JLINK_IsHalted()
T5B20 1968:451.022 - 1.293ms returns FALSE
T5B20 1968:653.356 JLINK_IsHalted()
T5B20 1968:654.200 - 0.894ms returns FALSE
T5B20 1968:855.698 JLINK_IsHalted()
T5B20 1968:856.200 - 0.531ms returns FALSE
T5B20 1969:056.315 JLINK_IsHalted()
T5B20 1969:057.218 - 0.954ms returns FALSE
T5B20 1969:257.600 JLINK_IsHalted()
T5B20 1969:258.431 - 0.881ms returns FALSE
T5B20 1969:459.640 JLINK_IsHalted()
T5B20 1969:460.133 - 0.524ms returns FALSE
T5B20 1969:660.172 JLINK_IsHalted()
T5B20 1969:661.034 - 0.914ms returns FALSE
T5B20 1969:863.186 JLINK_IsHalted()
T5B20 1969:864.054 - 0.919ms returns FALSE
T5B20 1970:064.196 JLINK_IsHalted()
T5B20 1970:065.017 - 0.873ms returns FALSE
T5B20 1970:265.260 JLINK_IsHalted()
T5B20 1970:265.788 - 0.570ms returns FALSE
T5B20 1970:466.522 JLINK_IsHalted()
T5B20 1970:467.668 - 1.199ms returns FALSE
T5B20 1970:668.507 JLINK_IsHalted()
T5B20 1970:669.280 - 0.800ms returns FALSE
T5B20 1970:868.825 JLINK_IsHalted()
T5B20 1970:869.343 - 0.544ms returns FALSE
T5B20 1971:068.774 JLINK_IsHalted()
T5B20 1971:069.210 - 0.462ms returns FALSE
T5B20 1971:269.535 JLINK_IsHalted()
T5B20 1971:270.429 - 0.947ms returns FALSE
T5B20 1971:469.976 JLINK_IsHalted()
T5B20 1971:470.466 - 0.538ms returns FALSE
T5B20 1971:670.571 JLINK_IsHalted()
T5B20 1971:671.067 - 0.523ms returns FALSE
T5B20 1971:871.149 JLINK_IsHalted()
T5B20 1971:871.652 - 0.530ms returns FALSE
T5B20 1972:071.797 JLINK_IsHalted()
T5B20 1972:072.316 - 0.551ms returns FALSE
T5B20 1972:272.739 JLINK_IsHalted()
T5B20 1972:273.180 - 0.473ms returns FALSE
T5B20 1972:473.577 JLINK_IsHalted()
T5B20 1972:474.402 - 0.873ms returns FALSE
T5B20 1972:677.565 JLINK_IsHalted()
T5B20 1972:678.454 - 0.941ms returns FALSE
T5B20 1972:880.502 JLINK_IsHalted()
T5B20 1972:881.071 - 0.593ms returns FALSE
T5B20 1973:083.043 JLINK_IsHalted()
T5B20 1973:083.569 - 0.554ms returns FALSE
T5B20 1973:283.699 JLINK_IsHalted()
T5B20 1973:284.171 - 0.503ms returns FALSE
T5B20 1973:485.632 JLINK_IsHalted()
T5B20 1973:486.146 - 0.539ms returns FALSE
T5B20 1973:688.351 JLINK_IsHalted()
T5B20 1973:688.804 - 0.524ms returns FALSE
T2524 1973:885.563 JLINK_Halt()
T2524 1973:889.473 - 3.941ms returns 0x00
T5B20 1973:892.592 JLINK_IsHalted()
T5B20 1973:892.645 - 0.061ms returns TRUE
T5B20 1973:892.667 JLINK_GetMOEs(...)
T5B20 1973:892.693   CPU_ReadMem(4 bytes @ 0xE000ED30)
T5B20 1973:894.365 - 1.733ms returns 0x01
T5B20 1973:894.424 JLINK_ReadReg(R15 (PC))
T5B20 1973:894.451 - 0.035ms returns 0x0040361C
T5B20 1974:094.394 JLINK_IsHalted()
T5B20 1974:094.455 - 0.070ms returns TRUE
T0BD4 1974:095.515 JLINK_ResetPullsRESET(ON)
T0BD4 1974:095.551 - 0.044ms
T0BD4 1974:095.571 JLINK_ResetNoHalt()
T0BD4 1974:096.572   Found SW-DP with ID 0x2BA01477
T0BD4 1974:098.885   DPIDR: 0x2BA01477
T0BD4 1974:098.939   CoreSight SoC-400 or earlier
T0BD4 1974:098.979   AP map detection skipped. Manually configured AP map found.
T0BD4 1974:099.081   AP[0]: AHB-AP (IDR: Not set)
T0BD4 1974:100.137   AP[0]: Core found
T0BD4 1974:100.193   AP[0]: AHB-AP ROM base: 0xE00FF000
T0BD4 1974:100.762   CPUID register: 0x410FC241. Implementer code: 0x41 (ARM)
T0BD4 1974:100.814   Found Cortex-M4 r0p1, Little endian.
T0BD4 1974:201.735   -- Max. mem block: 0x00001278
T0BD4 1974:201.810   CPU_ReadMem(4 bytes @ 0xE000EDF0)
T0BD4 1974:202.750   CPU_ReadMem(4 bytes @ 0xE0002000)
T0BD4 1974:203.279   FPUnit: 6 code (BP) slots and 2 literal slots
T0BD4 1974:203.686   CPU_ReadMem(4 bytes @ 0xE0001000)
T0BD4 1974:204.111   CPU_ReadMem(4 bytes @ 0xE000ED88)
T0BD4 1974:204.931   CPU_WriteMem(4 bytes @ 0xE000ED88)
T0BD4 1974:205.773   CPU_ReadMem(4 bytes @ 0xE000ED88)
T0BD4 1974:206.668   CPU_WriteMem(4 bytes @ 0xE000ED88)
T0BD4 1974:207.808   CoreSight components:
T0BD4 1974:207.882   ROMTbl[0] @ E00FF000
T0BD4 1974:207.915   CPU_ReadMem(64 bytes @ 0xE00FF000)
T0BD4 1974:208.977   CPU_ReadMem(32 bytes @ 0xE000EFE0)
T0BD4 1974:209.849   [0][0]: E000E000 CID B105E00D PID 000BB000 SCS
T0BD4 1974:210.124   CPU_WriteMem(4 bytes @ 0xE0001000)
T0BD4 1974:210.587   CPU_ReadMem(32 bytes @ 0xE0001FE0)
T0BD4 1974:211.245   [0][1]: E0001000 CID B105E00D PID 003BB002 DWT
T0BD4 1974:211.289   CPU_ReadMem(32 bytes @ 0xE0002FE0)
T0BD4 1974:212.298   [0][2]: E0002000 CID B105E00D PID 002BB003 FPB
T0BD4 1974:212.365   CPU_ReadMem(32 bytes @ 0xE0000FE0)
T0BD4 1974:213.639   [0][3]: E0000000 CID B105E00D PID 003BB001 ITM
T0BD4 1974:213.702   CPU_ReadMem(32 bytes @ 0xE0040FE0)
T0BD4 1974:214.431   [0][4]: E0040000 CID B105900D PID 000BB9A1 TPIU
T0BD4 1974:214.483   JLINK_Reset()
T0BD4 1974:214.920     CPU_ReadMem(16 bytes @ 0x20000000)
T0BD4 1974:215.734     CPU_WriteMem(16 bytes @ 0x20000000)
T0BD4 1974:216.344     CPU_ReadMem(4 bytes @ 0xE000EDFC)
T0BD4 1974:216.807     CPU_WriteMem(4 bytes @ 0xE000EDFC)
T0BD4 1974:217.973     CPU_ReadMem(4 bytes @ 0xE0001000)
T0BD4 1974:233.936     CPU_WriteMem(4 bytes @ 0xE000EDFC)
T0BD4 1974:234.417     CPU_WriteMem(16 bytes @ 0x20000000)
T0BD4 1974:239.106     CPU_WriteMem(4 bytes @ 0xE0002000)
T0BD4 1974:239.594     CPU_ReadMem(4 bytes @ 0xE000EDFC)
T0BD4 1974:240.465     CPU_ReadMem(4 bytes @ 0xE0001000)
T0BD4 1974:241.384   - 26.949ms
T0BD4 1974:241.450   JLINK_Go()
T0BD4 1974:241.487     CPU_ReadMem(4 bytes @ 0xE0001000)
T0BD4 1974:241.974     CPU_WriteMem(4 bytes @ 0xE0002008)
T0BD4 1974:242.018     CPU_WriteMem(4 bytes @ 0xE000200C)
T0BD4 1974:242.042     CPU_WriteMem(4 bytes @ 0xE0002010)
T0BD4 1974:242.065     CPU_WriteMem(4 bytes @ 0xE0002014)
T0BD4 1974:242.216     CPU_WriteMem(4 bytes @ 0xE0002018)
T0BD4 1974:242.241     CPU_WriteMem(4 bytes @ 0xE000201C)
T0BD4 1974:243.813     CPU_WriteMem(4 bytes @ 0xE0001004)
T0BD4 1974:245.434   - 4.047ms
T0BD4 1974:245.527 - 149.965ms
T0BD4 1974:252.140 JLINK_Close()
T0BD4 1974:252.738   CPU is running
T0BD4 1974:252.791   CPU_WriteMem(4 bytes @ 0xE0002008)
T0BD4 1974:253.432   CPU is running
T0BD4 1974:253.485   CPU_WriteMem(4 bytes @ 0xE000200C)
T0BD4 1974:254.284   CPU is running
T0BD4 1974:254.364   CPU_WriteMem(4 bytes @ 0xE0002010)
T0BD4 1974:255.131   CPU is running
T0BD4 1974:255.201   CPU_WriteMem(4 bytes @ 0xE0002014)
T0BD4 1974:255.975   CPU is running
T0BD4 1974:256.046   CPU_WriteMem(4 bytes @ 0xE0002018)
T0BD4 1974:256.540   CPU is running
T0BD4 1974:256.585   CPU_WriteMem(4 bytes @ 0xE000201C)
T0BD4 1974:291.454 - 39.358ms
T0BD4 1974:291.507   
T0BD4 1974:291.524   Closed
