T16F8 7313:314.515   SEGGER J-Link V7.68a Log File
T16F8 7313:314.663   DLL Compiled: Jul 19 2022 13:36:47
T16F8 7313:314.706   Logging started @ 2022-07-27 01:20
T16F8 7313:314.741 - 2915.552ms
T16F8 7313:356.797 JLINK_ExecCommand("Device = AT91SAM4S4A", ...). 
T16F8 7313:357.390   Device "ATSAM4S4AA" selected.
T16F8 7313:357.968 - 1.139ms returns 0x00
T16F8 7313:384.214 JLINK_TIF_Select(JLINKARM_TIF_SWD)
T16F8 7313:386.001 - 1.828ms returns 0x00
T16F8 7313:386.065 JLINK_SetSpeed(4000)
T16F8 7313:386.266 - 0.223ms
T16F8 7313:386.307 JLINK_ResetPullsRESET(OFF)
T16F8 7313:386.327 - 0.029ms
T16F8 7313:386.348 JLINK_Connect()
T16F8 7313:388.034   Found SW-DP with ID 0x2BA01477
T16F8 7313:392.216   DPIDR: 0x2BA01477
T16F8 7313:392.631   CoreSight SoC-400 or earlier
T16F8 7313:392.754   Scanning AP map to find all available APs
T16F8 7313:393.707   AP[1]: Stopped AP scan as end of AP map has been reached
T16F8 7313:394.679   AP[0]: AHB-AP (IDR: 0x24770011)
T16F8 7313:394.741   Iterating through AP map to find AHB-AP to use
T16F8 7313:395.954   AP[0]: Core found
T16F8 7313:395.985   AP[0]: AHB-AP ROM base: 0xE00FF000
T16F8 7313:396.582   CPUID register: 0x410FC241. Implementer code: 0x41 (ARM)
T16F8 7313:396.608   Found Cortex-M4 r0p1, Little endian.
T16F8 7313:497.875   -- Max. mem block: 0x000013C8
T16F8 7313:498.198   CPU_ReadMem(4 bytes @ 0xE000EDF0)
T16F8 7313:498.788   CPU_WriteMem(4 bytes @ 0xE000EDF0)
T16F8 7313:499.299   CPU_ReadMem(4 bytes @ 0xE0002000)
T16F8 7313:499.897   FPUnit: 6 code (BP) slots and 2 literal slots
T16F8 7313:499.928   CPU_ReadMem(4 bytes @ 0xE000EDFC)
T16F8 7313:500.426   CPU_WriteMem(4 bytes @ 0xE000EDFC)
T16F8 7313:500.907   CPU_ReadMem(4 bytes @ 0xE0001000)
T16F8 7313:503.406   CPU_WriteMem(4 bytes @ 0xE0001000)
T16F8 7313:503.985   CPU_ReadMem(4 bytes @ 0xE000ED88)
T16F8 7313:504.505   CPU_WriteMem(4 bytes @ 0xE000ED88)
T16F8 7313:504.993   CPU_ReadMem(4 bytes @ 0xE000ED88)
T16F8 7313:505.474   CPU_WriteMem(4 bytes @ 0xE000ED88)
T16F8 7313:505.998   CoreSight components:
T16F8 7313:506.025   ROMTbl[0] @ E00FF000
T16F8 7313:506.038   CPU_ReadMem(64 bytes @ 0xE00FF000)
T16F8 7313:506.853   CPU_ReadMem(32 bytes @ 0xE000EFE0)
T16F8 7313:507.690   [0][0]: E000E000 CID B105E00D PID 000BB000 SCS
T16F8 7313:507.708   CPU_ReadMem(32 bytes @ 0xE0001FE0)
T16F8 7313:508.562   [0][1]: E0001000 CID B105E00D PID 003BB002 DWT
T16F8 7313:508.595   CPU_ReadMem(32 bytes @ 0xE0002FE0)
T16F8 7313:509.442   [0][2]: E0002000 CID B105E00D PID 002BB003 FPB
T16F8 7313:509.480   CPU_ReadMem(32 bytes @ 0xE0000FE0)
T16F8 7313:510.366   [0][3]: E0000000 CID B105E00D PID 003BB001 ITM
T16F8 7313:510.418   CPU_ReadMem(32 bytes @ 0xE0040FE0)
T16F8 7313:511.259   [0][4]: E0040000 CID B105900D PID 000BB9A1 TPIU
T16F8 7313:511.313 - 124.969ms returns 0x00
T16F8 7313:511.460 JLINK_Halt()
T16F8 7313:514.811 - 3.383ms returns 0x00
T16F8 7313:515.034 JLINK_BeginDownload(Flags = 0x00000000)
T16F8 7313:515.049 - 0.019ms
T16F8 7313:515.078 JLINK_WriteMem(0x400E0A04, 0x4 Bytes, ...)
T16F8 7313:515.087   Data:  0B 01 00 5A
T16F8 7313:515.497   CPU_WriteMem(4 bytes @ 0x400E0A04)
T16F8 7313:516.067 - 1.009ms returns 0x4
T16F8 7313:516.201 JLINK_EndDownload()
T16F8 7313:516.215 - 0.017ms returns 0 (0x0)
T16F8 7313:516.228 JLINK_ReadMemHW(0x400E0A08, 0x0004 Bytes, ...)
T16F8 7313:516.241   CPU_ReadMem(4 bytes @ 0x400E0A08)
T16F8 7313:521.692   Data:  01 00 00 00
T16F8 7313:521.743 - 5.521ms returns 0
T16F8 7313:521.846 JLINK_SetResetType(JLINKARM_CM3_RESET_TYPE_NORMAL)
T16F8 7313:521.862 - 0.021ms returns JLINKARM_CM3_RESET_TYPE_NORMAL
T16F8 7313:521.875 JLINK_Reset()
T16F8 7313:522.512   CPU_ReadMem(16 bytes @ 0x20000000)
T16F8 7313:523.245   CPU_WriteMem(16 bytes @ 0x20000000)
T16F8 7313:523.867   CPU_ReadMem(4 bytes @ 0xE000EDFC)
T16F8 7313:524.428   CPU_WriteMem(4 bytes @ 0xE000EDFC)
T16F8 7313:524.952   CPU_ReadMem(4 bytes @ 0xE0001000)
T16F8 7313:540.411   CPU_WriteMem(4 bytes @ 0xE000EDFC)
T16F8 7313:540.943   CPU_WriteMem(16 bytes @ 0x20000000)
T16F8 7313:544.818   CPU_WriteMem(4 bytes @ 0xE0002000)
T16F8 7313:545.382   CPU_ReadMem(4 bytes @ 0xE000EDFC)
T16F8 7313:545.860   CPU_ReadMem(4 bytes @ 0xE0001000)
T16F8 7313:546.380 - 24.528ms
T16F8 7313:553.168 JLINK_JTAG_GetDeviceID(DeviceIndex = 0)
T16F8 7313:553.193 - 0.031ms returns 0
T16F8 7313:553.209 JLINK_ReadMemU32(0x400E0740, 0x1 Items)
T16F8 7313:553.291   CPU_ReadMem(4 bytes @ 0x400E0740)
T16F8 7313:554.060   Data:  E1 09 8B 28
T16F8 7313:554.090 - 0.884ms returns 1 (0x1)
T16F8 7313:554.142 JLINK_ReadMemU32(0x400E0744, 0x1 Items)
T16F8 7313:554.160   CPU_ReadMem(4 bytes @ 0x400E0744)
T16F8 7313:554.645   Data:  00 00 00 00
T16F8 7313:554.677 - 0.540ms returns 1 (0x1)
T16F8 7313:554.867 JLINK_BeginDownload(Flags = 0x00000000)
T16F8 7313:554.885 - 0.022ms
T16F8 7313:554.918 JLINK_WriteMem(0x400E0A04, 0x4 Bytes, ...)
T16F8 7313:554.929   Data:  05 00 00 5A
T16F8 7313:554.959   CPU_WriteMem(4 bytes @ 0x400E0A04)
T16F8 7313:555.492 - 0.594ms returns 0x4
T16F8 7313:555.580 JLINK_EndDownload()
T16F8 7313:555.595 - 0.020ms returns 0 (0x0)
T16F8 7313:555.608 JLINK_ReadMemHW(0x400E0A08, 0x0004 Bytes, ...)
T16F8 7313:555.626   CPU_ReadMem(4 bytes @ 0x400E0A08)
T16F8 7313:556.062   Data:  00 00 00 00
T16F8 7313:556.083 - 0.478ms returns 0
T16F8 7313:562.537 JLINK_ReadMemHW(0x400E0A08, 0x0004 Bytes, ...)
T16F8 7313:562.597   CPU_ReadMem(4 bytes @ 0x400E0A08)
T16F8 7313:563.120   Data:  00 00 00 00
T16F8 7313:563.147 - 0.615ms returns 0
T0F24 7313:565.810 JLINK_IsHalted()
T0F24 7313:565.852 - 0.048ms returns TRUE
T0F24 7313:565.869 JLINK_GetMOEs(...)
T0F24 7313:565.888   CPU_ReadMem(4 bytes @ 0xE000ED30)
T0F24 7313:566.427 - 0.634ms returns 0x01
T0F24 7313:566.519 JLINK_ReadReg(R15 (PC))
T0F24 7313:566.535 - 0.021ms returns 0x004032C0
T16F8 7313:571.189 JLINK_ReadMemHW(0x400E0A08, 0x0004 Bytes, ...)
T16F8 7313:571.252   CPU_ReadMem(4 bytes @ 0x400E0A08)
T16F8 7313:571.860   Data:  00 00 00 00
T16F8 7313:571.898 - 0.714ms returns 0
T16F8 7313:593.921 JLINK_ReadMemHW(0x400E0A08, 0x0004 Bytes, ...)
T16F8 7313:593.972   CPU_ReadMem(4 bytes @ 0x400E0A08)
T16F8 7313:594.508   Data:  00 00 00 00
T16F8 7313:594.528 - 0.612ms returns 0
T16F8 7313:659.542 JLINK_ReadMemHW(0x400E0A08, 0x0004 Bytes, ...)
T16F8 7313:659.622   CPU_ReadMem(4 bytes @ 0x400E0A08)
T16F8 7313:660.397   Data:  00 00 00 00
T16F8 7313:660.437 - 0.903ms returns 0
T0F24 7313:770.570 JLINK_IsHalted()
T0F24 7313:770.637 - 0.076ms returns TRUE
T16F8 7313:918.117 JLINK_ReadMemHW(0x400E0A08, 0x0004 Bytes, ...)
T16F8 7313:918.193   CPU_ReadMem(4 bytes @ 0x400E0A08)
T16F8 7313:918.712   Data:  00 00 00 00
T16F8 7313:918.766 - 0.655ms returns 0
T0F24 7313:970.757 JLINK_IsHalted()
T0F24 7313:970.796 - 0.042ms returns TRUE
T0F24 7314:171.157 JLINK_IsHalted()
T0F24 7314:171.958 - 0.899ms returns TRUE
T0F24 7314:374.792 JLINK_IsHalted()
T0F24 7314:374.830 - 0.042ms returns TRUE
T0F24 7314:577.063 JLINK_IsHalted()
T0F24 7314:577.102 - 0.043ms returns TRUE
T0F24 7314:777.725 JLINK_IsHalted()
T0F24 7314:778.892 - 1.251ms returns TRUE
T16F8 7314:927.177 JLINK_ReadMemHW(0x400E0A08, 0x0004 Bytes, ...)
T16F8 7314:927.325   CPU_ReadMem(4 bytes @ 0x400E0A08)
T16F8 7314:928.787   Data:  01 00 00 00
T16F8 7314:928.887 - 1.728ms returns 0
T0F24 7314:979.445 JLINK_IsHalted()
T0F24 7314:979.538 - 0.106ms returns TRUE
T16F8 7314:997.462 JLINK_ResetPullsRESET(ON)
T16F8 7314:997.569 - 0.119ms
T16F8 7314:997.602 JLINK_ResetNoHalt()
T16F8 7315:002.530   Found SW-DP with ID 0x2BA01477
T16F8 7315:021.848   DPIDR: 0x2BA01477
T16F8 7315:022.065   CoreSight SoC-400 or earlier
T16F8 7315:022.337   AP map detection skipped. Manually configured AP map found.
T16F8 7315:022.540   AP[0]: AHB-AP (IDR: Not set)
T16F8 7315:024.419   AP[0]: Core found
T16F8 7315:024.631   AP[0]: AHB-AP ROM base: 0xE00FF000
T16F8 7315:025.688   CPUID register: 0x410FC241. Implementer code: 0x41 (ARM)
T16F8 7315:025.866   Found Cortex-M4 r0p1, Little endian.
T16F8 7315:127.367   -- Max. mem block: 0x000012B8
T16F8 7315:127.426   CPU_ReadMem(4 bytes @ 0xE000EDF0)
T16F8 7315:128.298   CPU_ReadMem(4 bytes @ 0xE0002000)
T16F8 7315:129.344   FPUnit: 6 code (BP) slots and 2 literal slots
T16F8 7315:129.401   CPU_ReadMem(4 bytes @ 0xE000EDFC)
T16F8 7315:130.247   CPU_ReadMem(4 bytes @ 0xE0001000)
T16F8 7315:130.908   CPU_WriteMem(4 bytes @ 0xE0001000)
T16F8 7315:131.496   CPU_ReadMem(4 bytes @ 0xE000ED88)
T16F8 7315:132.072   CPU_WriteMem(4 bytes @ 0xE000ED88)
T16F8 7315:132.761   CPU_ReadMem(4 bytes @ 0xE000ED88)
T16F8 7315:133.301   CPU_WriteMem(4 bytes @ 0xE000ED88)
T16F8 7315:134.078   CoreSight components:
T16F8 7315:134.200   ROMTbl[0] @ E00FF000
T16F8 7315:134.229   CPU_ReadMem(64 bytes @ 0xE00FF000)
T16F8 7315:135.148   CPU_ReadMem(32 bytes @ 0xE000EFE0)
T16F8 7315:136.673   [0][0]: E000E000 CID B105E00D PID 000BB000 SCS
T16F8 7315:136.707   CPU_ReadMem(32 bytes @ 0xE0001FE0)
T16F8 7315:137.692   [0][1]: E0001000 CID B105E00D PID 003BB002 DWT
T16F8 7315:137.722   CPU_ReadMem(32 bytes @ 0xE0002FE0)
T16F8 7315:139.002   [0][2]: E0002000 CID B105E00D PID 002BB003 FPB
T16F8 7315:139.081   CPU_ReadMem(32 bytes @ 0xE0000FE0)
T16F8 7315:140.589   [0][3]: E0000000 CID B105E00D PID 003BB001 ITM
T16F8 7315:140.657   CPU_ReadMem(32 bytes @ 0xE0040FE0)
T16F8 7315:142.320   [0][4]: E0040000 CID B105900D PID 000BB9A1 TPIU
T16F8 7315:142.388   JLINK_Reset()
T16F8 7315:142.418     CPU_ReadMem(16 bytes @ 0x20000000)
T16F8 7315:143.294     CPU_WriteMem(16 bytes @ 0x20000000)
T16F8 7315:144.044     CPU_ReadMem(4 bytes @ 0xE000EDFC)
T16F8 7315:144.583     CPU_WriteMem(4 bytes @ 0xE000EDFC)
T16F8 7315:145.207     CPU_ReadMem(4 bytes @ 0xE0001000)
T16F8 7315:145.799     CPU_WriteMem(4 bytes @ 0xE0001004)
T16F8 7315:163.292     CPU_WriteMem(4 bytes @ 0xE000EDFC)
T16F8 7315:163.906     CPU_WriteMem(16 bytes @ 0x20000000)
T16F8 7315:168.026     CPU_WriteMem(4 bytes @ 0xE0002000)
T16F8 7315:168.656     CPU_ReadMem(4 bytes @ 0xE000EDFC)
T16F8 7315:169.633     CPU_ReadMem(4 bytes @ 0xE0001000)
T16F8 7315:170.527   - 28.172ms
T16F8 7315:170.577   JLINK_Go()
T16F8 7315:170.600     CPU_ReadMem(4 bytes @ 0xE0001000)
T16F8 7315:171.217     CPU_WriteMem(4 bytes @ 0xE0001004)
T16F8 7315:173.031   - 2.490ms
T16F8 7315:173.076 - 175.479ms
T16F8 7315:182.950 JLINK_Close()
T16F8 7315:256.956 - 74.085ms
T16F8 7315:257.050   
T16F8 7315:257.076   Closed
