T23E8 11014:855 SEGGER J-Link V6.48a Log File (0000ms, 88174ms total)
T23E8 11014:855 DLL Compiled: Jul 30 2019 15:16:09 (0000ms, 88174ms total)
T23E8 11014:855 Logging started @ 2022-02-23 21:48 (0001ms, 88175ms total)
T23E8 11014:864 JLINK_ExecCommand("Device = AT91SAM4S4A", ...). Device "ATSAM4S4A" selected.  returns 0x00 (0001ms, 88176ms total)
T23E8 11014:865 JLINK_TIF_Select(JLINKARM_TIF_SWD)  returns 0x00 (0001ms, 88177ms total)
T23E8 11014:866 JLINK_SetSpeed(4000) (0000ms, 88177ms total)
T23E8 11014:866 JLINK_ResetPullsRESET(OFF) (0000ms, 88177ms total)
T23E8 11014:866 JLINK_Connect() >0x10B TIF>Found SW-DP with ID 0x2BA01477 >0x0D TIF> >0x28 TIF> >0x0D TIF> >0x28 TIF> >0x0D TIF> >0x28 TIF> >0x0D TIF> >0x28 TIF> >0x0D TIF> >0x21 TIF> >0x0D TIF> >0x28 TIF>Scanning AP map to find all available APs >0x0D TIF> >0x28 TIF> >0x0D TIF> >0x21 TIF> >0x0D TIF> >0x21 TIF> >0x0D TIF> >0x28 TIF> >0x0D TIF> >0x21 TIF> >0x0D TIF> >0x21 TIF>AP[1]: Stopped AP scan as end of AP map has been reachedAP[0]: AHB-AP (IDR: 0x24770011)
Iterating through AP map to find AHB-AP to use >0x42 TIF> >0x28 TIF> >0x0D TIF> >0x28 TIF> >0x0D TIF> >0x21 TIF> >0x0D TIF> >0x21 TIF> >0x42 TIF> >0x28 TIF> >0x0D TIF> >0x28 TIF> >0x0D TIF> >0x28 TIF> >0x0D TIF> >0x21 TIF> >0x0D TIF> >0x21 TIF>AP[0]: Core foundAP[0]: AHB-AP ROM base: 0xE00FF000 >0x0D TIF> >0x28 TIF> >0x0D TIF> >0x28 TIF> >0x0D TIF> >0x28 TIF> >0x0D TIF> >0x21 TIF> >0x0D TIF> >0x21 TIF>CPUID register: 0x410FC241. Implementer code: 0x41 (ARM)Found Cortex-M4 r0p1, Little endian.
 -- Max. mem block: 0x00002D80 -- CPU_ReadMem(4 bytes @ 0xE000EDF0) -- CPU_WriteMem(4 bytes @ 0xE000EDF0) -- CPU_ReadMem(4 bytes @ 0xE0002000)FPUnit: 6 code (BP) slots and 2 literal slots -- CPU_ReadMem(4 bytes @ 0xE000EDFC) -- CPU_WriteMem(4 bytes @ 0xE000EDFC) -- CPU_ReadMem(4 bytes @ 0xE0001000) -- CPU_WriteMem(4 bytes @ 0xE0001000) -- CPU_ReadMem(4 bytes @ 0xE000ED88) -- CPU_WriteMem(4 bytes @ 0xE000ED88) -- CPU_ReadMem(4 bytes @ 0xE000ED88) -- CPU_WriteMem(4 bytes @ 0xE000ED88)CoreSight components:
ROMTbl[0] @ E00FF000 -- CPU_ReadMem(16 bytes @ 0xE00FF000) -- CPU_ReadMem(16 bytes @ 0xE000EFF0) -- CPU_ReadMem(16 bytes @ 0xE000EFE0)ROMTbl[0][0]: E000E000, CID: B105E00D, PID: 000BB000 SCS -- CPU_ReadMem(16 bytes @ 0xE0001FF0) -- CPU_ReadMem(16 bytes @ 0xE0001FE0)ROMTbl[0][1]: E0001000, CID: B105E00D, PID: 003BB002 DWT -- CPU_ReadMem(16 bytes @ 0xE0002FF0) -- CPU_ReadMem(16 bytes @ 0xE0002FE0)ROMTbl[0][2]: E0002000, CID: B105E00D, PID: 002BB003 FPB -- CPU_ReadMem(16 bytes @ 0xE0000FF0)
 -- CPU_ReadMem(16 bytes @ 0xE0000FE0)ROMTbl[0][3]: E0000000, CID: B105E00D, PID: 003BB001 ITM -- CPU_ReadMem(16 bytes @ 0xE00FF010) -- CPU_ReadMem(16 bytes @ 0xE0040FF0) -- CPU_ReadMem(16 bytes @ 0xE0040FE0)ROMTbl[0][4]: E0040000, CID: B105900D, PID: 000BB9A1 TPIU  returns 0x00 (0126ms, 88303ms total)
T23E8 11014:993 JLINK_Halt()  returns 0x00 (0003ms, 88307ms total)
T23E8 11014:996 JLINK_BeginDownload(Flags = 0x00) (0000ms, 88307ms total)
T23E8 11014:996 JLINK_WriteMem(0x400E0A04, 0x0004 Bytes, ...) - Data: 0C 01 00 5A -- CPU_WriteMem(4 bytes @ 0x400E0A04)  returns 0x04 (0000ms, 88307ms total)
T23E8 11014:996 JLINK_EndDownload()  returns 0x00 (0000ms, 88307ms total)
T23E8 11014:996 JLINK_ReadMemHW(0x400E0A08, 0x0004 Bytes, ...) -- CPU_ReadMem(4 bytes @ 0x400E0A08) - Data: 01 00 00 00  returns 0x00 (0001ms, 88308ms total)
T23E8 11014:997 JLINK_SetResetType(JLINKARM_CM3_RESET_TYPE_NORMAL)  returns JLINKARM_CM3_RESET_TYPE_NORMAL (0000ms, 88308ms total)
T23E8 11014:997 JLINK_Reset() -- CPU_ReadMem(16 bytes @ 0x20000000) -- CPU_WriteMem(16 bytes @ 0x20000000) -- CPU_ReadMem(4 bytes @ 0xE000EDFC) -- CPU_WriteMem(4 bytes @ 0xE000EDFC) -- CPU_ReadMem(4 bytes @ 0xE0001000) -- CPU_WriteMem(4 bytes @ 0xE000EDFC) -- CPU_WriteMem(16 bytes @ 0x20000000) -- CPU_WriteMem(4 bytes @ 0xE0002000) -- CPU_ReadMem(4 bytes @ 0xE000EDFC) -- CPU_ReadMem(4 bytes @ 0xE0001000) (0023ms, 88331ms total)
T23E8 11015:021 JLINK_JTAG_GetDeviceID(DeviceIndex = 0)  returns 0x00 (0000ms, 88331ms total)
T23E8 11015:021 JLINK_ReadMemU32(0x400E0740, 0x0001 Items, ...) -- CPU_ReadMem(4 bytes @ 0x400E0740) - Data: E1 09 8B 28  returns 1 (0000ms, 88331ms total)
T23E8 11015:021 JLINK_ReadMemU32(0x400E0744, 0x0001 Items, ...) -- CPU_ReadMem(4 bytes @ 0x400E0744) - Data: 00 00 00 00  returns 1 (0001ms, 88332ms total)
T0630 11015:030 JLINK_IsHalted()  returns TRUE (0000ms, 88332ms total)
T0630 11015:030 JLINK_GetMOEs(...) -- CPU_ReadMem(4 bytes @ 0xE000ED30)  returns 0x01 (0000ms, 88332ms total)
T0630 11015:030 JLINK_ReadReg(R15 (PC))  returns 0x0080004C (0000ms, 88332ms total)
T23E8 11015:036 JLINK_BeginDownload(Flags = 0x00) (0000ms, 88332ms total)
T23E8 11015:036 JLINK_WriteMem(0x00400000, 0x4000 Bytes, ...) - Data: 58 3D 00 20 69 2C 40 00 65 2C 40 00 65 2C 40 00 ... -- Read from flash cache (16384 bytes @ 0x00400000)  returns 0x4000 (0001ms, 88333ms total)
T23E8 11015:037 JLINK_WriteMem(0x00404000, 0x4AEC Bytes, ...) - Data: 03 35 3F F4 FD AE 10 46 19 46 22 E7 50 EA 41 06 ... -- Read from flash cache (19180 bytes @ 0x00404000)  returns 0x4AEC (0000ms, 88333ms total)
T23E8 11015:037 JLINK_WriteMem(0x00408AEC, 0x0008 Bytes, ...) - Data: 24 FA FF 7F 01 00 00 00  returns 0x08 (0000ms, 88333ms total)
T23E8 11015:037 JLINK_WriteMem(0x00408AF4, 0x0A60 Bytes, ...) - Data: 39 01 40 00 85 01 40 00 B9 01 40 00 B5 01 40 00 ... -- Read from flash cache (2656 bytes @ 0x00408AF4)  returns 0xA60 (0000ms, 88333ms total)
T23E8 11015:042 JLINK_EndDownload() -- CPU_ReadMem(4 bytes @ 0xE000ED90) -- CPU_ReadMem(4 bytes @ 0xE000ED94) -- -------------------------------------- -- Start of determining dirty areas in flash cache -- End of determining dirty areas -- Start of preparing flash programming -- Calculating RAM usage -- RAM usage = 3924 Bytes -- Preserving CPU registers -- Preparing memory -- Preparing target -- Downloading RAMCode -- Checking target RAM -- Preparing RAMCode -- End of preparing flash programming
 -- CPU is running at 90000 kHz. -- Start of comparing flash -- CRC check was estimated as fastest method -- Comparing range 0x400000 - 0x403FFF (32 Sectors, 16 KB), using multi-block CRC calculation -- CRC does not match for sectors 0-31 -- Comparing range 0x404000 - 0x409FFF (6 Sectors, 24 KB), using multi-block CRC calculation -- CRC does not match for sectors 0-5 -- End of comparing flash -- Start of erasing sectors -- End of erasing sectors -- Start of flash programming
 -- Programming range 0x00400000 - 0x00403FFF ( 32 Sectors, 16 KB) -- Programming range 0x00404000 - 0x00409FFF (  6 Sectors, 24 KB) -- End of flash programming -- 0x400000 - 0x403FFF ( 32 Sectors, 16 KB) -- 0x404000 - 0x409FFF (  6 Sectors, 24 KB) -- Start of verifying flash -- Checksum calculation was estimated as fastest method -- Checksum calculation was estimated as fastest method -- End of verifying flash -- Start of restoring -- Restoring RAMCode -- Restore target -- Restore memory
 -- Restoring CPU registers -- End of restoring -- Bank 0 @ 0x00400000: 2 ranges affected (40960 bytes) -- Total time needed: 0.495s (Prepare: 0.186s, Compare: 0.008s, Erase: 0.000s, Program: 0.241s, Verify: 0.002s, Restore: 0.055s)  returns 0xA000 (0498ms, 88831ms total)
T4530 11015:540 JLINK_EMU_GetList(InterfaceMask = 0x00000001, MaxInfos = 0x00000032) [0]: USB, S/N: 801030912  returns 0x01 (0001ms, 88832ms total)
T23E8 11015:541 JLINK_SetResetType(JLINKARM_CM3_RESET_TYPE_NORMAL)  returns JLINKARM_CM3_RESET_TYPE_NORMAL (0000ms, 88832ms total)
T23E8 11015:541 JLINK_Reset() -- CPU_ReadMem(16 bytes @ 0x20000000) -- CPU_WriteMem(16 bytes @ 0x20000000) -- CPU_ReadMem(4 bytes @ 0xE000EDFC) -- CPU_WriteMem(4 bytes @ 0xE000EDFC) -- CPU_ReadMem(4 bytes @ 0xE0001000) -- CPU_WriteMem(4 bytes @ 0xE000EDFC) -- CPU_WriteMem(16 bytes @ 0x20000000) -- CPU_WriteMem(4 bytes @ 0xE0002000) -- CPU_ReadMem(4 bytes @ 0xE000EDFC) -- CPU_ReadMem(4 bytes @ 0xE0001000) (0024ms, 88856ms total)
T4530 11015:565 JLINK_EMU_GetList(InterfaceMask = 0x00000002, MaxInfos = 0x00000032)   returns 0x00 (0046ms, 88902ms total)
T0630 11015:630 JLINK_IsHalted()  returns TRUE (0000ms, 88902ms total)
T33EC 11015:668 JLINK_Halt()  returns 0x00 (0000ms, 88902ms total)
T33EC 11015:668 JLINK_ReadReg(R15 (PC))  returns 0x00402C68 (0000ms, 88902ms total)
T33EC 11015:668 JLINK_ReadReg(R13 (SP))  returns 0x20003D58 (0000ms, 88902ms total)
T33EC 11015:671 JLINK_ReadMemHW(0x00402C68, 0x0004 Bytes, ...) -- CPU_ReadMem(4 bytes @ 0x00402C68) - Data: 08 B5 21 4B  returns 0x00 (0001ms, 88903ms total)
T33EC 11015:672 JLINK_ReadReg(R0)  returns 0x400E1400 (0000ms, 88903ms total)
T33EC 11015:672 JLINK_ReadReg(R1)  returns 0x40C00000 (0000ms, 88903ms total)
T33EC 11015:672 JLINK_ReadReg(R2)  returns 0xA5000005 (0000ms, 88903ms total)
T33EC 11015:672 JLINK_ReadReg(R3)  returns 0x400E0000 (0000ms, 88903ms total)
T33EC 11015:672 JLINK_ReadReg(R4)  returns 0x2000001C (0000ms, 88903ms total)
T33EC 11015:672 JLINK_ReadReg(R5)  returns 0x20000004 (0000ms, 88903ms total)
T33EC 11015:672 JLINK_ReadReg(R6)  returns 0x20000000 (0000ms, 88903ms total)
T33EC 11015:672 JLINK_ReadReg(R7)  returns 0x00800715 (0000ms, 88903ms total)
T33EC 11015:672 JLINK_ReadReg(R8)  returns 0x00800707 (0000ms, 88903ms total)
T33EC 11015:672 JLINK_ReadReg(R9)  returns 0x2000003C (0000ms, 88903ms total)
T33EC 11015:672 JLINK_ReadReg(R10)  returns 0x008011F0 (0000ms, 88903ms total)
T33EC 11015:672 JLINK_ReadReg(R11)  returns 0x00000001 (0000ms, 88903ms total)
T33EC 11015:672 JLINK_ReadReg(R12)  returns 0x00370028 (0000ms, 88903ms total)
T33EC 11015:672 JLINK_ReadReg(R13 (SP))  returns 0x20003D58 (0000ms, 88903ms total)
T33EC 11015:672 JLINK_ReadReg(R14)  returns 0xFFFFFFFF (0000ms, 88903ms total)
T33EC 11015:672 JLINK_ReadReg(R15 (PC))  returns 0x00402C68 (0000ms, 88903ms total)
T33EC 11015:672 JLINK_ReadReg(XPSR)  returns 0x01000000 (0000ms, 88903ms total)
T33EC 11015:672 JLINK_ReadReg(MSP)  returns 0x20003D58 (0000ms, 88903ms total)
T33EC 11015:672 JLINK_ReadReg(PSP)  returns 0x4E2FEDE0 (0000ms, 88903ms total)
T33EC 11015:672 JLINK_ReadReg(PRIMASK)  returns 0x00000000 (0000ms, 88903ms total)
T33EC 11015:672 JLINK_ReadReg(BASEPRI)  returns 0x00000000 (0000ms, 88903ms total)
T33EC 11015:672 JLINK_ReadReg(FAULTMASK)  returns 0x00000000 (0001ms, 88904ms total)
T33EC 11015:673 JLINK_ReadReg(CONTROL)  returns 0x00000000 (0000ms, 88904ms total)
T33EC 11015:673 JLINK_ReadMemHW(0x00402C68, 0x0002 Bytes, ...) -- CPU_ReadMem(2 bytes @ 0x00402C68) - Data: 08 B5  returns 0x00 (0000ms, 88904ms total)
T33EC 11015:713 JLINK_ReadReg(R0)  returns 0x400E1400 (0000ms, 88904ms total)
T33EC 11015:713 JLINK_ReadReg(R1)  returns 0x40C00000 (0000ms, 88904ms total)
T33EC 11015:713 JLINK_ReadReg(R2)  returns 0xA5000005 (0000ms, 88904ms total)
T33EC 11015:713 JLINK_ReadReg(R3)  returns 0x400E0000 (0000ms, 88904ms total)
T33EC 11015:713 JLINK_ReadReg(R4)  returns 0x2000001C (0000ms, 88904ms total)
T33EC 11015:713 JLINK_ReadReg(R5)  returns 0x20000004 (0000ms, 88904ms total)
T33EC 11015:713 JLINK_ReadReg(R6)  returns 0x20000000 (0000ms, 88904ms total)
T33EC 11015:713 JLINK_ReadReg(R7)  returns 0x00800715 (0001ms, 88905ms total)
T33EC 11015:714 JLINK_ReadReg(R8)  returns 0x00800707 (0000ms, 88905ms total)
T33EC 11015:714 JLINK_ReadReg(R9)  returns 0x2000003C (0000ms, 88905ms total)
T33EC 11015:714 JLINK_ReadReg(R10)  returns 0x008011F0 (0000ms, 88905ms total)
T33EC 11015:714 JLINK_ReadReg(R11)  returns 0x00000001 (0000ms, 88905ms total)
T33EC 11015:714 JLINK_ReadReg(R12)  returns 0x00370028 (0000ms, 88905ms total)
T33EC 11015:714 JLINK_ReadReg(R13 (SP))  returns 0x20003D58 (0000ms, 88905ms total)
T33EC 11015:714 JLINK_ReadReg(R14)  returns 0xFFFFFFFF (0000ms, 88905ms total)
T33EC 11015:714 JLINK_ReadReg(R15 (PC))  returns 0x00402C68 (0000ms, 88905ms total)
T33EC 11015:714 JLINK_ReadReg(XPSR)  returns 0x01000000 (0000ms, 88905ms total)
T33EC 11015:714 JLINK_ReadReg(MSP)  returns 0x20003D58 (0000ms, 88905ms total)
T33EC 11015:714 JLINK_ReadReg(PSP)  returns 0x4E2FEDE0 (0000ms, 88905ms total)
T33EC 11015:714 JLINK_ReadReg(PRIMASK)  returns 0x00000000 (0000ms, 88905ms total)
T33EC 11015:714 JLINK_ReadReg(BASEPRI)  returns 0x00000000 (0000ms, 88905ms total)
T33EC 11015:714 JLINK_ReadReg(FAULTMASK)  returns 0x00000000 (0000ms, 88905ms total)
T33EC 11015:714 JLINK_ReadReg(CONTROL)  returns 0x00000000 (0000ms, 88905ms total)
T33EC 11015:719 JLINK_ReadMemHW(0x00402C68, 0x0004 Bytes, ...) -- CPU_ReadMem(4 bytes @ 0x00402C68) - Data: 08 B5 21 4B  returns 0x00 (0001ms, 88906ms total)
T33EC 11015:740 JLINK_ReadMemHW(0x00403272, 0x0002 Bytes, ...) -- CPU_ReadMem(2 bytes @ 0x00403272) - Data: 00 21  returns 0x00 (0000ms, 88906ms total)
T33EC 11015:741 JLINK_ReadMemHW(0x004032F6, 0x0002 Bytes, ...) -- CPU_ReadMem(2 bytes @ 0x004032F6) - Data: 01 38  returns 0x00 (0000ms, 88906ms total)
T23E8 11015:759 JLINK_GetNumBPUnits(Type = 0xFFFFFF02)  returns 0x06 (0000ms, 88906ms total)
T23E8 11015:759 JLINK_SetBPEx(Addr = 0x004032F6, Type = 0xFFFFFFF2)  returns 0x00000001 (0000ms, 88906ms total)
T23E8 11015:759 JLINK_GetBPInfo(BPHandle = 1)  returns 0x00 (0000ms, 88906ms total)
T33EC 11015:773 JLINK_SetResetType(JLINKARM_CM3_RESET_TYPE_NORMAL)  returns JLINKARM_CM3_RESET_TYPE_NORMAL (0000ms, 88906ms total)
T33EC 11015:773 JLINK_Reset() -- CPU_ReadMem(16 bytes @ 0x20000000) -- CPU_WriteMem(16 bytes @ 0x20000000) -- CPU_ReadMem(4 bytes @ 0xE000EDFC) -- CPU_WriteMem(4 bytes @ 0xE000EDFC) -- CPU_ReadMem(4 bytes @ 0xE0001000) -- CPU_WriteMem(4 bytes @ 0xE0001004) -- CPU_WriteMem(4 bytes @ 0xE000EDFC) -- CPU_WriteMem(16 bytes @ 0x20000000) -- CPU_WriteMem(4 bytes @ 0xE0002000) -- CPU_ReadMem(4 bytes @ 0xE000EDFC) -- CPU_ReadMem(4 bytes @ 0xE0001000) (0023ms, 88929ms total)
T0630 11015:796 JLINK_IsHalted()  returns TRUE (0000ms, 88929ms total)
T0630 11015:796 JLINK_GetMOEs(...) -- CPU_ReadMem(4 bytes @ 0xE000ED30)  returns 0x01 (0000ms, 88929ms total)
T0630 11015:796 JLINK_ReadReg(R15 (PC))  returns 0x00402C68 (0000ms, 88929ms total)
T33EC 11015:806 JLINK_ReadReg(R15 (PC))  returns 0x00402C68 (0000ms, 88929ms total)
T33EC 11015:806 JLINK_ReadReg(R13 (SP))  returns 0x20003D58 (0000ms, 88929ms total)
T33EC 11015:806 JLINK_ReadMemHW(0x00402C68, 0x0004 Bytes, ...) -- CPU_ReadMem(4 bytes @ 0x00402C68) - Data: 08 B5 21 4B  returns 0x00 (0000ms, 88929ms total)
T33EC 11015:842 JLINK_ReadMemHW(0x00403374, 0x0001 Bytes, ...) -- CPU_ReadMem(1 bytes @ 0x00403374) - Data: 08  returns 0x00 (0000ms, 88929ms total)
T33EC 11015:874 JLINK_ReadReg(R15 (PC))  returns 0x00402C68 (0000ms, 88929ms total)
T33EC 11015:874 JLINK_SetBPEx(Addr = 0x00403374, Type = 0xFFFFFFF2)  returns 0x00000002 (0000ms, 88929ms total)
T33EC 11015:874 JLINK_GetBPInfo(BPHandle = 2)  returns 0x00 (0000ms, 88929ms total)
T33EC 11015:874 JLINK_Go() -- CPU_WriteMem(4 bytes @ 0xE0002000) -- CPU_WriteMem(4 bytes @ 0xE0002000) -- CPU_ReadMem(4 bytes @ 0xE0001000) -- CPU_WriteMem(4 bytes @ 0xE000ED30) -- CPU_WriteMem(4 bytes @ 0xE0002008) -- CPU_WriteMem(4 bytes @ 0xE000200C) -- CPU_WriteMem(4 bytes @ 0xE0002010) -- CPU_WriteMem(4 bytes @ 0xE0002014) -- CPU_WriteMem(4 bytes @ 0xE0002018) -- CPU_WriteMem(4 bytes @ 0xE000201C) -- CPU_WriteMem(4 bytes @ 0xE0001004) (0004ms, 88933ms total)
T0630 11015:878 JLINK_IsHalted()  returns FALSE (0001ms, 88934ms total)
T0630 11015:899 JLINK_IsHalted()  returns TRUE (0003ms, 88936ms total)
T0630 11015:902 JLINK_GetMOEs(...) -- CPU_ReadMem(4 bytes @ 0xE000ED30)  returns 0x01 (0000ms, 88933ms total)
T0630 11015:902 JLINK_ReadReg(R15 (PC))  returns 0x00403374 (0000ms, 88933ms total)
T33EC 11015:909 JLINK_ReadReg(R15 (PC))  returns 0x00403374 (0000ms, 88933ms total)
T33EC 11015:909 JLINK_ReadReg(R13 (SP))  returns 0x20003D50 (0000ms, 88933ms total)
T33EC 11015:909 JLINK_ReadMemHW(0x00403374, 0x0004 Bytes, ...) -- CPU_ReadMem(4 bytes @ 0x00403374) - Data: 08 B5 06 4B  returns 0x00 (0000ms, 88933ms total)
T33EC 11015:921 JLINK_WriteU32(0xE000EDFC, 0x01000000) -- CPU_WriteMem(4 bytes @ 0xE000EDFC)  returns 0 (0000ms, 88933ms total)
T33EC 11015:921 JLINK_ReadMem (0xE0001000, 0x0004 Bytes, ...) -- CPU_ReadMem(4 bytes @ 0xE0001000) - Data: 01 00 00 40  returns 0x00 (0001ms, 88934ms total)
T33EC 11015:922 JLINK_WriteU32(0xE0001000, 0x40000001)  returns 0 (0000ms, 88934ms total)
T33EC 11015:922 JLINK_WriteU32(0xE0001028, 0x00000100)  returns 0 (0000ms, 88934ms total)
T33EC 11015:922 JLINK_ReadMem (0xE0001028, 0x0004 Bytes, ...) -- CPU_WriteMem(4 bytes @ 0xE0001028) -- CPU_ReadMem(4 bytes @ 0xE0001028) - Data: 00 00 00 00  returns 0x00 (0001ms, 88935ms total)
T33EC 11015:923 JLINK_WriteU32(0xE0001024, 0x0000001F)  returns 0 (0000ms, 88935ms total)
T33EC 11015:923 JLINK_ReadMem (0xE0001024, 0x0004 Bytes, ...) -- CPU_WriteMem(4 bytes @ 0xE0001024) -- CPU_ReadMem(4 bytes @ 0xE0001024) - Data: 0F 00 00 00  returns 0x00 (0001ms, 88936ms total)
T33EC 11015:924 JLINK_WriteU32(0xE0001038, 0x00000100)  returns 0 (0000ms, 88936ms total)
T33EC 11015:924 JLINK_ReadMem (0xE0001038, 0x0004 Bytes, ...) -- CPU_WriteMem(4 bytes @ 0xE0001038) -- CPU_ReadMem(4 bytes @ 0xE0001038) - Data: 00 03 00 00  returns 0x00 (0000ms, 88936ms total)
T33EC 11015:925 JLINK_WriteU32(0xE0001034, 0x0000001F)  returns 0 (0000ms, 88936ms total)
T33EC 11015:925 JLINK_ReadMem (0xE0001034, 0x0004 Bytes, ...) -- CPU_WriteMem(4 bytes @ 0xE0001034) -- CPU_ReadMem(4 bytes @ 0xE0001034) - Data: 0F 00 00 00  returns 0x00 (0000ms, 88936ms total)
T33EC 11015:925 JLINK_WriteU32(0xE0001048, 0x00000100)  returns 0 (0000ms, 88936ms total)
T33EC 11015:925 JLINK_ReadMem (0xE0001048, 0x0004 Bytes, ...) -- CPU_WriteMem(4 bytes @ 0xE0001048) -- CPU_ReadMem(4 bytes @ 0xE0001048) - Data: 00 00 00 00  returns 0x00 (0001ms, 88937ms total)
T33EC 11015:926 JLINK_WriteU32(0xE0001044, 0x0000001F)  returns 0 (0000ms, 88937ms total)
T33EC 11015:926 JLINK_ReadMem (0xE0001044, 0x0004 Bytes, ...) -- CPU_WriteMem(4 bytes @ 0xE0001044) -- CPU_ReadMem(4 bytes @ 0xE0001044) - Data: 0F 00 00 00  returns 0x00 (0001ms, 88938ms total)
T33EC 11015:927 JLINK_WriteU32(0xE0001058, 0x00000100)  returns 0 (0000ms, 88938ms total)
T33EC 11015:927 JLINK_ReadMem (0xE0001058, 0x0004 Bytes, ...) -- CPU_WriteMem(4 bytes @ 0xE0001058) -- CPU_ReadMem(4 bytes @ 0xE0001058) - Data: 00 00 00 00  returns 0x00 (0001ms, 88939ms total)
T33EC 11015:928 JLINK_WriteU32(0xE0001054, 0x0000001F)  returns 0 (0000ms, 88939ms total)
T33EC 11015:928 JLINK_ReadMem (0xE0001054, 0x0004 Bytes, ...) -- CPU_WriteMem(4 bytes @ 0xE0001054) -- CPU_ReadMem(4 bytes @ 0xE0001054) - Data: 0F 00 00 00  returns 0x00 (0001ms, 88940ms total)
T33EC 11015:929 JLINK_WriteU32(0xE0001020, 0x00000000)  returns 0 (0000ms, 88940ms total)
T33EC 11015:929 JLINK_WriteU32(0xE0001024, 0x00000000)  returns 0 (0000ms, 88940ms total)
T33EC 11015:929 JLINK_WriteU32(0xE0001028, 0x00000000)  returns 0 (0000ms, 88940ms total)
T33EC 11015:929 JLINK_WriteU32(0xE0001030, 0x00000000)  returns 0 (0000ms, 88940ms total)
T33EC 11015:929 JLINK_WriteU32(0xE0001034, 0x00000000)  returns 0 (0000ms, 88940ms total)
T33EC 11015:929 JLINK_WriteU32(0xE0001038, 0x00000000)  returns 0 (0000ms, 88940ms total)
T33EC 11015:929 JLINK_WriteU32(0xE0001040, 0x00000000)  returns 0 (0000ms, 88940ms total)
T33EC 11015:929 JLINK_WriteU32(0xE0001044, 0x00000000)  returns 0 (0000ms, 88940ms total)
T33EC 11015:929 JLINK_WriteU32(0xE0001048, 0x00000000)  returns 0 (0000ms, 88940ms total)
T33EC 11015:929 JLINK_WriteU32(0xE0001050, 0x00000000)  returns 0 (0000ms, 88940ms total)
T33EC 11015:929 JLINK_WriteU32(0xE0001054, 0x00000000)  returns 0 (0000ms, 88940ms total)
T33EC 11015:929 JLINK_WriteU32(0xE0001058, 0x00000000)  returns 0 (0000ms, 88940ms total)
T33EC 11015:929 JLINK_GetBPInfo(BPHandle = 2)  returns 0x00 (0000ms, 88940ms total)
T33EC 11015:929 JLINK_ClrBPEx(BPHandle = 0x00000002)  returns 0x00 (0000ms, 88940ms total)
T33EC 11015:929 JLINK_ReadReg(R15 (PC))  returns 0x00403374 (0000ms, 88940ms total)
T33EC 11015:929 JLINK_Go() -- CPU_WriteMem(4 bytes @ 0xE0002000) -- CPU_WriteMem(4 bytes @ 0xE0001000) -- CPU_ReadMem(4 bytes @ 0xE0001000) -- CPU_WriteMem(4 bytes @ 0xE000ED30) -- CPU_WriteMem(4 bytes @ 0xE0001020) -- CPU_WriteMem(4 bytes @ 0xE0001030) -- CPU_WriteMem(4 bytes @ 0xE0001040) -- CPU_WriteMem(4 bytes @ 0xE0001050) -- CPU_WriteMem(4 bytes @ 0xE0001024) -- CPU_WriteMem(4 bytes @ 0xE0001034) -- CPU_WriteMem(4 bytes @ 0xE0001044) -- CPU_WriteMem(4 bytes @ 0xE0001054)
 -- CPU_WriteMem(4 bytes @ 0xE0001028) -- CPU_WriteMem(4 bytes @ 0xE0001038) -- CPU_WriteMem(4 bytes @ 0xE0001048) -- CPU_WriteMem(4 bytes @ 0xE0001058) -- CPU_WriteMem(4 bytes @ 0xE000200C) (0006ms, 88946ms total)
T0630 11015:935 JLINK_IsHalted()  returns FALSE (0000ms, 88946ms total)
T0630 11015:975 JLINK_IsHalted()  returns FALSE (0000ms, 88946ms total)
T0630 11016:135 JLINK_IsHalted()  returns FALSE (0000ms, 88946ms total)
T0630 11016:335 JLINK_IsHalted()  returns FALSE (0000ms, 88946ms total)
T0630 11016:535 JLINK_IsHalted()  returns FALSE (0000ms, 88946ms total)
T0630 11016:735 JLINK_IsHalted()  returns FALSE (0000ms, 88946ms total)
T0630 11016:935 JLINK_IsHalted()  returns FALSE (0000ms, 88946ms total)
T0630 11017:135 JLINK_IsHalted()  returns FALSE (0000ms, 88946ms total)
T0630 11017:335 JLINK_IsHalted()  returns FALSE (0000ms, 88946ms total)
T0630 11017:535 JLINK_IsHalted()  returns FALSE (0000ms, 88946ms total)
T0630 11017:735 JLINK_IsHalted()  returns FALSE (0000ms, 88946ms total)
T4530 11017:841 JLINK_EMU_GetList(InterfaceMask = 0x00000001, MaxInfos = 0x00000032) [0]: USB, S/N: 801030912  returns 0x01 (0001ms, 88947ms total)
T4530 11017:842 JLINK_EMU_GetList(InterfaceMask = 0x00000002, MaxInfos = 0x00000032)   returns 0x00 (0047ms, 88994ms total)
T0630 11017:936 JLINK_IsHalted()  returns FALSE (0000ms, 88994ms total)
T0630 11018:136 JLINK_IsHalted()  returns FALSE (0000ms, 88994ms total)
T0630 11018:336 JLINK_IsHalted()  returns FALSE (0000ms, 88994ms total)
T0630 11018:536 JLINK_IsHalted()  returns FALSE (0000ms, 88994ms total)
T0630 11018:736 JLINK_IsHalted()  returns FALSE (0000ms, 88994ms total)
T0630 11018:936 JLINK_IsHalted()  returns FALSE (0000ms, 88994ms total)
T0630 11019:136 JLINK_IsHalted()  returns FALSE (0000ms, 88994ms total)
T0630 11019:336 JLINK_IsHalted()  returns FALSE (0000ms, 88994ms total)
T0630 11019:536 JLINK_IsHalted()  returns FALSE (0000ms, 88994ms total)
T0630 11019:736 JLINK_IsHalted()  returns FALSE (0000ms, 88994ms total)
T0630 11019:936 JLINK_IsHalted()  returns FALSE (0000ms, 88994ms total)
T4530 11020:122 JLINK_EMU_GetList(InterfaceMask = 0x00000001, MaxInfos = 0x00000032) [0]: USB, S/N: 801030912  returns 0x01 (0001ms, 88995ms total)
T4530 11020:123 JLINK_EMU_GetList(InterfaceMask = 0x00000002, MaxInfos = 0x00000032)   returns 0x00 (0046ms, 89041ms total)
T0630 11020:169 JLINK_IsHalted()  returns FALSE (0000ms, 89041ms total)
T0630 11020:369 JLINK_IsHalted()  returns FALSE (0000ms, 89041ms total)
T0630 11020:569 JLINK_IsHalted()  returns FALSE (0000ms, 89041ms total)
T0630 11020:769 JLINK_IsHalted()  returns FALSE (0000ms, 89041ms total)
T0630 11020:969 JLINK_IsHalted()  returns FALSE (0000ms, 89041ms total)
T0630 11021:169 JLINK_IsHalted()  returns FALSE (0000ms, 89041ms total)
T0630 11021:369 JLINK_IsHalted()  returns FALSE (0000ms, 89041ms total)
T0630 11021:569 JLINK_IsHalted()  returns FALSE (0000ms, 89041ms total)
T0630 11021:770 JLINK_IsHalted()  returns FALSE (0000ms, 89041ms total)
T0630 11021:970 JLINK_IsHalted()  returns FALSE (0000ms, 89041ms total)
T0630 11022:170 JLINK_IsHalted()  returns FALSE (0000ms, 89041ms total)
T0630 11022:370 JLINK_IsHalted()  returns FALSE (0000ms, 89041ms total)
T4530 11022:403 JLINK_EMU_GetList(InterfaceMask = 0x00000001, MaxInfos = 0x00000032) [0]: USB, S/N: 801030912  returns 0x01 (0001ms, 89042ms total)
T4530 11022:404 JLINK_EMU_GetList(InterfaceMask = 0x00000002, MaxInfos = 0x00000032)   returns 0x00 (0046ms, 89088ms total)
T0630 11022:571 JLINK_IsHalted()  returns FALSE (0000ms, 89088ms total)
T0630 11022:771 JLINK_IsHalted()  returns FALSE (0000ms, 89088ms total)
T0630 11022:971 JLINK_IsHalted()  returns FALSE (0000ms, 89088ms total)
T0630 11023:171 JLINK_IsHalted()  returns FALSE (0000ms, 89088ms total)
T0630 11023:371 JLINK_IsHalted()  returns FALSE (0000ms, 89088ms total)
T0630 11023:571 JLINK_IsHalted()  returns FALSE (0000ms, 89088ms total)
T0630 11023:771 JLINK_IsHalted()  returns FALSE (0000ms, 89088ms total)
T0630 11023:971 JLINK_IsHalted()  returns FALSE (0000ms, 89088ms total)
T0630 11024:172 JLINK_IsHalted()  returns FALSE (0000ms, 89088ms total)
T0630 11024:372 JLINK_IsHalted()  returns FALSE (0000ms, 89088ms total)
T0630 11024:572 JLINK_IsHalted()  returns FALSE (0000ms, 89088ms total)
T4530 11024:685 JLINK_EMU_GetList(InterfaceMask = 0x00000001, MaxInfos = 0x00000032) [0]: USB, S/N: 801030912  returns 0x01 (0001ms, 89089ms total)
T4530 11024:686 JLINK_EMU_GetList(InterfaceMask = 0x00000002, MaxInfos = 0x00000032)   returns 0x00 (0046ms, 89135ms total)
T0630 11024:772 JLINK_IsHalted()  returns FALSE (0000ms, 89135ms total)
T0630 11024:972 JLINK_IsHalted()  returns FALSE (0000ms, 89135ms total)
T0630 11025:172 JLINK_IsHalted()  returns FALSE (0000ms, 89135ms total)
T0630 11025:372 JLINK_IsHalted()  returns FALSE (0000ms, 89135ms total)
T0630 11025:572 JLINK_IsHalted()  returns FALSE (0000ms, 89135ms total)
T0630 11025:772 JLINK_IsHalted()  returns FALSE (0000ms, 89135ms total)
T0630 11025:972 JLINK_IsHalted()  returns FALSE (0000ms, 89135ms total)
T0630 11026:172 JLINK_IsHalted()  returns FALSE (0000ms, 89135ms total)
T0630 11026:372 JLINK_IsHalted()  returns FALSE (0000ms, 89135ms total)
T0630 11026:572 JLINK_IsHalted()  returns FALSE (0000ms, 89135ms total)
T0630 11026:772 JLINK_IsHalted()  returns FALSE (0000ms, 89135ms total)
T4530 11026:966 JLINK_EMU_GetList(InterfaceMask = 0x00000001, MaxInfos = 0x00000032) [0]: USB, S/N: 801030912  returns 0x01 (0001ms, 89136ms total)
T4530 11026:967 JLINK_EMU_GetList(InterfaceMask = 0x00000002, MaxInfos = 0x00000032)   returns 0x00 (0046ms, 89182ms total)
T0630 11027:013 JLINK_IsHalted()  returns FALSE (0000ms, 89182ms total)
T0630 11027:213 JLINK_IsHalted()  returns FALSE (0000ms, 89182ms total)
T0630 11027:413 JLINK_IsHalted()  returns FALSE (0000ms, 89182ms total)
T0630 11027:613 JLINK_IsHalted()  returns FALSE (0000ms, 89182ms total)
T0630 11027:813 JLINK_IsHalted()  returns FALSE (0000ms, 89182ms total)
T0630 11028:013 JLINK_IsHalted()  returns FALSE (0000ms, 89182ms total)
T0630 11028:213 JLINK_IsHalted()  returns FALSE (0000ms, 89182ms total)
T0630 11028:413 JLINK_IsHalted()  returns FALSE (0000ms, 89182ms total)
T0630 11028:613 JLINK_IsHalted()  returns FALSE (0000ms, 89182ms total)
T0630 11028:813 JLINK_IsHalted()  returns FALSE (0000ms, 89182ms total)
T0630 11029:013 JLINK_IsHalted()  returns FALSE (0000ms, 89182ms total)
T0630 11029:214 JLINK_IsHalted()  returns FALSE (0000ms, 89182ms total)
T4530 11029:248 JLINK_EMU_GetList(InterfaceMask = 0x00000001, MaxInfos = 0x00000032) [0]: USB, S/N: 801030912  returns 0x01 (0001ms, 89183ms total)
T4530 11029:249 JLINK_EMU_GetList(InterfaceMask = 0x00000002, MaxInfos = 0x00000032)   returns 0x00 (0046ms, 89229ms total)
T0630 11029:414 JLINK_IsHalted()  returns FALSE (0000ms, 89229ms total)
T0630 11029:614 JLINK_IsHalted()  returns FALSE (0000ms, 89229ms total)
T0630 11029:814 JLINK_IsHalted()  returns FALSE (0000ms, 89229ms total)
T0630 11030:015 JLINK_IsHalted()  returns FALSE (0000ms, 89229ms total)
T0630 11030:215 JLINK_IsHalted()  returns FALSE (0000ms, 89229ms total)
T0630 11030:415 JLINK_IsHalted()  returns FALSE (0000ms, 89229ms total)
T0630 11030:615 JLINK_IsHalted()  returns FALSE (0000ms, 89229ms total)
T0630 11030:815 JLINK_IsHalted()  returns FALSE (0000ms, 89229ms total)
T0630 11031:015 JLINK_IsHalted()  returns FALSE (0000ms, 89229ms total)
T0630 11031:215 JLINK_IsHalted()  returns FALSE (0000ms, 89229ms total)
T0630 11031:415 JLINK_IsHalted()  returns FALSE (0000ms, 89229ms total)
T4530 11031:529 JLINK_EMU_GetList(InterfaceMask = 0x00000001, MaxInfos = 0x00000032) [0]: USB, S/N: 801030912  returns 0x01 (0001ms, 89230ms total)
T4530 11031:530 JLINK_EMU_GetList(InterfaceMask = 0x00000002, MaxInfos = 0x00000032)   returns 0x00 (0046ms, 89276ms total)
T0630 11031:615 JLINK_IsHalted()  returns FALSE (0000ms, 89276ms total)
T0630 11031:815 JLINK_IsHalted()  returns FALSE (0000ms, 89276ms total)
T0630 11032:015 JLINK_IsHalted()  returns FALSE (0000ms, 89276ms total)
T0630 11032:215 JLINK_IsHalted()  returns FALSE (0000ms, 89276ms total)
T0630 11032:415 JLINK_IsHalted()  returns FALSE (0000ms, 89276ms total)
T0630 11032:615 JLINK_IsHalted()  returns FALSE (0000ms, 89276ms total)
T0630 11032:815 JLINK_IsHalted()  returns FALSE (0000ms, 89276ms total)
T0630 11033:016 JLINK_IsHalted()  returns FALSE (0000ms, 89276ms total)
T0630 11033:216 JLINK_IsHalted()  returns FALSE (0000ms, 89276ms total)
T0630 11033:416 JLINK_IsHalted()  returns FALSE (0000ms, 89276ms total)
T0630 11033:616 JLINK_IsHalted()  returns FALSE (0000ms, 89276ms total)
T4530 11033:810 JLINK_EMU_GetList(InterfaceMask = 0x00000001, MaxInfos = 0x00000032) [0]: USB, S/N: 801030912  returns 0x01 (0000ms, 89276ms total)
T4530 11033:811 JLINK_EMU_GetList(InterfaceMask = 0x00000002, MaxInfos = 0x00000032)   returns 0x00 (0045ms, 89321ms total)
T0630 11033:856 JLINK_IsHalted()  returns FALSE (0000ms, 89321ms total)
T0630 11034:056 JLINK_IsHalted()  returns FALSE (0000ms, 89321ms total)
T0630 11034:256 JLINK_IsHalted()  returns FALSE (0000ms, 89321ms total)
T0630 11034:456 JLINK_IsHalted()  returns FALSE (0000ms, 89321ms total)
T0630 11034:656 JLINK_IsHalted()  returns FALSE (0000ms, 89321ms total)
T0630 11034:857 JLINK_IsHalted()  returns FALSE (0000ms, 89321ms total)
T0630 11035:058 JLINK_IsHalted()  returns FALSE (0000ms, 89321ms total)
T0630 11035:258 JLINK_IsHalted()  returns FALSE (0000ms, 89321ms total)
T0630 11035:458 JLINK_IsHalted()  returns FALSE (0000ms, 89321ms total)
T0630 11035:659 JLINK_IsHalted()  returns FALSE (0000ms, 89321ms total)
T0630 11035:859 JLINK_IsHalted()  returns FALSE (0000ms, 89321ms total)
T0630 11036:059 JLINK_IsHalted()  returns FALSE (0000ms, 89321ms total)
T4530 11036:092 JLINK_EMU_GetList(InterfaceMask = 0x00000001, MaxInfos = 0x00000032) [0]: USB, S/N: 801030912  returns 0x01 (0001ms, 89322ms total)
T4530 11036:093 JLINK_EMU_GetList(InterfaceMask = 0x00000002, MaxInfos = 0x00000032)   returns 0x00 (0046ms, 89368ms total)
T0630 11036:259 JLINK_IsHalted()  returns FALSE (0000ms, 89368ms total)
T0630 11036:459 JLINK_IsHalted()  returns FALSE (0000ms, 89368ms total)
T0630 11036:659 JLINK_IsHalted()  returns FALSE (0000ms, 89368ms total)
T0630 11036:859 JLINK_IsHalted()  returns FALSE (0000ms, 89368ms total)
T0630 11037:059 JLINK_IsHalted()  returns FALSE (0000ms, 89368ms total)
T0630 11037:259 JLINK_IsHalted()  returns FALSE (0000ms, 89368ms total)
T0630 11037:459 JLINK_IsHalted()  returns FALSE (0000ms, 89368ms total)
T0630 11037:659 JLINK_IsHalted()  returns FALSE (0000ms, 89368ms total)
T0630 11037:860 JLINK_IsHalted()  returns FALSE (0000ms, 89368ms total)
T0630 11038:060 JLINK_IsHalted()  returns FALSE (0000ms, 89368ms total)
T0630 11038:260 JLINK_IsHalted()  returns FALSE (0000ms, 89368ms total)
T4530 11038:372 JLINK_EMU_GetList(InterfaceMask = 0x00000001, MaxInfos = 0x00000032) [0]: USB, S/N: 801030912  returns 0x01 (0001ms, 89369ms total)
T4530 11038:373 JLINK_EMU_GetList(InterfaceMask = 0x00000002, MaxInfos = 0x00000032)   returns 0x00 (0046ms, 89415ms total)
T0630 11038:461 JLINK_IsHalted()  returns FALSE (0000ms, 89415ms total)
T0630 11038:661 JLINK_IsHalted()  returns FALSE (0000ms, 89415ms total)
T0630 11038:861 JLINK_IsHalted()  returns FALSE (0000ms, 89415ms total)
T0630 11039:061 JLINK_IsHalted()  returns FALSE (0000ms, 89415ms total)
T0630 11039:261 JLINK_IsHalted()  returns FALSE (0000ms, 89415ms total)
T0630 11039:461 JLINK_IsHalted()  returns FALSE (0000ms, 89415ms total)
T0630 11039:661 JLINK_IsHalted()  returns FALSE (0000ms, 89415ms total)
T0630 11039:861 JLINK_IsHalted()  returns FALSE (0000ms, 89415ms total)
T0630 11040:061 JLINK_IsHalted()  returns FALSE (0000ms, 89415ms total)
T0630 11040:261 JLINK_IsHalted()  returns FALSE (0000ms, 89415ms total)
T0630 11040:461 JLINK_IsHalted()  returns FALSE (0000ms, 89415ms total)
T4530 11040:653 JLINK_EMU_GetList(InterfaceMask = 0x00000001, MaxInfos = 0x00000032) [0]: USB, S/N: 801030912  returns 0x01 (0001ms, 89416ms total)
T4530 11040:654 JLINK_EMU_GetList(InterfaceMask = 0x00000002, MaxInfos = 0x00000032)   returns 0x00 (0046ms, 89462ms total)
T0630 11040:700 JLINK_IsHalted()  returns FALSE (0000ms, 89462ms total)
T0630 11040:900 JLINK_IsHalted()  returns FALSE (0000ms, 89462ms total)
T0630 11041:100 JLINK_IsHalted()  returns FALSE (0000ms, 89462ms total)
T0630 11041:300 JLINK_IsHalted()  returns FALSE (0000ms, 89462ms total)
T0630 11041:500 JLINK_IsHalted()  returns FALSE (0000ms, 89462ms total)
T0630 11041:700 JLINK_IsHalted()  returns FALSE (0000ms, 89462ms total)
T0630 11041:900 JLINK_IsHalted()  returns FALSE (0000ms, 89462ms total)
T0630 11042:101 JLINK_IsHalted()  returns FALSE (0000ms, 89462ms total)
T0630 11042:301 JLINK_IsHalted()  returns FALSE (0000ms, 89462ms total)
T0630 11042:501 JLINK_IsHalted()  returns FALSE (0000ms, 89462ms total)
T0630 11042:701 JLINK_IsHalted()  returns FALSE (0000ms, 89462ms total)
T0630 11042:901 JLINK_IsHalted()  returns FALSE (0000ms, 89462ms total)
T4530 11042:937 JLINK_EMU_GetList(InterfaceMask = 0x00000001, MaxInfos = 0x00000032) [0]: USB, S/N: 801030912  returns 0x01 (0001ms, 89463ms total)
T4530 11042:938 JLINK_EMU_GetList(InterfaceMask = 0x00000002, MaxInfos = 0x00000032)   returns 0x00 (0046ms, 89509ms total)
T0630 11043:101 JLINK_IsHalted()  returns FALSE (0000ms, 89509ms total)
T0630 11043:301 JLINK_IsHalted()  returns FALSE (0000ms, 89509ms total)
T0630 11043:501 JLINK_IsHalted()  returns FALSE (0000ms, 89509ms total)
T0630 11043:701 JLINK_IsHalted()  returns FALSE (0000ms, 89509ms total)
T0630 11043:901 JLINK_IsHalted()  returns FALSE (0000ms, 89509ms total)
T0630 11044:101 JLINK_IsHalted()  returns FALSE (0000ms, 89509ms total)
T0630 11044:301 JLINK_IsHalted()  returns FALSE (0000ms, 89509ms total)
T0630 11044:501 JLINK_IsHalted()  returns FALSE (0000ms, 89509ms total)
T0630 11044:702 JLINK_IsHalted()  returns FALSE (0000ms, 89509ms total)
T0630 11044:902 JLINK_IsHalted()  returns FALSE (0000ms, 89509ms total)
T0630 11045:102 JLINK_IsHalted()  returns FALSE (0000ms, 89509ms total)
T4530 11045:216 JLINK_EMU_GetList(InterfaceMask = 0x00000001, MaxInfos = 0x00000032) [0]: USB, S/N: 801030912  returns 0x01 (0001ms, 89510ms total)
T4530 11045:217 JLINK_EMU_GetList(InterfaceMask = 0x00000002, MaxInfos = 0x00000032)   returns 0x00 (0046ms, 89556ms total)
T0630 11045:302 JLINK_IsHalted()  returns FALSE (0000ms, 89556ms total)
T0630 11045:502 JLINK_IsHalted()  returns FALSE (0000ms, 89556ms total)
T0630 11045:703 JLINK_IsHalted()  returns FALSE (0000ms, 89556ms total)
T0630 11045:903 JLINK_IsHalted()  returns FALSE (0000ms, 89556ms total)
T0630 11046:103 JLINK_IsHalted()  returns FALSE (0000ms, 89556ms total)
T0630 11046:303 JLINK_IsHalted()  returns FALSE (0000ms, 89556ms total)
T0630 11046:503 JLINK_IsHalted()  returns FALSE (0000ms, 89556ms total)
T0630 11046:703 JLINK_IsHalted()  returns FALSE (0000ms, 89556ms total)
T0630 11046:903 JLINK_IsHalted()  returns FALSE (0000ms, 89556ms total)
T0630 11047:103 JLINK_IsHalted()  returns FALSE (0000ms, 89556ms total)
T0630 11047:303 JLINK_IsHalted()  returns FALSE (0000ms, 89556ms total)
T4530 11047:404 JLINK_EMU_GetList(InterfaceMask = 0x00000001, MaxInfos = 0x00000032) [0]: USB, S/N: 801030912  returns 0x01 (0001ms, 89557ms total)
T4530 11047:405 JLINK_EMU_GetList(InterfaceMask = 0x00000002, MaxInfos = 0x00000032)   returns 0x00 (0046ms, 89603ms total)
T0630 11047:503 JLINK_IsHalted()  returns FALSE (0000ms, 89603ms total)
T0630 11047:703 JLINK_IsHalted()  returns FALSE (0000ms, 89603ms total)
T0630 11047:904 JLINK_IsHalted()  returns FALSE (0000ms, 89603ms total)
T0630 11048:104 JLINK_IsHalted()  returns FALSE (0000ms, 89603ms total)
T0630 11048:304 JLINK_IsHalted()  returns FALSE (0000ms, 89603ms total)
T0630 11048:504 JLINK_IsHalted()  returns FALSE (0000ms, 89603ms total)
T0630 11048:704 JLINK_IsHalted()  returns FALSE (0000ms, 89603ms total)
T0630 11048:904 JLINK_IsHalted()  returns FALSE (0000ms, 89603ms total)
T0630 11049:104 JLINK_IsHalted()  returns FALSE (0000ms, 89603ms total)
T0630 11049:304 JLINK_IsHalted()  returns FALSE (0000ms, 89603ms total)
T0630 11049:504 JLINK_IsHalted()  returns FALSE (0000ms, 89603ms total)
T4530 11049:591 JLINK_EMU_GetList(InterfaceMask = 0x00000001, MaxInfos = 0x00000032) [0]: USB, S/N: 801030912  returns 0x01 (0001ms, 89604ms total)
T4530 11049:592 JLINK_EMU_GetList(InterfaceMask = 0x00000002, MaxInfos = 0x00000032)   returns 0x00 (0046ms, 89650ms total)
T0630 11049:704 JLINK_IsHalted()  returns FALSE (0000ms, 89650ms total)
T0630 11049:904 JLINK_IsHalted()  returns FALSE (0000ms, 89650ms total)
T0630 11050:104 JLINK_IsHalted()  returns FALSE (0000ms, 89650ms total)
T0630 11050:304 JLINK_IsHalted()  returns FALSE (0000ms, 89650ms total)
T0630 11050:504 JLINK_IsHalted()  returns FALSE (0000ms, 89650ms total)
T0630 11050:704 JLINK_IsHalted()  returns FALSE (0000ms, 89650ms total)
T0630 11050:904 JLINK_IsHalted()  returns FALSE (0000ms, 89650ms total)
T0630 11051:104 JLINK_IsHalted()  returns FALSE (0000ms, 89650ms total)
T0630 11051:304 JLINK_IsHalted()  returns FALSE (0000ms, 89650ms total)
T0630 11051:504 JLINK_IsHalted()  returns FALSE (0000ms, 89650ms total)
T0630 11051:704 JLINK_IsHalted()  returns FALSE (0000ms, 89650ms total)
T4530 11051:778 JLINK_EMU_GetList(InterfaceMask = 0x00000001, MaxInfos = 0x00000032) [0]: USB, S/N: 801030912  returns 0x01 (0001ms, 89651ms total)
T4530 11051:779 JLINK_EMU_GetList(InterfaceMask = 0x00000002, MaxInfos = 0x00000032)   returns 0x00 (0046ms, 89697ms total)
T0630 11051:904 JLINK_IsHalted()  returns FALSE (0000ms, 89697ms total)
T0630 11052:105 JLINK_IsHalted()  returns FALSE (0000ms, 89697ms total)
T0630 11052:305 JLINK_IsHalted()  returns FALSE (0000ms, 89697ms total)
T0630 11052:505 JLINK_IsHalted()  returns FALSE (0000ms, 89697ms total)
T0630 11052:705 JLINK_IsHalted()  returns FALSE (0000ms, 89697ms total)
T0630 11052:905 JLINK_IsHalted()  returns FALSE (0000ms, 89697ms total)
T0630 11053:105 JLINK_IsHalted()  returns FALSE (0000ms, 89697ms total)
T0630 11053:305 JLINK_IsHalted()  returns FALSE (0000ms, 89697ms total)
T0630 11053:505 JLINK_IsHalted()  returns FALSE (0000ms, 89697ms total)
T0630 11053:705 JLINK_IsHalted()  returns FALSE (0000ms, 89697ms total)
T0630 11053:905 JLINK_IsHalted()  returns FALSE (0000ms, 89697ms total)
T4530 11053:966 JLINK_EMU_GetList(InterfaceMask = 0x00000001, MaxInfos = 0x00000032) [0]: USB, S/N: 801030912  returns 0x01 (0001ms, 89698ms total)
T4530 11053:967 JLINK_EMU_GetList(InterfaceMask = 0x00000002, MaxInfos = 0x00000032)   returns 0x00 (0046ms, 89744ms total)
T0630 11054:105 JLINK_IsHalted()  returns FALSE (0000ms, 89744ms total)
T0630 11054:305 JLINK_IsHalted()  returns FALSE (0000ms, 89744ms total)
T0630 11054:505 JLINK_IsHalted()  returns FALSE (0000ms, 89744ms total)
T0630 11054:705 JLINK_IsHalted()  returns FALSE (0000ms, 89744ms total)
T0630 11054:905 JLINK_IsHalted()  returns FALSE (0000ms, 89744ms total)
T0630 11055:105 JLINK_IsHalted()  returns FALSE (0000ms, 89744ms total)
T0630 11055:305 JLINK_IsHalted()  returns FALSE (0000ms, 89744ms total)
T0630 11055:505 JLINK_IsHalted()  returns FALSE (0000ms, 89744ms total)
T0630 11055:705 JLINK_IsHalted()  returns FALSE (0000ms, 89744ms total)
T0630 11055:906 JLINK_IsHalted()  returns FALSE (0000ms, 89744ms total)
T0630 11056:106 JLINK_IsHalted()  returns FALSE (0000ms, 89744ms total)
T4530 11056:154 JLINK_EMU_GetList(InterfaceMask = 0x00000001, MaxInfos = 0x00000032) [0]: USB, S/N: 801030912  returns 0x01 (0001ms, 89745ms total)
T4530 11056:155 JLINK_EMU_GetList(InterfaceMask = 0x00000002, MaxInfos = 0x00000032)   returns 0x00 (0046ms, 89791ms total)
T0630 11056:306 JLINK_IsHalted()  returns FALSE (0000ms, 89791ms total)
T0630 11056:506 JLINK_IsHalted()  returns FALSE (0000ms, 89791ms total)
T0630 11056:706 JLINK_IsHalted()  returns FALSE (0000ms, 89791ms total)
T0630 11056:906 JLINK_IsHalted()  returns FALSE (0000ms, 89791ms total)
T0630 11057:106 JLINK_IsHalted()  returns FALSE (0000ms, 89791ms total)
T0630 11057:306 JLINK_IsHalted()  returns FALSE (0000ms, 89791ms total)
T0630 11057:506 JLINK_IsHalted()  returns FALSE (0000ms, 89791ms total)
T0630 11057:706 JLINK_IsHalted()  returns FALSE (0000ms, 89791ms total)
T0630 11057:906 JLINK_IsHalted()  returns FALSE (0000ms, 89791ms total)
T0630 11058:106 JLINK_IsHalted()  returns FALSE (0000ms, 89791ms total)
T0630 11058:306 JLINK_IsHalted()  returns FALSE (0000ms, 89791ms total)
T4530 11058:341 JLINK_EMU_GetList(InterfaceMask = 0x00000001, MaxInfos = 0x00000032) [0]: USB, S/N: 801030912  returns 0x01 (0001ms, 89792ms total)
T4530 11058:342 JLINK_EMU_GetList(InterfaceMask = 0x00000002, MaxInfos = 0x00000032)   returns 0x00 (0046ms, 89838ms total)
T0630 11058:506 JLINK_IsHalted()  returns FALSE (0000ms, 89838ms total)
T0630 11058:706 JLINK_IsHalted()  returns FALSE (0000ms, 89838ms total)
T0630 11058:906 JLINK_IsHalted()  returns FALSE (0000ms, 89838ms total)
T0630 11059:106 JLINK_IsHalted()  returns FALSE (0000ms, 89838ms total)
T0630 11059:306 JLINK_IsHalted()  returns FALSE (0000ms, 89838ms total)
T0630 11059:506 JLINK_IsHalted()  returns FALSE (0000ms, 89838ms total)
T0630 11059:706 JLINK_IsHalted()  returns FALSE (0000ms, 89838ms total)
T0630 11059:907 JLINK_IsHalted()  returns FALSE (0000ms, 89838ms total)
T0630 11060:107 JLINK_IsHalted()  returns FALSE (0000ms, 89838ms total)
T0630 11060:307 JLINK_IsHalted()  returns FALSE (0000ms, 89838ms total)
T0630 11060:507 JLINK_IsHalted()  returns FALSE (0000ms, 89838ms total)
T4530 11060:529 JLINK_EMU_GetList(InterfaceMask = 0x00000001, MaxInfos = 0x00000032) [0]: USB, S/N: 801030912  returns 0x01 (0001ms, 89839ms total)
T4530 11060:530 JLINK_EMU_GetList(InterfaceMask = 0x00000002, MaxInfos = 0x00000032)   returns 0x00 (0046ms, 89885ms total)
T0630 11060:707 JLINK_IsHalted()  returns FALSE (0000ms, 89885ms total)
T0630 11060:907 JLINK_IsHalted()  returns FALSE (0000ms, 89885ms total)
T0630 11061:107 JLINK_IsHalted()  returns FALSE (0000ms, 89885ms total)
T0630 11061:307 JLINK_IsHalted()  returns FALSE (0000ms, 89885ms total)
T0630 11061:507 JLINK_IsHalted()  returns FALSE (0000ms, 89885ms total)
T0630 11061:707 JLINK_IsHalted()  returns FALSE (0000ms, 89885ms total)
T0630 11061:907 JLINK_IsHalted()  returns FALSE (0000ms, 89885ms total)
T0630 11062:107 JLINK_IsHalted()  returns FALSE (0000ms, 89885ms total)
T0630 11062:307 JLINK_IsHalted()  returns FALSE (0000ms, 89885ms total)
T0630 11062:507 JLINK_IsHalted()  returns FALSE (0000ms, 89885ms total)
T0630 11062:708 JLINK_IsHalted()  returns FALSE (0000ms, 89885ms total)
T4530 11062:716 JLINK_EMU_GetList(InterfaceMask = 0x00000001, MaxInfos = 0x00000032) [0]: USB, S/N: 801030912  returns 0x01 (0001ms, 89886ms total)
T4530 11062:717 JLINK_EMU_GetList(InterfaceMask = 0x00000002, MaxInfos = 0x00000032)   returns 0x00 (0046ms, 89932ms total)
T0630 11062:908 JLINK_IsHalted()  returns FALSE (0000ms, 89932ms total)
T0630 11063:108 JLINK_IsHalted()  returns FALSE (0000ms, 89932ms total)
T0630 11063:308 JLINK_IsHalted()  returns FALSE (0000ms, 89932ms total)
T0630 11063:508 JLINK_IsHalted()  returns FALSE (0000ms, 89932ms total)
T0630 11063:708 JLINK_IsHalted()  returns FALSE (0000ms, 89932ms total)
T0630 11063:908 JLINK_IsHalted()  returns FALSE (0000ms, 89932ms total)
T0630 11064:108 JLINK_IsHalted()  returns FALSE (0000ms, 89932ms total)
T0630 11064:308 JLINK_IsHalted()  returns FALSE (0000ms, 89932ms total)
T0630 11064:509 JLINK_IsHalted()  returns FALSE (0000ms, 89932ms total)
T0630 11064:709 JLINK_IsHalted()  returns FALSE (0000ms, 89932ms total)
T4530 11064:904 JLINK_EMU_GetList(InterfaceMask = 0x00000001, MaxInfos = 0x00000032) [0]: USB, S/N: 801030912  returns 0x01 (0001ms, 89933ms total)
T4530 11064:905 JLINK_EMU_GetList(InterfaceMask = 0x00000002, MaxInfos = 0x00000032)   returns 0x00 (0046ms, 89979ms total)
T0630 11064:951 JLINK_IsHalted()  returns FALSE (0000ms, 89979ms total)
T0630 11065:151 JLINK_IsHalted()  returns FALSE (0000ms, 89979ms total)
T0630 11065:351 JLINK_IsHalted()  returns FALSE (0000ms, 89979ms total)
T0630 11065:551 JLINK_IsHalted()  returns FALSE (0000ms, 89979ms total)
T0630 11065:751 JLINK_IsHalted()  returns FALSE (0000ms, 89979ms total)
T0630 11065:951 JLINK_IsHalted()  returns FALSE (0000ms, 89979ms total)
T0630 11066:151 JLINK_IsHalted()  returns FALSE (0000ms, 89979ms total)
T0630 11066:351 JLINK_IsHalted()  returns FALSE (0000ms, 89979ms total)
T0630 11066:551 JLINK_IsHalted()  returns FALSE (0000ms, 89979ms total)
T0630 11066:751 JLINK_IsHalted()  returns FALSE (0000ms, 89979ms total)
T0630 11066:951 JLINK_IsHalted()  returns FALSE (0000ms, 89979ms total)
T0630 11067:151 JLINK_IsHalted()  returns FALSE (0000ms, 89979ms total)
T0630 11067:352 JLINK_IsHalted()  returns FALSE (0000ms, 89979ms total)
T0630 11067:552 JLINK_IsHalted()  returns FALSE (0000ms, 89979ms total)
T0630 11067:752 JLINK_IsHalted()  returns FALSE (0000ms, 89979ms total)
T0630 11067:953 JLINK_IsHalted()  returns FALSE (0000ms, 89979ms total)
T0630 11068:153 JLINK_IsHalted()  returns FALSE (0000ms, 89979ms total)
T0630 11068:353 JLINK_IsHalted()  returns FALSE (0000ms, 89979ms total)
T0630 11068:553 JLINK_IsHalted()  returns FALSE (0000ms, 89979ms total)
T0630 11068:753 JLINK_IsHalted()  returns FALSE (0000ms, 89979ms total)
T0630 11068:954 JLINK_IsHalted()  returns FALSE (0000ms, 89979ms total)
T0630 11069:155 JLINK_IsHalted()  returns FALSE (0000ms, 89979ms total)
T0630 11069:355 JLINK_IsHalted()  returns FALSE (0000ms, 89979ms total)
T0630 11069:556 JLINK_IsHalted()  returns FALSE (0000ms, 89979ms total)
T0630 11069:756 JLINK_IsHalted()  returns FALSE (0000ms, 89979ms total)
T0630 11069:956 JLINK_IsHalted()  returns FALSE (0000ms, 89979ms total)
T0630 11070:157 JLINK_IsHalted()  returns FALSE (0000ms, 89979ms total)
T0630 11070:357 JLINK_IsHalted()  returns FALSE (0000ms, 89979ms total)
T0630 11070:557 JLINK_IsHalted()  returns FALSE (0000ms, 89979ms total)
T0630 11070:758 JLINK_IsHalted()  returns FALSE (0000ms, 89979ms total)
T0630 11070:958 JLINK_IsHalted()  returns FALSE (0000ms, 89979ms total)
T0630 11071:159 JLINK_IsHalted()  returns FALSE (0000ms, 89979ms total)
T0630 11071:359 JLINK_IsHalted()  returns FALSE (0000ms, 89979ms total)
T0630 11071:560 JLINK_IsHalted()  returns FALSE (0000ms, 89979ms total)
T0630 11071:760 JLINK_IsHalted()  returns FALSE (0000ms, 89979ms total)
T0630 11071:961 JLINK_IsHalted()  returns FALSE (0000ms, 89979ms total)
T0630 11072:162 JLINK_IsHalted()  returns FALSE (0000ms, 89979ms total)
T0630 11072:362 JLINK_IsHalted()  returns FALSE (0000ms, 89979ms total)
T0630 11072:562 JLINK_IsHalted()  returns FALSE (0000ms, 89979ms total)
T0630 11072:763 JLINK_IsHalted()  returns FALSE (0000ms, 89979ms total)
T0630 11072:963 JLINK_IsHalted()  returns FALSE (0000ms, 89979ms total)
T0630 11073:163 JLINK_IsHalted()  returns FALSE (0000ms, 89979ms total)
T0630 11073:363 JLINK_IsHalted()  returns FALSE (0000ms, 89979ms total)
T0630 11073:563 JLINK_IsHalted()  returns FALSE (0000ms, 89979ms total)
T0630 11073:763 JLINK_IsHalted()  returns FALSE (0000ms, 89979ms total)
T0630 11073:963 JLINK_IsHalted()  returns FALSE (0000ms, 89979ms total)
T0630 11074:164 JLINK_IsHalted()  returns FALSE (0000ms, 89979ms total)
T0630 11074:365 JLINK_IsHalted()  returns FALSE (0000ms, 89979ms total)
T0630 11074:565 JLINK_IsHalted()  returns FALSE (0000ms, 89979ms total)
T0630 11074:766 JLINK_IsHalted()  returns FALSE (0000ms, 89979ms total)
T0630 11074:966 JLINK_IsHalted()  returns FALSE (0000ms, 89979ms total)
T0630 11075:167 JLINK_IsHalted()  returns FALSE (0000ms, 89979ms total)
T0630 11075:367 JLINK_IsHalted()  returns FALSE (0000ms, 89979ms total)
T0630 11075:567 JLINK_IsHalted()  returns FALSE (0000ms, 89979ms total)
T0630 11075:767 JLINK_IsHalted()  returns FALSE (0000ms, 89979ms total)
T0630 11075:968 JLINK_IsHalted()  returns FALSE (0000ms, 89979ms total)
T0630 11076:168 JLINK_IsHalted()  returns FALSE (0000ms, 89979ms total)
T0630 11076:369 JLINK_IsHalted()  returns FALSE (0000ms, 89979ms total)
T0630 11076:570 JLINK_IsHalted()  returns FALSE (0000ms, 89979ms total)
T0630 11076:771 JLINK_IsHalted()  returns FALSE (0000ms, 89979ms total)
T0630 11076:971 JLINK_IsHalted()  returns FALSE (0000ms, 89979ms total)
T0630 11077:172 JLINK_IsHalted()  returns FALSE (0000ms, 89979ms total)
T0630 11077:373 JLINK_IsHalted()  returns FALSE (0000ms, 89979ms total)
T0630 11077:573 JLINK_IsHalted()  returns FALSE (0000ms, 89979ms total)
T0630 11077:774 JLINK_IsHalted()  returns FALSE (0000ms, 89979ms total)
T0630 11077:974 JLINK_IsHalted()  returns FALSE (0000ms, 89979ms total)
T0630 11078:175 JLINK_IsHalted()  returns FALSE (0000ms, 89979ms total)
T0630 11078:375 JLINK_IsHalted()  returns FALSE (0000ms, 89979ms total)
T0630 11078:575 JLINK_IsHalted()  returns FALSE (0000ms, 89979ms total)
T0630 11078:775 JLINK_IsHalted()  returns FALSE (0000ms, 89979ms total)
T0630 11078:975 JLINK_IsHalted()  returns FALSE (0000ms, 89979ms total)
T0630 11079:175 JLINK_IsHalted()  returns FALSE (0000ms, 89979ms total)
T0630 11079:376 JLINK_IsHalted()  returns FALSE (0000ms, 89979ms total)
T0630 11079:576 JLINK_IsHalted()  returns FALSE (0000ms, 89979ms total)
T0630 11079:776 JLINK_IsHalted()  returns FALSE (0000ms, 89979ms total)
T0630 11079:976 JLINK_IsHalted()  returns FALSE (0000ms, 89979ms total)
T0630 11080:177 JLINK_IsHalted()  returns FALSE (0000ms, 89979ms total)
T0630 11080:377 JLINK_IsHalted()  returns FALSE (0000ms, 89979ms total)
T0630 11080:577 JLINK_IsHalted()  returns FALSE (0000ms, 89979ms total)
T0630 11080:777 JLINK_IsHalted()  returns FALSE (0000ms, 89979ms total)
T0630 11080:978 JLINK_IsHalted()  returns FALSE (0000ms, 89979ms total)
T0630 11081:179 JLINK_IsHalted()  returns FALSE (0000ms, 89979ms total)
T0630 11081:379 JLINK_IsHalted()  returns FALSE (0000ms, 89979ms total)
T0630 11081:580 JLINK_IsHalted()  returns FALSE (0000ms, 89979ms total)
T0630 11081:780 JLINK_IsHalted()  returns FALSE (0000ms, 89979ms total)
T0630 11081:980 JLINK_IsHalted()  returns FALSE (0000ms, 89979ms total)
T0630 11082:181 JLINK_IsHalted()  returns FALSE (0000ms, 89979ms total)
T0630 11082:381 JLINK_IsHalted()  returns FALSE (0000ms, 89979ms total)
T0630 11082:581 JLINK_IsHalted()  returns FALSE (0000ms, 89979ms total)
T0630 11082:781 JLINK_IsHalted()  returns FALSE (0000ms, 89979ms total)
T0630 11082:981 JLINK_IsHalted()  returns FALSE (0000ms, 89979ms total)
T0630 11083:181 JLINK_IsHalted()  returns FALSE (0000ms, 89979ms total)
T0630 11083:382 JLINK_IsHalted()  returns FALSE (0000ms, 89979ms total)
T0630 11083:582 JLINK_IsHalted()  returns FALSE (0000ms, 89979ms total)
T0630 11083:782 JLINK_IsHalted()  returns FALSE (0000ms, 89979ms total)
T0630 11083:982 JLINK_IsHalted()  returns FALSE (0000ms, 89979ms total)
T0630 11084:182 JLINK_IsHalted()  returns FALSE (0000ms, 89979ms total)
T0630 11084:382 JLINK_IsHalted()  returns FALSE (0000ms, 89979ms total)
T0630 11084:582 JLINK_IsHalted()  returns FALSE (0000ms, 89979ms total)
T0630 11084:783 JLINK_IsHalted()  returns FALSE (0000ms, 89979ms total)
T0630 11084:983 JLINK_IsHalted()  returns FALSE (0000ms, 89979ms total)
T0630 11085:183 JLINK_IsHalted()  returns FALSE (0000ms, 89979ms total)
T0630 11085:383 JLINK_IsHalted()  returns FALSE (0000ms, 89979ms total)
T0630 11085:583 JLINK_IsHalted()  returns FALSE (0000ms, 89979ms total)
T0630 11085:783 JLINK_IsHalted()  returns FALSE (0000ms, 89979ms total)
T0630 11085:983 JLINK_IsHalted()  returns FALSE (0000ms, 89979ms total)
T0630 11086:183 JLINK_IsHalted()  returns FALSE (0000ms, 89979ms total)
T0630 11086:383 JLINK_IsHalted()  returns FALSE (0000ms, 89979ms total)
T0630 11086:583 JLINK_IsHalted()  returns FALSE (0000ms, 89979ms total)
T0630 11086:783 JLINK_IsHalted()  returns FALSE (0000ms, 89979ms total)
T0630 11086:983 JLINK_IsHalted()  returns FALSE (0000ms, 89979ms total)
T0630 11087:183 JLINK_IsHalted()  returns FALSE (0000ms, 89979ms total)
T0630 11087:384 JLINK_IsHalted()  returns FALSE (0000ms, 89979ms total)
T0630 11087:584 JLINK_IsHalted()  returns FALSE (0000ms, 89979ms total)
T0630 11087:784 JLINK_IsHalted()  returns FALSE (0000ms, 89979ms total)
T0630 11087:984 JLINK_IsHalted()  returns FALSE (0000ms, 89979ms total)
T0630 11088:184 JLINK_IsHalted()  returns FALSE (0000ms, 89979ms total)
T0630 11088:384 JLINK_IsHalted()  returns FALSE (0000ms, 89979ms total)
T0630 11088:584 JLINK_IsHalted()  returns FALSE (0000ms, 89979ms total)
T0630 11088:784 JLINK_IsHalted()  returns FALSE (0000ms, 89979ms total)
T0630 11088:984 JLINK_IsHalted()  returns FALSE (0000ms, 89979ms total)
T0630 11089:184 JLINK_IsHalted()  returns FALSE (0000ms, 89979ms total)
T0630 11089:384 JLINK_IsHalted()  returns FALSE (0000ms, 89979ms total)
T0630 11089:584 JLINK_IsHalted()  returns FALSE (0000ms, 89979ms total)
T0630 11089:784 JLINK_IsHalted()  returns FALSE (0000ms, 89979ms total)
T0630 11089:984 JLINK_IsHalted()  returns FALSE (0000ms, 89979ms total)
T0630 11090:184 JLINK_IsHalted()  returns FALSE (0000ms, 89979ms total)
T0630 11090:384 JLINK_IsHalted()  returns FALSE (0000ms, 89979ms total)
T0630 11090:584 JLINK_IsHalted()  returns FALSE (0000ms, 89979ms total)
T0630 11090:785 JLINK_IsHalted()  returns FALSE (0000ms, 89979ms total)
T0630 11090:985 JLINK_IsHalted()  returns FALSE (0000ms, 89979ms total)
T0630 11091:185 JLINK_IsHalted()  returns FALSE (0000ms, 89979ms total)
T0630 11091:385 JLINK_IsHalted()  returns FALSE (0000ms, 89979ms total)
T0630 11091:586 JLINK_IsHalted()  returns FALSE (0000ms, 89979ms total)
T0630 11091:786 JLINK_IsHalted()  returns FALSE (0000ms, 89979ms total)
T0630 11091:986 JLINK_IsHalted()  returns FALSE (0000ms, 89979ms total)
T0630 11092:186 JLINK_IsHalted()  returns FALSE (0000ms, 89979ms total)
T0630 11092:386 JLINK_IsHalted()  returns FALSE (0000ms, 89979ms total)
T0630 11092:587 JLINK_IsHalted()  returns FALSE (0000ms, 89979ms total)
T0630 11092:787 JLINK_IsHalted()  returns FALSE (0000ms, 89979ms total)
T0630 11092:987 JLINK_IsHalted()  returns FALSE (0000ms, 89979ms total)
T0630 11093:187 JLINK_IsHalted()  returns FALSE (0000ms, 89979ms total)
T0630 11093:387 JLINK_IsHalted()  returns FALSE (0000ms, 89979ms total)
T0630 11093:588 JLINK_IsHalted()  returns FALSE (0000ms, 89979ms total)
T0630 11093:788 JLINK_IsHalted()  returns FALSE (0000ms, 89979ms total)
T0630 11093:988 JLINK_IsHalted()  returns FALSE (0000ms, 89979ms total)
T0630 11094:188 JLINK_IsHalted()  returns FALSE (0000ms, 89979ms total)
T0630 11094:388 JLINK_IsHalted()  returns FALSE (0000ms, 89979ms total)
T0630 11094:588 JLINK_IsHalted()  returns FALSE (0000ms, 89979ms total)
T0630 11094:788 JLINK_IsHalted()  returns FALSE (0000ms, 89979ms total)
T0630 11094:989 JLINK_IsHalted()  returns FALSE (0000ms, 89979ms total)
T0630 11095:189 JLINK_IsHalted()  returns FALSE (0000ms, 89979ms total)
T0630 11095:389 JLINK_IsHalted()  returns FALSE (0000ms, 89979ms total)
T0630 11095:589 JLINK_IsHalted()  returns FALSE (0000ms, 89979ms total)
T0630 11095:789 JLINK_IsHalted()  returns FALSE (0000ms, 89979ms total)
T0630 11095:989 JLINK_IsHalted()  returns FALSE (0000ms, 89979ms total)
T0630 11096:189 JLINK_IsHalted()  returns FALSE (0000ms, 89979ms total)
T0630 11096:389 JLINK_IsHalted()  returns FALSE (0000ms, 89979ms total)
T0630 11096:589 JLINK_IsHalted()  returns FALSE (0000ms, 89979ms total)
T0630 11096:789 JLINK_IsHalted()  returns FALSE (0000ms, 89979ms total)
T0630 11096:989 JLINK_IsHalted()  returns FALSE (0000ms, 89979ms total)
T0630 11097:189 JLINK_IsHalted()  returns FALSE (0000ms, 89979ms total)
T0630 11097:390 JLINK_IsHalted()  returns FALSE (0000ms, 89979ms total)
T0630 11097:590 JLINK_IsHalted()  returns FALSE (0000ms, 89979ms total)
T0630 11097:790 JLINK_IsHalted()  returns FALSE (0000ms, 89979ms total)
T0630 11097:991 JLINK_IsHalted()  returns FALSE (0000ms, 89979ms total)
T0630 11098:192 JLINK_IsHalted()  returns FALSE (0000ms, 89979ms total)
T0630 11098:392 JLINK_IsHalted()  returns FALSE (0000ms, 89979ms total)
T0630 11098:592 JLINK_IsHalted()  returns FALSE (0000ms, 89979ms total)
T0630 11098:792 JLINK_IsHalted()  returns FALSE (0000ms, 89979ms total)
T0630 11098:993 JLINK_IsHalted()  returns FALSE (0000ms, 89979ms total)
T0630 11099:193 JLINK_IsHalted()  returns FALSE (0000ms, 89979ms total)
T0630 11099:393 JLINK_IsHalted()  returns FALSE (0000ms, 89979ms total)
T0630 11099:593 JLINK_IsHalted()  returns FALSE (0000ms, 89979ms total)
T0630 11099:793 JLINK_IsHalted()  returns FALSE (0000ms, 89979ms total)
T0630 11099:993 JLINK_IsHalted()  returns FALSE (0000ms, 89979ms total)
T0630 11100:193 JLINK_IsHalted()  returns FALSE (0000ms, 89979ms total)
T0630 11100:393 JLINK_IsHalted()  returns FALSE (0000ms, 89979ms total)
T0630 11100:593 JLINK_IsHalted()  returns FALSE (0000ms, 89979ms total)
T0630 11100:793 JLINK_IsHalted()  returns FALSE (0000ms, 89979ms total)
T0630 11100:993 JLINK_IsHalted()  returns FALSE (0000ms, 89979ms total)
T0630 11101:194 JLINK_IsHalted()  returns FALSE (0000ms, 89979ms total)
T0630 11101:394 JLINK_IsHalted()  returns FALSE (0000ms, 89979ms total)
T0630 11101:594 JLINK_IsHalted()  returns FALSE (0000ms, 89979ms total)
T0630 11101:794 JLINK_IsHalted()  returns FALSE (0000ms, 89979ms total)
T0630 11101:994 JLINK_IsHalted()  returns FALSE (0000ms, 89979ms total)
T0630 11102:194 JLINK_IsHalted()  returns FALSE (0000ms, 89979ms total)
T0630 11102:394 JLINK_IsHalted()  returns FALSE (0000ms, 89979ms total)
T0630 11102:594 JLINK_IsHalted()  returns FALSE (0000ms, 89979ms total)
T0630 11102:794 JLINK_IsHalted()  returns FALSE (0000ms, 89979ms total)
T0630 11102:994 JLINK_IsHalted()  returns FALSE (0000ms, 89979ms total)
T0630 11103:194 JLINK_IsHalted()  returns FALSE (0000ms, 89979ms total)
T0630 11103:394 JLINK_IsHalted()  returns FALSE (0000ms, 89979ms total)
T0630 11103:594 JLINK_IsHalted()  returns FALSE (0000ms, 89979ms total)
T0630 11103:794 JLINK_IsHalted()  returns FALSE (0000ms, 89979ms total)
T0630 11103:994 JLINK_IsHalted()  returns FALSE (0000ms, 89979ms total)
T0630 11104:195 JLINK_IsHalted()  returns FALSE (0000ms, 89979ms total)
T0630 11104:395 JLINK_IsHalted()  returns FALSE (0000ms, 89979ms total)
T0630 11104:595 JLINK_IsHalted()  returns FALSE (0000ms, 89979ms total)
T0630 11104:795 JLINK_IsHalted()  returns FALSE (0000ms, 89979ms total)
T0630 11104:995 JLINK_IsHalted()  returns FALSE (0000ms, 89979ms total)
T0630 11105:195 JLINK_IsHalted()  returns FALSE (0000ms, 89979ms total)
T0630 11105:395 JLINK_IsHalted()  returns FALSE (0000ms, 89979ms total)
T0630 11105:595 JLINK_IsHalted()  returns FALSE (0000ms, 89979ms total)
T0630 11105:795 JLINK_IsHalted()  returns FALSE (0000ms, 89979ms total)
T0630 11105:995 JLINK_IsHalted()  returns FALSE (0000ms, 89979ms total)
T0630 11106:195 JLINK_IsHalted()  returns FALSE (0000ms, 89979ms total)
T0630 11106:395 JLINK_IsHalted()  returns FALSE (0000ms, 89979ms total)
T0630 11106:596 JLINK_IsHalted()  returns FALSE (0000ms, 89979ms total)
T0630 11106:796 JLINK_IsHalted()  returns FALSE (0000ms, 89979ms total)
T0630 11106:996 JLINK_IsHalted()  returns FALSE (0000ms, 89979ms total)
T0630 11107:196 JLINK_IsHalted()  returns FALSE (0000ms, 89979ms total)
T0630 11107:396 JLINK_IsHalted()  returns FALSE (0000ms, 89979ms total)
T0630 11107:596 JLINK_IsHalted()  returns FALSE (0000ms, 89979ms total)
T0630 11107:796 JLINK_IsHalted()  returns FALSE (0000ms, 89979ms total)
T0630 11107:996 JLINK_IsHalted()  returns FALSE (0000ms, 89979ms total)
T0630 11108:196 JLINK_IsHalted()  returns FALSE (0000ms, 89979ms total)
T0630 11108:396 JLINK_IsHalted()  returns FALSE (0000ms, 89979ms total)
T0630 11108:596 JLINK_IsHalted()  returns FALSE (0000ms, 89979ms total)
T0630 11108:796 JLINK_IsHalted()  returns FALSE (0000ms, 89979ms total)
T0630 11108:996 JLINK_IsHalted()  returns FALSE (0000ms, 89979ms total)
T0630 11109:196 JLINK_IsHalted()  returns FALSE (0000ms, 89979ms total)
T0630 11109:396 JLINK_IsHalted()  returns FALSE (0000ms, 89979ms total)
T0630 11109:596 JLINK_IsHalted()  returns FALSE (0000ms, 89979ms total)
T0630 11109:796 JLINK_IsHalted()  returns FALSE (0000ms, 89979ms total)
T0630 11109:996 JLINK_IsHalted()  returns FALSE (0000ms, 89979ms total)
T0630 11110:197 JLINK_IsHalted()  returns FALSE (0000ms, 89979ms total)
T0630 11110:397 JLINK_IsHalted()  returns FALSE (0000ms, 89979ms total)
T0630 11110:597 JLINK_IsHalted()  returns FALSE (0000ms, 89979ms total)
T0630 11110:797 JLINK_IsHalted()  returns FALSE (0000ms, 89979ms total)
T0630 11110:997 JLINK_IsHalted()  returns FALSE (0000ms, 89979ms total)
T0630 11111:197 JLINK_IsHalted()  returns FALSE (0000ms, 89979ms total)
T0630 11111:397 JLINK_IsHalted()  returns FALSE (0000ms, 89979ms total)
T0630 11111:597 JLINK_IsHalted()  returns FALSE (0000ms, 89979ms total)
T0630 11111:797 JLINK_IsHalted()  returns FALSE (0000ms, 89979ms total)
T0630 11111:997 JLINK_IsHalted()  returns FALSE (0000ms, 89979ms total)
T0630 11112:197 JLINK_IsHalted()  returns FALSE (0000ms, 89979ms total)
T0630 11112:397 JLINK_IsHalted()  returns FALSE (0000ms, 89979ms total)
T0630 11112:597 JLINK_IsHalted()  returns FALSE (0000ms, 89979ms total)
T0630 11112:797 JLINK_IsHalted()  returns FALSE (0000ms, 89979ms total)
T0630 11112:997 JLINK_IsHalted()  returns FALSE (0000ms, 89979ms total)
T0630 11113:197 JLINK_IsHalted()  returns FALSE (0000ms, 89979ms total)
T0630 11113:397 JLINK_IsHalted()  returns FALSE (0000ms, 89979ms total)
T0630 11113:597 JLINK_IsHalted()  returns FALSE (0000ms, 89979ms total)
T0630 11113:798 JLINK_IsHalted()  returns FALSE (0000ms, 89979ms total)
T0630 11113:998 JLINK_IsHalted()  returns FALSE (0000ms, 89979ms total)
T0630 11114:198 JLINK_IsHalted()  returns FALSE (0000ms, 89979ms total)
T0630 11114:398 JLINK_IsHalted()  returns FALSE (0000ms, 89979ms total)
T0630 11114:598 JLINK_IsHalted()  returns FALSE (0000ms, 89979ms total)
T0630 11114:798 JLINK_IsHalted()  returns FALSE (0000ms, 89979ms total)
T0630 11114:998 JLINK_IsHalted()  returns FALSE (0000ms, 89979ms total)
T0630 11115:198 JLINK_IsHalted()  returns FALSE (0000ms, 89979ms total)
T0630 11115:398 JLINK_IsHalted()  returns FALSE (0000ms, 89979ms total)
T0630 11115:598 JLINK_IsHalted()  returns FALSE (0000ms, 89979ms total)
T0630 11115:798 JLINK_IsHalted()  returns FALSE (0000ms, 89979ms total)
T0630 11115:998 JLINK_IsHalted()  returns FALSE (0000ms, 89979ms total)
T0630 11116:198 JLINK_IsHalted()  returns FALSE (0000ms, 89979ms total)
T0630 11116:398 JLINK_IsHalted()  returns FALSE (0000ms, 89979ms total)
T0630 11116:598 JLINK_IsHalted()  returns FALSE (0000ms, 89979ms total)
T0630 11116:798 JLINK_IsHalted()  returns FALSE (0000ms, 89979ms total)
T0630 11116:998 JLINK_IsHalted()  returns FALSE (0000ms, 89979ms total)
T0630 11117:198 JLINK_IsHalted()  returns FALSE (0000ms, 89979ms total)
T0630 11117:399 JLINK_IsHalted()  returns FALSE (0000ms, 89979ms total)
T0630 11117:599 JLINK_IsHalted()  returns FALSE (0000ms, 89979ms total)
T0630 11117:799 JLINK_IsHalted()  returns FALSE (0000ms, 89979ms total)
T0630 11117:999 JLINK_IsHalted()  returns FALSE (0000ms, 89979ms total)
T0630 11118:199 JLINK_IsHalted()  returns FALSE (0000ms, 89979ms total)
T0630 11118:399 JLINK_IsHalted()  returns FALSE (0000ms, 89979ms total)
T0630 11118:599 JLINK_IsHalted()  returns FALSE (0000ms, 89979ms total)
T0630 11118:799 JLINK_IsHalted()  returns FALSE (0000ms, 89979ms total)
T0630 11118:999 JLINK_IsHalted()  returns FALSE (0000ms, 89979ms total)
T0630 11119:199 JLINK_IsHalted()  returns FALSE (0000ms, 89979ms total)
T0630 11119:399 JLINK_IsHalted()  returns FALSE (0000ms, 89979ms total)
T0630 11119:599 JLINK_IsHalted()  returns FALSE (0000ms, 89979ms total)
T0630 11119:799 JLINK_IsHalted()  returns FALSE (0000ms, 89979ms total)
T0630 11119:999 JLINK_IsHalted()  returns FALSE (0000ms, 89979ms total)
T0630 11120:199 JLINK_IsHalted()  returns FALSE (0000ms, 89979ms total)
T0630 11120:399 JLINK_IsHalted()  returns FALSE (0000ms, 89979ms total)
T0630 11120:599 JLINK_IsHalted()  returns FALSE (0000ms, 89979ms total)
T0630 11120:800 JLINK_IsHalted()  returns FALSE (0000ms, 89979ms total)
T0630 11121:000 JLINK_IsHalted()  returns FALSE (0000ms, 89979ms total)
T0630 11121:200 JLINK_IsHalted()  returns FALSE (0000ms, 89979ms total)
T0630 11121:400 JLINK_IsHalted()  returns FALSE (0000ms, 89979ms total)
T0630 11121:600 JLINK_IsHalted()  returns FALSE (0000ms, 89979ms total)
T0630 11121:800 JLINK_IsHalted()  returns FALSE (0000ms, 89979ms total)
T0630 11122:000 JLINK_IsHalted()  returns FALSE (0000ms, 89979ms total)
T0630 11122:200 JLINK_IsHalted()  returns FALSE (0000ms, 89979ms total)
T0630 11122:400 JLINK_IsHalted()  returns FALSE (0000ms, 89979ms total)
T0630 11122:600 JLINK_IsHalted()  returns FALSE (0000ms, 89979ms total)
T0630 11122:800 JLINK_IsHalted()  returns FALSE (0000ms, 89979ms total)
T0630 11123:000 JLINK_IsHalted()  returns FALSE (0000ms, 89979ms total)
T0630 11123:200 JLINK_IsHalted()  returns FALSE (0000ms, 89979ms total)
T0630 11123:400 JLINK_IsHalted()  returns FALSE (0000ms, 89979ms total)
T0630 11123:600 JLINK_IsHalted()  returns FALSE (0000ms, 89979ms total)
T0630 11123:800 JLINK_IsHalted()  returns FALSE (0000ms, 89979ms total)
T0630 11124:000 JLINK_IsHalted()  returns FALSE (0000ms, 89979ms total)
T0630 11124:201 JLINK_IsHalted()  returns FALSE (0000ms, 89979ms total)
T0630 11124:401 JLINK_IsHalted()  returns FALSE (0000ms, 89979ms total)
T0630 11124:601 JLINK_IsHalted()  returns FALSE (0000ms, 89979ms total)
T0630 11124:801 JLINK_IsHalted()  returns FALSE (0000ms, 89979ms total)
T0630 11125:001 JLINK_IsHalted()  returns FALSE (0000ms, 89979ms total)
T0630 11125:201 JLINK_IsHalted()  returns FALSE (0000ms, 89979ms total)
T0630 11125:401 JLINK_IsHalted()  returns FALSE (0000ms, 89979ms total)
T0630 11125:601 JLINK_IsHalted()  returns FALSE (0000ms, 89979ms total)
T0630 11125:801 JLINK_IsHalted()  returns FALSE (0000ms, 89979ms total)
T0630 11126:002 JLINK_IsHalted()  returns FALSE (0000ms, 89979ms total)
T0630 11126:202 JLINK_IsHalted()  returns FALSE (0000ms, 89979ms total)
T0630 11126:403 JLINK_IsHalted()  returns FALSE (0000ms, 89979ms total)
T0630 11126:603 JLINK_IsHalted()  returns FALSE (0000ms, 89979ms total)
T0630 11126:803 JLINK_IsHalted()  returns FALSE (0000ms, 89979ms total)
T0630 11127:003 JLINK_IsHalted()  returns FALSE (0000ms, 89979ms total)
T0630 11127:203 JLINK_IsHalted()  returns FALSE (0000ms, 89979ms total)
T0630 11127:404 JLINK_IsHalted()  returns FALSE (0000ms, 89979ms total)
T0630 11127:604 JLINK_IsHalted()  returns FALSE (0000ms, 89979ms total)
T0630 11127:804 JLINK_IsHalted()  returns FALSE (0000ms, 89979ms total)
T0630 11128:005 JLINK_IsHalted()  returns FALSE (0000ms, 89979ms total)
T0630 11128:205 JLINK_IsHalted()  returns FALSE (0000ms, 89979ms total)
T0630 11128:405 JLINK_IsHalted()  returns FALSE (0000ms, 89979ms total)
T0630 11128:605 JLINK_IsHalted()  returns FALSE (0000ms, 89979ms total)
T0630 11128:805 JLINK_IsHalted()  returns FALSE (0000ms, 89979ms total)
T0630 11129:005 JLINK_IsHalted()  returns FALSE (0000ms, 89979ms total)
T0630 11129:205 JLINK_IsHalted()  returns FALSE (0000ms, 89979ms total)
T0630 11129:405 JLINK_IsHalted()  returns FALSE (0000ms, 89979ms total)
T0630 11129:605 JLINK_IsHalted()  returns FALSE (0000ms, 89979ms total)
T0630 11129:805 JLINK_IsHalted()  returns FALSE (0000ms, 89979ms total)
T0630 11130:005 JLINK_IsHalted()  returns FALSE (0000ms, 89979ms total)
T0630 11130:205 JLINK_IsHalted()  returns FALSE (0000ms, 89979ms total)
T0630 11130:405 JLINK_IsHalted()  returns FALSE (0000ms, 89979ms total)
T0630 11130:605 JLINK_IsHalted()  returns FALSE (0000ms, 89979ms total)
T0630 11130:806 JLINK_IsHalted()  returns FALSE (0000ms, 89979ms total)
T0630 11131:006 JLINK_IsHalted()  returns FALSE (0000ms, 89979ms total)
T0630 11131:206 JLINK_IsHalted()  returns FALSE (0000ms, 89979ms total)
T0630 11131:406 JLINK_IsHalted()  returns FALSE (0000ms, 89979ms total)
T0630 11131:606 JLINK_IsHalted()  returns FALSE (0000ms, 89979ms total)
T0630 11131:806 JLINK_IsHalted()  returns FALSE (0000ms, 89979ms total)
T0630 11132:006 JLINK_IsHalted()  returns FALSE (0000ms, 89979ms total)
T0630 11132:206 JLINK_IsHalted()  returns FALSE (0000ms, 89979ms total)
T0630 11132:406 JLINK_IsHalted()  returns FALSE (0000ms, 89979ms total)
T0630 11132:606 JLINK_IsHalted()  returns FALSE (0000ms, 89979ms total)
T0630 11132:806 JLINK_IsHalted()  returns FALSE (0000ms, 89979ms total)
T0630 11133:006 JLINK_IsHalted()  returns FALSE (0000ms, 89979ms total)
T0630 11133:206 JLINK_IsHalted()  returns FALSE (0000ms, 89979ms total)
T0630 11133:406 JLINK_IsHalted()  returns FALSE (0000ms, 89979ms total)
T0630 11133:606 JLINK_IsHalted()  returns FALSE (0000ms, 89979ms total)
T0630 11133:806 JLINK_IsHalted()  returns FALSE (0000ms, 89979ms total)
T0630 11134:007 JLINK_IsHalted()  returns FALSE (0000ms, 89979ms total)
T0630 11134:207 JLINK_IsHalted()  returns FALSE (0000ms, 89979ms total)
T0630 11134:407 JLINK_IsHalted()  returns FALSE (0000ms, 89979ms total)
T0630 11134:607 JLINK_IsHalted()  returns FALSE (0000ms, 89979ms total)
T0630 11134:807 JLINK_IsHalted()  returns FALSE (0000ms, 89979ms total)
T0630 11135:007 JLINK_IsHalted()  returns FALSE (0000ms, 89979ms total)
T0630 11135:207 JLINK_IsHalted()  returns FALSE (0000ms, 89979ms total)
T0630 11135:407 JLINK_IsHalted()  returns FALSE (0000ms, 89979ms total)
T0630 11135:607 JLINK_IsHalted()  returns FALSE (0000ms, 89979ms total)
T0630 11135:807 JLINK_IsHalted()  returns FALSE (0000ms, 89979ms total)
T0630 11136:007 JLINK_IsHalted()  returns FALSE (0000ms, 89979ms total)
T0630 11136:207 JLINK_IsHalted()  returns FALSE (0000ms, 89979ms total)
T33EC 11136:406 JLINK_Halt()  returns 0x00 (0003ms, 89982ms total)
T0630 11136:409 JLINK_IsHalted()  returns TRUE (0000ms, 89982ms total)
T0630 11136:409 JLINK_GetMOEs(...) -- CPU_ReadMem(4 bytes @ 0xE000ED30)  returns 0x01 (0000ms, 89982ms total)
T0630 11136:409 JLINK_ReadReg(R15 (PC))  returns 0x00404190 (0000ms, 89982ms total)
T23E8 11136:506 JLINK_GetBPInfo(BPHandle = 1)  returns 0x00 (0000ms, 89982ms total)
T23E8 11136:506 JLINK_ClrBPEx(BPHandle = 0x00000001)  returns 0x00 (0000ms, 89982ms total)
T0630 11136:609 JLINK_IsHalted()  returns TRUE (0000ms, 89982ms total)
T23E8 11136:609 JLINK_ResetPullsRESET(ON) (0000ms, 89982ms total)
T23E8 11136:609 JLINK_ResetNoHalt() >0x10B TIF>Found SW-DP with ID 0x2BA01477 >0x0D TIF> >0x28 TIF> >0x0D TIF> >0x28 TIF> >0x0D TIF> >0x28 TIF> >0x0D TIF> >0x28 TIF> >0x0D TIF> >0x21 TIF> >0x0D TIF> >0x28 TIF>AP map detection skipped. Manually configured AP map found.AP[0]: AHB-AP (IDR: Not set) >0x42 TIF> >0x28 TIF> >0x0D TIF> >0x28 TIF> >0x0D TIF> >0x21 TIF> >0x0D TIF> >0x21 TIF> >0x42 TIF> >0x28 TIF> >0x0D TIF> >0x28 TIF> >0x0D TIF> >0x28 TIF> >0x0D TIF> >0x21 TIF> >0x0D TIF> >0x21 TIF>
AP[0]: Core foundAP[0]: AHB-AP ROM base: 0xE00FF000 >0x0D TIF> >0x28 TIF> >0x0D TIF> >0x28 TIF> >0x0D TIF> >0x28 TIF> >0x0D TIF> >0x21 TIF> >0x0D TIF> >0x21 TIF>CPUID register: 0x410FC241. Implementer code: 0x41 (ARM)Found Cortex-M4 r0p1, Little endian. -- Max. mem block: 0x00002C20 -- CPU_ReadMem(4 bytes @ 0xE000EDF0) -- CPU_ReadMem(4 bytes @ 0xE0002000)FPUnit: 6 code (BP) slots and 2 literal slots -- CPU_ReadMem(4 bytes @ 0xE0001000) -- CPU_ReadMem(4 bytes @ 0xE000ED88)
 -- CPU_WriteMem(4 bytes @ 0xE000ED88) -- CPU_ReadMem(4 bytes @ 0xE000ED88) -- CPU_WriteMem(4 bytes @ 0xE000ED88)CoreSight components:ROMTbl[0] @ E00FF000 -- CPU_ReadMem(16 bytes @ 0xE00FF000) -- CPU_ReadMem(16 bytes @ 0xE000EFF0) -- CPU_ReadMem(16 bytes @ 0xE000EFE0)ROMTbl[0][0]: E000E000, CID: B105E00D, PID: 000BB000 SCS -- CPU_WriteMem(4 bytes @ 0xE0001000) -- CPU_ReadMem(16 bytes @ 0xE0001FF0) -- CPU_ReadMem(16 bytes @ 0xE0001FE0)ROMTbl[0][1]: E0001000, CID: B105E00D, PID: 003BB002 DWT
 -- CPU_ReadMem(16 bytes @ 0xE0002FF0) -- CPU_ReadMem(16 bytes @ 0xE0002FE0)ROMTbl[0][2]: E0002000, CID: B105E00D, PID: 002BB003 FPB -- CPU_ReadMem(16 bytes @ 0xE0000FF0) -- CPU_ReadMem(16 bytes @ 0xE0000FE0)ROMTbl[0][3]: E0000000, CID: B105E00D, PID: 003BB001 ITM -- CPU_ReadMem(16 bytes @ 0xE00FF010) -- CPU_ReadMem(16 bytes @ 0xE0040FF0) -- CPU_ReadMem(16 bytes @ 0xE0040FE0)ROMTbl[0][4]: E0040000, CID: B105900D, PID: 000BB9A1 TPIU
                JLINK_Reset() -- CPU_ReadMem(16 bytes @ 0x20000000) -- CPU_WriteMem(16 bytes @ 0x20000000) -- CPU_ReadMem(4 bytes @ 0xE000EDFC) -- CPU_WriteMem(4 bytes @ 0xE000EDFC) -- CPU_ReadMem(4 bytes @ 0xE0001000) -- CPU_WriteMem(4 bytes @ 0xE000EDFC) -- CPU_WriteMem(16 bytes @ 0x20000000) -- CPU_WriteMem(4 bytes @ 0xE0002000) -- CPU_ReadMem(4 bytes @ 0xE000EDFC) -- CPU_ReadMem(4 bytes @ 0xE0001000) (0023ms, 0023ms total)
                JLINK_Go() -- CPU_ReadMem(4 bytes @ 0xE0001000) -- CPU_WriteMem(4 bytes @ 0xE0002008) -- CPU_WriteMem(4 bytes @ 0xE000200C) -- CPU_WriteMem(4 bytes @ 0xE0002010) -- CPU_WriteMem(4 bytes @ 0xE0002014) -- CPU_WriteMem(4 bytes @ 0xE0002018) -- CPU_WriteMem(4 bytes @ 0xE000201C) -- CPU_WriteMem(4 bytes @ 0xE0001004) (0003ms, 0026ms total)
               (0148ms, 90130ms total)
T23E8 11136:773 JLINK_Close() -- CPU is running -- CPU_WriteMem(4 bytes @ 0xE0002008) -- CPU is running -- CPU_WriteMem(4 bytes @ 0xE000200C) -- CPU is running -- CPU_WriteMem(4 bytes @ 0xE0002010) -- CPU is running -- CPU_WriteMem(4 bytes @ 0xE0002014) -- CPU is running -- CPU_WriteMem(4 bytes @ 0xE0002018) -- CPU is running -- CPU_WriteMem(4 bytes @ 0xE000201C) >0x0D TIF> >0x28 TIF> >0x0D TIF> >0x28 TIF> >0x0D TIF> >0x28 TIF> >0x0D TIF> >0x28 TIF> >0x0D TIF> >0x28 TIF> >0x0D TIF> >0x28 TIF> >0x0D TIF>
 >0x28 TIF> >0x0D TIF> >0x28 TIF> >0x0D TIF> >0x21 TIF> >0x0D TIF> >0x28 TIF> (0009ms, 90139ms total)
T23E8 11136:773  (0009ms, 90139ms total)
T23E8 11136:773 Closed (0009ms, 90139ms total)
